11/06/2019 23:29:40 ufrn.dimap.lets.ehmetrics.Main#logFilesAndArtifacts - INFO: EHExtractor files...
-- Java files
D:\git\EHExtractor\EHExtractor\..\EHExtractor\src\ufrn\dimap\lets\ehmetrics\Main.java
D:\git\EHExtractor\EHExtractor\..\EHExtractor\src\ufrn\dimap\lets\ehmetrics\ProjectFormatter.java
D:\git\EHExtractor\EHExtractor\..\EHExtractor\src\ufrn\dimap\lets\ehmetrics\ProjectsUtil.java
D:\git\EHExtractor\EHExtractor\..\EHExtractor\src\ufrn\dimap\lets\ehmetrics\SingleLineFormatter.java
D:\git\EHExtractor\EHExtractor\..\EHExtractor\src\ufrn\dimap\lets\ehmetrics\ThinkLaterException.java
D:\git\EHExtractor\EHExtractor\..\EHExtractor\src\ufrn\dimap\lets\ehmetrics\abstractmodel\AbstractEHModelElement.java
D:\git\EHExtractor\EHExtractor\..\EHExtractor\src\ufrn\dimap\lets\ehmetrics\abstractmodel\ClassType.java
D:\git\EHExtractor\EHExtractor\..\EHExtractor\src\ufrn\dimap\lets\ehmetrics\abstractmodel\Handler.java
D:\git\EHExtractor\EHExtractor\..\EHExtractor\src\ufrn\dimap\lets\ehmetrics\abstractmodel\HandlerActionType.java
D:\git\EHExtractor\EHExtractor\..\EHExtractor\src\ufrn\dimap\lets\ehmetrics\abstractmodel\HandlingAction.java
D:\git\EHExtractor\EHExtractor\..\EHExtractor\src\ufrn\dimap\lets\ehmetrics\abstractmodel\Signaler.java
D:\git\EHExtractor\EHExtractor\..\EHExtractor\src\ufrn\dimap\lets\ehmetrics\abstractmodel\Type.java
D:\git\EHExtractor\EHExtractor\..\EHExtractor\src\ufrn\dimap\lets\ehmetrics\abstractmodel\TypeHierarchy.java
D:\git\EHExtractor\EHExtractor\..\EHExtractor\src\ufrn\dimap\lets\ehmetrics\abstractmodel\TypeOrigin.java
D:\git\EHExtractor\EHExtractor\..\EHExtractor\src\ufrn\dimap\lets\ehmetrics\analyzer\Analyzer.java
D:\git\EHExtractor\EHExtractor\..\EHExtractor\src\ufrn\dimap\lets\ehmetrics\analyzer\EHMetricsException.java
D:\git\EHExtractor\EHExtractor\..\EHExtractor\src\ufrn\dimap\lets\ehmetrics\analyzer\UnknownCodePatternException.java
D:\git\EHExtractor\EHExtractor\..\EHExtractor\src\ufrn\dimap\lets\ehmetrics\analyzer\UnknownSignalerException.java
D:\git\EHExtractor\EHExtractor\..\EHExtractor\src\ufrn\dimap\lets\ehmetrics\analyzer\UnresolvedAncestorsException.java
D:\git\EHExtractor\EHExtractor\..\EHExtractor\src\ufrn\dimap\lets\ehmetrics\analyzer\UnresolvedTypeException.java
D:\git\EHExtractor\EHExtractor\..\EHExtractor\src\ufrn\dimap\lets\ehmetrics\dependencyresolver\ArtifactResolver.java
D:\git\EHExtractor\EHExtractor\..\EHExtractor\src\ufrn\dimap\lets\ehmetrics\dependencyresolver\DependencyResolverException.java
D:\git\EHExtractor\EHExtractor\..\EHExtractor\src\ufrn\dimap\lets\ehmetrics\dependencyresolver\FileFinder.java
D:\git\EHExtractor\EHExtractor\..\EHExtractor\src\ufrn\dimap\lets\ehmetrics\dependencyresolver\GradleResolver.java
D:\git\EHExtractor\EHExtractor\..\EHExtractor\src\ufrn\dimap\lets\ehmetrics\dependencyresolver\MavenResolver.java
D:\git\EHExtractor\EHExtractor\..\EHExtractor\src\ufrn\dimap\lets\ehmetrics\dependencyresolver\ProjectArtifacts.java
D:\git\EHExtractor\EHExtractor\..\EHExtractor\src\ufrn\dimap\lets\ehmetrics\dependencyresolver\ProjectFiles.java
D:\git\EHExtractor\EHExtractor\..\EHExtractor\src\ufrn\dimap\lets\ehmetrics\javaparserutil\JavaParserUtil.java
D:\git\EHExtractor\EHExtractor\..\EHExtractor\src\ufrn\dimap\lets\ehmetrics\javaparserutil\MethodCallParser.java
D:\git\EHExtractor\EHExtractor\..\EHExtractor\src\ufrn\dimap\lets\ehmetrics\javaparserutil\package-info.java
D:\git\EHExtractor\EHExtractor\..\EHExtractor\src\ufrn\dimap\lets\ehmetrics\javaparserutil\SignalerParser.java
D:\git\EHExtractor\EHExtractor\..\EHExtractor\src\ufrn\dimap\lets\ehmetrics\javaparserutil\SignalerType.java
D:\git\EHExtractor\EHExtractor\..\EHExtractor\src\ufrn\dimap\lets\ehmetrics\logger\ArtifactLogger.java
D:\git\EHExtractor\EHExtractor\..\EHExtractor\src\ufrn\dimap\lets\ehmetrics\logger\ErrorLogger.java
D:\git\EHExtractor\EHExtractor\..\EHExtractor\src\ufrn\dimap\lets\ehmetrics\logger\LoggerFacade.java
D:\git\EHExtractor\EHExtractor\..\EHExtractor\src\ufrn\dimap\lets\ehmetrics\logger\ResultLogger.java
D:\git\EHExtractor\EHExtractor\..\EHExtractor\src\ufrn\dimap\lets\ehmetrics\logger\StatelessPersistentLogger.java
D:\git\EHExtractor\EHExtractor\..\EHExtractor\src\ufrn\dimap\lets\ehmetrics\ops\A.java
D:\git\EHExtractor\EHExtractor\..\EHExtractor\src\ufrn\dimap\lets\ehmetrics\ops\Address.java
D:\git\EHExtractor\EHExtractor\..\EHExtractor\src\ufrn\dimap\lets\ehmetrics\ops\Agenda.java
D:\git\EHExtractor\EHExtractor\..\EHExtractor\src\ufrn\dimap\lets\ehmetrics\ops\B.java
D:\git\EHExtractor\EHExtractor\..\EHExtractor\src\ufrn\dimap\lets\ehmetrics\ops\CallGraphTest.java
D:\git\EHExtractor\EHExtractor\..\EHExtractor\src\ufrn\dimap\lets\ehmetrics\ops\Interface.java
D:\git\EHExtractor\EHExtractor\..\EHExtractor\src\ufrn\dimap\lets\ehmetrics\ops\Person.java
D:\git\EHExtractor\EHExtractor\..\EHExtractor\src\ufrn\dimap\lets\ehmetrics\ops\PrintExpressionType.java
D:\git\EHExtractor\EHExtractor\..\EHExtractor\src\ufrn\dimap\lets\ehmetrics\ops\Test.java
D:\git\EHExtractor\EHExtractor\..\EHExtractor\src\ufrn\dimap\lets\ehmetrics\ops\TestComparator.java
D:\git\EHExtractor\EHExtractor\..\EHExtractor\src\ufrn\dimap\lets\ehmetrics\ops\TraceabilityExample.java
D:\git\EHExtractor\EHExtractor\..\EHExtractor\src\ufrn\dimap\lets\ehmetrics\ops\UnresolvableException.java
D:\git\EHExtractor\EHExtractor\..\EHExtractor\src\ufrn\dimap\lets\ehmetrics\visitor\AddContextualInformationVisitor.java
D:\git\EHExtractor\EHExtractor\..\EHExtractor\src\ufrn\dimap\lets\ehmetrics\visitor\CatchInSpecificLayerVisitor.java
D:\git\EHExtractor\EHExtractor\..\EHExtractor\src\ufrn\dimap\lets\ehmetrics\visitor\ConvertLibraryExceptionsVisitor.java
D:\git\EHExtractor\EHExtractor\..\EHExtractor\src\ufrn\dimap\lets\ehmetrics\visitor\ConvertToRuntimeExceptionsVisitor.java
D:\git\EHExtractor\EHExtractor\..\EHExtractor\src\ufrn\dimap\lets\ehmetrics\visitor\DefineSingleExceptionVisitor.java
D:\git\EHExtractor\EHExtractor\..\EHExtractor\src\ufrn\dimap\lets\ehmetrics\visitor\DefineSuperTypeVisitor.java
D:\git\EHExtractor\EHExtractor\..\EHExtractor\src\ufrn\dimap\lets\ehmetrics\visitor\GuidelineCheckerVisitor.java
D:\git\EHExtractor\EHExtractor\..\EHExtractor\src\ufrn\dimap\lets\ehmetrics\visitor\LogTheExceptionVisitor.java
D:\git\EHExtractor\EHExtractor\..\EHExtractor\src\ufrn\dimap\lets\ehmetrics\visitor\NamedHandler.java
D:\git\EHExtractor\EHExtractor\..\EHExtractor\src\ufrn\dimap\lets\ehmetrics\visitor\ProtectEntryPointVisitor.java
D:\git\EHExtractor\EHExtractor\..\EHExtractor\src\ufrn\dimap\lets\ehmetrics\visitor\SaveTheCauseVisitor.java
D:\git\EHExtractor\EHExtractor\..\EHExtractor\src\ufrn\dimap\lets\ehmetrics\visitor\SendToGlobalOrDefaultVisitor.java
D:\git\EHExtractor\EHExtractor\..\EHExtractor\src\ufrn\dimap\lets\ehmetrics\visitor\SimpleVisitor.java
D:\git\EHExtractor\EHExtractor\..\EHExtractor\src\ufrn\dimap\lets\ehmetrics\visitor\ThrowSpecificExceptionsVisitor.java
D:\git\EHExtractor\EHExtractor\..\EHExtractor\src\ufrn\dimap\lets\ehmetrics\visitor\UseJavaBuiltinExceptionsVisitor.java
D:\git\EHExtractor\EHExtractor\..\EHExtractor\src\ufrn\dimap\lets\ehmetrics\visitor\VisitorsUtil.java
D:\git\EHExtractor\EHExtractor\..\EHExtractor\src\ufrn\dimap\lets\ehmetrics\test\anonymousstaticnested\BaseClass.java
D:\git\EHExtractor\EHExtractor\..\EHExtractor\src\ufrn\dimap\lets\ehmetrics\test\anonymousstaticnested\StaticClass.java
D:\git\EHExtractor\EHExtractor\..\EHExtractor\src\ufrn\dimap\lets\ehmetrics\test\anonymousstaticnested\Test.java

11/06/2019 23:29:40 ufrn.dimap.lets.ehmetrics.Main#logFilesAndArtifacts - INFO: EHExtractor artifacts...
-- Java files
D:\git\EHExtractor\EHExtractor\..\EHExtractor\src\ufrn\dimap\lets\ehmetrics\Main.java
D:\git\EHExtractor\EHExtractor\..\EHExtractor\src\ufrn\dimap\lets\ehmetrics\ProjectFormatter.java
D:\git\EHExtractor\EHExtractor\..\EHExtractor\src\ufrn\dimap\lets\ehmetrics\ProjectsUtil.java
D:\git\EHExtractor\EHExtractor\..\EHExtractor\src\ufrn\dimap\lets\ehmetrics\SingleLineFormatter.java
D:\git\EHExtractor\EHExtractor\..\EHExtractor\src\ufrn\dimap\lets\ehmetrics\ThinkLaterException.java
D:\git\EHExtractor\EHExtractor\..\EHExtractor\src\ufrn\dimap\lets\ehmetrics\abstractmodel\AbstractEHModelElement.java
D:\git\EHExtractor\EHExtractor\..\EHExtractor\src\ufrn\dimap\lets\ehmetrics\abstractmodel\ClassType.java
D:\git\EHExtractor\EHExtractor\..\EHExtractor\src\ufrn\dimap\lets\ehmetrics\abstractmodel\Handler.java
D:\git\EHExtractor\EHExtractor\..\EHExtractor\src\ufrn\dimap\lets\ehmetrics\abstractmodel\HandlerActionType.java
D:\git\EHExtractor\EHExtractor\..\EHExtractor\src\ufrn\dimap\lets\ehmetrics\abstractmodel\HandlingAction.java
D:\git\EHExtractor\EHExtractor\..\EHExtractor\src\ufrn\dimap\lets\ehmetrics\abstractmodel\Signaler.java
D:\git\EHExtractor\EHExtractor\..\EHExtractor\src\ufrn\dimap\lets\ehmetrics\abstractmodel\Type.java
D:\git\EHExtractor\EHExtractor\..\EHExtractor\src\ufrn\dimap\lets\ehmetrics\abstractmodel\TypeHierarchy.java
D:\git\EHExtractor\EHExtractor\..\EHExtractor\src\ufrn\dimap\lets\ehmetrics\abstractmodel\TypeOrigin.java
D:\git\EHExtractor\EHExtractor\..\EHExtractor\src\ufrn\dimap\lets\ehmetrics\analyzer\Analyzer.java
D:\git\EHExtractor\EHExtractor\..\EHExtractor\src\ufrn\dimap\lets\ehmetrics\analyzer\EHMetricsException.java
D:\git\EHExtractor\EHExtractor\..\EHExtractor\src\ufrn\dimap\lets\ehmetrics\analyzer\UnknownCodePatternException.java
D:\git\EHExtractor\EHExtractor\..\EHExtractor\src\ufrn\dimap\lets\ehmetrics\analyzer\UnknownSignalerException.java
D:\git\EHExtractor\EHExtractor\..\EHExtractor\src\ufrn\dimap\lets\ehmetrics\analyzer\UnresolvedAncestorsException.java
D:\git\EHExtractor\EHExtractor\..\EHExtractor\src\ufrn\dimap\lets\ehmetrics\analyzer\UnresolvedTypeException.java
D:\git\EHExtractor\EHExtractor\..\EHExtractor\src\ufrn\dimap\lets\ehmetrics\dependencyresolver\ArtifactResolver.java
D:\git\EHExtractor\EHExtractor\..\EHExtractor\src\ufrn\dimap\lets\ehmetrics\dependencyresolver\DependencyResolverException.java
D:\git\EHExtractor\EHExtractor\..\EHExtractor\src\ufrn\dimap\lets\ehmetrics\dependencyresolver\FileFinder.java
D:\git\EHExtractor\EHExtractor\..\EHExtractor\src\ufrn\dimap\lets\ehmetrics\dependencyresolver\GradleResolver.java
D:\git\EHExtractor\EHExtractor\..\EHExtractor\src\ufrn\dimap\lets\ehmetrics\dependencyresolver\MavenResolver.java
D:\git\EHExtractor\EHExtractor\..\EHExtractor\src\ufrn\dimap\lets\ehmetrics\dependencyresolver\ProjectArtifacts.java
D:\git\EHExtractor\EHExtractor\..\EHExtractor\src\ufrn\dimap\lets\ehmetrics\dependencyresolver\ProjectFiles.java
D:\git\EHExtractor\EHExtractor\..\EHExtractor\src\ufrn\dimap\lets\ehmetrics\javaparserutil\JavaParserUtil.java
D:\git\EHExtractor\EHExtractor\..\EHExtractor\src\ufrn\dimap\lets\ehmetrics\javaparserutil\MethodCallParser.java
D:\git\EHExtractor\EHExtractor\..\EHExtractor\src\ufrn\dimap\lets\ehmetrics\javaparserutil\package-info.java
D:\git\EHExtractor\EHExtractor\..\EHExtractor\src\ufrn\dimap\lets\ehmetrics\javaparserutil\SignalerParser.java
D:\git\EHExtractor\EHExtractor\..\EHExtractor\src\ufrn\dimap\lets\ehmetrics\javaparserutil\SignalerType.java
D:\git\EHExtractor\EHExtractor\..\EHExtractor\src\ufrn\dimap\lets\ehmetrics\logger\ArtifactLogger.java
D:\git\EHExtractor\EHExtractor\..\EHExtractor\src\ufrn\dimap\lets\ehmetrics\logger\ErrorLogger.java
D:\git\EHExtractor\EHExtractor\..\EHExtractor\src\ufrn\dimap\lets\ehmetrics\logger\LoggerFacade.java
D:\git\EHExtractor\EHExtractor\..\EHExtractor\src\ufrn\dimap\lets\ehmetrics\logger\ResultLogger.java
D:\git\EHExtractor\EHExtractor\..\EHExtractor\src\ufrn\dimap\lets\ehmetrics\logger\StatelessPersistentLogger.java
D:\git\EHExtractor\EHExtractor\..\EHExtractor\src\ufrn\dimap\lets\ehmetrics\ops\A.java
D:\git\EHExtractor\EHExtractor\..\EHExtractor\src\ufrn\dimap\lets\ehmetrics\ops\Address.java
D:\git\EHExtractor\EHExtractor\..\EHExtractor\src\ufrn\dimap\lets\ehmetrics\ops\Agenda.java
D:\git\EHExtractor\EHExtractor\..\EHExtractor\src\ufrn\dimap\lets\ehmetrics\ops\B.java
D:\git\EHExtractor\EHExtractor\..\EHExtractor\src\ufrn\dimap\lets\ehmetrics\ops\CallGraphTest.java
D:\git\EHExtractor\EHExtractor\..\EHExtractor\src\ufrn\dimap\lets\ehmetrics\ops\Interface.java
D:\git\EHExtractor\EHExtractor\..\EHExtractor\src\ufrn\dimap\lets\ehmetrics\ops\Person.java
D:\git\EHExtractor\EHExtractor\..\EHExtractor\src\ufrn\dimap\lets\ehmetrics\ops\PrintExpressionType.java
D:\git\EHExtractor\EHExtractor\..\EHExtractor\src\ufrn\dimap\lets\ehmetrics\ops\Test.java
D:\git\EHExtractor\EHExtractor\..\EHExtractor\src\ufrn\dimap\lets\ehmetrics\ops\TestComparator.java
D:\git\EHExtractor\EHExtractor\..\EHExtractor\src\ufrn\dimap\lets\ehmetrics\ops\TraceabilityExample.java
D:\git\EHExtractor\EHExtractor\..\EHExtractor\src\ufrn\dimap\lets\ehmetrics\ops\UnresolvableException.java
D:\git\EHExtractor\EHExtractor\..\EHExtractor\src\ufrn\dimap\lets\ehmetrics\visitor\AddContextualInformationVisitor.java
D:\git\EHExtractor\EHExtractor\..\EHExtractor\src\ufrn\dimap\lets\ehmetrics\visitor\CatchInSpecificLayerVisitor.java
D:\git\EHExtractor\EHExtractor\..\EHExtractor\src\ufrn\dimap\lets\ehmetrics\visitor\ConvertLibraryExceptionsVisitor.java
D:\git\EHExtractor\EHExtractor\..\EHExtractor\src\ufrn\dimap\lets\ehmetrics\visitor\ConvertToRuntimeExceptionsVisitor.java
D:\git\EHExtractor\EHExtractor\..\EHExtractor\src\ufrn\dimap\lets\ehmetrics\visitor\DefineSingleExceptionVisitor.java
D:\git\EHExtractor\EHExtractor\..\EHExtractor\src\ufrn\dimap\lets\ehmetrics\visitor\DefineSuperTypeVisitor.java
D:\git\EHExtractor\EHExtractor\..\EHExtractor\src\ufrn\dimap\lets\ehmetrics\visitor\GuidelineCheckerVisitor.java
D:\git\EHExtractor\EHExtractor\..\EHExtractor\src\ufrn\dimap\lets\ehmetrics\visitor\LogTheExceptionVisitor.java
D:\git\EHExtractor\EHExtractor\..\EHExtractor\src\ufrn\dimap\lets\ehmetrics\visitor\NamedHandler.java
D:\git\EHExtractor\EHExtractor\..\EHExtractor\src\ufrn\dimap\lets\ehmetrics\visitor\ProtectEntryPointVisitor.java
D:\git\EHExtractor\EHExtractor\..\EHExtractor\src\ufrn\dimap\lets\ehmetrics\visitor\SaveTheCauseVisitor.java
D:\git\EHExtractor\EHExtractor\..\EHExtractor\src\ufrn\dimap\lets\ehmetrics\visitor\SendToGlobalOrDefaultVisitor.java
D:\git\EHExtractor\EHExtractor\..\EHExtractor\src\ufrn\dimap\lets\ehmetrics\visitor\SimpleVisitor.java
D:\git\EHExtractor\EHExtractor\..\EHExtractor\src\ufrn\dimap\lets\ehmetrics\visitor\ThrowSpecificExceptionsVisitor.java
D:\git\EHExtractor\EHExtractor\..\EHExtractor\src\ufrn\dimap\lets\ehmetrics\visitor\UseJavaBuiltinExceptionsVisitor.java
D:\git\EHExtractor\EHExtractor\..\EHExtractor\src\ufrn\dimap\lets\ehmetrics\visitor\VisitorsUtil.java
D:\git\EHExtractor\EHExtractor\..\EHExtractor\src\ufrn\dimap\lets\ehmetrics\test\anonymousstaticnested\BaseClass.java
D:\git\EHExtractor\EHExtractor\..\EHExtractor\src\ufrn\dimap\lets\ehmetrics\test\anonymousstaticnested\StaticClass.java
D:\git\EHExtractor\EHExtractor\..\EHExtractor\src\ufrn\dimap\lets\ehmetrics\test\anonymousstaticnested\Test.java
-- Source dirs
D:\git\EHExtractor\EHExtractor\..\EHExtractor\src
-- Test dirs

