<?xml version="1.0" encoding="windows-1252" standalone="no"?>
<!DOCTYPE log SYSTEM "logger.dtd">
<log>
<record>
  <date>2019-07-08T23:00:42</date>
  <millis>1562637642124</millis>
  <sequence>251</sequence>
  <logger>Guidelineufrn.dimap.lets.ehmetrics.visitor.LogTheExceptionVisitor</logger>
  <level>INFO</level>
  <class>ufrn.dimap.lets.ehmetrics.visitor.LogTheExceptionVisitor</class>
  <method>checkGuidelineConformance</method>
  <thread>1</thread>
  <message>Number of handlers: 211</message>
</record>
<record>
  <date>2019-07-08T23:00:42</date>
  <millis>1562637642124</millis>
  <sequence>252</sequence>
  <logger>Guidelineufrn.dimap.lets.ehmetrics.visitor.LogTheExceptionVisitor</logger>
  <level>INFO</level>
  <class>ufrn.dimap.lets.ehmetrics.visitor.LogTheExceptionVisitor</class>
  <method>checkGuidelineConformance</method>
  <thread>1</thread>
  <message>Number of handlers which resignal: 53</message>
</record>
<record>
  <date>2019-07-08T23:00:42</date>
  <millis>1562637642124</millis>
  <sequence>253</sequence>
  <logger>Guidelineufrn.dimap.lets.ehmetrics.visitor.LogTheExceptionVisitor</logger>
  <level>INFO</level>
  <class>ufrn.dimap.lets.ehmetrics.visitor.LogTheExceptionVisitor</class>
  <method>checkGuidelineConformance</method>
  <thread>1</thread>
  <message>Number of handlers which doesn't resignal and has loggin actions: 18</message>
</record>
</log>
