#
# A fatal error has been detected by the Java Runtime Environment:
#
#  EXCEPTION_ACCESS_VIOLATION (0xc0000005) at pc=0x0000000053d5a0a5, pid=5268, tid=0x0000000000000464
#
# JRE version: Java(TM) SE Runtime Environment (8.0_101-b13) (build 1.8.0_101-b13)
# Java VM: Java HotSpot(TM) 64-Bit Server VM (25.101-b13 mixed mode windows-amd64 compressed oops)
# Problematic frame:
# V  [jvm.dll+0x12a0a5]
#
# Failed to write core dump. Minidumps are not enabled by default on client versions of Windows
#
# If you would like to submit a bug report, please visit:
#   http://bugreport.java.com/bugreport/crash.jsp
#

---------------  T H R E A D  ---------------

Current thread (0x000000001c8ad800):  JavaThread "JDWP Transport Listener: dt_socket" daemon [_thread_in_vm, id=1124, stack(0x000000001e270000,0x000000001e370000)]

siginfo: ExceptionCode=0xc0000005, reading address 0x00003b3e3b657079

Registers:
RAX=0x000000001e36f601, RBX=0x000000001c8ad800, RCX=0x00003b3e3b657079, RDX=0x0000000000000000
RSP=0x000000001e36f5e0, RBP=0x00003b3e3b657079, RSI=0x000000001e36f6f8, RDI=0x00000000012782b0
R8 =0x000000001c8ad800, R9 =0x0000000000008000, R10=0x0000000000000000, R11=0x000000001efbc06c
R12=0x0000000000000000, R13=0x000000001c8b80c8, R14=0x0000000000000000, R15=0x0000000000000000
RIP=0x0000000053d5a0a5, EFLAGS=0x0000000000010202

Top of Stack: (sp=0x000000001e36f5e0)
0x000000001e36f5e0:   000000001c8ad800 000000001c8ad800
0x000000001e36f5f0:   000000001e36f6a8 0000000053f62f0b
0x000000001e36f600:   000000001c8ad800 0000000053f7f76d
0x000000001e36f610:   0000000000000000 0000000053ac9155
0x000000001e36f620:   000000001e9ffe98 0000000053ad291e
0x000000001e36f630:   000000001c8ad800 0000000000000000
0x000000001e36f640:   0000000000000000 0000000000000000
0x000000001e36f650:   00003b3e3b657079 0000000053ad1a15
0x000000001e36f660:   000000001e36f6f8 000000001e36f6d0
0x000000001e36f670:   0000000000000001 000000001e9ffe98
0x000000001e36f680:   00003b3e3b657079 0000000053ab53b3
0x000000001e36f690:   000000001e36f7c0 0000000000000001
0x000000001e36f6a0:   0000000000000001 000000001e9ffe98
0x000000001e36f6b0:   00000000f000100a 0000000000000000
0x000000001e36f6c0:   0000000000000000 0000000000000000
0x000000001e36f6d0:   0000000000000001 0000000053ab5571 

Instructions: (pc=0x0000000053d5a0a5)
0x0000000053d5a085:   cc cc cc cc cc cc cc cc cc cc cc 48 83 ec 28 48
0x0000000053d5a095:   85 c9 75 07 33 c0 48 83 c4 28 c3 48 89 5c 24 20
0x0000000053d5a0a5:   48 8b 19 48 85 db 74 20 48 83 fb 37 74 1a 48 8b
0x0000000053d5a0b5:   13 48 8b cb ff 52 10 84 c0 74 0d 48 8b c3 48 8b 


Register to memory mapping:

RAX=0x000000001e36f601 is pointing into the stack for thread: 0x000000001c8ad800
RBX=0x000000001c8ad800 is a thread
RCX=0x00003b3e3b657079 is an unknown value
RDX=0x0000000000000000 is an unknown value
RSP=0x000000001e36f5e0 is pointing into the stack for thread: 0x000000001c8ad800
RBP=0x00003b3e3b657079 is an unknown value
RSI=0x000000001e36f6f8 is pointing into the stack for thread: 0x000000001c8ad800
RDI=0x00000000012782b0 is an unknown value
R8 =0x000000001c8ad800 is a thread
R9 =0x0000000000008000 is an unknown value
R10=0x0000000000000000 is an unknown value
R11=0x000000001efbc06c is an unknown value
R12=0x0000000000000000 is an unknown value
R13=0x000000001c8b80c8 is an unknown value
R14=0x0000000000000000 is an unknown value
R15=0x0000000000000000 is an unknown value


Stack: [0x000000001e270000,0x000000001e370000],  sp=0x000000001e36f5e0,  free space=1021k
Native frames: (J=compiled Java code, j=interpreted, Vv=VM code, C=native code)
V  [jvm.dll+0x12a0a5]
V  [jvm.dll+0x34f76d]
C  [jdwp.dll+0x21a15]
C  [jdwp.dll+0x53b3]
C  [jdwp.dll+0x5571]
C  [jdwp.dll+0xf0a8]
C  [jdwp.dll+0x1f2d5]
C  [jdwp.dll+0x1f4aa]
V  [jvm.dll+0x1bd258]
V  [jvm.dll+0x2451a4]
V  [jvm.dll+0x29c18a]
C  [msvcr100.dll+0x21d9f]
C  [msvcr100.dll+0x21e3b]
C  [KERNEL32.DLL+0x17974]
C  [ntdll.dll+0x6a271]


---------------  P R O C E S S  ---------------

Java Threads: ( => current thread )
  0x000000001e89e800 JavaThread "Service Thread" daemon [_thread_blocked, id=1464, stack(0x000000001ec70000,0x000000001ed70000)]
  0x000000001c8d1000 JavaThread "C1 CompilerThread2" daemon [_thread_blocked, id=8352, stack(0x000000001e770000,0x000000001e870000)]
  0x000000001c8cf800 JavaThread "C2 CompilerThread1" daemon [_thread_blocked, id=12108, stack(0x000000001e670000,0x000000001e770000)]
  0x000000001c8c9800 JavaThread "C2 CompilerThread0" daemon [_thread_blocked, id=5888, stack(0x000000001e570000,0x000000001e670000)]
  0x000000001c8bd800 JavaThread "JDWP Command Reader" daemon [_thread_in_native, id=9388, stack(0x000000001e470000,0x000000001e570000)]
  0x000000001c8ba800 JavaThread "JDWP Event Helper Thread" daemon [_thread_blocked, id=10860, stack(0x000000001e370000,0x000000001e470000)]
=>0x000000001c8ad800 JavaThread "JDWP Transport Listener: dt_socket" daemon [_thread_in_vm, id=1124, stack(0x000000001e270000,0x000000001e370000)]
  0x000000001c8a1000 JavaThread "Attach Listener" daemon [_thread_blocked, id=12952, stack(0x000000001de30000,0x000000001df30000)]
  0x000000001c89f800 JavaThread "Signal Dispatcher" daemon [_thread_blocked, id=9884, stack(0x000000001dd30000,0x000000001de30000)]
  0x0000000003229000 JavaThread "Finalizer" daemon [_thread_blocked, id=13108, stack(0x000000001db20000,0x000000001dc20000)]
  0x0000000003223000 JavaThread "Reference Handler" daemon [_thread_blocked, id=9792, stack(0x000000001da20000,0x000000001db20000)]
  0x0000000003133800 JavaThread "main" [_thread_blocked, id=13248, stack(0x0000000003030000,0x0000000003130000)]

Other Threads:
  0x000000001c867800 VMThread [stack: 0x000000001d920000,0x000000001da20000] [id=2408]
  0x000000001e8e9000 WatcherThread [stack: 0x000000001ed70000,0x000000001ee70000] [id=2212]

VM state:not at safepoint (normal execution)

VM Mutex/Monitor currently owned by a thread: None

Heap:
 PSYoungGen      total 985600K, used 791239K [0x000000076ae00000, 0x00000007b9c00000, 0x00000007c0000000)
  eden space 864768K, 79% used [0x000000076ae00000,0x0000000794df99e8,0x000000079fa80000)
  from space 120832K, 85% used [0x00000007aac00000,0x00000007b10b8220,0x00000007b2200000)
  to   space 181760K, 0% used [0x000000079fa80000,0x000000079fa80000,0x00000007aac00000)
 ParOldGen       total 544768K, used 290933K [0x00000006c0a00000, 0x00000006e1e00000, 0x000000076ae00000)
  object space 544768K, 53% used [0x00000006c0a00000,0x00000006d261d718,0x00000006e1e00000)
 Metaspace       used 14169K, capacity 15582K, committed 15872K, reserved 1062912K
  class space    used 1695K, capacity 1932K, committed 2048K, reserved 1048576K

Card table byte_map: [0x00000000125f0000,0x0000000012df0000] byte_map_base: 0x000000000efeb000

Marking Bits: (ParMarkBitMap*) 0x000000005444a6d0
 Begin Bits: [0x0000000013750000, 0x0000000017728000)
 End Bits:   [0x0000000017728000, 0x000000001b700000)

Polling page: 0x00000000012b0000

CodeCache: size=245760Kb used=18863Kb max_used=18863Kb free=226896Kb
 bounds [0x0000000003230000, 0x00000000044b0000, 0x0000000012230000]
 total_blobs=4251 nmethods=3904 adapters=264
 compilation: enabled

Compilation events (10 events):
Event: 20.193 Thread 0x000000001c8d1000 4395       3       java.lang.invoke.InfoFromMemberName::<init> (65 bytes)
Event: 20.193 Thread 0x000000001c8d1000 nmethod 4395 0x00000000044905d0 code [0x0000000004490740, 0x0000000004490930]
Event: 20.193 Thread 0x000000001c8d1000 4396       1       java.lang.invoke.MethodHandle::internalForm (5 bytes)
Event: 20.193 Thread 0x000000001c8d1000 nmethod 4396 0x0000000004497150 code [0x00000000044972a0, 0x00000000044973b0]
Event: 20.194 Thread 0x000000001c8d1000 4399       1       java.lang.invoke.SimpleMethodHandle::fieldCount (2 bytes)
Event: 20.194 Thread 0x000000001c8d1000 nmethod 4399 0x0000000004496e90 code [0x0000000004496fe0, 0x00000000044970f0]
Event: 20.195 Thread 0x000000001c8d1000 4400       3       java.lang.Long::numberOfTrailingZeros (116 bytes)
Event: 20.195 Thread 0x000000001c8d1000 nmethod 4400 0x00000000044a9710 code [0x00000000044a9880, 0x00000000044a9b90]
Event: 20.195 Thread 0x000000001c8d1000 4401       3       java.util.BitSet::nextClearBit (116 bytes)
Event: 20.196 Thread 0x000000001c8d1000 nmethod 4401 0x00000000044a8410 code [0x00000000044a8640, 0x00000000044a9138]

GC Heap History (10 events):
Event: 10.278 GC heap before
{Heap before GC invocations=16 (full 0):
 PSYoungGen      total 535552K, used 535460K [0x000000076ae00000, 0x00000007a2f00000, 0x00000007c0000000)
  eden space 497664K, 99% used [0x000000076ae00000,0x00000007893ea250,0x0000000789400000)
  from space 37888K, 99% used [0x0000000789400000,0x000000078b8fedc0,0x000000078b900000)
  to   space 60928K, 0% used [0x000000079f380000,0x000000079f380000,0x00000007a2f00000)
 ParOldGen       total 175104K, used 136180K [0x00000006c0a00000, 0x00000006cb500000, 0x000000076ae00000)
  object space 175104K, 77% used [0x00000006c0a00000,0x00000006c8efd1a0,0x00000006cb500000)
 Metaspace       used 13267K, capacity 14650K, committed 14720K, reserved 1062912K
  class space    used 1615K, capacity 1876K, committed 1920K, reserved 1048576K
Event: 10.339 GC heap after
Heap after GC invocations=16 (full 0):
 PSYoungGen      total 829440K, used 60900K [0x000000076ae00000, 0x00000007a6600000, 0x00000007c0000000)
  eden space 768512K, 0% used [0x000000076ae00000,0x000000076ae00000,0x0000000799c80000)
  from space 60928K, 99% used [0x000000079f380000,0x00000007a2ef9070,0x00000007a2f00000)
  to   space 89088K, 0% used [0x0000000799c80000,0x0000000799c80000,0x000000079f380000)
 ParOldGen       total 181760K, used 180847K [0x00000006c0a00000, 0x00000006cbb80000, 0x000000076ae00000)
  object space 181760K, 99% used [0x00000006c0a00000,0x00000006cba9bc28,0x00000006cbb80000)
 Metaspace       used 13267K, capacity 14650K, committed 14720K, reserved 1062912K
  class space    used 1615K, capacity 1876K, committed 1920K, reserved 1048576K
}
Event: 10.339 GC heap before
{Heap before GC invocations=17 (full 1):
 PSYoungGen      total 829440K, used 60900K [0x000000076ae00000, 0x00000007a6600000, 0x00000007c0000000)
  eden space 768512K, 0% used [0x000000076ae00000,0x000000076ae00000,0x0000000799c80000)
  from space 60928K, 99% used [0x000000079f380000,0x00000007a2ef9070,0x00000007a2f00000)
  to   space 89088K, 0% used [0x0000000799c80000,0x0000000799c80000,0x000000079f380000)
 ParOldGen       total 181760K, used 180847K [0x00000006c0a00000, 0x00000006cbb80000, 0x000000076ae00000)
  object space 181760K, 99% used [0x00000006c0a00000,0x00000006cba9bc28,0x00000006cbb80000)
 Metaspace       used 13267K, capacity 14650K, committed 14720K, reserved 1062912K
  class space    used 1615K, capacity 1876K, committed 1920K, reserved 1048576K
Event: 10.720 GC heap after
Heap after GC invocations=17 (full 1):
 PSYoungGen      total 829440K, used 0K [0x000000076ae00000, 0x00000007a6600000, 0x00000007c0000000)
  eden space 768512K, 0% used [0x000000076ae00000,0x000000076ae00000,0x0000000799c80000)
  from space 60928K, 0% used [0x000000079f380000,0x000000079f380000,0x00000007a2f00000)
  to   space 89088K, 0% used [0x0000000799c80000,0x0000000799c80000,0x000000079f380000)
 ParOldGen       total 291328K, used 145432K [0x00000006c0a00000, 0x00000006d2680000, 0x000000076ae00000)
  object space 291328K, 49% used [0x00000006c0a00000,0x00000006c9806058,0x00000006d2680000)
 Metaspace       used 13267K, capacity 14650K, committed 14720K, reserved 1062912K
  class space    used 1615K, capacity 1876K, committed 1920K, reserved 1048576K
}
Event: 12.193 GC heap before
{Heap before GC invocations=18 (full 1):
 PSYoungGen      total 829440K, used 768512K [0x000000076ae00000, 0x00000007a6600000, 0x00000007c0000000)
  eden space 768512K, 100% used [0x000000076ae00000,0x0000000799c80000,0x0000000799c80000)
  from space 60928K, 0% used [0x000000079f380000,0x000000079f380000,0x00000007a2f00000)
  to   space 89088K, 0% used [0x0000000799c80000,0x0000000799c80000,0x000000079f380000)
 ParOldGen       total 291328K, used 145432K [0x00000006c0a00000, 0x00000006d2680000, 0x000000076ae00000)
  object space 291328K, 49% used [0x00000006c0a00000,0x00000006c9806058,0x00000006d2680000)
 Metaspace       used 13291K, capacity 14650K, committed 14720K, reserved 1062912K
  class space    used 1615K, capacity 1876K, committed 1920K, reserved 1048576K
Event: 12.268 GC heap after
Heap after GC invocations=18 (full 1):
 PSYoungGen      total 857600K, used 89069K [0x000000076ae00000, 0x00000007b2200000, 0x00000007c0000000)
  eden space 768512K, 0% used [0x000000076ae00000,0x000000076ae00000,0x0000000799c80000)
  from space 89088K, 99% used [0x0000000799c80000,0x000000079f37b680,0x000000079f380000)
  to   space 120832K, 0% used [0x00000007aac00000,0x00000007aac00000,0x00000007b2200000)
 ParOldGen       total 291328K, used 186634K [0x00000006c0a00000, 0x00000006d2680000, 0x000000076ae00000)
  object space 291328K, 64% used [0x00000006c0a00000,0x00000006cc0428d0,0x00000006d2680000)
 Metaspace       used 13291K, capacity 14650K, committed 14720K, reserved 1062912K
  class space    used 1615K, capacity 1876K, committed 1920K, reserved 1048576K
}
Event: 14.962 GC heap before
{Heap before GC invocations=19 (full 1):
 PSYoungGen      total 857600K, used 857581K [0x000000076ae00000, 0x00000007b2200000, 0x00000007c0000000)
  eden space 768512K, 100% used [0x000000076ae00000,0x0000000799c80000,0x0000000799c80000)
  from space 89088K, 99% used [0x0000000799c80000,0x000000079f37b680,0x000000079f380000)
  to   space 120832K, 0% used [0x00000007aac00000,0x00000007aac00000,0x00000007b2200000)
 ParOldGen       total 291328K, used 186634K [0x00000006c0a00000, 0x00000006d2680000, 0x000000076ae00000)
  object space 291328K, 64% used [0x00000006c0a00000,0x00000006cc0428d0,0x00000006d2680000)
 Metaspace       used 13902K, capacity 15248K, committed 15616K, reserved 1062912K
  class space    used 1674K, capacity 1921K, committed 2048K, reserved 1048576K
Event: 15.083 GC heap after
Heap after GC invocations=19 (full 1):
 PSYoungGen      total 985600K, used 120807K [0x000000076ae00000, 0x00000007b9c00000, 0x00000007c0000000)
  eden space 864768K, 0% used [0x000000076ae00000,0x000000076ae00000,0x000000079fa80000)
  from space 120832K, 99% used [0x00000007aac00000,0x00000007b21f9c08,0x00000007b2200000)
  to   space 181760K, 0% used [0x000000079fa80000,0x000000079fa80000,0x00000007aac00000)
 ParOldGen       total 291328K, used 289772K [0x00000006c0a00000, 0x00000006d2680000, 0x000000076ae00000)
  object space 291328K, 99% used [0x00000006c0a00000,0x00000006d24fb100,0x00000006d2680000)
 Metaspace       used 13902K, capacity 15248K, committed 15616K, reserved 1062912K
  class space    used 1674K, capacity 1921K, committed 2048K, reserved 1048576K
}
Event: 15.083 GC heap before
{Heap before GC invocations=20 (full 2):
 PSYoungGen      total 985600K, used 120807K [0x000000076ae00000, 0x00000007b9c00000, 0x00000007c0000000)
  eden space 864768K, 0% used [0x000000076ae00000,0x000000076ae00000,0x000000079fa80000)
  from space 120832K, 99% used [0x00000007aac00000,0x00000007b21f9c08,0x00000007b2200000)
  to   space 181760K, 0% used [0x000000079fa80000,0x000000079fa80000,0x00000007aac00000)
 ParOldGen       total 291328K, used 289772K [0x00000006c0a00000, 0x00000006d2680000, 0x000000076ae00000)
  object space 291328K, 99% used [0x00000006c0a00000,0x00000006d24fb100,0x00000006d2680000)
 Metaspace       used 13902K, capacity 15248K, committed 15616K, reserved 1062912K
  class space    used 1674K, capacity 1921K, committed 2048K, reserved 1048576K
Event: 16.091 GC heap after
Heap after GC invocations=20 (full 2):
 PSYoungGen      total 985600K, used 103136K [0x000000076ae00000, 0x00000007b9c00000, 0x00000007c0000000)
  eden space 864768K, 0% used [0x000000076ae00000,0x000000076ae00000,0x000000079fa80000)
  from space 120832K, 85% used [0x00000007aac00000,0x00000007b10b8220,0x00000007b2200000)
  to   space 181760K, 0% used [0x000000079fa80000,0x000000079fa80000,0x00000007aac00000)
 ParOldGen       total 544768K, used 290933K [0x00000006c0a00000, 0x00000006e1e00000, 0x000000076ae00000)
  object space 544768K, 53% used [0x00000006c0a00000,0x00000006d261d718,0x00000006e1e00000)
 Metaspace       used 13902K, capacity 15248K, committed 15616K, reserved 1062912K
  class space    used 1674K, capacity 1921K, committed 2048K, reserved 1048576K
}

Deoptimization events (10 events):
Event: 20.177 Thread 0x0000000003133800 Uncommon trap: reason=unhandled action=none pc=0x00000000042cebe0 method=java.net.URLClassLoader.findClass(Ljava/lang/String;)Ljava/lang/Class; @ 44
Event: 20.177 Thread 0x0000000003133800 Uncommon trap: reason=unhandled action=none pc=0x00000000041d4294 method=java.net.URLClassLoader.findClass(Ljava/lang/String;)Ljava/lang/Class; @ 44
Event: 20.177 Thread 0x0000000003133800 Uncommon trap: reason=unhandled action=none pc=0x00000000042cebe0 method=java.net.URLClassLoader.findClass(Ljava/lang/String;)Ljava/lang/Class; @ 44
Event: 20.177 Thread 0x0000000003133800 Uncommon trap: reason=unhandled action=none pc=0x00000000041d4294 method=java.net.URLClassLoader.findClass(Ljava/lang/String;)Ljava/lang/Class; @ 44
Event: 20.177 Thread 0x0000000003133800 Uncommon trap: reason=unhandled action=none pc=0x00000000042cebe0 method=java.net.URLClassLoader.findClass(Ljava/lang/String;)Ljava/lang/Class; @ 44
Event: 20.177 Thread 0x0000000003133800 Uncommon trap: reason=unhandled action=none pc=0x00000000041d4294 method=java.net.URLClassLoader.findClass(Ljava/lang/String;)Ljava/lang/Class; @ 44
Event: 20.177 Thread 0x0000000003133800 Uncommon trap: reason=unhandled action=none pc=0x00000000042cebe0 method=java.net.URLClassLoader.findClass(Ljava/lang/String;)Ljava/lang/Class; @ 44
Event: 20.177 Thread 0x0000000003133800 Uncommon trap: reason=unhandled action=none pc=0x00000000041d4294 method=java.net.URLClassLoader.findClass(Ljava/lang/String;)Ljava/lang/Class; @ 44
Event: 20.177 Thread 0x0000000003133800 Uncommon trap: reason=unhandled action=none pc=0x00000000042cebe0 method=java.net.URLClassLoader.findClass(Ljava/lang/String;)Ljava/lang/Class; @ 44
Event: 20.190 Thread 0x0000000003133800 Uncommon trap: reason=bimorphic action=maybe_recompile pc=0x00000000034eb42c method=java.util.stream.AbstractPipeline.copyInto(Ljava/util/stream/Sink;Ljava/util/Spliterator;)V @ 38

Internal exceptions (10 events):
Event: 20.058 Thread 0x0000000003133800 Exception <a 'sun/nio/fs/WindowsException'> (0x000000079288db10) thrown at [C:\re\workspace\8-2-build-windows-amd64-cygwin\jdk8u101\7261\hotspot\src\share\vm\prims\jni.cpp, line 709]
Event: 20.058 Thread 0x0000000003133800 Exception <a 'sun/nio/fs/WindowsException'> (0x000000079288fd38) thrown at [C:\re\workspace\8-2-build-windows-amd64-cygwin\jdk8u101\7261\hotspot\src\share\vm\prims\jni.cpp, line 709]
Event: 20.058 Thread 0x0000000003133800 Exception <a 'sun/nio/fs/WindowsException'> (0x0000000792890c78) thrown at [C:\re\workspace\8-2-build-windows-amd64-cygwin\jdk8u101\7261\hotspot\src\share\vm\prims\jni.cpp, line 709]
Event: 20.058 Thread 0x0000000003133800 Exception <a 'sun/nio/fs/WindowsException'> (0x00000007928923f0) thrown at [C:\re\workspace\8-2-build-windows-amd64-cygwin\jdk8u101\7261\hotspot\src\share\vm\prims\jni.cpp, line 709]
Event: 20.058 Thread 0x0000000003133800 Exception <a 'sun/nio/fs/WindowsException'> (0x00000007928932b8) thrown at [C:\re\workspace\8-2-build-windows-amd64-cygwin\jdk8u101\7261\hotspot\src\share\vm\prims\jni.cpp, line 709]
Event: 20.058 Thread 0x0000000003133800 Exception <a 'sun/nio/fs/WindowsException'> (0x00000007928954a0) thrown at [C:\re\workspace\8-2-build-windows-amd64-cygwin\jdk8u101\7261\hotspot\src\share\vm\prims\jni.cpp, line 709]
Event: 20.058 Thread 0x0000000003133800 Exception <a 'sun/nio/fs/WindowsException'> (0x0000000792896398) thrown at [C:\re\workspace\8-2-build-windows-amd64-cygwin\jdk8u101\7261\hotspot\src\share\vm\prims\jni.cpp, line 709]
Event: 20.058 Thread 0x0000000003133800 Exception <a 'sun/nio/fs/WindowsException'> (0x0000000792897b00) thrown at [C:\re\workspace\8-2-build-windows-amd64-cygwin\jdk8u101\7261\hotspot\src\share\vm\prims\jni.cpp, line 709]
Event: 20.058 Thread 0x0000000003133800 Exception <a 'sun/nio/fs/WindowsException'> (0x00000007928989a0) thrown at [C:\re\workspace\8-2-build-windows-amd64-cygwin\jdk8u101\7261\hotspot\src\share\vm\prims\jni.cpp, line 709]
Event: 20.187 Thread 0x0000000003133800 Exception <a 'java/lang/IncompatibleClassChangeError': Found class java.lang.Object, but interface was expected> (0x0000000793f47838) thrown at [C:\re\workspace\8-2-build-windows-amd64-cygwin\jdk8u101\7261\hotspot\src\share\vm\interpreter\linkResolver.cpp,Ä~ªeÆ4@

Events (10 events):
Event: 823.719 Executing VM operation: EnterInterpOnlyMode
Event: 823.719 Executing VM operation: EnterInterpOnlyMode done
Event: 823.719 Executing VM operation: GetCurrentLocation
Event: 823.719 Executing VM operation: GetCurrentLocation done
Event: 823.719 Executing VM operation: ChangeSingleStep
Event: 823.719 Executing VM operation: ChangeSingleStep done
Event: 823.719 Executing VM operation: ChangeSingleStep
Event: 823.719 Executing VM operation: ChangeSingleStep done
Event: 845.345 Executing VM operation: RedefineClasses
Event: 845.364 Executing VM operation: RedefineClasses done


Dynamic libraries:
0x00007ff644c60000 - 0x00007ff644c97000 	D:\Desenvolvimento\jdk1.8.0_101\bin\javaw.exe
0x00007ffb5ab30000 - 0x00007ffb5ad1d000 	C:\Windows\SYSTEM32\ntdll.dll
0x00007ffb58300000 - 0x00007ffb583b3000 	C:\Windows\System32\KERNEL32.DLL
0x00007ffb57450000 - 0x00007ffb576e3000 	C:\Windows\System32\KERNELBASE.dll
0x00007ffb57ec0000 - 0x00007ffb57f63000 	C:\Windows\System32\ADVAPI32.dll
0x00007ffb59040000 - 0x00007ffb590de000 	C:\Windows\System32\msvcrt.dll
0x00007ffb5a7d0000 - 0x00007ffb5a86e000 	C:\Windows\System32\sechost.dll
0x00007ffb57d60000 - 0x00007ffb57e82000 	C:\Windows\System32\RPCRT4.dll
0x00007ffb5a630000 - 0x00007ffb5a7c7000 	C:\Windows\System32\USER32.dll
0x00007ffb57400000 - 0x00007ffb57420000 	C:\Windows\System32\win32u.dll
0x00007ffb582d0000 - 0x00007ffb582f9000 	C:\Windows\System32\GDI32.dll
0x00007ffb57890000 - 0x00007ffb57a29000 	C:\Windows\System32\gdi32full.dll
0x00007ffb576f0000 - 0x00007ffb57790000 	C:\Windows\System32\msvcp_win.dll
0x00007ffb57790000 - 0x00007ffb5788a000 	C:\Windows\System32\ucrtbase.dll
0x00007ffb3dcf0000 - 0x00007ffb3df69000 	C:\Windows\WinSxS\amd64_microsoft.windows.common-controls_6595b64144ccf1df_6.0.17763.615_none_05b4414a072024d4\COMCTL32.dll
0x00007ffb58be0000 - 0x00007ffb58f0c000 	C:\Windows\System32\combase.dll
0x00007ffb57c70000 - 0x00007ffb57cee000 	C:\Windows\System32\bcryptPrimitives.dll
0x00007ffb5aad0000 - 0x00007ffb5aafe000 	C:\Windows\System32\IMM32.DLL
0x00000000544d0000 - 0x00000000545a2000 	D:\Desenvolvimento\jdk1.8.0_101\jre\bin\msvcr100.dll
0x0000000053c30000 - 0x00000000544ca000 	D:\Desenvolvimento\jdk1.8.0_101\jre\bin\server\jvm.dll
0x00007ffb58bd0000 - 0x00007ffb58bd8000 	C:\Windows\System32\PSAPI.DLL
0x00007ffb27800000 - 0x00007ffb27809000 	C:\Windows\SYSTEM32\WSOCK32.dll
0x00007ffb44c10000 - 0x00007ffb44c34000 	C:\Windows\SYSTEM32\WINMM.dll
0x00007ffb58260000 - 0x00007ffb582cd000 	C:\Windows\System32\WS2_32.dll
0x00007ffb530c0000 - 0x00007ffb530ca000 	C:\Windows\SYSTEM32\VERSION.dll
0x00007ffb44be0000 - 0x00007ffb44c0d000 	C:\Windows\SYSTEM32\WINMMBASE.dll
0x00007ffb57cf0000 - 0x00007ffb57d3a000 	C:\Windows\System32\cfgmgr32.dll
0x0000000053c20000 - 0x0000000053c2f000 	D:\Desenvolvimento\jdk1.8.0_101\jre\bin\verify.dll
0x0000000053bf0000 - 0x0000000053c19000 	D:\Desenvolvimento\jdk1.8.0_101\jre\bin\java.dll
0x0000000053ab0000 - 0x0000000053ae5000 	D:\Desenvolvimento\jdk1.8.0_101\jre\bin\jdwp.dll
0x0000000053aa0000 - 0x0000000053aa8000 	D:\Desenvolvimento\jdk1.8.0_101\jre\bin\npt.dll
0x0000000053bd0000 - 0x0000000053be6000 	D:\Desenvolvimento\jdk1.8.0_101\jre\bin\zip.dll
0x00007ffb590e0000 - 0x00007ffb5a5d0000 	C:\Windows\System32\SHELL32.dll
0x00007ffb5a870000 - 0x00007ffb5a918000 	C:\Windows\System32\shcore.dll
0x00007ffb56c00000 - 0x00007ffb5734a000 	C:\Windows\System32\windows.storage.dll
0x00007ffb56bd0000 - 0x00007ffb56bf4000 	C:\Windows\System32\profapi.dll
0x00007ffb56b30000 - 0x00007ffb56b8d000 	C:\Windows\System32\powrprof.dll
0x00007ffb5a5d0000 - 0x00007ffb5a622000 	C:\Windows\System32\shlwapi.dll
0x00007ffb56b90000 - 0x00007ffb56ba1000 	C:\Windows\System32\kernel.appcore.dll
0x00007ffb57d40000 - 0x00007ffb57d57000 	C:\Windows\System32\cryptsp.dll
0x0000000053a90000 - 0x0000000053a99000 	D:\Desenvolvimento\jdk1.8.0_101\jre\bin\dt_socket.dll
0x00007ffb32900000 - 0x00007ffb32916000 	C:\Windows\system32\napinsp.dll
0x00007ffb328e0000 - 0x00007ffb328fa000 	C:\Windows\system32\pnrpnsp.dll
0x00007ffb563a0000 - 0x00007ffb56407000 	C:\Windows\System32\mswsock.dll
0x00007ffb56140000 - 0x00007ffb56206000 	C:\Windows\SYSTEM32\DNSAPI.dll
0x00007ffb57eb0000 - 0x00007ffb57eb8000 	C:\Windows\System32\NSI.dll
0x00007ffb56100000 - 0x00007ffb5613d000 	C:\Windows\SYSTEM32\IPHLPAPI.DLL
0x00007ffb33b00000 - 0x00007ffb33b0e000 	C:\Windows\System32\winrnr.dll
0x00007ffb52c60000 - 0x00007ffb52c7b000 	C:\Windows\system32\NLAapi.dll
0x00007ffb327c0000 - 0x00007ffb327d5000 	C:\Windows\system32\wshbth.dll
0x00007ffb51930000 - 0x00007ffb519a9000 	C:\Windows\System32\fwpuclnt.dll
0x00007ffb57420000 - 0x00007ffb57446000 	C:\Windows\System32\bcrypt.dll
0x00007ffb50590000 - 0x00007ffb5059a000 	C:\Windows\System32\rasadhlp.dll
0x0000000053bb0000 - 0x0000000053bca000 	D:\Desenvolvimento\jdk1.8.0_101\jre\bin\net.dll
0x0000000053b90000 - 0x0000000053ba1000 	D:\Desenvolvimento\jdk1.8.0_101\jre\bin\nio.dll
0x00007ffb55f60000 - 0x00007ffb55f93000 	C:\Windows\system32\rsaenh.dll
0x00007ffb56a60000 - 0x00007ffb56a88000 	C:\Windows\SYSTEM32\USERENV.dll
0x00007ffb56570000 - 0x00007ffb5657c000 	C:\Windows\SYSTEM32\CRYPTBASE.dll
0x00007ffb52a90000 - 0x00007ffb52aa6000 	C:\Windows\SYSTEM32\dhcpcsvc6.DLL
0x00007ffb52940000 - 0x00007ffb5295c000 	C:\Windows\SYSTEM32\dhcpcsvc.DLL
0x00007ffb50fc0000 - 0x00007ffb511ad000 	C:\Windows\SYSTEM32\dbghelp.dll

VM Arguments:
jvm_args: -agentlib:jdwp=transport=dt_socket,suspend=y,address=localhost:53021 -XX:+HeapDumpOnOutOfMemoryError -Dfile.encoding=Cp1252 
java_command: ufrn.dimap.lets.ehmetrics.Main
java_class_path (initial): D:\git\EHExtractor\EHExtractor\target\classes;C:\Users\Hugo Melo\.m2\repository\javax\validation\validation-api\1.1.0.Final\validation-api-1.1.0.Final.jar;C:\Users\Hugo Melo\.m2\repository\org\apache\maven\shared\maven-invoker\2.2\maven-invoker-2.2.jar;C:\Users\Hugo Melo\.m2\repository\org\codehaus\plexus\plexus-utils\3.0.20\plexus-utils-3.0.20.jar;C:\Users\Hugo Melo\.m2\repository\org\codehaus\plexus\plexus-component-annotations\1.6\plexus-component-annotations-1.6.jar;C:\Users\Hugo Melo\.m2\repository\org\gradle\gradle-tooling-api\4.0.1\gradle-tooling-api-4.0.1.jar;C:\Users\Hugo Melo\.m2\repository\com\google\code\gson\gson\2.8.1\gson-2.8.1.jar;C:\Users\Hugo Melo\.m2\repository\org\kohsuke\github-api\1.86\github-api-1.86.jar;C:\Users\Hugo Melo\.m2\repository\commons-lang\commons-lang\2.6\commons-lang-2.6.jar;C:\Users\Hugo Melo\.m2\repository\commons-codec\commons-codec\1.7\commons-codec-1.7.jar;C:\Users\Hugo Melo\.m2\repository\com\fasterxml\jackson\core\jackson-databind\2.2.3\jackson-databind-2.2.3.jar;C:\Users\Hugo Melo\.m2\repository\com\fasterxml\jackson\core\jackson-annotations\2.2.3\jackson-annotations-2.2.3.jar;C:\Users\Hugo Melo\.m2\repository\com\fasterxml\jackson\core\jackson-core\2.2.3\jackson-core-2.2.3.jar;C:\Users\Hugo Melo\.m2\repository\commons-io\commons-io\1.4\commons-io-1.4.jar;C:\Users\Hugo Melo\.m2\repository\com\infradna\tool\bridge-method-annotation\1.14\bridge-method-annotation-1.14.jar;C:\Users\Hugo Melo\.m2\repository\org\jenkins-ci\annotation-indexer\1.4\annotation-indexer-1.4.jar;C:\Users\Hugo Melo\.m2\repository\com\jcabi\jcabi-github\0.23\jcabi-github-0.23.jar;C:\Users\Hugo Melo\.m2\repository\com\jcabi\jcabi-aspects\0.20.1\jcabi-aspects-0.20.1.jar;C:\Users\Hugo Melo\.m2\repository\com\jcabi\jcabi-log\0.16\jcabi-log-0.16.jar;C:\Users\Hugo Melo\.m2\repository\org\aspectj\aspectjrt\1.8.4\aspectjrt-1.8.4.jar;C:\Users\Hugo Melo\.m2\repository\com\jcabi\jcabi-immutable\1.3\jcabi-immutable-1.3.jar;C:\Users\Hugo 
Launcher Type: SUN_STANDARD

Environment Variables:
JAVA_HOME=D:\Desenvolvimento\jdk1.8.0_101
PATH=D:\Desenvolvimento\jdk1.8.0_101\jre\bin;C:\Windows\system32;C:\Windows;C:\Windows\System32\Wbem;C:\Windows\System32\WindowsPowerShell\v1.0\;C:\Windows\System32\OpenSSH\;C:\Program Files\NVIDIA Corporation\NVIDIA NvDLISR;C:\Program Files (x86)\NVIDIA Corporation\PhysX\Common;C:\Users\Hugo Melo\AppData\Local\Microsoft\WindowsApps;D:\Arquivos de Programas\apache-maven-3.5.0\bin;
USERNAME=Hugo Melo
OS=Windows_NT
PROCESSOR_IDENTIFIER=Intel64 Family 6 Model 158 Stepping 9, GenuineIntel



---------------  S Y S T E M  ---------------

OS: Windows 10.0 , 64 bit Build 17763 (10.0.17763.475)

CPU:total 4 (4 cores per cpu, 1 threads per core) family 6 model 158 stepping 9, cmov, cx8, fxsr, mmx, sse, sse2, sse3, ssse3, sse4.1, sse4.2, popcnt, avx, avx2, aes, clmul, erms, rtm, 3dnowpref, lzcnt, tsc, tscinvbit, bmi1, bmi2, adx

Memory: 4k page, physical 16736208k(8084624k free), swap 19226576k(4633704k free)

vm_info: Java HotSpot(TM) 64-Bit Server VM (25.101-b13) for windows-amd64 JRE (1.8.0_101-b13), built on Jun 22 2016 01:21:29 by "java_re" with MS VC++ 10.0 (VS2010)

time: Mon Jul 15 08:56:59 2019
elapsed time: 845 seconds (0d 0h 14m 5s)

