#
# A fatal error has been detected by the Java Runtime Environment:
#
#  EXCEPTION_ACCESS_VIOLATION (0xc0000005) at pc=0x000000007297a0a5, pid=5820, tid=0x0000000000000b98
#
# JRE version: Java(TM) SE Runtime Environment (8.0_101-b13) (build 1.8.0_101-b13)
# Java VM: Java HotSpot(TM) 64-Bit Server VM (25.101-b13 mixed mode windows-amd64 compressed oops)
# Problematic frame:
# V  [jvm.dll+0x12a0a5]
#
# Failed to write core dump. Minidumps are not enabled by default on client versions of Windows
#
# If you would like to submit a bug report, please visit:
#   http://bugreport.java.com/bugreport/crash.jsp
#

---------------  T H R E A D  ---------------

Current thread (0x000000001bdfa000):  JavaThread "JDWP Transport Listener: dt_socket" daemon [_thread_in_vm, id=2968, stack(0x000000001d7a0000,0x000000001d8a0000)]

siginfo: ExceptionCode=0xc0000005, reading address 0xffffffffffffffff

Registers:
RAX=0x000000001d89f501, RBX=0x000000001bdfa000, RCX=0x6c63654472657465, RDX=0x0000000000000000
RSP=0x000000001d89f4b0, RBP=0x6c63654472657465, RSI=0x000000001d89f5c8, RDI=0x0000000002518680
R8 =0x000000001bdfa000, R9 =0x0000000000008000, R10=0x0000000000000000, R11=0x0000000020bb2a1b
R12=0x0000000000000000, R13=0x000000001be04ab8, R14=0x0000000000000000, R15=0x0000000000000000
RIP=0x000000007297a0a5, EFLAGS=0x0000000000010206

Top of Stack: (sp=0x000000001d89f4b0)
0x000000001d89f4b0:   000000001bdfa000 000000001bdfa000
0x000000001d89f4c0:   000000001d89f578 0000000072b82f0b
0x000000001d89f4d0:   000000001bdfa000 0000000072b9f76d
0x000000001d89f4e0:   0000000000000000 0000000072749155
0x000000001d89f4f0:   000000001f44a308 000000007275291e
0x000000001d89f500:   000000001bdfa000 0000000000000000
0x000000001d89f510:   0000000000000000 0000000000000000
0x000000001d89f520:   6c63654472657465 0000000072751a15
0x000000001d89f530:   000000001d89f5c8 000000001d89f5a0
0x000000001d89f540:   0000000000000001 000000001f44a308
0x000000001d89f550:   6c63654472657465 00000000727353b3
0x000000001d89f560:   000000001d89f690 0000000000000001
0x000000001d89f570:   0000000000000001 000000001f44a308
0x000000001d89f580:   00000000f0001041 0000000000000000
0x000000001d89f590:   0000000000000000 0000000000000000
0x000000001d89f5a0:   0000000000000001 0000000072735571 

Instructions: (pc=0x000000007297a0a5)
0x000000007297a085:   cc cc cc cc cc cc cc cc cc cc cc 48 83 ec 28 48
0x000000007297a095:   85 c9 75 07 33 c0 48 83 c4 28 c3 48 89 5c 24 20
0x000000007297a0a5:   48 8b 19 48 85 db 74 20 48 83 fb 37 74 1a 48 8b
0x000000007297a0b5:   13 48 8b cb ff 52 10 84 c0 74 0d 48 8b c3 48 8b 


Register to memory mapping:

RAX=0x000000001d89f501 is pointing into the stack for thread: 0x000000001bdfa000
RBX=0x000000001bdfa000 is a thread
RCX=0x6c63654472657465 is an unknown value
RDX=0x0000000000000000 is an unknown value
RSP=0x000000001d89f4b0 is pointing into the stack for thread: 0x000000001bdfa000
RBP=0x6c63654472657465 is an unknown value
RSI=0x000000001d89f5c8 is pointing into the stack for thread: 0x000000001bdfa000
RDI=0x0000000002518680 is an unknown value
R8 =0x000000001bdfa000 is a thread
R9 =0x0000000000008000 is an unknown value
R10=0x0000000000000000 is an unknown value
R11=0x0000000020bb2a1b is an unknown value
R12=0x0000000000000000 is an unknown value
R13=0x000000001be04ab8 is an unknown value
R14=0x0000000000000000 is an unknown value
R15=0x0000000000000000 is an unknown value


Stack: [0x000000001d7a0000,0x000000001d8a0000],  sp=0x000000001d89f4b0,  free space=1021k
Native frames: (J=compiled Java code, j=interpreted, Vv=VM code, C=native code)
V  [jvm.dll+0x12a0a5]
V  [jvm.dll+0x34f76d]
C  [jdwp.dll+0x21a15]
C  [jdwp.dll+0x53b3]
C  [jdwp.dll+0x5571]
C  [jdwp.dll+0xf0a8]
C  [jdwp.dll+0x1f2d5]
C  [jdwp.dll+0x1f4aa]
V  [jvm.dll+0x1bd258]
V  [jvm.dll+0x2451a4]
V  [jvm.dll+0x29c18a]
C  [msvcr100.dll+0x21d9f]
C  [msvcr100.dll+0x21e3b]
C  [KERNEL32.DLL+0x13dc4]
C  [ntdll.dll+0x73691]


---------------  P R O C E S S  ---------------

Java Threads: ( => current thread )
  0x000000001dbf9000 JavaThread "Service Thread" daemon [_thread_blocked, id=13968, stack(0x000000001e1a0000,0x000000001e2a0000)]
  0x000000001be4a000 JavaThread "C1 CompilerThread2" daemon [_thread_blocked, id=11788, stack(0x000000001e0a0000,0x000000001e1a0000)]
  0x000000001be49800 JavaThread "C2 CompilerThread1" daemon [_thread_blocked, id=14216, stack(0x000000001dfa0000,0x000000001e0a0000)]
  0x000000001be17800 JavaThread "C2 CompilerThread0" daemon [_thread_blocked, id=9380, stack(0x000000001daa0000,0x000000001dba0000)]
  0x000000001be0a800 JavaThread "JDWP Command Reader" daemon [_thread_in_native, id=14632, stack(0x000000001d9a0000,0x000000001daa0000)]
  0x000000001be07800 JavaThread "JDWP Event Helper Thread" daemon [_thread_blocked, id=3012, stack(0x000000001d8a0000,0x000000001d9a0000)]
=>0x000000001bdfa000 JavaThread "JDWP Transport Listener: dt_socket" daemon [_thread_in_vm, id=2968, stack(0x000000001d7a0000,0x000000001d8a0000)]
  0x000000001bdef800 JavaThread "Attach Listener" daemon [_thread_blocked, id=4876, stack(0x000000001d360000,0x000000001d460000)]
  0x000000001bdee800 JavaThread "Signal Dispatcher" daemon [_thread_blocked, id=8340, stack(0x000000001d260000,0x000000001d360000)]
  0x000000001bde0000 JavaThread "Finalizer" daemon [_thread_blocked, id=7788, stack(0x000000001d040000,0x000000001d140000)]
  0x000000001bdb9000 JavaThread "Reference Handler" daemon [_thread_blocked, id=7140, stack(0x000000001cf40000,0x000000001d040000)]
  0x0000000002634000 JavaThread "main" [_thread_blocked, id=6736, stack(0x0000000002520000,0x0000000002620000)]

Other Threads:
  0x000000001bdb8000 VMThread [stack: 0x000000001ce40000,0x000000001cf40000] [id=5876]
  0x000000001dbff800 WatcherThread [stack: 0x000000001e2a0000,0x000000001e3a0000] [id=5072]

VM state:not at safepoint (normal execution)

VM Mutex/Monitor currently owned by a thread: None

Heap:
 PSYoungGen      total 76288K, used 53209K [0x000000076ae00000, 0x0000000770300000, 0x00000007c0000000)
  eden space 65536K, 64% used [0x000000076ae00000,0x000000076d77add8,0x000000076ee00000)
  from space 10752K, 99% used [0x000000076f880000,0x00000007702fb870,0x0000000770300000)
  to   space 10752K, 0% used [0x000000076ee00000,0x000000076ee00000,0x000000076f880000)
 ParOldGen       total 175104K, used 848K [0x00000006c0a00000, 0x00000006cb500000, 0x000000076ae00000)
  object space 175104K, 0% used [0x00000006c0a00000,0x00000006c0ad4098,0x00000006cb500000)
 Metaspace       used 12238K, capacity 13310K, committed 13568K, reserved 1060864K
  class space    used 1517K, capacity 1717K, committed 1792K, reserved 1048576K

Card table byte_map: [0x0000000011af0000,0x00000000122f0000] byte_map_base: 0x000000000e4eb000

Marking Bits: (ParMarkBitMap*) 0x000000007306a6d0
 Begin Bits: [0x0000000012c50000, 0x0000000016c28000)
 End Bits:   [0x0000000016c28000, 0x000000001ac00000)

Polling page: 0x00000000024e0000

CodeCache: size=245760Kb used=11148Kb max_used=11190Kb free=234611Kb
 bounds [0x0000000002730000, 0x0000000003230000, 0x0000000011730000]
 total_blobs=2806 nmethods=2489 adapters=236
 compilation: enabled

Compilation events (10 events):
Event: 2.487 Thread 0x000000001be4a000 2490       3       com.github.javaparser.symbolsolver.javaparser.Navigator::getInnerTypeName (22 bytes)
Event: 2.487 Thread 0x000000001be4a000 nmethod 2490 0x00000000031e1050 code [0x00000000031e1200, 0x00000000031e1878]
Event: 2.547 Thread 0x000000001be17800 nmethod 2448 0x00000000031eaed0 code [0x00000000031eba20, 0x00000000031f1e68]
Event: 2.548 Thread 0x000000001be17800 2474       4       com.github.javaparser.ast.stmt.BlockStmt::accept (9 bytes)
Event: 2.548 Thread 0x000000001be17800 nmethod 2474 0x0000000003181490 code [0x00000000031815c0, 0x0000000003181658]
Event: 2.548 Thread 0x000000001be17800 2462       4       com.github.javaparser.ast.type.ClassOrInterfaceType::setName (55 bytes)
Event: 2.551 Thread 0x000000001be17800 nmethod 2462 0x00000000031e7290 code [0x00000000031e7420, 0x00000000031e78b8]
Event: 2.551 Thread 0x000000001be17800 2460       4       com.github.javaparser.CommentsInserter$$Lambda$81/1048027629::test (8 bytes)
Event: 2.552 Thread 0x000000001be17800 nmethod 2460 0x00000000031e7f10 code [0x00000000031e8060, 0x00000000031e8138]
Event: 2.626 Thread 0x000000001be49800 nmethod 2459 0x000000000320e250 code [0x000000000320eca0, 0x00000000032164e8]

GC Heap History (4 events):
Event: 1.197 GC heap before
{Heap before GC invocations=1 (full 0):
 PSYoungGen      total 76288K, used 65536K [0x000000076ae00000, 0x0000000770300000, 0x00000007c0000000)
  eden space 65536K, 100% used [0x000000076ae00000,0x000000076ee00000,0x000000076ee00000)
  from space 10752K, 0% used [0x000000076f880000,0x000000076f880000,0x0000000770300000)
  to   space 10752K, 0% used [0x000000076ee00000,0x000000076ee00000,0x000000076f880000)
 ParOldGen       total 175104K, used 0K [0x00000006c0a00000, 0x00000006cb500000, 0x000000076ae00000)
  object space 175104K, 0% used [0x00000006c0a00000,0x00000006c0a00000,0x00000006cb500000)
 Metaspace       used 9433K, capacity 10478K, committed 10624K, reserved 1058816K
  class space    used 1159K, capacity 1337K, committed 1408K, reserved 1048576K
Event: 1.205 GC heap after
Heap after GC invocations=1 (full 0):
 PSYoungGen      total 76288K, used 4483K [0x000000076ae00000, 0x0000000770300000, 0x00000007c0000000)
  eden space 65536K, 0% used [0x000000076ae00000,0x000000076ae00000,0x000000076ee00000)
  from space 10752K, 41% used [0x000000076ee00000,0x000000076f260c38,0x000000076f880000)
  to   space 10752K, 0% used [0x000000076f880000,0x000000076f880000,0x0000000770300000)
 ParOldGen       total 175104K, used 24K [0x00000006c0a00000, 0x00000006cb500000, 0x000000076ae00000)
  object space 175104K, 0% used [0x00000006c0a00000,0x00000006c0a06000,0x00000006cb500000)
 Metaspace       used 9433K, capacity 10478K, committed 10624K, reserved 1058816K
  class space    used 1159K, capacity 1337K, committed 1408K, reserved 1048576K
}
Event: 1.967 GC heap before
{Heap before GC invocations=2 (full 0):
 PSYoungGen      total 76288K, used 70019K [0x000000076ae00000, 0x0000000770300000, 0x00000007c0000000)
  eden space 65536K, 100% used [0x000000076ae00000,0x000000076ee00000,0x000000076ee00000)
  from space 10752K, 41% used [0x000000076ee00000,0x000000076f260c38,0x000000076f880000)
  to   space 10752K, 0% used [0x000000076f880000,0x000000076f880000,0x0000000770300000)
 ParOldGen       total 175104K, used 24K [0x00000006c0a00000, 0x00000006cb500000, 0x000000076ae00000)
  object space 175104K, 0% used [0x00000006c0a00000,0x00000006c0a06000,0x00000006cb500000)
 Metaspace       used 11968K, capacity 13094K, committed 13312K, reserved 1060864K
  class space    used 1497K, capacity 1713K, committed 1792K, reserved 1048576K
Event: 1.976 GC heap after
Heap after GC invocations=2 (full 0):
 PSYoungGen      total 76288K, used 10734K [0x000000076ae00000, 0x0000000770300000, 0x00000007c0000000)
  eden space 65536K, 0% used [0x000000076ae00000,0x000000076ae00000,0x000000076ee00000)
  from space 10752K, 99% used [0x000000076f880000,0x00000007702fb870,0x0000000770300000)
  to   space 10752K, 0% used [0x000000076ee00000,0x000000076ee00000,0x000000076f880000)
 ParOldGen       total 175104K, used 848K [0x00000006c0a00000, 0x00000006cb500000, 0x000000076ae00000)
  object space 175104K, 0% used [0x00000006c0a00000,0x00000006c0ad4098,0x00000006cb500000)
 Metaspace       used 11968K, capacity 13094K, committed 13312K, reserved 1060864K
  class space    used 1497K, capacity 1713K, committed 1792K, reserved 1048576K
}

Deoptimization events (10 events):
Event: 2.476 Thread 0x0000000002634000 Uncommon trap: reason=unhandled action=none pc=0x0000000002bc7964 method=com.github.javaparser.GeneratedJavaParser.jj_scan_token(I)Z @ 170
Event: 2.477 Thread 0x0000000002634000 Uncommon trap: reason=unhandled action=none pc=0x0000000002bc7964 method=com.github.javaparser.GeneratedJavaParser.jj_scan_token(I)Z @ 170
Event: 2.477 Thread 0x0000000002634000 Uncommon trap: reason=unhandled action=none pc=0x0000000002bc7964 method=com.github.javaparser.GeneratedJavaParser.jj_scan_token(I)Z @ 170
Event: 2.477 Thread 0x0000000002634000 Uncommon trap: reason=unhandled action=none pc=0x0000000002bc7964 method=com.github.javaparser.GeneratedJavaParser.jj_scan_token(I)Z @ 170
Event: 2.477 Thread 0x0000000002634000 Uncommon trap: reason=unhandled action=none pc=0x0000000002bc7964 method=com.github.javaparser.GeneratedJavaParser.jj_scan_token(I)Z @ 170
Event: 2.477 Thread 0x0000000002634000 Uncommon trap: reason=unhandled action=none pc=0x0000000002bc7964 method=com.github.javaparser.GeneratedJavaParser.jj_scan_token(I)Z @ 170
Event: 2.477 Thread 0x0000000002634000 Uncommon trap: reason=unhandled action=none pc=0x0000000002bc7964 method=com.github.javaparser.GeneratedJavaParser.jj_scan_token(I)Z @ 170
Event: 2.477 Thread 0x0000000002634000 Uncommon trap: reason=unhandled action=none pc=0x0000000002bc7964 method=com.github.javaparser.GeneratedJavaParser.jj_scan_token(I)Z @ 170
Event: 2.477 Thread 0x0000000002634000 Uncommon trap: reason=unhandled action=none pc=0x0000000002bc7964 method=com.github.javaparser.GeneratedJavaParser.jj_scan_token(I)Z @ 170
Event: 2.477 Thread 0x0000000002634000 Uncommon trap: reason=unhandled action=none pc=0x00000000030f5a08 method=com.github.javaparser.GeneratedJavaParser.jj_scan_token(I)Z @ 170

Internal exceptions (10 events):
Event: 2.452 Thread 0x0000000002634000 Exception <a 'sun/nio/fs/WindowsException'> (0x000000076d38b8c0) thrown at [C:\re\workspace\8-2-build-windows-amd64-cygwin\jdk8u101\7261\hotspot\src\share\vm\prims\jni.cpp, line 709]
Event: 2.452 Thread 0x0000000002634000 Exception <a 'sun/nio/fs/WindowsException'> (0x000000076d38c360) thrown at [C:\re\workspace\8-2-build-windows-amd64-cygwin\jdk8u101\7261\hotspot\src\share\vm\prims\jni.cpp, line 709]
Event: 2.473 Thread 0x0000000002634000 Exception <a 'sun/nio/fs/WindowsException'> (0x000000076d5779b0) thrown at [C:\re\workspace\8-2-build-windows-amd64-cygwin\jdk8u101\7261\hotspot\src\share\vm\prims\jni.cpp, line 709]
Event: 2.473 Thread 0x0000000002634000 Exception <a 'sun/nio/fs/WindowsException'> (0x000000076d578728) thrown at [C:\re\workspace\8-2-build-windows-amd64-cygwin\jdk8u101\7261\hotspot\src\share\vm\prims\jni.cpp, line 709]
Event: 2.474 Thread 0x0000000002634000 Exception <a 'sun/nio/fs/WindowsException'> (0x000000076d592988) thrown at [C:\re\workspace\8-2-build-windows-amd64-cygwin\jdk8u101\7261\hotspot\src\share\vm\prims\jni.cpp, line 709]
Event: 2.474 Thread 0x0000000002634000 Exception <a 'sun/nio/fs/WindowsException'> (0x000000076d593738) thrown at [C:\re\workspace\8-2-build-windows-amd64-cygwin\jdk8u101\7261\hotspot\src\share\vm\prims\jni.cpp, line 709]
Event: 2.480 Thread 0x0000000002634000 Exception <a 'java/lang/ArrayIndexOutOfBoundsException': 92> (0x000000076d6373f0) thrown at [C:\re\workspace\8-2-build-windows-amd64-cygwin\jdk8u101\7261\hotspot\src\share\vm\interpreter\interpreterRuntime.cpp, line 366]
Event: 2.486 Thread 0x0000000002634000 Exception <a 'java/lang/ArrayIndexOutOfBoundsException': 40> (0x000000076d64fde0) thrown at [C:\re\workspace\8-2-build-windows-amd64-cygwin\jdk8u101\7261\hotspot\src\share\vm\interpreter\interpreterRuntime.cpp, line 366]
Event: 2.487 Thread 0x0000000002634000 Exception <a 'sun/nio/fs/WindowsException'> (0x000000076d65c9a0) thrown at [C:\re\workspace\8-2-build-windows-amd64-cygwin\jdk8u101\7261\hotspot\src\share\vm\prims\jni.cpp, line 709]
Event: 2.487 Thread 0x0000000002634000 Exception <a 'sun/nio/fs/WindowsException'> (0x000000076d65d708) thrown at [C:\re\workspace\8-2-build-windows-amd64-cygwin\jdk8u101\7261\hotspot\src\share\vm\prims\jni.cpp, line 709]

Events (10 events):
Event: 26.843 Executing VM operation: GetCurrentLocation
Event: 26.843 Executing VM operation: GetCurrentLocation done
Event: 26.843 Executing VM operation: EnterInterpOnlyMode
Event: 26.844 Executing VM operation: EnterInterpOnlyMode done
Event: 26.844 Executing VM operation: ChangeSingleStep
Event: 26.844 Executing VM operation: ChangeSingleStep done
Event: 26.851 Executing VM operation: ChangeSingleStep
Event: 26.851 Executing VM operation: ChangeSingleStep done
Event: 26.855 Executing VM operation: RedefineClasses
Event: 26.870 Executing VM operation: RedefineClasses done


Dynamic libraries:
0x00007ff79ce00000 - 0x00007ff79ce37000 	D:\Desenvolvimento\jdk1.8.0_101\bin\javaw.exe
0x00007ffdb8d30000 - 0x00007ffdb8f11000 	C:\WINDOWS\SYSTEM32\ntdll.dll
0x00007ffdb8800000 - 0x00007ffdb88b2000 	C:\WINDOWS\System32\KERNEL32.DLL
0x00007ffdb5250000 - 0x00007ffdb54c3000 	C:\WINDOWS\System32\KERNELBASE.dll
0x00007ffdb80d0000 - 0x00007ffdb8171000 	C:\WINDOWS\System32\ADVAPI32.dll
0x00007ffdb63a0000 - 0x00007ffdb643e000 	C:\WINDOWS\System32\msvcrt.dll
0x00007ffdb8530000 - 0x00007ffdb858b000 	C:\WINDOWS\System32\sechost.dll
0x00007ffdb8590000 - 0x00007ffdb86b4000 	C:\WINDOWS\System32\RPCRT4.dll
0x00007ffdb8990000 - 0x00007ffdb8b20000 	C:\WINDOWS\System32\USER32.dll
0x00007ffdb57a0000 - 0x00007ffdb57c0000 	C:\WINDOWS\System32\win32u.dll
0x00007ffdb88c0000 - 0x00007ffdb88e8000 	C:\WINDOWS\System32\GDI32.dll
0x00007ffdb6020000 - 0x00007ffdb61b2000 	C:\WINDOWS\System32\gdi32full.dll
0x00007ffdb5100000 - 0x00007ffdb519f000 	C:\WINDOWS\System32\msvcp_win.dll
0x00007ffdb5f20000 - 0x00007ffdb6018000 	C:\WINDOWS\System32\ucrtbase.dll
0x00007ffda9860000 - 0x00007ffda9ac9000 	C:\WINDOWS\WinSxS\amd64_microsoft.windows.common-controls_6595b64144ccf1df_6.0.17134.648_none_fb45a0e93062a6d2\COMCTL32.dll
0x00007ffdb7da0000 - 0x00007ffdb80c2000 	C:\WINDOWS\System32\combase.dll
0x00007ffdb54d0000 - 0x00007ffdb554a000 	C:\WINDOWS\System32\bcryptPrimitives.dll
0x00007ffdb8770000 - 0x00007ffdb879d000 	C:\WINDOWS\System32\IMM32.DLL
0x00000000730f0000 - 0x00000000731c2000 	D:\Desenvolvimento\jdk1.8.0_101\jre\bin\msvcr100.dll
0x0000000072850000 - 0x00000000730ea000 	D:\Desenvolvimento\jdk1.8.0_101\jre\bin\server\jvm.dll
0x00007ffdb8cc0000 - 0x00007ffdb8cc8000 	C:\WINDOWS\System32\PSAPI.DLL
0x00007ffd83370000 - 0x00007ffd83379000 	C:\WINDOWS\SYSTEM32\WSOCK32.dll
0x00007ffdb82e0000 - 0x00007ffdb834c000 	C:\WINDOWS\System32\WS2_32.dll
0x00007ffdb1980000 - 0x00007ffdb19a3000 	C:\WINDOWS\SYSTEM32\WINMM.dll
0x00007ffdaf7f0000 - 0x00007ffdaf7fa000 	C:\WINDOWS\SYSTEM32\VERSION.dll
0x00007ffdb1940000 - 0x00007ffdb196a000 	C:\WINDOWS\SYSTEM32\WINMMBASE.dll
0x00007ffdb57c0000 - 0x00007ffdb5809000 	C:\WINDOWS\System32\cfgmgr32.dll
0x0000000072840000 - 0x000000007284f000 	D:\Desenvolvimento\jdk1.8.0_101\jre\bin\verify.dll
0x0000000072810000 - 0x0000000072839000 	D:\Desenvolvimento\jdk1.8.0_101\jre\bin\java.dll
0x0000000072730000 - 0x0000000072765000 	D:\Desenvolvimento\jdk1.8.0_101\jre\bin\jdwp.dll
0x0000000072720000 - 0x0000000072728000 	D:\Desenvolvimento\jdk1.8.0_101\jre\bin\npt.dll
0x00000000727f0000 - 0x0000000072806000 	D:\Desenvolvimento\jdk1.8.0_101\jre\bin\zip.dll
0x00007ffdb6440000 - 0x00007ffdb7880000 	C:\WINDOWS\System32\SHELL32.dll
0x00007ffdb86c0000 - 0x00007ffdb8769000 	C:\WINDOWS\System32\shcore.dll
0x00007ffdb5810000 - 0x00007ffdb5f1d000 	C:\WINDOWS\System32\windows.storage.dll
0x00007ffdb87a0000 - 0x00007ffdb87f1000 	C:\WINDOWS\System32\shlwapi.dll
0x00007ffdb50c0000 - 0x00007ffdb50d1000 	C:\WINDOWS\System32\kernel.appcore.dll
0x00007ffdb50e0000 - 0x00007ffdb50ff000 	C:\WINDOWS\System32\profapi.dll
0x00007ffdb5070000 - 0x00007ffdb50bc000 	C:\WINDOWS\System32\powrprof.dll
0x00007ffdb5060000 - 0x00007ffdb506a000 	C:\WINDOWS\System32\FLTLIB.DLL
0x0000000072710000 - 0x0000000072719000 	D:\Desenvolvimento\jdk1.8.0_101\jre\bin\dt_socket.dll
0x00007ffd8f4a0000 - 0x00007ffd8f4b6000 	C:\WINDOWS\system32\napinsp.dll
0x00007ffd8f480000 - 0x00007ffd8f49a000 	C:\WINDOWS\system32\pnrpnsp.dll
0x00007ffdb1e30000 - 0x00007ffdb1e49000 	C:\WINDOWS\system32\NLAapi.dll
0x00007ffdb48c0000 - 0x00007ffdb4926000 	C:\WINDOWS\System32\mswsock.dll
0x00007ffdb4680000 - 0x00007ffdb473e000 	C:\WINDOWS\SYSTEM32\DNSAPI.dll
0x00007ffdb8180000 - 0x00007ffdb8188000 	C:\WINDOWS\System32\NSI.dll
0x00007ffdb4640000 - 0x00007ffdb4678000 	C:\WINDOWS\SYSTEM32\IPHLPAPI.DLL
0x00007ffd8f470000 - 0x00007ffd8f47e000 	C:\WINDOWS\System32\winrnr.dll
0x00007ffda88e0000 - 0x00007ffda88f6000 	C:\WINDOWS\system32\wlidnsp.dll
0x00007ffdaf640000 - 0x00007ffdaf6b2000 	C:\WINDOWS\System32\fwpuclnt.dll
0x00007ffdb4ba0000 - 0x00007ffdb4bc5000 	C:\WINDOWS\SYSTEM32\bcrypt.dll
0x00007ffdaba30000 - 0x00007ffdaba3a000 	C:\Windows\System32\rasadhlp.dll
0x00000000727d0000 - 0x00000000727ea000 	D:\Desenvolvimento\jdk1.8.0_101\jre\bin\net.dll
0x00000000727b0000 - 0x00000000727c1000 	D:\Desenvolvimento\jdk1.8.0_101\jre\bin\nio.dll
0x00007ffdb4a70000 - 0x00007ffdb4a87000 	C:\WINDOWS\SYSTEM32\CRYPTSP.dll
0x00007ffdb44a0000 - 0x00007ffdb44d3000 	C:\WINDOWS\system32\rsaenh.dll
0x00007ffdb4f40000 - 0x00007ffdb4f68000 	C:\WINDOWS\SYSTEM32\USERENV.dll
0x00007ffdb4a90000 - 0x00007ffdb4a9b000 	C:\WINDOWS\SYSTEM32\CRYPTBASE.dll
0x00007ffdb0850000 - 0x00007ffdb0866000 	C:\WINDOWS\SYSTEM32\dhcpcsvc6.DLL
0x00007ffdb0830000 - 0x00007ffdb084a000 	C:\WINDOWS\SYSTEM32\dhcpcsvc.DLL
0x00007ffda6e50000 - 0x00007ffda7019000 	C:\WINDOWS\SYSTEM32\dbghelp.dll

VM Arguments:
jvm_args: -agentlib:jdwp=transport=dt_socket,suspend=y,address=localhost:53633 -XX:+HeapDumpOnOutOfMemoryError -Dfile.encoding=Cp1252 
java_command: ufrn.dimap.lets.ehmetrics.Main
java_class_path (initial): D:\git\EHExtractor\EHExtractor\target\classes;C:\Users\Hugo\.m2\repository\javax\validation\validation-api\1.1.0.Final\validation-api-1.1.0.Final.jar;C:\Users\Hugo\.m2\repository\org\apache\maven\shared\maven-invoker\2.2\maven-invoker-2.2.jar;C:\Users\Hugo\.m2\repository\org\codehaus\plexus\plexus-utils\3.0.20\plexus-utils-3.0.20.jar;C:\Users\Hugo\.m2\repository\org\codehaus\plexus\plexus-component-annotations\1.6\plexus-component-annotations-1.6.jar;C:\Users\Hugo\.m2\repository\org\gradle\gradle-tooling-api\4.0.1\gradle-tooling-api-4.0.1.jar;C:\Users\Hugo\.m2\repository\org\slf4j\slf4j-api\1.7.5\slf4j-api-1.7.5.jar;C:\Users\Hugo\.m2\repository\com\google\code\gson\gson\2.8.1\gson-2.8.1.jar;C:\Users\Hugo\.m2\repository\org\kohsuke\github-api\1.86\github-api-1.86.jar;C:\Users\Hugo\.m2\repository\commons-lang\commons-lang\2.6\commons-lang-2.6.jar;C:\Users\Hugo\.m2\repository\commons-codec\commons-codec\1.7\commons-codec-1.7.jar;C:\Users\Hugo\.m2\repository\com\fasterxml\jackson\core\jackson-databind\2.2.3\jackson-databind-2.2.3.jar;C:\Users\Hugo\.m2\repository\com\fasterxml\jackson\core\jackson-annotations\2.2.3\jackson-annotations-2.2.3.jar;C:\Users\Hugo\.m2\repository\com\fasterxml\jackson\core\jackson-core\2.2.3\jackson-core-2.2.3.jar;C:\Users\Hugo\.m2\repository\commons-io\commons-io\1.4\commons-io-1.4.jar;C:\Users\Hugo\.m2\repository\com\infradna\tool\bridge-method-annotation\1.14\bridge-method-annotation-1.14.jar;C:\Users\Hugo\.m2\repository\org\jenkins-ci\annotation-indexer\1.4\annotation-indexer-1.4.jar;C:\Users\Hugo\.m2\repository\com\jcabi\jcabi-github\0.23\jcabi-github-0.23.jar;C:\Users\Hugo\.m2\repository\com\jcabi\jcabi-aspects\0.20.1\jcabi-aspects-0.20.1.jar;C:\Users\Hugo\.m2\repository\com\jcabi\jcabi-log\0.16\jcabi-log-0.16.jar;C:\Users\Hugo\.m2\repository\org\aspectj\aspectjrt\1.8.4\aspectjrt-1.8.4.jar;C:\Users\Hugo\.m2\repository\com\jcabi\jcabi-immutable\1.3\jcabi-immutable-1.3.jar;C:\Users\Hugo\.m2\repository\com\jcabi\
Launcher Type: SUN_STANDARD

Environment Variables:
JAVA_HOME=C:\Program Files\Java\jdk1.8.0_91
PATH=D:\Desenvolvimento\jdk1.8.0_101\jre\bin;C:\ProgramData\Oracle\Java\javapath;C:\WINDOWS\system32;C:\WINDOWS;C:\WINDOWS\System32\Wbem;C:\WINDOWS\System32\WindowsPowerShell\v1.0\;C:\Program Files (x86)\ATI Technologies\ATI.ACE\Core-Static;C:\Program Files (x86)\AMD\ATI.ACE\Core-Static;C:\Program Files (x86)\QuickTime\QTSystem\;D:\Arquivos de Programas\Git\cmd;C:\Program Files\dotnet\;C:\Program Files (x86)\Skype\Phone\;D:\gradle-4.0.1\bin;D:\Desenvolvimento\sonarlint-cli-2.1.0.566\bin;C:\Program Files (x86)\NVIDIA Corporation\PhysX\Common;C:\WINDOWS\system32;C:\WINDOWS;C:\WINDOWS\System32\Wbem;C:\WINDOWS\System32\WindowsPowerShell\v1.0\;C:\Program Files (x86)\Windows Live\Shared;C:\WINDOWS\System32\OpenSSH\;C:\Program Files\NVIDIA Corporation\NVIDIA NvDLISR;C://FFMPEG;D:/apache-maven-3.5.0/bin;%USERPROFILE%\AppData\Local\Microsoft\WindowsApps;
USERNAME=Hugo
OS=Windows_NT
PROCESSOR_IDENTIFIER=Intel64 Family 6 Model 158 Stepping 9, GenuineIntel



---------------  S Y S T E M  ---------------

OS: Windows 10.0 , 64 bit Build 17134 (10.0.17134.648)

CPU:total 4 (4 cores per cpu, 1 threads per core) family 6 model 158 stepping 9, cmov, cx8, fxsr, mmx, sse, sse2, sse3, ssse3, sse4.1, sse4.2, popcnt, avx, avx2, aes, clmul, erms, rtm, 3dnowpref, lzcnt, tsc, tscinvbit, bmi1, bmi2, adx

Memory: 4k page, physical 16736196k(9828068k free), swap 20120404k(9714884k free)

vm_info: Java HotSpot(TM) 64-Bit Server VM (25.101-b13) for windows-amd64 JRE (1.8.0_101-b13), built on Jun 22 2016 01:21:29 by "java_re" with MS VC++ 10.0 (VS2010)

time: Tue May 07 14:46:22 2019
elapsed time: 26 seconds (0d 0h 0m 26s)

