#
# A fatal error has been detected by the Java Runtime Environment:
#
#  EXCEPTION_ACCESS_VIOLATION (0xc0000005) at pc=0x000000007266a0a5, pid=9000, tid=0x0000000000001b58
#
# JRE version: Java(TM) SE Runtime Environment (8.0_101-b13) (build 1.8.0_101-b13)
# Java VM: Java HotSpot(TM) 64-Bit Server VM (25.101-b13 mixed mode windows-amd64 compressed oops)
# Problematic frame:
# V  [jvm.dll+0x12a0a5]
#
# Failed to write core dump. Minidumps are not enabled by default on client versions of Windows
#
# If you would like to submit a bug report, please visit:
#   http://bugreport.java.com/bugreport/crash.jsp
#

---------------  T H R E A D  ---------------

Current thread (0x000000001c488800):  JavaThread "JDWP Transport Listener: dt_socket" daemon [_thread_in_vm, id=7000, stack(0x000000001de10000,0x000000001df10000)]

siginfo: ExceptionCode=0xc0000005, reading address 0xffffffffffffffff

Registers:
RAX=0x000000001df0f801, RBX=0x000000001c488800, RCX=0x3832373433373934, RDX=0x0000000000000000
RSP=0x000000001df0f860, RBP=0x3832373433373934, RSI=0x000000001df0f978, RDI=0x0000000002a58680
R8 =0x000000001c488800, R9 =0x0000000000008000, R10=0x0000000000000000, R11=0x000000001f5b71bf
R12=0x0000000000000000, R13=0x000000001c47d888, R14=0x0000000000000000, R15=0x0000000000000000
RIP=0x000000007266a0a5, EFLAGS=0x0000000000010202

Top of Stack: (sp=0x000000001df0f860)
0x000000001df0f860:   000000001c488800 000000001c488800
0x000000001df0f870:   000000001df0f928 0000000072872f0b
0x000000001df0f880:   000000001c488800 000000007288f76d
0x000000001df0f890:   0000000000000000 0000000072459155
0x000000001df0f8a0:   000000001f9c2b78 000000007246291e
0x000000001df0f8b0:   000000001c488800 0000000000000000
0x000000001df0f8c0:   0000000000000000 0000000000000000
0x000000001df0f8d0:   3832373433373934 0000000072461a15
0x000000001df0f8e0:   000000001df0f978 000000001df0f950
0x000000001df0f8f0:   0000000000000001 000000001f9c2b78
0x000000001df0f900:   3832373433373934 00000000724453b3
0x000000001df0f910:   000000001df0fa40 0000000000000001
0x000000001df0f920:   0000000000000001 000000001f9c2b78
0x000000001df0f930:   000000000000000a 0000000000000000
0x000000001df0f940:   0000000000000000 0000000000000000
0x000000001df0f950:   0000000000000001 0000000072445571 

Instructions: (pc=0x000000007266a0a5)
0x000000007266a085:   cc cc cc cc cc cc cc cc cc cc cc 48 83 ec 28 48
0x000000007266a095:   85 c9 75 07 33 c0 48 83 c4 28 c3 48 89 5c 24 20
0x000000007266a0a5:   48 8b 19 48 85 db 74 20 48 83 fb 37 74 1a 48 8b
0x000000007266a0b5:   13 48 8b cb ff 52 10 84 c0 74 0d 48 8b c3 48 8b 


Register to memory mapping:

RAX=0x000000001df0f801 is pointing into the stack for thread: 0x000000001c488800
RBX=0x000000001c488800 is a thread
RCX=0x3832373433373934 is an unknown value
RDX=0x0000000000000000 is an unknown value
RSP=0x000000001df0f860 is pointing into the stack for thread: 0x000000001c488800
RBP=0x3832373433373934 is an unknown value
RSI=0x000000001df0f978 is pointing into the stack for thread: 0x000000001c488800
RDI=0x0000000002a58680 is an unknown value
R8 =0x000000001c488800 is a thread
R9 =0x0000000000008000 is an unknown value
R10=0x0000000000000000 is an unknown value
R11=0x000000001f5b71bf is an unknown value
R12=0x0000000000000000 is an unknown value
R13=0x000000001c47d888 is an unknown value
R14=0x0000000000000000 is an unknown value
R15=0x0000000000000000 is an unknown value


Stack: [0x000000001de10000,0x000000001df10000],  sp=0x000000001df0f860,  free space=1022k
Native frames: (J=compiled Java code, j=interpreted, Vv=VM code, C=native code)
V  [jvm.dll+0x12a0a5]
V  [jvm.dll+0x34f76d]
C  [jdwp.dll+0x21a15]
C  [jdwp.dll+0x53b3]
C  [jdwp.dll+0x5571]
C  [jdwp.dll+0xf0a8]
C  [jdwp.dll+0x1f2d5]
C  [jdwp.dll+0x1f4aa]
V  [jvm.dll+0x1bd258]
V  [jvm.dll+0x2451a4]
V  [jvm.dll+0x29c18a]
C  [msvcr100.dll+0x21d9f]
C  [msvcr100.dll+0x21e3b]
C  [KERNEL32.DLL+0x13dc4]
C  [ntdll.dll+0x73691]


---------------  P R O C E S S  ---------------

Java Threads: ( => current thread )
  0x000000001e437800 JavaThread "Service Thread" daemon [_thread_blocked, id=5992, stack(0x000000001e810000,0x000000001e910000)]
  0x000000001c4a0000 JavaThread "C1 CompilerThread2" daemon [_thread_blocked, id=11240, stack(0x000000001e310000,0x000000001e410000)]
  0x000000001c49f000 JavaThread "C2 CompilerThread1" daemon [_thread_blocked, id=4128, stack(0x000000001e210000,0x000000001e310000)]
  0x000000001c499800 JavaThread "C2 CompilerThread0" daemon [_thread_blocked, id=7820, stack(0x000000001e110000,0x000000001e210000)]
  0x000000001c48e000 JavaThread "JDWP Command Reader" daemon [_thread_in_native, id=7704, stack(0x000000001e010000,0x000000001e110000)]
  0x000000001c48a800 JavaThread "JDWP Event Helper Thread" daemon [_thread_blocked, id=5332, stack(0x000000001df10000,0x000000001e010000)]
=>0x000000001c488800 JavaThread "JDWP Transport Listener: dt_socket" daemon [_thread_in_vm, id=7000, stack(0x000000001de10000,0x000000001df10000)]
  0x000000001c473800 JavaThread "Attach Listener" daemon [_thread_blocked, id=13432, stack(0x000000001d9d0000,0x000000001dad0000)]
  0x000000001c470000 JavaThread "Signal Dispatcher" daemon [_thread_blocked, id=6884, stack(0x000000001d8d0000,0x000000001d9d0000)]
  0x0000000002dfd000 JavaThread "Finalizer" daemon [_thread_blocked, id=1952, stack(0x000000001d6c0000,0x000000001d7c0000)]
  0x000000001c439000 JavaThread "Reference Handler" daemon [_thread_blocked, id=5344, stack(0x000000001d5c0000,0x000000001d6c0000)]
  0x0000000002d04000 JavaThread "main" [_thread_blocked, id=14844, stack(0x0000000002c00000,0x0000000002d00000)]

Other Threads:
  0x000000001c438000 VMThread [stack: 0x000000001d4c0000,0x000000001d5c0000] [id=8860]
  0x000000001e481000 WatcherThread [stack: 0x000000001e910000,0x000000001ea10000] [id=7264]

VM state:not at safepoint (normal execution)

VM Mutex/Monitor currently owned by a thread: None

Heap:
 PSYoungGen      total 76288K, used 11500K [0x000000076ae00000, 0x0000000770300000, 0x00000007c0000000)
  eden space 65536K, 11% used [0x000000076ae00000,0x000000076b58cee0,0x000000076ee00000)
  from space 10752K, 35% used [0x000000076ee00000,0x000000076f1ae508,0x000000076f880000)
  to   space 10752K, 0% used [0x000000076f880000,0x000000076f880000,0x0000000770300000)
 ParOldGen       total 175104K, used 24K [0x00000006c0a00000, 0x00000006cb500000, 0x000000076ae00000)
  object space 175104K, 0% used [0x00000006c0a00000,0x00000006c0a06000,0x00000006cb500000)
 Metaspace       used 10448K, capacity 11468K, committed 11776K, reserved 1058816K
  class space    used 1295K, capacity 1474K, committed 1536K, reserved 1048576K

Card table byte_map: [0x00000000121c0000,0x00000000129c0000] byte_map_base: 0x000000000ebbb000

Marking Bits: (ParMarkBitMap*) 0x0000000072d5a6d0
 Begin Bits: [0x0000000013320000, 0x00000000172f8000)
 End Bits:   [0x00000000172f8000, 0x000000001b2d0000)

Polling page: 0x0000000001140000

CodeCache: size=245760Kb used=7569Kb max_used=7612Kb free=238190Kb
 bounds [0x0000000002e00000, 0x0000000003580000, 0x0000000011e00000]
 total_blobs=2057 nmethods=1764 adapters=212
 compilation: enabled

Compilation events (10 events):
Event: 1.094 Thread 0x000000001c4a0000 1761       3       sun.reflect.UnsafeFieldAccessorImpl::ensureObj (23 bytes)
Event: 1.094 Thread 0x000000001c4a0000 nmethod 1761 0x00000000035479d0 code [0x0000000003547ba0, 0x0000000003548518]
Event: 1.094 Thread 0x000000001c4a0000 1763       3       com.github.javaparser.ast.body.VariableDeclarator::getMetaModel (5 bytes)
Event: 1.094 Thread 0x000000001c4a0000 nmethod 1763 0x0000000003544090 code [0x0000000003544200, 0x00000000035443d0]
Event: 1.094 Thread 0x000000001c4a0000 1764       3       com.github.javaparser.ast.expr.StringLiteralExpr::getMetaModel (5 bytes)
Event: 1.094 Thread 0x000000001c4a0000 nmethod 1764 0x0000000003543c90 code [0x0000000003543e00, 0x0000000003543fd0]
Event: 1.098 Thread 0x000000001c499800 nmethod 1752 0x000000000354be50 code [0x000000000354c020, 0x000000000354c958]
Event: 1.098 Thread 0x000000001c499800 1765       4       sun.net.www.ParseUtil::encodePath (336 bytes)
Event: 1.111 Thread 0x000000001c499800 nmethod 1765 0x0000000003548b90 code [0x0000000003548d20, 0x000000000354a0b8]
Event: 1.124 Thread 0x000000001c49f000 nmethod 1682 0x00000000035595d0 code [0x000000000355a080, 0x0000000003561e18]

GC Heap History (2 events):
Event: 1.019 GC heap before
{Heap before GC invocations=1 (full 0):
 PSYoungGen      total 76288K, used 65536K [0x000000076ae00000, 0x0000000770300000, 0x00000007c0000000)
  eden space 65536K, 100% used [0x000000076ae00000,0x000000076ee00000,0x000000076ee00000)
  from space 10752K, 0% used [0x000000076f880000,0x000000076f880000,0x0000000770300000)
  to   space 10752K, 0% used [0x000000076ee00000,0x000000076ee00000,0x000000076f880000)
 ParOldGen       total 175104K, used 0K [0x00000006c0a00000, 0x00000006cb500000, 0x000000076ae00000)
  object space 175104K, 0% used [0x00000006c0a00000,0x00000006c0a00000,0x00000006cb500000)
 Metaspace       used 9433K, capacity 10422K, committed 10624K, reserved 1058816K
  class space    used 1164K, capacity 1339K, committed 1408K, reserved 1048576K
Event: 1.023 GC heap after
Heap after GC invocations=1 (full 0):
 PSYoungGen      total 76288K, used 3769K [0x000000076ae00000, 0x0000000770300000, 0x00000007c0000000)
  eden space 65536K, 0% used [0x000000076ae00000,0x000000076ae00000,0x000000076ee00000)
  from space 10752K, 35% used [0x000000076ee00000,0x000000076f1ae508,0x000000076f880000)
  to   space 10752K, 0% used [0x000000076f880000,0x000000076f880000,0x0000000770300000)
 ParOldGen       total 175104K, used 24K [0x00000006c0a00000, 0x00000006cb500000, 0x000000076ae00000)
  object space 175104K, 0% used [0x00000006c0a00000,0x00000006c0a06000,0x00000006cb500000)
 Metaspace       used 9433K, capacity 10422K, committed 10624K, reserved 1058816K
  class space    used 1164K, capacity 1339K, committed 1408K, reserved 1048576K
}

Deoptimization events (10 events):
Event: 1.091 Thread 0x0000000002d04000 Uncommon trap: reason=unhandled action=none pc=0x000000000344a730 method=com.github.javaparser.GeneratedJavaParser.jj_scan_token(I)Z @ 170
Event: 1.091 Thread 0x0000000002d04000 Uncommon trap: reason=unhandled action=none pc=0x00000000032cf3e0 method=com.github.javaparser.GeneratedJavaParser.jj_scan_token(I)Z @ 170
Event: 1.091 Thread 0x0000000002d04000 Uncommon trap: reason=unhandled action=none pc=0x00000000032cf3e0 method=com.github.javaparser.GeneratedJavaParser.jj_scan_token(I)Z @ 170
Event: 1.091 Thread 0x0000000002d04000 Uncommon trap: reason=unhandled action=none pc=0x00000000032cf3e0 method=com.github.javaparser.GeneratedJavaParser.jj_scan_token(I)Z @ 170
Event: 1.091 Thread 0x0000000002d04000 Uncommon trap: reason=unhandled action=none pc=0x00000000032cf3e0 method=com.github.javaparser.GeneratedJavaParser.jj_scan_token(I)Z @ 170
Event: 1.091 Thread 0x0000000002d04000 Uncommon trap: reason=unhandled action=none pc=0x000000000344a730 method=com.github.javaparser.GeneratedJavaParser.jj_scan_token(I)Z @ 170
Event: 1.091 Thread 0x0000000002d04000 Uncommon trap: reason=unhandled action=none pc=0x00000000032cf3e0 method=com.github.javaparser.GeneratedJavaParser.jj_scan_token(I)Z @ 170
Event: 1.092 Thread 0x0000000002d04000 Uncommon trap: reason=unhandled action=none pc=0x00000000032cf3e0 method=com.github.javaparser.GeneratedJavaParser.jj_scan_token(I)Z @ 170
Event: 1.092 Thread 0x0000000002d04000 Uncommon trap: reason=unhandled action=none pc=0x00000000032cf3e0 method=com.github.javaparser.GeneratedJavaParser.jj_scan_token(I)Z @ 170
Event: 1.092 Thread 0x0000000002d04000 Uncommon trap: reason=unhandled action=none pc=0x00000000032cf3e0 method=com.github.javaparser.GeneratedJavaParser.jj_scan_token(I)Z @ 170

Internal exceptions (10 events):
Event: 0.262 Thread 0x0000000002d04000 Exception <a 'java/security/PrivilegedActionException'> (0x000000076b8f8278) thrown at [C:\re\workspace\8-2-build-windows-amd64-cygwin\jdk8u101\7261\hotspot\src\share\vm\prims\jvm.cpp, line 1386]
Event: 0.262 Thread 0x0000000002d04000 Exception <a 'java/security/PrivilegedActionException'> (0x000000076b8fb2e8) thrown at [C:\re\workspace\8-2-build-windows-amd64-cygwin\jdk8u101\7261\hotspot\src\share\vm\prims\jvm.cpp, line 1386]
Event: 0.262 Thread 0x0000000002d04000 Exception <a 'java/security/PrivilegedActionException'> (0x000000076b8fb6e0) thrown at [C:\re\workspace\8-2-build-windows-amd64-cygwin\jdk8u101\7261\hotspot\src\share\vm\prims\jvm.cpp, line 1386]
Event: 0.407 Thread 0x0000000002d04000 Exception <a 'java/lang/NoSuchMethodError': java.lang.Object.lambda$getBegin$0(Lcom/github/javaparser/Range;)Lcom/github/javaparser/Position;> (0x000000076c26fa78) thrown at [C:\re\workspace\8-2-build-windows-amd64-cygwin\jdk8u101\7261\hotspot\src\share\vmÉIA*z≈⁄?
Event: 0.418 Thread 0x0000000002d04000 Exception <a 'java/lang/NoSuchMethodError': java.lang.Object.lambda$getEnd$1(Lcom/github/javaparser/Range;)Lcom/github/javaparser/Position;> (0x000000076c2cd050) thrown at [C:\re\workspace\8-2-build-windows-amd64-cygwin\jdk8u101\7261\hotspot\src\share\vm\i
Event: 0.723 Thread 0x0000000002d04000 Implicit null exception at 0x00000000033532ed to 0x00000000033538a9
Event: 0.730 Thread 0x0000000002d04000 Exception <a 'java/lang/NoSuchMethodError': java.lang.Object.lambda$getMethods$1(Lcom/github/javaparser/ast/body/BodyDeclaration;)Z> (0x000000076d695318) thrown at [C:\re\workspace\8-2-build-windows-amd64-cygwin\jdk8u101\7261\hotspot\src\share\vm\interpretggç*É^Á?
Event: 0.730 Thread 0x0000000002d04000 Exception <a 'java/lang/NoSuchMethodError': java.lang.Object.lambda$getMethods$2(Lcom/github/javaparser/ast/body/BodyDeclaration;)Lcom/github/javaparser/ast/body/MethodDeclaration;> (0x000000076d6983f0) thrown at [C:\re\workspace\8-2-build-windows-amd64-cyzû‚ÈÌÒ?
Event: 1.066 Thread 0x0000000002d04000 Exception <a 'sun/nio/fs/WindowsException'> (0x000000076b122510) thrown at [C:\re\workspace\8-2-build-windows-amd64-cygwin\jdk8u101\7261\hotspot\src\share\vm\prims\jni.cpp, line 709]
Event: 1.101 Thread 0x0000000002d04000 Exception <a 'java/lang/NullPointerException'> (0x000000076b3ce408) thrown at [C:\re\workspace\8-2-build-windows-amd64-cygwin\jdk8u101\7261\hotspot\src\share\vm\interpreter\linkResolver.cpp, line 1178]

Events (10 events):
Event: 484.818 Executing VM operation: RedefineClasses
Event: 484.829 Executing VM operation: RedefineClasses done
Event: 484.836 Executing VM operation: ChangeBreakpoints
Event: 484.837 Executing VM operation: ChangeBreakpoints done
Event: 554.508 Executing VM operation: RedefineClasses
Event: 554.519 Executing VM operation: RedefineClasses done
Event: 554.526 Executing VM operation: ChangeBreakpoints
Event: 554.527 Executing VM operation: ChangeBreakpoints done
Event: 1127.731 Executing VM operation: RedefineClasses
Event: 1127.742 Executing VM operation: RedefineClasses done


Dynamic libraries:
0x00007ff6c5a10000 - 0x00007ff6c5a47000 	D:\Desenvolvimento\jdk1.8.0_101\bin\javaw.exe
0x00007ff9c04d0000 - 0x00007ff9c06b1000 	C:\WINDOWS\SYSTEM32\ntdll.dll
0x00007ff9bfbf0000 - 0x00007ff9bfca2000 	C:\WINDOWS\System32\KERNEL32.DLL
0x00007ff9bcd90000 - 0x00007ff9bd003000 	C:\WINDOWS\System32\KERNELBASE.dll
0x00007ff9c0350000 - 0x00007ff9c03f1000 	C:\WINDOWS\System32\ADVAPI32.dll
0x00007ff9c02b0000 - 0x00007ff9c034e000 	C:\WINDOWS\System32\msvcrt.dll
0x00007ff9bfcf0000 - 0x00007ff9bfd4b000 	C:\WINDOWS\System32\sechost.dll
0x00007ff9bfac0000 - 0x00007ff9bfbe4000 	C:\WINDOWS\System32\RPCRT4.dll
0x00007ff9bfdb0000 - 0x00007ff9bff40000 	C:\WINDOWS\System32\USER32.dll
0x00007ff9bccc0000 - 0x00007ff9bcce0000 	C:\WINDOWS\System32\win32u.dll
0x00007ff9bfcc0000 - 0x00007ff9bfce8000 	C:\WINDOWS\System32\GDI32.dll
0x00007ff9bc8a0000 - 0x00007ff9bca32000 	C:\WINDOWS\System32\gdi32full.dll
0x00007ff9bcc20000 - 0x00007ff9bccbf000 	C:\WINDOWS\System32\msvcp_win.dll
0x00007ff9bcac0000 - 0x00007ff9bcbb8000 	C:\WINDOWS\System32\ucrtbase.dll
0x00007ff9af270000 - 0x00007ff9af4d9000 	C:\WINDOWS\WinSxS\amd64_microsoft.windows.common-controls_6595b64144ccf1df_6.0.17134.648_none_fb45a0e93062a6d2\COMCTL32.dll
0x00007ff9bf590000 - 0x00007ff9bf8b2000 	C:\WINDOWS\System32\combase.dll
0x00007ff9bca40000 - 0x00007ff9bcaba000 	C:\WINDOWS\System32\bcryptPrimitives.dll
0x00007ff9befa0000 - 0x00007ff9befcd000 	C:\WINDOWS\System32\IMM32.DLL
0x0000000073ac0000 - 0x0000000073b92000 	D:\Desenvolvimento\jdk1.8.0_101\jre\bin\msvcr100.dll
0x0000000072540000 - 0x0000000072dda000 	D:\Desenvolvimento\jdk1.8.0_101\jre\bin\server\jvm.dll
0x00007ff9bf580000 - 0x00007ff9bf588000 	C:\WINDOWS\System32\PSAPI.DLL
0x00007ff9901f0000 - 0x00007ff9901f9000 	C:\WINDOWS\SYSTEM32\WSOCK32.dll
0x00007ff9c0240000 - 0x00007ff9c02ac000 	C:\WINDOWS\System32\WS2_32.dll
0x00007ff9b7240000 - 0x00007ff9b724a000 	C:\WINDOWS\SYSTEM32\VERSION.dll
0x00007ff9ba600000 - 0x00007ff9ba623000 	C:\WINDOWS\SYSTEM32\WINMM.dll
0x00007ff9ba3e0000 - 0x00007ff9ba40a000 	C:\WINDOWS\SYSTEM32\WINMMBASE.dll
0x00007ff9bd910000 - 0x00007ff9bd959000 	C:\WINDOWS\System32\cfgmgr32.dll
0x0000000073a20000 - 0x0000000073a2f000 	D:\Desenvolvimento\jdk1.8.0_101\jre\bin\verify.dll
0x0000000072510000 - 0x0000000072539000 	D:\Desenvolvimento\jdk1.8.0_101\jre\bin\java.dll
0x0000000072440000 - 0x0000000072475000 	D:\Desenvolvimento\jdk1.8.0_101\jre\bin\jdwp.dll
0x0000000072430000 - 0x0000000072438000 	D:\Desenvolvimento\jdk1.8.0_101\jre\bin\npt.dll
0x00000000724f0000 - 0x0000000072506000 	D:\Desenvolvimento\jdk1.8.0_101\jre\bin\zip.dll
0x00007ff9bd9c0000 - 0x00007ff9bee00000 	C:\WINDOWS\System32\SHELL32.dll
0x00007ff9bee00000 - 0x00007ff9beea9000 	C:\WINDOWS\System32\shcore.dll
0x00007ff9bd010000 - 0x00007ff9bd71d000 	C:\WINDOWS\System32\windows.storage.dll
0x00007ff9bfd50000 - 0x00007ff9bfda1000 	C:\WINDOWS\System32\shlwapi.dll
0x00007ff9bc840000 - 0x00007ff9bc851000 	C:\WINDOWS\System32\kernel.appcore.dll
0x00007ff9bc860000 - 0x00007ff9bc87f000 	C:\WINDOWS\System32\profapi.dll
0x00007ff9bc7f0000 - 0x00007ff9bc83c000 	C:\WINDOWS\System32\powrprof.dll
0x00007ff9bc7e0000 - 0x00007ff9bc7ea000 	C:\WINDOWS\System32\FLTLIB.DLL
0x0000000072420000 - 0x0000000072429000 	D:\Desenvolvimento\jdk1.8.0_101\jre\bin\dt_socket.dll
0x00007ff9975c0000 - 0x00007ff9975d6000 	C:\WINDOWS\system32\napinsp.dll
0x00007ff9975a0000 - 0x00007ff9975ba000 	C:\WINDOWS\system32\pnrpnsp.dll
0x00007ff9b9330000 - 0x00007ff9b9349000 	C:\WINDOWS\system32\NLAapi.dll
0x00007ff9bc000000 - 0x00007ff9bc066000 	C:\WINDOWS\System32\mswsock.dll
0x00007ff9bbdc0000 - 0x00007ff9bbe7e000 	C:\WINDOWS\SYSTEM32\DNSAPI.dll
0x00007ff9bff40000 - 0x00007ff9bff48000 	C:\WINDOWS\System32\NSI.dll
0x00007ff9bbd80000 - 0x00007ff9bbdb8000 	C:\WINDOWS\SYSTEM32\IPHLPAPI.DLL
0x00007ff997590000 - 0x00007ff99759e000 	C:\WINDOWS\System32\winrnr.dll
0x00007ff9b4070000 - 0x00007ff9b4086000 	C:\WINDOWS\system32\wlidnsp.dll
0x00007ff9b68f0000 - 0x00007ff9b6962000 	C:\WINDOWS\System32\fwpuclnt.dll
0x00007ff9bc340000 - 0x00007ff9bc365000 	C:\WINDOWS\SYSTEM32\bcrypt.dll
0x00007ff9b4090000 - 0x00007ff9b409a000 	C:\Windows\System32\rasadhlp.dll
0x00000000724d0000 - 0x00000000724ea000 	D:\Desenvolvimento\jdk1.8.0_101\jre\bin\net.dll
0x00000000724b0000 - 0x00000000724c1000 	D:\Desenvolvimento\jdk1.8.0_101\jre\bin\nio.dll
0x00007ff9afd20000 - 0x00007ff9afee9000 	C:\WINDOWS\SYSTEM32\dbghelp.dll

VM Arguments:
jvm_args: -agentlib:jdwp=transport=dt_socket,suspend=y,address=localhost:55377 -XX:+HeapDumpOnOutOfMemoryError -Dfile.encoding=Cp1252 
java_command: ufrn.dimap.lets.ehmetrics.Main
java_class_path (initial): D:\git\EHExtractor\EHExtractor\target\classes;C:\Users\Hugo\.m2\repository\javax\validation\validation-api\1.1.0.Final\validation-api-1.1.0.Final.jar;C:\Users\Hugo\.m2\repository\org\apache\maven\shared\maven-invoker\2.2\maven-invoker-2.2.jar;C:\Users\Hugo\.m2\repository\org\codehaus\plexus\plexus-utils\3.0.20\plexus-utils-3.0.20.jar;C:\Users\Hugo\.m2\repository\org\codehaus\plexus\plexus-component-annotations\1.6\plexus-component-annotations-1.6.jar;C:\Users\Hugo\.m2\repository\org\gradle\gradle-tooling-api\4.0.1\gradle-tooling-api-4.0.1.jar;C:\Users\Hugo\.m2\repository\org\slf4j\slf4j-api\1.7.5\slf4j-api-1.7.5.jar;C:\Users\Hugo\.m2\repository\com\google\code\gson\gson\2.8.1\gson-2.8.1.jar;C:\Users\Hugo\.m2\repository\org\kohsuke\github-api\1.86\github-api-1.86.jar;C:\Users\Hugo\.m2\repository\commons-lang\commons-lang\2.6\commons-lang-2.6.jar;C:\Users\Hugo\.m2\repository\commons-codec\commons-codec\1.7\commons-codec-1.7.jar;C:\Users\Hugo\.m2\repository\com\fasterxml\jackson\core\jackson-databind\2.2.3\jackson-databind-2.2.3.jar;C:\Users\Hugo\.m2\repository\com\fasterxml\jackson\core\jackson-annotations\2.2.3\jackson-annotations-2.2.3.jar;C:\Users\Hugo\.m2\repository\com\fasterxml\jackson\core\jackson-core\2.2.3\jackson-core-2.2.3.jar;C:\Users\Hugo\.m2\repository\commons-io\commons-io\1.4\commons-io-1.4.jar;C:\Users\Hugo\.m2\repository\com\infradna\tool\bridge-method-annotation\1.14\bridge-method-annotation-1.14.jar;C:\Users\Hugo\.m2\repository\org\jenkins-ci\annotation-indexer\1.4\annotation-indexer-1.4.jar;C:\Users\Hugo\.m2\repository\com\jcabi\jcabi-github\0.23\jcabi-github-0.23.jar;C:\Users\Hugo\.m2\repository\com\jcabi\jcabi-aspects\0.20.1\jcabi-aspects-0.20.1.jar;C:\Users\Hugo\.m2\repository\com\jcabi\jcabi-log\0.16\jcabi-log-0.16.jar;C:\Users\Hugo\.m2\repository\org\aspectj\aspectjrt\1.8.4\aspectjrt-1.8.4.jar;C:\Users\Hugo\.m2\repository\com\jcabi\jcabi-immutable\1.3\jcabi-immutable-1.3.jar;C:\Users\Hugo\.m2\repository\com\jcabi\
Launcher Type: SUN_STANDARD

Environment Variables:
JAVA_HOME=C:\Program Files\Java\jdk1.8.0_91
PATH=D:\Desenvolvimento\jdk1.8.0_101\jre\bin;C:\ProgramData\Oracle\Java\javapath;C:\WINDOWS\system32;C:\WINDOWS;C:\WINDOWS\System32\Wbem;C:\WINDOWS\System32\WindowsPowerShell\v1.0\;C:\Program Files (x86)\ATI Technologies\ATI.ACE\Core-Static;C:\Program Files (x86)\AMD\ATI.ACE\Core-Static;C:\Program Files (x86)\QuickTime\QTSystem\;D:\Arquivos de Programas\Git\cmd;C:\Program Files\dotnet\;C:\Program Files (x86)\Skype\Phone\;D:\gradle-4.0.1\bin;D:\Desenvolvimento\sonarlint-cli-2.1.0.566\bin;C:\Program Files (x86)\NVIDIA Corporation\PhysX\Common;C:\WINDOWS\system32;C:\WINDOWS;C:\WINDOWS\System32\Wbem;C:\WINDOWS\System32\WindowsPowerShell\v1.0\;C:\Program Files (x86)\Windows Live\Shared;C:\WINDOWS\System32\OpenSSH\;C:\Program Files\NVIDIA Corporation\NVIDIA NvDLISR;C://FFMPEG;D:/apache-maven-3.5.0/bin;%USERPROFILE%\AppData\Local\Microsoft\WindowsApps;
USERNAME=Hugo
OS=Windows_NT
PROCESSOR_IDENTIFIER=Intel64 Family 6 Model 158 Stepping 9, GenuineIntel



---------------  S Y S T E M  ---------------

OS: Windows 10.0 , 64 bit Build 17134 (10.0.17134.648)

CPU:total 4 (4 cores per cpu, 1 threads per core) family 6 model 158 stepping 9, cmov, cx8, fxsr, mmx, sse, sse2, sse3, ssse3, sse4.1, sse4.2, popcnt, avx, avx2, aes, clmul, erms, rtm, 3dnowpref, lzcnt, tsc, tscinvbit, bmi1, bmi2, adx

Memory: 4k page, physical 16736196k(9261020k free), swap 21192644k(10790644k free)

vm_info: Java HotSpot(TM) 64-Bit Server VM (25.101-b13) for windows-amd64 JRE (1.8.0_101-b13), built on Jun 22 2016 01:21:29 by "java_re" with MS VC++ 10.0 (VS2010)

time: Fri Apr 19 14:42:49 2019
elapsed time: 1127 seconds (0d 0h 18m 47s)

