#
# A fatal error has been detected by the Java Runtime Environment:
#
#  EXCEPTION_ACCESS_VIOLATION (0xc0000005) at pc=0x0000000053d5a0a5, pid=11948, tid=0x00000000000015dc
#
# JRE version: Java(TM) SE Runtime Environment (8.0_101-b13) (build 1.8.0_101-b13)
# Java VM: Java HotSpot(TM) 64-Bit Server VM (25.101-b13 mixed mode windows-amd64 compressed oops)
# Problematic frame:
# V  [jvm.dll+0x12a0a5]
#
# Failed to write core dump. Minidumps are not enabled by default on client versions of Windows
#
# If you would like to submit a bug report, please visit:
#   http://bugreport.java.com/bugreport/crash.jsp
#

---------------  T H R E A D  ---------------

Current thread (0x000000001c82d000):  JavaThread "JDWP Transport Listener: dt_socket" daemon [_thread_in_vm, id=5596, stack(0x000000001e1d0000,0x000000001e2d0000)]

siginfo: ExceptionCode=0xc0000005, reading address 0xffffffffffffffff

Registers:
RAX=0x000000001e2cf001, RBX=0x000000001c82d000, RCX=0x0061006c00000073, RDX=0x0000000000000000
RSP=0x000000001e2cf020, RBP=0x0061006c00000073, RSI=0x000000001e2cf138, RDI=0x0000000002ea82b0
R8 =0x000000001c82d000, R9 =0x0000000000008000, R10=0x0000000000000000, R11=0x00000000231cb38d
R12=0x0000000000000000, R13=0x000000001c82dc88, R14=0x0000000000000000, R15=0x0000000000000000
RIP=0x0000000053d5a0a5, EFLAGS=0x0000000000010202

Top of Stack: (sp=0x000000001e2cf020)
0x000000001e2cf020:   000000001c82d000 000000001c82d000
0x000000001e2cf030:   000000001e2cf0e8 0000000053f62f0b
0x000000001e2cf040:   000000001c82d000 0000000053f7f76d
0x000000001e2cf050:   0000000000000000 0000000053ac9155
0x000000001e2cf060:   000000002373e3c8 0000000053ad291e
0x000000001e2cf070:   000000001c82d000 0000000000000000
0x000000001e2cf080:   0000000000000000 0000000000000000
0x000000001e2cf090:   0061006c00000073 0000000053ad1a15
0x000000001e2cf0a0:   000000001e2cf138 000000001e2cf110
0x000000001e2cf0b0:   0000000000000001 000000002373e3c8
0x000000001e2cf0c0:   0061006c00000073 0000000053ab53b3
0x000000001e2cf0d0:   000000001e2cf200 0000000000000001
0x000000001e2cf0e0:   0000000000000001 000000002373e3c8
0x000000001e2cf0f0:   00000000f000100a 0000000000000000
0x000000001e2cf100:   0000000000000000 0000000000000000
0x000000001e2cf110:   0000000000000001 0000000053ab5571 

Instructions: (pc=0x0000000053d5a0a5)
0x0000000053d5a085:   cc cc cc cc cc cc cc cc cc cc cc 48 83 ec 28 48
0x0000000053d5a095:   85 c9 75 07 33 c0 48 83 c4 28 c3 48 89 5c 24 20
0x0000000053d5a0a5:   48 8b 19 48 85 db 74 20 48 83 fb 37 74 1a 48 8b
0x0000000053d5a0b5:   13 48 8b cb ff 52 10 84 c0 74 0d 48 8b c3 48 8b 


Register to memory mapping:

RAX=0x000000001e2cf001 is pointing into the stack for thread: 0x000000001c82d000
RBX=0x000000001c82d000 is a thread
RCX=0x0061006c00000073 is an unknown value
RDX=0x0000000000000000 is an unknown value
RSP=0x000000001e2cf020 is pointing into the stack for thread: 0x000000001c82d000
RBP=0x0061006c00000073 is an unknown value
RSI=0x000000001e2cf138 is pointing into the stack for thread: 0x000000001c82d000
RDI=0x0000000002ea82b0 is an unknown value
R8 =0x000000001c82d000 is a thread
R9 =0x0000000000008000 is an unknown value
R10=0x0000000000000000 is an unknown value
R11=0x00000000231cb38d is an unknown value
R12=0x0000000000000000 is an unknown value
R13=0x000000001c82dc88 is an unknown value
R14=0x0000000000000000 is an unknown value
R15=0x0000000000000000 is an unknown value


Stack: [0x000000001e1d0000,0x000000001e2d0000],  sp=0x000000001e2cf020,  free space=1020k
Native frames: (J=compiled Java code, j=interpreted, Vv=VM code, C=native code)
V  [jvm.dll+0x12a0a5]
V  [jvm.dll+0x34f76d]
C  [jdwp.dll+0x21a15]
C  [jdwp.dll+0x53b3]
C  [jdwp.dll+0x5571]
C  [jdwp.dll+0xf0a8]
C  [jdwp.dll+0x1f2d5]
C  [jdwp.dll+0x1f4aa]
V  [jvm.dll+0x1bd258]
V  [jvm.dll+0x2451a4]
V  [jvm.dll+0x29c18a]
C  [msvcr100.dll+0x21d9f]
C  [msvcr100.dll+0x21e3b]
C  [KERNEL32.DLL+0x17974]
C  [ntdll.dll+0x6a271]


---------------  P R O C E S S  ---------------

Java Threads: ( => current thread )
  0x000000001c87e800 JavaThread "Service Thread" daemon [_thread_blocked, id=2012, stack(0x000000001ebd0000,0x000000001ecd0000)]
  0x000000001c84f800 JavaThread "C1 CompilerThread2" daemon [_thread_blocked, id=2752, stack(0x000000001e6d0000,0x000000001e7d0000)]
  0x000000001c84e800 JavaThread "C2 CompilerThread1" daemon [_thread_blocked, id=10212, stack(0x000000001e5d0000,0x000000001e6d0000)]
  0x000000001c849000 JavaThread "C2 CompilerThread0" daemon [_thread_blocked, id=12660, stack(0x000000001e4d0000,0x000000001e5d0000)]
  0x000000001c83d800 JavaThread "JDWP Command Reader" daemon [_thread_in_native, id=1276, stack(0x000000001e3d0000,0x000000001e4d0000)]
  0x000000001c83a000 JavaThread "JDWP Event Helper Thread" daemon [_thread_blocked, id=10452, stack(0x000000001e2d0000,0x000000001e3d0000)]
=>0x000000001c82d000 JavaThread "JDWP Transport Listener: dt_socket" daemon [_thread_in_vm, id=5596, stack(0x000000001e1d0000,0x000000001e2d0000)]
  0x000000001c823000 JavaThread "Attach Listener" daemon [_thread_blocked, id=3924, stack(0x000000001dd90000,0x000000001de90000)]
  0x000000001c820000 JavaThread "Signal Dispatcher" daemon [_thread_blocked, id=13168, stack(0x000000001dc90000,0x000000001dd90000)]
  0x00000000031a9000 JavaThread "Finalizer" daemon [_thread_blocked, id=8284, stack(0x000000001da80000,0x000000001db80000)]
  0x00000000031a3000 JavaThread "Reference Handler" daemon [_thread_blocked, id=1160, stack(0x000000001d980000,0x000000001da80000)]
  0x00000000030b3800 JavaThread "main" [_thread_blocked, id=8912, stack(0x0000000002fb0000,0x00000000030b0000)]

Other Threads:
  0x000000001c7e7800 VMThread [stack: 0x000000001d880000,0x000000001d980000] [id=12648]
  0x000000001e803800 WatcherThread [stack: 0x000000001ecd0000,0x000000001edd0000] [id=2140]

VM state:not at safepoint (normal execution)

VM Mutex/Monitor currently owned by a thread: None

Heap:
 PSYoungGen      total 993280K, used 795532K [0x000000076ae00000, 0x00000007baa80000, 0x00000007c0000000)
  eden space 870912K, 79% used [0x000000076ae00000,0x00000007953215d8,0x00000007a0080000)
  from space 122368K, 83% used [0x00000007ab580000,0x00000007b1941a68,0x00000007b2d00000)
  to   space 185344K, 0% used [0x00000007a0080000,0x00000007a0080000,0x00000007ab580000)
 ParOldGen       total 539648K, used 291928K [0x00000006c0a00000, 0x00000006e1900000, 0x000000076ae00000)
  object space 539648K, 54% used [0x00000006c0a00000,0x00000006d2716088,0x00000006e1900000)
 Metaspace       used 14318K, capacity 15644K, committed 15872K, reserved 1062912K
  class space    used 1715K, capacity 1935K, committed 2048K, reserved 1048576K

Card table byte_map: [0x0000000012570000,0x0000000012d70000] byte_map_base: 0x000000000ef6b000

Marking Bits: (ParMarkBitMap*) 0x000000005444a6d0
 Begin Bits: [0x00000000136d0000, 0x00000000176a8000)
 End Bits:   [0x00000000176a8000, 0x000000001b680000)

Polling page: 0x00000000012f0000

CodeCache: size=245760Kb used=19234Kb max_used=19244Kb free=226525Kb
 bounds [0x00000000031b0000, 0x0000000004490000, 0x00000000121b0000]
 total_blobs=4255 nmethods=3908 adapters=265
 compilation: enabled

Compilation events (10 events):
Event: 19.018 Thread 0x000000001c84f800 nmethod 4397 0x0000000004486fd0 code [0x00000000044871e0, 0x0000000004487c78]
Event: 19.018 Thread 0x000000001c84f800 4390       1       java.lang.invoke.MethodHandle::internalForm (5 bytes)
Event: 19.018 Thread 0x000000001c84f800 nmethod 4390 0x0000000004477310 code [0x0000000004477460, 0x0000000004477570]
Event: 19.018 Thread 0x000000001c84f800 4394       1       java.lang.invoke.SimpleMethodHandle::fieldCount (2 bytes)
Event: 19.018 Thread 0x000000001c84f800 nmethod 4394 0x0000000004486d10 code [0x0000000004486e60, 0x0000000004486f70]
Event: 19.018 Thread 0x000000001c849000 nmethod 4388 0x0000000004486910 code [0x0000000004486a60, 0x0000000004486bf8]
Event: 19.019 Thread 0x000000001c84f800 4403       3       ufrn.dimap.lets.ehmetrics.abstractmodel.Handler::isFinalHandler (10 bytes)
Event: 19.019 Thread 0x000000001c84f800 nmethod 4403 0x00000000044828d0 code [0x0000000004482a40, 0x0000000004482c68]
Event: 19.019 Thread 0x000000001c84f800 4404       1       java.util.stream.ReferencePipeline::lambda$count$2 (2 bytes)
Event: 19.019 Thread 0x000000001c84f800 nmethod 4404 0x0000000004486650 code [0x00000000044867a0, 0x0000000004486890]

GC Heap History (10 events):
Event: 9.885 GC heap before
{Heap before GC invocations=16 (full 0):
 PSYoungGen      total 537088K, used 536979K [0x000000076ae00000, 0x00000007a3100000, 0x00000007c0000000)
  eden space 497664K, 99% used [0x000000076ae00000,0x00000007893ea970,0x0000000789400000)
  from space 39424K, 99% used [0x0000000789400000,0x000000078ba7a688,0x000000078ba80000)
  to   space 61952K, 0% used [0x000000079f480000,0x000000079f480000,0x00000007a3100000)
 ParOldGen       total 175104K, used 137233K [0x00000006c0a00000, 0x00000006cb500000, 0x000000076ae00000)
  object space 175104K, 78% used [0x00000006c0a00000,0x00000006c90047d0,0x00000006cb500000)
 Metaspace       used 13269K, capacity 14654K, committed 14720K, reserved 1062912K
  class space    used 1614K, capacity 1876K, committed 1920K, reserved 1048576K
Event: 9.941 GC heap after
Heap after GC invocations=16 (full 0):
 PSYoungGen      total 829440K, used 61924K [0x000000076ae00000, 0x00000007a6a00000, 0x00000007c0000000)
  eden space 767488K, 0% used [0x000000076ae00000,0x000000076ae00000,0x0000000799b80000)
  from space 61952K, 99% used [0x000000079f480000,0x00000007a30f9070,0x00000007a3100000)
  to   space 91136K, 0% used [0x0000000799b80000,0x0000000799b80000,0x000000079f480000)
 ParOldGen       total 183296K, used 183249K [0x00000006c0a00000, 0x00000006cbd00000, 0x000000076ae00000)
  object space 183296K, 99% used [0x00000006c0a00000,0x00000006cbcf4598,0x00000006cbd00000)
 Metaspace       used 13269K, capacity 14654K, committed 14720K, reserved 1062912K
  class space    used 1614K, capacity 1876K, committed 1920K, reserved 1048576K
}
Event: 9.941 GC heap before
{Heap before GC invocations=17 (full 1):
 PSYoungGen      total 829440K, used 61924K [0x000000076ae00000, 0x00000007a6a00000, 0x00000007c0000000)
  eden space 767488K, 0% used [0x000000076ae00000,0x000000076ae00000,0x0000000799b80000)
  from space 61952K, 99% used [0x000000079f480000,0x00000007a30f9070,0x00000007a3100000)
  to   space 91136K, 0% used [0x0000000799b80000,0x0000000799b80000,0x000000079f480000)
 ParOldGen       total 183296K, used 183249K [0x00000006c0a00000, 0x00000006cbd00000, 0x000000076ae00000)
  object space 183296K, 99% used [0x00000006c0a00000,0x00000006cbcf4598,0x00000006cbd00000)
 Metaspace       used 13269K, capacity 14654K, committed 14720K, reserved 1062912K
  class space    used 1614K, capacity 1876K, committed 1920K, reserved 1048576K
Event: 10.292 GC heap after
Heap after GC invocations=17 (full 1):
 PSYoungGen      total 829440K, used 0K [0x000000076ae00000, 0x00000007a6a00000, 0x00000007c0000000)
  eden space 767488K, 0% used [0x000000076ae00000,0x000000076ae00000,0x0000000799b80000)
  from space 61952K, 0% used [0x000000079f480000,0x000000079f480000,0x00000007a3100000)
  to   space 91136K, 0% used [0x0000000799b80000,0x0000000799b80000,0x000000079f480000)
 ParOldGen       total 288768K, used 145434K [0x00000006c0a00000, 0x00000006d2400000, 0x000000076ae00000)
  object space 288768K, 50% used [0x00000006c0a00000,0x00000006c98069a8,0x00000006d2400000)
 Metaspace       used 13269K, capacity 14654K, committed 14720K, reserved 1062912K
  class space    used 1614K, capacity 1876K, committed 1920K, reserved 1048576K
}
Event: 11.694 GC heap before
{Heap before GC invocations=18 (full 1):
 PSYoungGen      total 829440K, used 767488K [0x000000076ae00000, 0x00000007a6a00000, 0x00000007c0000000)
  eden space 767488K, 100% used [0x000000076ae00000,0x0000000799b80000,0x0000000799b80000)
  from space 61952K, 0% used [0x000000079f480000,0x000000079f480000,0x00000007a3100000)
  to   space 91136K, 0% used [0x0000000799b80000,0x0000000799b80000,0x000000079f480000)
 ParOldGen       total 288768K, used 145434K [0x00000006c0a00000, 0x00000006d2400000, 0x000000076ae00000)
  object space 288768K, 50% used [0x00000006c0a00000,0x00000006c98069a8,0x00000006d2400000)
 Metaspace       used 13293K, capacity 14654K, committed 14720K, reserved 1062912K
  class space    used 1614K, capacity 1876K, committed 1920K, reserved 1048576K
Event: 11.759 GC heap after
Heap after GC invocations=18 (full 1):
 PSYoungGen      total 858624K, used 91113K [0x000000076ae00000, 0x00000007b2d00000, 0x00000007c0000000)
  eden space 767488K, 0% used [0x000000076ae00000,0x000000076ae00000,0x0000000799b80000)
  from space 91136K, 99% used [0x0000000799b80000,0x000000079f47a5b8,0x000000079f480000)
  to   space 122368K, 0% used [0x00000007ab580000,0x00000007ab580000,0x00000007b2d00000)
 ParOldGen       total 288768K, used 183961K [0x00000006c0a00000, 0x00000006d2400000, 0x000000076ae00000)
  object space 288768K, 63% used [0x00000006c0a00000,0x00000006cbda65e8,0x00000006d2400000)
 Metaspace       used 13293K, capacity 14654K, committed 14720K, reserved 1062912K
  class space    used 1614K, capacity 1876K, committed 1920K, reserved 1048576K
}
Event: 14.292 GC heap before
{Heap before GC invocations=19 (full 1):
 PSYoungGen      total 858624K, used 858601K [0x000000076ae00000, 0x00000007b2d00000, 0x00000007c0000000)
  eden space 767488K, 100% used [0x000000076ae00000,0x0000000799b80000,0x0000000799b80000)
  from space 91136K, 99% used [0x0000000799b80000,0x000000079f47a5b8,0x000000079f480000)
  to   space 122368K, 0% used [0x00000007ab580000,0x00000007ab580000,0x00000007b2d00000)
 ParOldGen       total 288768K, used 183961K [0x00000006c0a00000, 0x00000006d2400000, 0x000000076ae00000)
  object space 288768K, 63% used [0x00000006c0a00000,0x00000006cbda65e8,0x00000006d2400000)
 Metaspace       used 13900K, capacity 15252K, committed 15616K, reserved 1062912K
  class space    used 1673K, capacity 1921K, committed 2048K, reserved 1048576K
Event: 14.413 GC heap after
Heap after GC invocations=19 (full 1):
 PSYoungGen      total 993280K, used 122365K [0x000000076ae00000, 0x00000007baa80000, 0x00000007c0000000)
  eden space 870912K, 0% used [0x000000076ae00000,0x000000076ae00000,0x00000007a0080000)
  from space 122368K, 99% used [0x00000007ab580000,0x00000007b2cff650,0x00000007b2d00000)
  to   space 185344K, 0% used [0x00000007a0080000,0x00000007a0080000,0x00000007ab580000)
 ParOldGen       total 292352K, used 291942K [0x00000006c0a00000, 0x00000006d2780000, 0x000000076ae00000)
  object space 292352K, 99% used [0x00000006c0a00000,0x00000006d27199b0,0x00000006d2780000)
 Metaspace       used 13900K, capacity 15252K, committed 15616K, reserved 1062912K
  class space    used 1673K, capacity 1921K, committed 2048K, reserved 1048576K
}
Event: 14.413 GC heap before
{Heap before GC invocations=20 (full 2):
 PSYoungGen      total 993280K, used 122365K [0x000000076ae00000, 0x00000007baa80000, 0x00000007c0000000)
  eden space 870912K, 0% used [0x000000076ae00000,0x000000076ae00000,0x00000007a0080000)
  from space 122368K, 99% used [0x00000007ab580000,0x00000007b2cff650,0x00000007b2d00000)
  to   space 185344K, 0% used [0x00000007a0080000,0x00000007a0080000,0x00000007ab580000)
 ParOldGen       total 292352K, used 291942K [0x00000006c0a00000, 0x00000006d2780000, 0x000000076ae00000)
  object space 292352K, 99% used [0x00000006c0a00000,0x00000006d27199b0,0x00000006d2780000)
 Metaspace       used 13900K, capacity 15252K, committed 15616K, reserved 1062912K
  class space    used 1673K, capacity 1921K, committed 2048K, reserved 1048576K
Event: 15.297 GC heap after
Heap after GC invocations=20 (full 2):
 PSYoungGen      total 993280K, used 102150K [0x000000076ae00000, 0x00000007baa80000, 0x00000007c0000000)
  eden space 870912K, 0% used [0x000000076ae00000,0x000000076ae00000,0x00000007a0080000)
  from space 122368K, 83% used [0x00000007ab580000,0x00000007b1941a68,0x00000007b2d00000)
  to   space 185344K, 0% used [0x00000007a0080000,0x00000007a0080000,0x00000007ab580000)
 ParOldGen       total 539648K, used 291928K [0x00000006c0a00000, 0x00000006e1900000, 0x000000076ae00000)
  object space 539648K, 54% used [0x00000006c0a00000,0x00000006d2716088,0x00000006e1900000)
 Metaspace       used 13900K, capacity 15252K, committed 15616K, reserved 1062912K
  class space    used 1673K, capacity 1921K, committed 2048K, reserved 1048576K
}

Deoptimization events (10 events):
Event: 19.009 Thread 0x00000000030b3800 Uncommon trap: reason=unhandled action=none pc=0x00000000042c0ae0 method=java.net.URLClassLoader.findClass(Ljava/lang/String;)Ljava/lang/Class; @ 44
Event: 19.015 Thread 0x00000000030b3800 Uncommon trap: reason=bimorphic action=maybe_recompile pc=0x000000000432e73c method=java.util.stream.ForEachOps$ForEachOp$OfRef.accept(Ljava/lang/Object;)V @ 5
Event: 19.015 Thread 0x00000000030b3800 Uncommon trap: reason=bimorphic action=maybe_recompile pc=0x000000000432e73c method=java.util.stream.ForEachOps$ForEachOp$OfRef.accept(Ljava/lang/Object;)V @ 5
Event: 19.015 Thread 0x00000000030b3800 Uncommon trap: reason=bimorphic action=maybe_recompile pc=0x000000000432e73c method=java.util.stream.ForEachOps$ForEachOp$OfRef.accept(Ljava/lang/Object;)V @ 5
Event: 19.015 Thread 0x00000000030b3800 Uncommon trap: reason=bimorphic action=maybe_recompile pc=0x000000000432e73c method=java.util.stream.ForEachOps$ForEachOp$OfRef.accept(Ljava/lang/Object;)V @ 5
Event: 19.016 Thread 0x00000000030b3800 Uncommon trap: reason=bimorphic action=maybe_recompile pc=0x000000000368378c method=java.util.stream.AbstractPipeline.copyInto(Ljava/util/stream/Sink;Ljava/util/Spliterator;)V @ 25
Event: 19.016 Thread 0x00000000030b3800 Uncommon trap: reason=unstable_if action=reinterpret pc=0x00000000040e46c8 method=java.util.TimSort.sort([Ljava/lang/Object;IILjava/util/Comparator;[Ljava/lang/Object;II)V @ 121
Event: 19.016 Thread 0x00000000030b3800 Uncommon trap: reason=class_check action=maybe_recompile pc=0x0000000003442d04 method=java.util.TimSort.binarySort([Ljava/lang/Object;IIILjava/util/Comparator;)V @ 93
Event: 19.017 Thread 0x00000000030b3800 Uncommon trap: reason=class_check action=maybe_recompile pc=0x0000000003442d04 method=java.util.TimSort.binarySort([Ljava/lang/Object;IIILjava/util/Comparator;)V @ 93
Event: 19.019 Thread 0x00000000030b3800 Uncommon trap: reason=unstable_if action=reinterpret pc=0x000000000353b9c8 method=java.util.ArrayList$Itr.next()Ljava/lang/Object; @ 17

Internal exceptions (10 events):
Event: 18.901 Thread 0x00000000030b3800 Exception <a 'sun/nio/fs/WindowsException'> (0x00000007929c6d48) thrown at [C:\re\workspace\8-2-build-windows-amd64-cygwin\jdk8u101\7261\hotspot\src\share\vm\prims\jni.cpp, line 709]
Event: 18.901 Thread 0x00000000030b3800 Exception <a 'sun/nio/fs/WindowsException'> (0x00000007929c7c50) thrown at [C:\re\workspace\8-2-build-windows-amd64-cygwin\jdk8u101\7261\hotspot\src\share\vm\prims\jni.cpp, line 709]
Event: 18.901 Thread 0x00000000030b3800 Exception <a 'sun/nio/fs/WindowsException'> (0x00000007929c9e78) thrown at [C:\re\workspace\8-2-build-windows-amd64-cygwin\jdk8u101\7261\hotspot\src\share\vm\prims\jni.cpp, line 709]
Event: 18.901 Thread 0x00000000030b3800 Exception <a 'sun/nio/fs/WindowsException'> (0x00000007929cadb8) thrown at [C:\re\workspace\8-2-build-windows-amd64-cygwin\jdk8u101\7261\hotspot\src\share\vm\prims\jni.cpp, line 709]
Event: 18.901 Thread 0x00000000030b3800 Exception <a 'sun/nio/fs/WindowsException'> (0x00000007929cc530) thrown at [C:\re\workspace\8-2-build-windows-amd64-cygwin\jdk8u101\7261\hotspot\src\share\vm\prims\jni.cpp, line 709]
Event: 18.901 Thread 0x00000000030b3800 Exception <a 'sun/nio/fs/WindowsException'> (0x00000007929cd3f8) thrown at [C:\re\workspace\8-2-build-windows-amd64-cygwin\jdk8u101\7261\hotspot\src\share\vm\prims\jni.cpp, line 709]
Event: 18.901 Thread 0x00000000030b3800 Exception <a 'sun/nio/fs/WindowsException'> (0x00000007929cf5e0) thrown at [C:\re\workspace\8-2-build-windows-amd64-cygwin\jdk8u101\7261\hotspot\src\share\vm\prims\jni.cpp, line 709]
Event: 18.902 Thread 0x00000000030b3800 Exception <a 'sun/nio/fs/WindowsException'> (0x00000007929d04d8) thrown at [C:\re\workspace\8-2-build-windows-amd64-cygwin\jdk8u101\7261\hotspot\src\share\vm\prims\jni.cpp, line 709]
Event: 18.902 Thread 0x00000000030b3800 Exception <a 'sun/nio/fs/WindowsException'> (0x00000007929d1c40) thrown at [C:\re\workspace\8-2-build-windows-amd64-cygwin\jdk8u101\7261\hotspot\src\share\vm\prims\jni.cpp, line 709]
Event: 18.902 Thread 0x00000000030b3800 Exception <a 'sun/nio/fs/WindowsException'> (0x00000007929d2ae0) thrown at [C:\re\workspace\8-2-build-windows-amd64-cygwin\jdk8u101\7261\hotspot\src\share\vm\prims\jni.cpp, line 709]

Events (10 events):
Event: 22111.846 Executing VM operation: RedefineClasses
Event: 22111.866 Executing VM operation: RedefineClasses done
Event: 22111.873 Executing VM operation: ChangeBreakpoints
Event: 22111.874 Executing VM operation: ChangeBreakpoints done
Event: 22159.754 Executing VM operation: RedefineClasses
Event: 22159.774 Executing VM operation: RedefineClasses done
Event: 22159.781 Executing VM operation: ChangeBreakpoints
Event: 22159.782 Executing VM operation: ChangeBreakpoints done
Event: 22289.305 Executing VM operation: RedefineClasses
Event: 22289.327 Executing VM operation: RedefineClasses done


Dynamic libraries:
0x00007ff644c60000 - 0x00007ff644c97000 	D:\Desenvolvimento\jdk1.8.0_101\bin\javaw.exe
0x00007ffb5ab30000 - 0x00007ffb5ad1d000 	C:\Windows\SYSTEM32\ntdll.dll
0x00007ffb58300000 - 0x00007ffb583b3000 	C:\Windows\System32\KERNEL32.DLL
0x00007ffb57450000 - 0x00007ffb576e3000 	C:\Windows\System32\KERNELBASE.dll
0x00007ffb57ec0000 - 0x00007ffb57f63000 	C:\Windows\System32\ADVAPI32.dll
0x00007ffb59040000 - 0x00007ffb590de000 	C:\Windows\System32\msvcrt.dll
0x00007ffb5a7d0000 - 0x00007ffb5a86e000 	C:\Windows\System32\sechost.dll
0x00007ffb57d60000 - 0x00007ffb57e82000 	C:\Windows\System32\RPCRT4.dll
0x00007ffb5a630000 - 0x00007ffb5a7c7000 	C:\Windows\System32\USER32.dll
0x00007ffb57400000 - 0x00007ffb57420000 	C:\Windows\System32\win32u.dll
0x00007ffb582d0000 - 0x00007ffb582f9000 	C:\Windows\System32\GDI32.dll
0x00007ffb57890000 - 0x00007ffb57a29000 	C:\Windows\System32\gdi32full.dll
0x00007ffb576f0000 - 0x00007ffb57790000 	C:\Windows\System32\msvcp_win.dll
0x00007ffb57790000 - 0x00007ffb5788a000 	C:\Windows\System32\ucrtbase.dll
0x00007ffb3dcf0000 - 0x00007ffb3df69000 	C:\Windows\WinSxS\amd64_microsoft.windows.common-controls_6595b64144ccf1df_6.0.17763.615_none_05b4414a072024d4\COMCTL32.dll
0x00007ffb58be0000 - 0x00007ffb58f0c000 	C:\Windows\System32\combase.dll
0x00007ffb57c70000 - 0x00007ffb57cee000 	C:\Windows\System32\bcryptPrimitives.dll
0x00007ffb5aad0000 - 0x00007ffb5aafe000 	C:\Windows\System32\IMM32.DLL
0x00000000544d0000 - 0x00000000545a2000 	D:\Desenvolvimento\jdk1.8.0_101\jre\bin\msvcr100.dll
0x0000000053c30000 - 0x00000000544ca000 	D:\Desenvolvimento\jdk1.8.0_101\jre\bin\server\jvm.dll
0x00007ffb58bd0000 - 0x00007ffb58bd8000 	C:\Windows\System32\PSAPI.DLL
0x00007ffb27800000 - 0x00007ffb27809000 	C:\Windows\SYSTEM32\WSOCK32.dll
0x00007ffb44c10000 - 0x00007ffb44c34000 	C:\Windows\SYSTEM32\WINMM.dll
0x00007ffb530c0000 - 0x00007ffb530ca000 	C:\Windows\SYSTEM32\VERSION.dll
0x00007ffb58260000 - 0x00007ffb582cd000 	C:\Windows\System32\WS2_32.dll
0x00007ffb44be0000 - 0x00007ffb44c0d000 	C:\Windows\SYSTEM32\WINMMBASE.dll
0x00007ffb57cf0000 - 0x00007ffb57d3a000 	C:\Windows\System32\cfgmgr32.dll
0x0000000053c20000 - 0x0000000053c2f000 	D:\Desenvolvimento\jdk1.8.0_101\jre\bin\verify.dll
0x0000000053bf0000 - 0x0000000053c19000 	D:\Desenvolvimento\jdk1.8.0_101\jre\bin\java.dll
0x0000000053ab0000 - 0x0000000053ae5000 	D:\Desenvolvimento\jdk1.8.0_101\jre\bin\jdwp.dll
0x0000000053aa0000 - 0x0000000053aa8000 	D:\Desenvolvimento\jdk1.8.0_101\jre\bin\npt.dll
0x0000000053bd0000 - 0x0000000053be6000 	D:\Desenvolvimento\jdk1.8.0_101\jre\bin\zip.dll
0x00007ffb590e0000 - 0x00007ffb5a5d0000 	C:\Windows\System32\SHELL32.dll
0x00007ffb5a870000 - 0x00007ffb5a918000 	C:\Windows\System32\shcore.dll
0x00007ffb56c00000 - 0x00007ffb5734a000 	C:\Windows\System32\windows.storage.dll
0x00007ffb56bd0000 - 0x00007ffb56bf4000 	C:\Windows\System32\profapi.dll
0x00007ffb56b30000 - 0x00007ffb56b8d000 	C:\Windows\System32\powrprof.dll
0x00007ffb5a5d0000 - 0x00007ffb5a622000 	C:\Windows\System32\shlwapi.dll
0x00007ffb56b90000 - 0x00007ffb56ba1000 	C:\Windows\System32\kernel.appcore.dll
0x00007ffb57d40000 - 0x00007ffb57d57000 	C:\Windows\System32\cryptsp.dll
0x0000000053a90000 - 0x0000000053a99000 	D:\Desenvolvimento\jdk1.8.0_101\jre\bin\dt_socket.dll
0x00007ffb32900000 - 0x00007ffb32916000 	C:\Windows\system32\napinsp.dll
0x00007ffb328e0000 - 0x00007ffb328fa000 	C:\Windows\system32\pnrpnsp.dll
0x00007ffb563a0000 - 0x00007ffb56407000 	C:\Windows\System32\mswsock.dll
0x00007ffb56140000 - 0x00007ffb56206000 	C:\Windows\SYSTEM32\DNSAPI.dll
0x00007ffb57eb0000 - 0x00007ffb57eb8000 	C:\Windows\System32\NSI.dll
0x00007ffb56100000 - 0x00007ffb5613d000 	C:\Windows\SYSTEM32\IPHLPAPI.DLL
0x00007ffb33b00000 - 0x00007ffb33b0e000 	C:\Windows\System32\winrnr.dll
0x00007ffb52c60000 - 0x00007ffb52c7b000 	C:\Windows\system32\NLAapi.dll
0x00007ffb327c0000 - 0x00007ffb327d5000 	C:\Windows\system32\wshbth.dll
0x00007ffb51930000 - 0x00007ffb519a9000 	C:\Windows\System32\fwpuclnt.dll
0x00007ffb57420000 - 0x00007ffb57446000 	C:\Windows\System32\bcrypt.dll
0x00007ffb50590000 - 0x00007ffb5059a000 	C:\Windows\System32\rasadhlp.dll
0x0000000053bb0000 - 0x0000000053bca000 	D:\Desenvolvimento\jdk1.8.0_101\jre\bin\net.dll
0x0000000053b90000 - 0x0000000053ba1000 	D:\Desenvolvimento\jdk1.8.0_101\jre\bin\nio.dll
0x00007ffb55f60000 - 0x00007ffb55f93000 	C:\Windows\system32\rsaenh.dll
0x00007ffb56a60000 - 0x00007ffb56a88000 	C:\Windows\SYSTEM32\USERENV.dll
0x00007ffb56570000 - 0x00007ffb5657c000 	C:\Windows\SYSTEM32\CRYPTBASE.dll
0x00007ffb52a90000 - 0x00007ffb52aa6000 	C:\Windows\SYSTEM32\dhcpcsvc6.DLL
0x00007ffb52940000 - 0x00007ffb5295c000 	C:\Windows\SYSTEM32\dhcpcsvc.DLL
0x00007ffb50fc0000 - 0x00007ffb511ad000 	C:\Windows\SYSTEM32\dbghelp.dll

VM Arguments:
jvm_args: -agentlib:jdwp=transport=dt_socket,suspend=y,address=localhost:52423 -XX:+HeapDumpOnOutOfMemoryError -Dfile.encoding=Cp1252 
java_command: ufrn.dimap.lets.ehmetrics.Main
java_class_path (initial): D:\git\EHExtractor\EHExtractor\target\classes;C:\Users\Hugo Melo\.m2\repository\javax\validation\validation-api\1.1.0.Final\validation-api-1.1.0.Final.jar;C:\Users\Hugo Melo\.m2\repository\org\apache\maven\shared\maven-invoker\2.2\maven-invoker-2.2.jar;C:\Users\Hugo Melo\.m2\repository\org\codehaus\plexus\plexus-utils\3.0.20\plexus-utils-3.0.20.jar;C:\Users\Hugo Melo\.m2\repository\org\codehaus\plexus\plexus-component-annotations\1.6\plexus-component-annotations-1.6.jar;C:\Users\Hugo Melo\.m2\repository\org\gradle\gradle-tooling-api\4.0.1\gradle-tooling-api-4.0.1.jar;C:\Users\Hugo Melo\.m2\repository\com\google\code\gson\gson\2.8.1\gson-2.8.1.jar;C:\Users\Hugo Melo\.m2\repository\org\kohsuke\github-api\1.86\github-api-1.86.jar;C:\Users\Hugo Melo\.m2\repository\commons-lang\commons-lang\2.6\commons-lang-2.6.jar;C:\Users\Hugo Melo\.m2\repository\commons-codec\commons-codec\1.7\commons-codec-1.7.jar;C:\Users\Hugo Melo\.m2\repository\com\fasterxml\jackson\core\jackson-databind\2.2.3\jackson-databind-2.2.3.jar;C:\Users\Hugo Melo\.m2\repository\com\fasterxml\jackson\core\jackson-annotations\2.2.3\jackson-annotations-2.2.3.jar;C:\Users\Hugo Melo\.m2\repository\com\fasterxml\jackson\core\jackson-core\2.2.3\jackson-core-2.2.3.jar;C:\Users\Hugo Melo\.m2\repository\commons-io\commons-io\1.4\commons-io-1.4.jar;C:\Users\Hugo Melo\.m2\repository\com\infradna\tool\bridge-method-annotation\1.14\bridge-method-annotation-1.14.jar;C:\Users\Hugo Melo\.m2\repository\org\jenkins-ci\annotation-indexer\1.4\annotation-indexer-1.4.jar;C:\Users\Hugo Melo\.m2\repository\com\jcabi\jcabi-github\0.23\jcabi-github-0.23.jar;C:\Users\Hugo Melo\.m2\repository\com\jcabi\jcabi-aspects\0.20.1\jcabi-aspects-0.20.1.jar;C:\Users\Hugo Melo\.m2\repository\com\jcabi\jcabi-log\0.16\jcabi-log-0.16.jar;C:\Users\Hugo Melo\.m2\repository\org\aspectj\aspectjrt\1.8.4\aspectjrt-1.8.4.jar;C:\Users\Hugo Melo\.m2\repository\com\jcabi\jcabi-immutable\1.3\jcabi-immutable-1.3.jar;C:\Users\Hugo 
Launcher Type: SUN_STANDARD

Environment Variables:
JAVA_HOME=D:\Desenvolvimento\jdk1.8.0_101
PATH=D:\Desenvolvimento\jdk1.8.0_101\jre\bin;C:\Windows\system32;C:\Windows;C:\Windows\System32\Wbem;C:\Windows\System32\WindowsPowerShell\v1.0\;C:\Windows\System32\OpenSSH\;C:\Program Files\NVIDIA Corporation\NVIDIA NvDLISR;C:\Program Files (x86)\NVIDIA Corporation\PhysX\Common;C:\Users\Hugo Melo\AppData\Local\Microsoft\WindowsApps;D:\Arquivos de Programas\apache-maven-3.5.0\bin;
USERNAME=Hugo Melo
OS=Windows_NT
PROCESSOR_IDENTIFIER=Intel64 Family 6 Model 158 Stepping 9, GenuineIntel



---------------  S Y S T E M  ---------------

OS: Windows 10.0 , 64 bit Build 17763 (10.0.17763.475)

CPU:total 4 (4 cores per cpu, 1 threads per core) family 6 model 158 stepping 9, cmov, cx8, fxsr, mmx, sse, sse2, sse3, ssse3, sse4.1, sse4.2, popcnt, avx, avx2, aes, clmul, erms, rtm, 3dnowpref, lzcnt, tsc, tscinvbit, bmi1, bmi2, adx

Memory: 4k page, physical 16736208k(7542648k free), swap 19226576k(4656672k free)

vm_info: Java HotSpot(TM) 64-Bit Server VM (25.101-b13) for windows-amd64 JRE (1.8.0_101-b13), built on Jun 22 2016 01:21:29 by "java_re" with MS VC++ 10.0 (VS2010)

time: Mon Jul 15 08:17:47 2019
elapsed time: 22289 seconds (0d 6h 11m 29s)

