31/10/2019 22:07:44 ufrn.dimap.lets.ehmetrics.projectresolver.JavaProject#resolveArtifacts - INFO: [286502] arthurgregorio-web-budget files...
-- Java files
D:\Desenvolvimento\Projetos Github\A executar\[286502] arthurgregorio-web-budget\src\main\java\br\com\webbudget\application\controller\AuthenticationBean.java
D:\Desenvolvimento\Projetos Github\A executar\[286502] arthurgregorio-web-budget\src\main\java\br\com\webbudget\application\controller\DashboardBean.java
D:\Desenvolvimento\Projetos Github\A executar\[286502] arthurgregorio-web-budget\src\main\java\br\com\webbudget\application\controller\RecoverPasswordBean.java
D:\Desenvolvimento\Projetos Github\A executar\[286502] arthurgregorio-web-budget\src\main\java\br\com\webbudget\application\controller\UserSessionBean.java
D:\Desenvolvimento\Projetos Github\A executar\[286502] arthurgregorio-web-budget\src\main\java\br\com\webbudget\application\controller\UtilsBean.java
D:\Desenvolvimento\Projetos Github\A executar\[286502] arthurgregorio-web-budget\src\main\java\br\com\webbudget\domain\calculators\CostCenterTotalCalculator.java
D:\Desenvolvimento\Projetos Github\A executar\[286502] arthurgregorio-web-budget\src\main\java\br\com\webbudget\domain\calculators\PeriodMovementCalculator.java
D:\Desenvolvimento\Projetos Github\A executar\[286502] arthurgregorio-web-budget\src\main\java\br\com\webbudget\domain\calculators\PeriodResultCalculator.java
D:\Desenvolvimento\Projetos Github\A executar\[286502] arthurgregorio-web-budget\src\main\java\br\com\webbudget\domain\calculators\PeriodResumeCalculator.java
D:\Desenvolvimento\Projetos Github\A executar\[286502] arthurgregorio-web-budget\src\main\java\br\com\webbudget\domain\entities\ImmutableEntity.java
D:\Desenvolvimento\Projetos Github\A executar\[286502] arthurgregorio-web-budget\src\main\java\br\com\webbudget\domain\entities\IPersistentEntity.java
D:\Desenvolvimento\Projetos Github\A executar\[286502] arthurgregorio-web-budget\src\main\java\br\com\webbudget\domain\entities\PersistentEntity.java
D:\Desenvolvimento\Projetos Github\A executar\[286502] arthurgregorio-web-budget\src\main\java\br\com\webbudget\domain\entities\Revision.java
D:\Desenvolvimento\Projetos Github\A executar\[286502] arthurgregorio-web-budget\src\main\java\br\com\webbudget\domain\entities\RevisionListener.java
D:\Desenvolvimento\Projetos Github\A executar\[286502] arthurgregorio-web-budget\src\main\java\br\com\webbudget\domain\events\CardCreated.java
D:\Desenvolvimento\Projetos Github\A executar\[286502] arthurgregorio-web-budget\src\main\java\br\com\webbudget\domain\events\CreatePeriodMovement.java
D:\Desenvolvimento\Projetos Github\A executar\[286502] arthurgregorio-web-budget\src\main\java\br\com\webbudget\domain\events\DeletePeriodMovement.java
D:\Desenvolvimento\Projetos Github\A executar\[286502] arthurgregorio-web-budget\src\main\java\br\com\webbudget\domain\events\FinancialPeriodOpened.java
D:\Desenvolvimento\Projetos Github\A executar\[286502] arthurgregorio-web-budget\src\main\java\br\com\webbudget\domain\events\PeriodMovementDeleted.java
D:\Desenvolvimento\Projetos Github\A executar\[286502] arthurgregorio-web-budget\src\main\java\br\com\webbudget\domain\events\PeriodMovementPaid.java
D:\Desenvolvimento\Projetos Github\A executar\[286502] arthurgregorio-web-budget\src\main\java\br\com\webbudget\domain\events\PeriodMovementUpdated.java
D:\Desenvolvimento\Projetos Github\A executar\[286502] arthurgregorio-web-budget\src\main\java\br\com\webbudget\domain\events\UpdateWalletBalance.java
D:\Desenvolvimento\Projetos Github\A executar\[286502] arthurgregorio-web-budget\src\main\java\br\com\webbudget\domain\exceptions\BusinessLogicException.java
D:\Desenvolvimento\Projetos Github\A executar\[286502] arthurgregorio-web-budget\src\main\java\br\com\webbudget\domain\logics\BusinessLogic.java
D:\Desenvolvimento\Projetos Github\A executar\[286502] arthurgregorio-web-budget\src\main\java\br\com\webbudget\domain\repositories\DefaultRepository.java
D:\Desenvolvimento\Projetos Github\A executar\[286502] arthurgregorio-web-budget\src\main\java\br\com\webbudget\domain\repositories\LazyDefaultRepository.java
D:\Desenvolvimento\Projetos Github\A executar\[286502] arthurgregorio-web-budget\src\main\java\br\com\webbudget\domain\schedules\FinancialPeriodExpiredTask.java
D:\Desenvolvimento\Projetos Github\A executar\[286502] arthurgregorio-web-budget\src\main\java\br\com\webbudget\domain\services\ClosingService.java
D:\Desenvolvimento\Projetos Github\A executar\[286502] arthurgregorio-web-budget\src\main\java\br\com\webbudget\domain\services\ContactService.java
D:\Desenvolvimento\Projetos Github\A executar\[286502] arthurgregorio-web-budget\src\main\java\br\com\webbudget\domain\services\CreditCardInvoiceService.java
D:\Desenvolvimento\Projetos Github\A executar\[286502] arthurgregorio-web-budget\src\main\java\br\com\webbudget\domain\services\FinancialPeriodService.java
D:\Desenvolvimento\Projetos Github\A executar\[286502] arthurgregorio-web-budget\src\main\java\br\com\webbudget\domain\services\FixedMovementService.java
D:\Desenvolvimento\Projetos Github\A executar\[286502] arthurgregorio-web-budget\src\main\java\br\com\webbudget\domain\services\PaymentService.java
D:\Desenvolvimento\Projetos Github\A executar\[286502] arthurgregorio-web-budget\src\main\java\br\com\webbudget\domain\services\PeriodMovementService.java
D:\Desenvolvimento\Projetos Github\A executar\[286502] arthurgregorio-web-budget\src\main\java\br\com\webbudget\domain\services\RecoverPasswordService.java
D:\Desenvolvimento\Projetos Github\A executar\[286502] arthurgregorio-web-budget\src\main\java\br\com\webbudget\domain\services\RefuelingService.java
D:\Desenvolvimento\Projetos Github\A executar\[286502] arthurgregorio-web-budget\src\main\java\br\com\webbudget\domain\services\TransferenceService.java
D:\Desenvolvimento\Projetos Github\A executar\[286502] arthurgregorio-web-budget\src\main\java\br\com\webbudget\domain\services\UserAccountService.java
D:\Desenvolvimento\Projetos Github\A executar\[286502] arthurgregorio-web-budget\src\main\java\br\com\webbudget\domain\services\WalletService.java
D:\Desenvolvimento\Projetos Github\A executar\[286502] arthurgregorio-web-budget\src\main\java\br\com\webbudget\infrastructure\cdi\EntityManagerProducer.java
D:\Desenvolvimento\Projetos Github\A executar\[286502] arthurgregorio-web-budget\src\main\java\br\com\webbudget\infrastructure\cdi\FeignClientProducer.java
D:\Desenvolvimento\Projetos Github\A executar\[286502] arthurgregorio-web-budget\src\main\java\br\com\webbudget\infrastructure\cdi\LoggerProducer.java
D:\Desenvolvimento\Projetos Github\A executar\[286502] arthurgregorio-web-budget\src\main\java\br\com\webbudget\infrastructure\feign\FeignClientFactory.java
D:\Desenvolvimento\Projetos Github\A executar\[286502] arthurgregorio-web-budget\src\main\java\br\com\webbudget\infrastructure\feign\ProvinceDeserializer.java
D:\Desenvolvimento\Projetos Github\A executar\[286502] arthurgregorio-web-budget\src\main\java\br\com\webbudget\infrastructure\initializer\ApplicationInitializer.java
D:\Desenvolvimento\Projetos Github\A executar\[286502] arthurgregorio-web-budget\src\main\java\br\com\webbudget\infrastructure\initializer\InitializationTask.java
D:\Desenvolvimento\Projetos Github\A executar\[286502] arthurgregorio-web-budget\src\main\java\br\com\webbudget\infrastructure\initializer\TransactionalInitializationTask.java
D:\Desenvolvimento\Projetos Github\A executar\[286502] arthurgregorio-web-budget\src\main\java\br\com\webbudget\infrastructure\jpa\ColorConverter.java
D:\Desenvolvimento\Projetos Github\A executar\[286502] arthurgregorio-web-budget\src\main\java\br\com\webbudget\infrastructure\jsf\FacesActivator.java
D:\Desenvolvimento\Projetos Github\A executar\[286502] arthurgregorio-web-budget\src\main\java\br\com\webbudget\infrastructure\jsf\FacesUtils.java
D:\Desenvolvimento\Projetos Github\A executar\[286502] arthurgregorio-web-budget\src\main\java\br\com\webbudget\infrastructure\mail\MailContentProvider.java
D:\Desenvolvimento\Projetos Github\A executar\[286502] arthurgregorio-web-budget\src\main\java\br\com\webbudget\infrastructure\mail\MailMessage.java
D:\Desenvolvimento\Projetos Github\A executar\[286502] arthurgregorio-web-budget\src\main\java\br\com\webbudget\infrastructure\mail\MustacheProvider.java
D:\Desenvolvimento\Projetos Github\A executar\[286502] arthurgregorio-web-budget\src\main\java\br\com\webbudget\infrastructure\mail\Postman.java
D:\Desenvolvimento\Projetos Github\A executar\[286502] arthurgregorio-web-budget\src\main\java\br\com\webbudget\infrastructure\mail\SimpleMailMessage.java
D:\Desenvolvimento\Projetos Github\A executar\[286502] arthurgregorio-web-budget\src\main\java\br\com\webbudget\infrastructure\shiro\PathSecurityConfiguration.java
D:\Desenvolvimento\Projetos Github\A executar\[286502] arthurgregorio-web-budget\src\main\java\br\com\webbudget\infrastructure\shiro\SecurityRealmConfiguration.java
D:\Desenvolvimento\Projetos Github\A executar\[286502] arthurgregorio-web-budget\src\main\java\br\com\webbudget\infrastructure\utils\Configurations.java
D:\Desenvolvimento\Projetos Github\A executar\[286502] arthurgregorio-web-budget\src\main\java\br\com\webbudget\infrastructure\utils\DefaultSchemes.java
D:\Desenvolvimento\Projetos Github\A executar\[286502] arthurgregorio-web-budget\src\main\java\br\com\webbudget\infrastructure\utils\JsonUtils.java
D:\Desenvolvimento\Projetos Github\A executar\[286502] arthurgregorio-web-budget\src\main\java\br\com\webbudget\infrastructure\utils\MessageSource.java
D:\Desenvolvimento\Projetos Github\A executar\[286502] arthurgregorio-web-budget\src\main\java\br\com\webbudget\infrastructure\utils\RandomCode.java
D:\Desenvolvimento\Projetos Github\A executar\[286502] arthurgregorio-web-budget\src\main\java\br\com\webbudget\infrastructure\utils\Utilities.java
D:\Desenvolvimento\Projetos Github\A executar\[286502] arthurgregorio-web-budget\src\main\java\br\com\webbudget\application\components\builder\AbstractBuilder.java
D:\Desenvolvimento\Projetos Github\A executar\[286502] arthurgregorio-web-budget\src\main\java\br\com\webbudget\application\components\builder\CreditCardInvoiceBuilder.java
D:\Desenvolvimento\Projetos Github\A executar\[286502] arthurgregorio-web-budget\src\main\java\br\com\webbudget\application\components\builder\PeriodMovementBuilder.java
D:\Desenvolvimento\Projetos Github\A executar\[286502] arthurgregorio-web-budget\src\main\java\br\com\webbudget\application\components\builder\WalletBalanceBuilder.java
D:\Desenvolvimento\Projetos Github\A executar\[286502] arthurgregorio-web-budget\src\main\java\br\com\webbudget\application\components\dto\Color.java
D:\Desenvolvimento\Projetos Github\A executar\[286502] arthurgregorio-web-budget\src\main\java\br\com\webbudget\application\components\dto\CreditCardInvoiceResume.java
D:\Desenvolvimento\Projetos Github\A executar\[286502] arthurgregorio-web-budget\src\main\java\br\com\webbudget\application\components\dto\PaymentWrapper.java
D:\Desenvolvimento\Projetos Github\A executar\[286502] arthurgregorio-web-budget\src\main\java\br\com\webbudget\application\components\dto\PeriodMovementResume.java
D:\Desenvolvimento\Projetos Github\A executar\[286502] arthurgregorio-web-budget\src\main\java\br\com\webbudget\application\components\ui\AbstractBean.java
D:\Desenvolvimento\Projetos Github\A executar\[286502] arthurgregorio-web-budget\src\main\java\br\com\webbudget\application\components\ui\FormBean.java
D:\Desenvolvimento\Projetos Github\A executar\[286502] arthurgregorio-web-budget\src\main\java\br\com\webbudget\application\components\ui\LazyFormBean.java
D:\Desenvolvimento\Projetos Github\A executar\[286502] arthurgregorio-web-budget\src\main\java\br\com\webbudget\application\components\ui\NavigationManager.java
D:\Desenvolvimento\Projetos Github\A executar\[286502] arthurgregorio-web-budget\src\main\java\br\com\webbudget\application\components\ui\ViewState.java
D:\Desenvolvimento\Projetos Github\A executar\[286502] arthurgregorio-web-budget\src\main\java\br\com\webbudget\application\controller\configuration\ConfigurationBean.java
D:\Desenvolvimento\Projetos Github\A executar\[286502] arthurgregorio-web-budget\src\main\java\br\com\webbudget\application\controller\configuration\GroupBean.java
D:\Desenvolvimento\Projetos Github\A executar\[286502] arthurgregorio-web-budget\src\main\java\br\com\webbudget\application\controller\configuration\ProfileBean.java
D:\Desenvolvimento\Projetos Github\A executar\[286502] arthurgregorio-web-budget\src\main\java\br\com\webbudget\application\controller\configuration\UserBean.java
D:\Desenvolvimento\Projetos Github\A executar\[286502] arthurgregorio-web-budget\src\main\java\br\com\webbudget\application\controller\financial\ClosingBean.java
D:\Desenvolvimento\Projetos Github\A executar\[286502] arthurgregorio-web-budget\src\main\java\br\com\webbudget\application\controller\financial\CreditCardInvoiceBean.java
D:\Desenvolvimento\Projetos Github\A executar\[286502] arthurgregorio-web-budget\src\main\java\br\com\webbudget\application\controller\financial\FixedMovementBean.java
D:\Desenvolvimento\Projetos Github\A executar\[286502] arthurgregorio-web-budget\src\main\java\br\com\webbudget\application\controller\financial\PaymentBean.java
D:\Desenvolvimento\Projetos Github\A executar\[286502] arthurgregorio-web-budget\src\main\java\br\com\webbudget\application\controller\financial\PeriodMovementBean.java
D:\Desenvolvimento\Projetos Github\A executar\[286502] arthurgregorio-web-budget\src\main\java\br\com\webbudget\application\controller\financial\TransferenceBean.java
D:\Desenvolvimento\Projetos Github\A executar\[286502] arthurgregorio-web-budget\src\main\java\br\com\webbudget\application\controller\financial\TransferenceHistoricBean.java
D:\Desenvolvimento\Projetos Github\A executar\[286502] arthurgregorio-web-budget\src\main\java\br\com\webbudget\application\controller\journal\EntryBean.java
D:\Desenvolvimento\Projetos Github\A executar\[286502] arthurgregorio-web-budget\src\main\java\br\com\webbudget\application\controller\journal\RefuelingBean.java
D:\Desenvolvimento\Projetos Github\A executar\[286502] arthurgregorio-web-budget\src\main\java\br\com\webbudget\application\controller\registration\BalanceAdjustmentBean.java
D:\Desenvolvimento\Projetos Github\A executar\[286502] arthurgregorio-web-budget\src\main\java\br\com\webbudget\application\controller\registration\BalanceHistoricBean.java
D:\Desenvolvimento\Projetos Github\A executar\[286502] arthurgregorio-web-budget\src\main\java\br\com\webbudget\application\controller\registration\CardBean.java
D:\Desenvolvimento\Projetos Github\A executar\[286502] arthurgregorio-web-budget\src\main\java\br\com\webbudget\application\controller\registration\CardStatisticsBean.java
D:\Desenvolvimento\Projetos Github\A executar\[286502] arthurgregorio-web-budget\src\main\java\br\com\webbudget\application\controller\registration\ContactBean.java
D:\Desenvolvimento\Projetos Github\A executar\[286502] arthurgregorio-web-budget\src\main\java\br\com\webbudget\application\controller\registration\CostCenterBean.java
D:\Desenvolvimento\Projetos Github\A executar\[286502] arthurgregorio-web-budget\src\main\java\br\com\webbudget\application\controller\registration\FinancialPeriodBean.java
D:\Desenvolvimento\Projetos Github\A executar\[286502] arthurgregorio-web-budget\src\main\java\br\com\webbudget\application\controller\registration\MovementClassBean.java
D:\Desenvolvimento\Projetos Github\A executar\[286502] arthurgregorio-web-budget\src\main\java\br\com\webbudget\application\controller\registration\PeriodStatisticsBean.java
D:\Desenvolvimento\Projetos Github\A executar\[286502] arthurgregorio-web-budget\src\main\java\br\com\webbudget\application\controller\registration\VehicleBean.java
D:\Desenvolvimento\Projetos Github\A executar\[286502] arthurgregorio-web-budget\src\main\java\br\com\webbudget\application\controller\registration\WalletBean.java
D:\Desenvolvimento\Projetos Github\A executar\[286502] arthurgregorio-web-budget\src\main\java\br\com\webbudget\application\validator\apportionment\ApportionmentValidator.java
D:\Desenvolvimento\Projetos Github\A executar\[286502] arthurgregorio-web-budget\src\main\java\br\com\webbudget\application\validator\apportionment\DirectionValidator.java
D:\Desenvolvimento\Projetos Github\A executar\[286502] arthurgregorio-web-budget\src\main\java\br\com\webbudget\application\validator\apportionment\DuplicatesValidator.java
D:\Desenvolvimento\Projetos Github\A executar\[286502] arthurgregorio-web-budget\src\main\java\br\com\webbudget\application\validator\apportionment\ValueValidator.java
D:\Desenvolvimento\Projetos Github\A executar\[286502] arthurgregorio-web-budget\src\main\java\br\com\webbudget\domain\entities\configuration\Authorization.java
D:\Desenvolvimento\Projetos Github\A executar\[286502] arthurgregorio-web-budget\src\main\java\br\com\webbudget\domain\entities\configuration\Configuration.java
D:\Desenvolvimento\Projetos Github\A executar\[286502] arthurgregorio-web-budget\src\main\java\br\com\webbudget\domain\entities\configuration\Grant.java
D:\Desenvolvimento\Projetos Github\A executar\[286502] arthurgregorio-web-budget\src\main\java\br\com\webbudget\domain\entities\configuration\Group.java
D:\Desenvolvimento\Projetos Github\A executar\[286502] arthurgregorio-web-budget\src\main\java\br\com\webbudget\domain\entities\configuration\Permissions.java
D:\Desenvolvimento\Projetos Github\A executar\[286502] arthurgregorio-web-budget\src\main\java\br\com\webbudget\domain\entities\configuration\Profile.java
D:\Desenvolvimento\Projetos Github\A executar\[286502] arthurgregorio-web-budget\src\main\java\br\com\webbudget\domain\entities\configuration\StoreType.java
D:\Desenvolvimento\Projetos Github\A executar\[286502] arthurgregorio-web-budget\src\main\java\br\com\webbudget\domain\entities\configuration\ThemeType.java
D:\Desenvolvimento\Projetos Github\A executar\[286502] arthurgregorio-web-budget\src\main\java\br\com\webbudget\domain\entities\configuration\User.java
D:\Desenvolvimento\Projetos Github\A executar\[286502] arthurgregorio-web-budget\src\main\java\br\com\webbudget\domain\entities\financial\Apportionment.java
D:\Desenvolvimento\Projetos Github\A executar\[286502] arthurgregorio-web-budget\src\main\java\br\com\webbudget\domain\entities\financial\BalanceType.java
D:\Desenvolvimento\Projetos Github\A executar\[286502] arthurgregorio-web-budget\src\main\java\br\com\webbudget\domain\entities\financial\Closing.java
D:\Desenvolvimento\Projetos Github\A executar\[286502] arthurgregorio-web-budget\src\main\java\br\com\webbudget\domain\entities\financial\CreditCardInvoice.java
D:\Desenvolvimento\Projetos Github\A executar\[286502] arthurgregorio-web-budget\src\main\java\br\com\webbudget\domain\entities\financial\FixedMovement.java
D:\Desenvolvimento\Projetos Github\A executar\[286502] arthurgregorio-web-budget\src\main\java\br\com\webbudget\domain\entities\financial\FixedMovementState.java
D:\Desenvolvimento\Projetos Github\A executar\[286502] arthurgregorio-web-budget\src\main\java\br\com\webbudget\domain\entities\financial\InvoiceState.java
D:\Desenvolvimento\Projetos Github\A executar\[286502] arthurgregorio-web-budget\src\main\java\br\com\webbudget\domain\entities\financial\Launch.java
D:\Desenvolvimento\Projetos Github\A executar\[286502] arthurgregorio-web-budget\src\main\java\br\com\webbudget\domain\entities\financial\Movement.java
D:\Desenvolvimento\Projetos Github\A executar\[286502] arthurgregorio-web-budget\src\main\java\br\com\webbudget\domain\entities\financial\Payment.java
D:\Desenvolvimento\Projetos Github\A executar\[286502] arthurgregorio-web-budget\src\main\java\br\com\webbudget\domain\entities\financial\PaymentMethod.java
D:\Desenvolvimento\Projetos Github\A executar\[286502] arthurgregorio-web-budget\src\main\java\br\com\webbudget\domain\entities\financial\PeriodMovement.java
D:\Desenvolvimento\Projetos Github\A executar\[286502] arthurgregorio-web-budget\src\main\java\br\com\webbudget\domain\entities\financial\PeriodMovementState.java
D:\Desenvolvimento\Projetos Github\A executar\[286502] arthurgregorio-web-budget\src\main\java\br\com\webbudget\domain\entities\financial\PeriodMovementType.java
D:\Desenvolvimento\Projetos Github\A executar\[286502] arthurgregorio-web-budget\src\main\java\br\com\webbudget\domain\entities\financial\ReasonType.java
D:\Desenvolvimento\Projetos Github\A executar\[286502] arthurgregorio-web-budget\src\main\java\br\com\webbudget\domain\entities\financial\Transference.java
D:\Desenvolvimento\Projetos Github\A executar\[286502] arthurgregorio-web-budget\src\main\java\br\com\webbudget\domain\entities\financial\WalletBalance.java
D:\Desenvolvimento\Projetos Github\A executar\[286502] arthurgregorio-web-budget\src\main\java\br\com\webbudget\domain\entities\journal\Fuel.java
D:\Desenvolvimento\Projetos Github\A executar\[286502] arthurgregorio-web-budget\src\main\java\br\com\webbudget\domain\entities\journal\FuelType.java
D:\Desenvolvimento\Projetos Github\A executar\[286502] arthurgregorio-web-budget\src\main\java\br\com\webbudget\domain\entities\journal\Refueling.java
D:\Desenvolvimento\Projetos Github\A executar\[286502] arthurgregorio-web-budget\src\main\java\br\com\webbudget\domain\entities\registration\Address.java
D:\Desenvolvimento\Projetos Github\A executar\[286502] arthurgregorio-web-budget\src\main\java\br\com\webbudget\domain\entities\registration\Card.java
D:\Desenvolvimento\Projetos Github\A executar\[286502] arthurgregorio-web-budget\src\main\java\br\com\webbudget\domain\entities\registration\CardType.java
D:\Desenvolvimento\Projetos Github\A executar\[286502] arthurgregorio-web-budget\src\main\java\br\com\webbudget\domain\entities\registration\Contact.java
D:\Desenvolvimento\Projetos Github\A executar\[286502] arthurgregorio-web-budget\src\main\java\br\com\webbudget\domain\entities\registration\ContactType.java
D:\Desenvolvimento\Projetos Github\A executar\[286502] arthurgregorio-web-budget\src\main\java\br\com\webbudget\domain\entities\registration\CostCenter.java
D:\Desenvolvimento\Projetos Github\A executar\[286502] arthurgregorio-web-budget\src\main\java\br\com\webbudget\domain\entities\registration\FinancialPeriod.java
D:\Desenvolvimento\Projetos Github\A executar\[286502] arthurgregorio-web-budget\src\main\java\br\com\webbudget\domain\entities\registration\MovementClass.java
D:\Desenvolvimento\Projetos Github\A executar\[286502] arthurgregorio-web-budget\src\main\java\br\com\webbudget\domain\entities\registration\MovementClassType.java
D:\Desenvolvimento\Projetos Github\A executar\[286502] arthurgregorio-web-budget\src\main\java\br\com\webbudget\domain\entities\registration\NumberType.java
D:\Desenvolvimento\Projetos Github\A executar\[286502] arthurgregorio-web-budget\src\main\java\br\com\webbudget\domain\entities\registration\Telephone.java
D:\Desenvolvimento\Projetos Github\A executar\[286502] arthurgregorio-web-budget\src\main\java\br\com\webbudget\domain\entities\registration\Vehicle.java
D:\Desenvolvimento\Projetos Github\A executar\[286502] arthurgregorio-web-budget\src\main\java\br\com\webbudget\domain\entities\registration\VehicleType.java
D:\Desenvolvimento\Projetos Github\A executar\[286502] arthurgregorio-web-budget\src\main\java\br\com\webbudget\domain\entities\registration\Wallet.java
D:\Desenvolvimento\Projetos Github\A executar\[286502] arthurgregorio-web-budget\src\main\java\br\com\webbudget\domain\entities\registration\WalletType.java
D:\Desenvolvimento\Projetos Github\A executar\[286502] arthurgregorio-web-budget\src\main\java\br\com\webbudget\domain\entities\view\CardConsume.java
D:\Desenvolvimento\Projetos Github\A executar\[286502] arthurgregorio-web-budget\src\main\java\br\com\webbudget\domain\entities\view\CardConsumeDetailed.java
D:\Desenvolvimento\Projetos Github\A executar\[286502] arthurgregorio-web-budget\src\main\java\br\com\webbudget\domain\entities\view\CostCenterTotal.java
D:\Desenvolvimento\Projetos Github\A executar\[286502] arthurgregorio-web-budget\src\main\java\br\com\webbudget\domain\entities\view\DailyUse.java
D:\Desenvolvimento\Projetos Github\A executar\[286502] arthurgregorio-web-budget\src\main\java\br\com\webbudget\domain\entities\view\MovementClassTotal.java
D:\Desenvolvimento\Projetos Github\A executar\[286502] arthurgregorio-web-budget\src\main\java\br\com\webbudget\domain\entities\view\OpenPeriodResult.java
D:\Desenvolvimento\Projetos Github\A executar\[286502] arthurgregorio-web-budget\src\main\java\br\com\webbudget\domain\entities\view\OpenPeriodResume.java
D:\Desenvolvimento\Projetos Github\A executar\[286502] arthurgregorio-web-budget\src\main\java\br\com\webbudget\domain\entities\view\PeriodResult.java
D:\Desenvolvimento\Projetos Github\A executar\[286502] arthurgregorio-web-budget\src\main\java\br\com\webbudget\domain\entities\view\UseByCostCenter.java
D:\Desenvolvimento\Projetos Github\A executar\[286502] arthurgregorio-web-budget\src\main\java\br\com\webbudget\domain\entities\view\UseByMovementClass.java
D:\Desenvolvimento\Projetos Github\A executar\[286502] arthurgregorio-web-budget\src\main\java\br\com\webbudget\domain\repositories\configuration\AuthorizationRepository.java
D:\Desenvolvimento\Projetos Github\A executar\[286502] arthurgregorio-web-budget\src\main\java\br\com\webbudget\domain\repositories\configuration\ConfigurationRepository.java
D:\Desenvolvimento\Projetos Github\A executar\[286502] arthurgregorio-web-budget\src\main\java\br\com\webbudget\domain\repositories\configuration\GrantRepository.java
D:\Desenvolvimento\Projetos Github\A executar\[286502] arthurgregorio-web-budget\src\main\java\br\com\webbudget\domain\repositories\configuration\GroupRepository.java
D:\Desenvolvimento\Projetos Github\A executar\[286502] arthurgregorio-web-budget\src\main\java\br\com\webbudget\domain\repositories\configuration\ProfileRepository.java
D:\Desenvolvimento\Projetos Github\A executar\[286502] arthurgregorio-web-budget\src\main\java\br\com\webbudget\domain\repositories\configuration\UserRepository.java
D:\Desenvolvimento\Projetos Github\A executar\[286502] arthurgregorio-web-budget\src\main\java\br\com\webbudget\domain\repositories\financial\ApportionmentRepository.java
D:\Desenvolvimento\Projetos Github\A executar\[286502] arthurgregorio-web-budget\src\main\java\br\com\webbudget\domain\repositories\financial\ClosingRepository.java
D:\Desenvolvimento\Projetos Github\A executar\[286502] arthurgregorio-web-budget\src\main\java\br\com\webbudget\domain\repositories\financial\CreditCardInvoiceRepository.java
D:\Desenvolvimento\Projetos Github\A executar\[286502] arthurgregorio-web-budget\src\main\java\br\com\webbudget\domain\repositories\financial\FixedMovementRepository.java
D:\Desenvolvimento\Projetos Github\A executar\[286502] arthurgregorio-web-budget\src\main\java\br\com\webbudget\domain\repositories\financial\LaunchRepository.java
D:\Desenvolvimento\Projetos Github\A executar\[286502] arthurgregorio-web-budget\src\main\java\br\com\webbudget\domain\repositories\financial\PaymentRepository.java
D:\Desenvolvimento\Projetos Github\A executar\[286502] arthurgregorio-web-budget\src\main\java\br\com\webbudget\domain\repositories\financial\PeriodMovementRepository.java
D:\Desenvolvimento\Projetos Github\A executar\[286502] arthurgregorio-web-budget\src\main\java\br\com\webbudget\domain\repositories\financial\TransferenceRepository.java
D:\Desenvolvimento\Projetos Github\A executar\[286502] arthurgregorio-web-budget\src\main\java\br\com\webbudget\domain\repositories\journal\FuelRepository.java
D:\Desenvolvimento\Projetos Github\A executar\[286502] arthurgregorio-web-budget\src\main\java\br\com\webbudget\domain\repositories\journal\RefuelingRepository.java
D:\Desenvolvimento\Projetos Github\A executar\[286502] arthurgregorio-web-budget\src\main\java\br\com\webbudget\domain\repositories\registration\AddressRepository.java
D:\Desenvolvimento\Projetos Github\A executar\[286502] arthurgregorio-web-budget\src\main\java\br\com\webbudget\domain\repositories\registration\CardRepository.java
D:\Desenvolvimento\Projetos Github\A executar\[286502] arthurgregorio-web-budget\src\main\java\br\com\webbudget\domain\repositories\registration\ContactRepository.java
D:\Desenvolvimento\Projetos Github\A executar\[286502] arthurgregorio-web-budget\src\main\java\br\com\webbudget\domain\repositories\registration\CostCenterRepository.java
D:\Desenvolvimento\Projetos Github\A executar\[286502] arthurgregorio-web-budget\src\main\java\br\com\webbudget\domain\repositories\registration\FinancialPeriodRepository.java
D:\Desenvolvimento\Projetos Github\A executar\[286502] arthurgregorio-web-budget\src\main\java\br\com\webbudget\domain\repositories\registration\MovementClassRepository.java
D:\Desenvolvimento\Projetos Github\A executar\[286502] arthurgregorio-web-budget\src\main\java\br\com\webbudget\domain\repositories\registration\TelephoneRepository.java
D:\Desenvolvimento\Projetos Github\A executar\[286502] arthurgregorio-web-budget\src\main\java\br\com\webbudget\domain\repositories\registration\VehicleRepository.java
D:\Desenvolvimento\Projetos Github\A executar\[286502] arthurgregorio-web-budget\src\main\java\br\com\webbudget\domain\repositories\registration\WalletBalanceRepository.java
D:\Desenvolvimento\Projetos Github\A executar\[286502] arthurgregorio-web-budget\src\main\java\br\com\webbudget\domain\repositories\registration\WalletRepository.java
D:\Desenvolvimento\Projetos Github\A executar\[286502] arthurgregorio-web-budget\src\main\java\br\com\webbudget\domain\repositories\view\CardConsumeDetailedRepository.java
D:\Desenvolvimento\Projetos Github\A executar\[286502] arthurgregorio-web-budget\src\main\java\br\com\webbudget\domain\repositories\view\CardConsumeRepository.java
D:\Desenvolvimento\Projetos Github\A executar\[286502] arthurgregorio-web-budget\src\main\java\br\com\webbudget\domain\repositories\view\CostCenterTotalRepository.java
D:\Desenvolvimento\Projetos Github\A executar\[286502] arthurgregorio-web-budget\src\main\java\br\com\webbudget\domain\repositories\view\DailyUseRepository.java
D:\Desenvolvimento\Projetos Github\A executar\[286502] arthurgregorio-web-budget\src\main\java\br\com\webbudget\domain\repositories\view\MovementClassTotalRepository.java
D:\Desenvolvimento\Projetos Github\A executar\[286502] arthurgregorio-web-budget\src\main\java\br\com\webbudget\domain\repositories\view\OpenPeriodResultRepository.java
D:\Desenvolvimento\Projetos Github\A executar\[286502] arthurgregorio-web-budget\src\main\java\br\com\webbudget\domain\repositories\view\OpenPeriodResumeRepository.java
D:\Desenvolvimento\Projetos Github\A executar\[286502] arthurgregorio-web-budget\src\main\java\br\com\webbudget\domain\repositories\view\PeriodResultRepository.java
D:\Desenvolvimento\Projetos Github\A executar\[286502] arthurgregorio-web-budget\src\main\java\br\com\webbudget\domain\repositories\view\UseByCostCenterRepository.java
D:\Desenvolvimento\Projetos Github\A executar\[286502] arthurgregorio-web-budget\src\main\java\br\com\webbudget\domain\repositories\view\UseByMovementClassRepository.java
D:\Desenvolvimento\Projetos Github\A executar\[286502] arthurgregorio-web-budget\src\main\java\br\com\webbudget\infrastructure\cdi\qualifiers\AuthenticatedUser.java
D:\Desenvolvimento\Projetos Github\A executar\[286502] arthurgregorio-web-budget\src\main\java\br\com\webbudget\infrastructure\initializer\tasks\CreateAdminGroupTask.java
D:\Desenvolvimento\Projetos Github\A executar\[286502] arthurgregorio-web-budget\src\main\java\br\com\webbudget\infrastructure\initializer\tasks\CreateAdminUserTask.java
D:\Desenvolvimento\Projetos Github\A executar\[286502] arthurgregorio-web-budget\src\main\java\br\com\webbudget\infrastructure\initializer\tasks\CreateAuthorizationsTask.java
D:\Desenvolvimento\Projetos Github\A executar\[286502] arthurgregorio-web-budget\src\main\java\br\com\webbudget\infrastructure\initializer\tasks\CreateDefaultConfigurationTask.java
D:\Desenvolvimento\Projetos Github\A executar\[286502] arthurgregorio-web-budget\src\main\java\br\com\webbudget\infrastructure\initializer\tasks\FlywayMigrationsTask.java
D:\Desenvolvimento\Projetos Github\A executar\[286502] arthurgregorio-web-budget\src\main\java\br\com\webbudget\infrastructure\jsf\converters\LocalDateConverter.java
D:\Desenvolvimento\Projetos Github\A executar\[286502] arthurgregorio-web-budget\src\main\java\br\com\webbudget\infrastructure\jsf\converters\LocalDateTimeConverter.java
D:\Desenvolvimento\Projetos Github\A executar\[286502] arthurgregorio-web-budget\src\main\java\br\com\webbudget\infrastructure\jsf\converters\LocalTimeConverter.java
D:\Desenvolvimento\Projetos Github\A executar\[286502] arthurgregorio-web-budget\src\main\java\br\com\webbudget\infrastructure\jsf\converters\RgbColorConverter.java
D:\Desenvolvimento\Projetos Github\A executar\[286502] arthurgregorio-web-budget\src\main\java\br\com\webbudget\infrastructure\jsf\exception\BusinessLogicExceptionHandler.java
D:\Desenvolvimento\Projetos Github\A executar\[286502] arthurgregorio-web-budget\src\main\java\br\com\webbudget\infrastructure\jsf\exception\ConstraintViolationExceptionHandler.java
D:\Desenvolvimento\Projetos Github\A executar\[286502] arthurgregorio-web-budget\src\main\java\br\com\webbudget\infrastructure\jsf\exception\CustomExceptionHandler.java
D:\Desenvolvimento\Projetos Github\A executar\[286502] arthurgregorio-web-budget\src\main\java\br\com\webbudget\infrastructure\jsf\exception\CustomExceptionHandlerFactory.java
D:\Desenvolvimento\Projetos Github\A executar\[286502] arthurgregorio-web-budget\src\main\java\br\com\webbudget\infrastructure\jsf\exception\CustomExceptionHandlerWrapper.java
D:\Desenvolvimento\Projetos Github\A executar\[286502] arthurgregorio-web-budget\src\main\java\br\com\webbudget\infrastructure\jsf\exception\UndefinedExceptionHandler.java
D:\Desenvolvimento\Projetos Github\A executar\[286502] arthurgregorio-web-budget\src\main\java\br\com\webbudget\infrastructure\jsf\primefaces\AutoCloseMessages.java
D:\Desenvolvimento\Projetos Github\A executar\[286502] arthurgregorio-web-budget\src\main\java\br\com\webbudget\infrastructure\jsf\primefaces\CustomAutoCompleteRenderer.java
D:\Desenvolvimento\Projetos Github\A executar\[286502] arthurgregorio-web-budget\src\main\java\br\com\webbudget\infrastructure\jsf\primefaces\CustomCalendarRenderer.java
D:\Desenvolvimento\Projetos Github\A executar\[286502] arthurgregorio-web-budget\src\main\java\br\com\webbudget\infrastructure\jsf\primefaces\CustomInputNumberRenderer.java
D:\Desenvolvimento\Projetos Github\A executar\[286502] arthurgregorio-web-budget\src\main\java\br\com\webbudget\application\components\ui\chart\AbstractChartModel.java
D:\Desenvolvimento\Projetos Github\A executar\[286502] arthurgregorio-web-budget\src\main\java\br\com\webbudget\application\components\ui\chart\ChartUtils.java
D:\Desenvolvimento\Projetos Github\A executar\[286502] arthurgregorio-web-budget\src\main\java\br\com\webbudget\application\components\ui\chart\LineChartDataset.java
D:\Desenvolvimento\Projetos Github\A executar\[286502] arthurgregorio-web-budget\src\main\java\br\com\webbudget\application\components\ui\chart\LineChartModel.java
D:\Desenvolvimento\Projetos Github\A executar\[286502] arthurgregorio-web-budget\src\main\java\br\com\webbudget\application\components\ui\chart\PieChartDataset.java
D:\Desenvolvimento\Projetos Github\A executar\[286502] arthurgregorio-web-budget\src\main\java\br\com\webbudget\application\components\ui\chart\PieChartModel.java
D:\Desenvolvimento\Projetos Github\A executar\[286502] arthurgregorio-web-budget\src\main\java\br\com\webbudget\application\components\ui\filter\BasicFilter.java
D:\Desenvolvimento\Projetos Github\A executar\[286502] arthurgregorio-web-budget\src\main\java\br\com\webbudget\application\components\ui\filter\FinancialPeriodFilter.java
D:\Desenvolvimento\Projetos Github\A executar\[286502] arthurgregorio-web-budget\src\main\java\br\com\webbudget\application\components\ui\filter\FixedMovementFilter.java
D:\Desenvolvimento\Projetos Github\A executar\[286502] arthurgregorio-web-budget\src\main\java\br\com\webbudget\application\components\ui\filter\LazyFilter.java
D:\Desenvolvimento\Projetos Github\A executar\[286502] arthurgregorio-web-budget\src\main\java\br\com\webbudget\application\components\ui\filter\PeriodMovementFilter.java
D:\Desenvolvimento\Projetos Github\A executar\[286502] arthurgregorio-web-budget\src\main\java\br\com\webbudget\application\components\ui\table\LazyDataProvider.java
D:\Desenvolvimento\Projetos Github\A executar\[286502] arthurgregorio-web-budget\src\main\java\br\com\webbudget\application\components\ui\table\LazyModel.java
D:\Desenvolvimento\Projetos Github\A executar\[286502] arthurgregorio-web-budget\src\main\java\br\com\webbudget\application\components\ui\table\Page.java
D:\Desenvolvimento\Projetos Github\A executar\[286502] arthurgregorio-web-budget\src\main\java\br\com\webbudget\domain\logics\financial\closing\ChangePeriodMovementStatusLogic.java
D:\Desenvolvimento\Projetos Github\A executar\[286502] arthurgregorio-web-budget\src\main\java\br\com\webbudget\domain\logics\financial\closing\ClosingSavingLogic.java
D:\Desenvolvimento\Projetos Github\A executar\[286502] arthurgregorio-web-budget\src\main\java\br\com\webbudget\domain\logics\financial\closing\DeleteClosingLogic.java
D:\Desenvolvimento\Projetos Github\A executar\[286502] arthurgregorio-web-budget\src\main\java\br\com\webbudget\domain\logics\financial\closing\DeleteUnusedInvoicesLogic.java
D:\Desenvolvimento\Projetos Github\A executar\[286502] arthurgregorio-web-budget\src\main\java\br\com\webbudget\domain\logics\financial\closing\ReopenPeriodLogic.java
D:\Desenvolvimento\Projetos Github\A executar\[286502] arthurgregorio-web-budget\src\main\java\br\com\webbudget\domain\logics\financial\closing\RollbackInvoicesLogic.java
D:\Desenvolvimento\Projetos Github\A executar\[286502] arthurgregorio-web-budget\src\main\java\br\com\webbudget\domain\logics\financial\closing\RollbackPeriodMovementStatusLogic.java
D:\Desenvolvimento\Projetos Github\A executar\[286502] arthurgregorio-web-budget\src\main\java\br\com\webbudget\domain\logics\financial\closing\RollbackPeriodStatusLogic.java
D:\Desenvolvimento\Projetos Github\A executar\[286502] arthurgregorio-web-budget\src\main\java\br\com\webbudget\domain\logics\financial\closing\UpdatePeriodStatusLogic.java
D:\Desenvolvimento\Projetos Github\A executar\[286502] arthurgregorio-web-budget\src\main\java\br\com\webbudget\domain\logics\financial\payment\InvoiceStateValidator.java
D:\Desenvolvimento\Projetos Github\A executar\[286502] arthurgregorio-web-budget\src\main\java\br\com\webbudget\domain\logics\financial\payment\PaymentMethodValidator.java
D:\Desenvolvimento\Projetos Github\A executar\[286502] arthurgregorio-web-budget\src\main\java\br\com\webbudget\domain\logics\financial\payment\PaymentSavingLogic.java
D:\Desenvolvimento\Projetos Github\A executar\[286502] arthurgregorio-web-budget\src\main\java\br\com\webbudget\domain\logics\financial\payment\PaymentValueValidator.java
D:\Desenvolvimento\Projetos Github\A executar\[286502] arthurgregorio-web-budget\src\main\java\br\com\webbudget\domain\logics\financial\transference\NegativeValueValidator.java
D:\Desenvolvimento\Projetos Github\A executar\[286502] arthurgregorio-web-budget\src\main\java\br\com\webbudget\domain\logics\financial\transference\OriginAndDestinationValidator.java
D:\Desenvolvimento\Projetos Github\A executar\[286502] arthurgregorio-web-budget\src\main\java\br\com\webbudget\domain\logics\financial\transference\TransferenceSavingLogic.java
D:\Desenvolvimento\Projetos Github\A executar\[286502] arthurgregorio-web-budget\src\main\java\br\com\webbudget\domain\logics\registration\card\CardDeletingLogic.java
D:\Desenvolvimento\Projetos Github\A executar\[286502] arthurgregorio-web-budget\src\main\java\br\com\webbudget\domain\logics\registration\card\CardDuplicatesValidator.java
D:\Desenvolvimento\Projetos Github\A executar\[286502] arthurgregorio-web-budget\src\main\java\br\com\webbudget\domain\logics\registration\card\CardSavingLogic.java
D:\Desenvolvimento\Projetos Github\A executar\[286502] arthurgregorio-web-budget\src\main\java\br\com\webbudget\domain\logics\registration\card\CardUpdatingLogic.java
D:\Desenvolvimento\Projetos Github\A executar\[286502] arthurgregorio-web-budget\src\main\java\br\com\webbudget\domain\logics\registration\card\DebitCardWalletValidator.java
D:\Desenvolvimento\Projetos Github\A executar\[286502] arthurgregorio-web-budget\src\main\java\br\com\webbudget\domain\logics\registration\card\DueDayValidator.java
D:\Desenvolvimento\Projetos Github\A executar\[286502] arthurgregorio-web-budget\src\main\java\br\com\webbudget\domain\logics\registration\card\InvoiceValidator.java
D:\Desenvolvimento\Projetos Github\A executar\[286502] arthurgregorio-web-budget\src\main\java\br\com\webbudget\domain\logics\registration\costcenter\CostCenterDuplicatesValidator.java
D:\Desenvolvimento\Projetos Github\A executar\[286502] arthurgregorio-web-budget\src\main\java\br\com\webbudget\domain\logics\registration\costcenter\CostCenterSavingLogic.java
D:\Desenvolvimento\Projetos Github\A executar\[286502] arthurgregorio-web-budget\src\main\java\br\com\webbudget\domain\logics\registration\costcenter\CostCenterUpdatingLogic.java
D:\Desenvolvimento\Projetos Github\A executar\[286502] arthurgregorio-web-budget\src\main\java\br\com\webbudget\domain\logics\registration\costcenter\DeactivateClassesLogic.java
D:\Desenvolvimento\Projetos Github\A executar\[286502] arthurgregorio-web-budget\src\main\java\br\com\webbudget\domain\logics\registration\financialperiod\InvoiceDeletingLogic.java
D:\Desenvolvimento\Projetos Github\A executar\[286502] arthurgregorio-web-budget\src\main\java\br\com\webbudget\domain\logics\registration\financialperiod\PeriodDatesValidator.java
D:\Desenvolvimento\Projetos Github\A executar\[286502] arthurgregorio-web-budget\src\main\java\br\com\webbudget\domain\logics\registration\financialperiod\PeriodDeletingLogic.java
D:\Desenvolvimento\Projetos Github\A executar\[286502] arthurgregorio-web-budget\src\main\java\br\com\webbudget\domain\logics\registration\financialperiod\PeriodDuplicatesValidator.java
D:\Desenvolvimento\Projetos Github\A executar\[286502] arthurgregorio-web-budget\src\main\java\br\com\webbudget\domain\logics\registration\financialperiod\PeriodSavingLogic.java
D:\Desenvolvimento\Projetos Github\A executar\[286502] arthurgregorio-web-budget\src\main\java\br\com\webbudget\domain\logics\registration\movementclass\MovementClassBudgetValidator.java
D:\Desenvolvimento\Projetos Github\A executar\[286502] arthurgregorio-web-budget\src\main\java\br\com\webbudget\domain\logics\registration\movementclass\MovementClassDuplicatesValidator.java
D:\Desenvolvimento\Projetos Github\A executar\[286502] arthurgregorio-web-budget\src\main\java\br\com\webbudget\domain\logics\registration\movementclass\MovementClassSavingLogic.java
D:\Desenvolvimento\Projetos Github\A executar\[286502] arthurgregorio-web-budget\src\main\java\br\com\webbudget\domain\logics\registration\movementclass\MovementClassUpdatingLogic.java
D:\Desenvolvimento\Projetos Github\A executar\[286502] arthurgregorio-web-budget\src\main\java\br\com\webbudget\domain\logics\registration\vehicle\LicensePlateValidator.java
D:\Desenvolvimento\Projetos Github\A executar\[286502] arthurgregorio-web-budget\src\main\java\br\com\webbudget\domain\logics\registration\vehicle\VehicleSavingLogic.java
D:\Desenvolvimento\Projetos Github\A executar\[286502] arthurgregorio-web-budget\src\main\java\br\com\webbudget\domain\logics\registration\wallet\WalletDuplicatesValidator.java
D:\Desenvolvimento\Projetos Github\A executar\[286502] arthurgregorio-web-budget\src\main\java\br\com\webbudget\domain\logics\registration\wallet\WalletSavingLogic.java
D:\Desenvolvimento\Projetos Github\A executar\[286502] arthurgregorio-web-budget\src\main\java\br\com\webbudget\domain\logics\registration\wallet\WalletUpdatingLogic.java
D:\Desenvolvimento\Projetos Github\A executar\[286502] arthurgregorio-web-budget\src\main\java\br\com\webbudget\domain\logics\tools\group\DeleteAdminGroupLogic.java
D:\Desenvolvimento\Projetos Github\A executar\[286502] arthurgregorio-web-budget\src\main\java\br\com\webbudget\domain\logics\tools\group\GroupDeletingLogic.java
D:\Desenvolvimento\Projetos Github\A executar\[286502] arthurgregorio-web-budget\src\main\java\br\com\webbudget\domain\logics\tools\user\DeleteAdminUserLogic.java
D:\Desenvolvimento\Projetos Github\A executar\[286502] arthurgregorio-web-budget\src\main\java\br\com\webbudget\domain\logics\tools\user\PasswordLogic.java
D:\Desenvolvimento\Projetos Github\A executar\[286502] arthurgregorio-web-budget\src\main\java\br\com\webbudget\domain\logics\tools\user\UserDeletingLogic.java
D:\Desenvolvimento\Projetos Github\A executar\[286502] arthurgregorio-web-budget\src\main\java\br\com\webbudget\domain\logics\tools\user\UserMailLogic.java
D:\Desenvolvimento\Projetos Github\A executar\[286502] arthurgregorio-web-budget\src\main\java\br\com\webbudget\domain\logics\tools\user\UsernameLogic.java
D:\Desenvolvimento\Projetos Github\A executar\[286502] arthurgregorio-web-budget\src\main\java\br\com\webbudget\domain\logics\tools\user\UserSavingLogic.java
D:\Desenvolvimento\Projetos Github\A executar\[286502] arthurgregorio-web-budget\src\main\java\br\com\webbudget\domain\logics\tools\user\UserUpdatingLogic.java
D:\Desenvolvimento\Projetos Github\A executar\[286502] arthurgregorio-web-budget\src\main\java\br\com\webbudget\domain\logics\financial\movement\fixed\AlreadyUsedValidator.java
D:\Desenvolvimento\Projetos Github\A executar\[286502] arthurgregorio-web-budget\src\main\java\br\com\webbudget\domain\logics\financial\movement\fixed\ContainsApportionmentValidator.java
D:\Desenvolvimento\Projetos Github\A executar\[286502] arthurgregorio-web-budget\src\main\java\br\com\webbudget\domain\logics\financial\movement\fixed\FixedMovementDeletingLogic.java
D:\Desenvolvimento\Projetos Github\A executar\[286502] arthurgregorio-web-budget\src\main\java\br\com\webbudget\domain\logics\financial\movement\fixed\FixedMovementSavingLogic.java
D:\Desenvolvimento\Projetos Github\A executar\[286502] arthurgregorio-web-budget\src\main\java\br\com\webbudget\domain\logics\financial\movement\fixed\QuotesValidator.java
D:\Desenvolvimento\Projetos Github\A executar\[286502] arthurgregorio-web-budget\src\main\java\br\com\webbudget\domain\logics\financial\movement\period\AccountedMovementValidator.java
D:\Desenvolvimento\Projetos Github\A executar\[286502] arthurgregorio-web-budget\src\main\java\br\com\webbudget\domain\logics\financial\movement\period\ContainsApportionmentsValidator.java
D:\Desenvolvimento\Projetos Github\A executar\[286502] arthurgregorio-web-budget\src\main\java\br\com\webbudget\domain\logics\financial\movement\period\InvoiceLinkValidator.java
D:\Desenvolvimento\Projetos Github\A executar\[286502] arthurgregorio-web-budget\src\main\java\br\com\webbudget\domain\logics\financial\movement\period\PeriodMovementDeletingLogic.java
D:\Desenvolvimento\Projetos Github\A executar\[286502] arthurgregorio-web-budget\src\main\java\br\com\webbudget\domain\logics\financial\movement\period\PeriodMovementSavingLogic.java
D:\Desenvolvimento\Projetos Github\A executar\[286502] arthurgregorio-web-budget\src\main\java\br\com\webbudget\domain\logics\financial\movement\period\PeriodMovementUpdatingLogic.java
D:\Desenvolvimento\Projetos Github\A executar\[286502] arthurgregorio-web-budget\src\main\java\br\com\webbudget\domain\logics\financial\movement\period\QuoteDeleteLogic.java
D:\Desenvolvimento\Projetos Github\A executar\[286502] arthurgregorio-web-budget\src\main\java\br\com\webbudget\domain\logics\financial\movement\period\ValueValidator.java

31/10/2019 22:07:44 ufrn.dimap.lets.ehmetrics.projectresolver.JavaProject#resolveArtifacts - INFO: [286502] arthurgregorio-web-budget artifacts...
-- Java files
D:\Desenvolvimento\Projetos Github\A executar\[286502] arthurgregorio-web-budget\src\main\java\br\com\webbudget\application\controller\AuthenticationBean.java
D:\Desenvolvimento\Projetos Github\A executar\[286502] arthurgregorio-web-budget\src\main\java\br\com\webbudget\application\controller\DashboardBean.java
D:\Desenvolvimento\Projetos Github\A executar\[286502] arthurgregorio-web-budget\src\main\java\br\com\webbudget\application\controller\RecoverPasswordBean.java
D:\Desenvolvimento\Projetos Github\A executar\[286502] arthurgregorio-web-budget\src\main\java\br\com\webbudget\application\controller\UserSessionBean.java
D:\Desenvolvimento\Projetos Github\A executar\[286502] arthurgregorio-web-budget\src\main\java\br\com\webbudget\application\controller\UtilsBean.java
D:\Desenvolvimento\Projetos Github\A executar\[286502] arthurgregorio-web-budget\src\main\java\br\com\webbudget\domain\calculators\CostCenterTotalCalculator.java
D:\Desenvolvimento\Projetos Github\A executar\[286502] arthurgregorio-web-budget\src\main\java\br\com\webbudget\domain\calculators\PeriodMovementCalculator.java
D:\Desenvolvimento\Projetos Github\A executar\[286502] arthurgregorio-web-budget\src\main\java\br\com\webbudget\domain\calculators\PeriodResultCalculator.java
D:\Desenvolvimento\Projetos Github\A executar\[286502] arthurgregorio-web-budget\src\main\java\br\com\webbudget\domain\calculators\PeriodResumeCalculator.java
D:\Desenvolvimento\Projetos Github\A executar\[286502] arthurgregorio-web-budget\src\main\java\br\com\webbudget\domain\entities\ImmutableEntity.java
D:\Desenvolvimento\Projetos Github\A executar\[286502] arthurgregorio-web-budget\src\main\java\br\com\webbudget\domain\entities\IPersistentEntity.java
D:\Desenvolvimento\Projetos Github\A executar\[286502] arthurgregorio-web-budget\src\main\java\br\com\webbudget\domain\entities\PersistentEntity.java
D:\Desenvolvimento\Projetos Github\A executar\[286502] arthurgregorio-web-budget\src\main\java\br\com\webbudget\domain\entities\Revision.java
D:\Desenvolvimento\Projetos Github\A executar\[286502] arthurgregorio-web-budget\src\main\java\br\com\webbudget\domain\entities\RevisionListener.java
D:\Desenvolvimento\Projetos Github\A executar\[286502] arthurgregorio-web-budget\src\main\java\br\com\webbudget\domain\events\CardCreated.java
D:\Desenvolvimento\Projetos Github\A executar\[286502] arthurgregorio-web-budget\src\main\java\br\com\webbudget\domain\events\CreatePeriodMovement.java
D:\Desenvolvimento\Projetos Github\A executar\[286502] arthurgregorio-web-budget\src\main\java\br\com\webbudget\domain\events\DeletePeriodMovement.java
D:\Desenvolvimento\Projetos Github\A executar\[286502] arthurgregorio-web-budget\src\main\java\br\com\webbudget\domain\events\FinancialPeriodOpened.java
D:\Desenvolvimento\Projetos Github\A executar\[286502] arthurgregorio-web-budget\src\main\java\br\com\webbudget\domain\events\PeriodMovementDeleted.java
D:\Desenvolvimento\Projetos Github\A executar\[286502] arthurgregorio-web-budget\src\main\java\br\com\webbudget\domain\events\PeriodMovementPaid.java
D:\Desenvolvimento\Projetos Github\A executar\[286502] arthurgregorio-web-budget\src\main\java\br\com\webbudget\domain\events\PeriodMovementUpdated.java
D:\Desenvolvimento\Projetos Github\A executar\[286502] arthurgregorio-web-budget\src\main\java\br\com\webbudget\domain\events\UpdateWalletBalance.java
D:\Desenvolvimento\Projetos Github\A executar\[286502] arthurgregorio-web-budget\src\main\java\br\com\webbudget\domain\exceptions\BusinessLogicException.java
D:\Desenvolvimento\Projetos Github\A executar\[286502] arthurgregorio-web-budget\src\main\java\br\com\webbudget\domain\logics\BusinessLogic.java
D:\Desenvolvimento\Projetos Github\A executar\[286502] arthurgregorio-web-budget\src\main\java\br\com\webbudget\domain\repositories\DefaultRepository.java
D:\Desenvolvimento\Projetos Github\A executar\[286502] arthurgregorio-web-budget\src\main\java\br\com\webbudget\domain\repositories\LazyDefaultRepository.java
D:\Desenvolvimento\Projetos Github\A executar\[286502] arthurgregorio-web-budget\src\main\java\br\com\webbudget\domain\schedules\FinancialPeriodExpiredTask.java
D:\Desenvolvimento\Projetos Github\A executar\[286502] arthurgregorio-web-budget\src\main\java\br\com\webbudget\domain\services\ClosingService.java
D:\Desenvolvimento\Projetos Github\A executar\[286502] arthurgregorio-web-budget\src\main\java\br\com\webbudget\domain\services\ContactService.java
D:\Desenvolvimento\Projetos Github\A executar\[286502] arthurgregorio-web-budget\src\main\java\br\com\webbudget\domain\services\CreditCardInvoiceService.java
D:\Desenvolvimento\Projetos Github\A executar\[286502] arthurgregorio-web-budget\src\main\java\br\com\webbudget\domain\services\FinancialPeriodService.java
D:\Desenvolvimento\Projetos Github\A executar\[286502] arthurgregorio-web-budget\src\main\java\br\com\webbudget\domain\services\FixedMovementService.java
D:\Desenvolvimento\Projetos Github\A executar\[286502] arthurgregorio-web-budget\src\main\java\br\com\webbudget\domain\services\PaymentService.java
D:\Desenvolvimento\Projetos Github\A executar\[286502] arthurgregorio-web-budget\src\main\java\br\com\webbudget\domain\services\PeriodMovementService.java
D:\Desenvolvimento\Projetos Github\A executar\[286502] arthurgregorio-web-budget\src\main\java\br\com\webbudget\domain\services\RecoverPasswordService.java
D:\Desenvolvimento\Projetos Github\A executar\[286502] arthurgregorio-web-budget\src\main\java\br\com\webbudget\domain\services\RefuelingService.java
D:\Desenvolvimento\Projetos Github\A executar\[286502] arthurgregorio-web-budget\src\main\java\br\com\webbudget\domain\services\TransferenceService.java
D:\Desenvolvimento\Projetos Github\A executar\[286502] arthurgregorio-web-budget\src\main\java\br\com\webbudget\domain\services\UserAccountService.java
D:\Desenvolvimento\Projetos Github\A executar\[286502] arthurgregorio-web-budget\src\main\java\br\com\webbudget\domain\services\WalletService.java
D:\Desenvolvimento\Projetos Github\A executar\[286502] arthurgregorio-web-budget\src\main\java\br\com\webbudget\infrastructure\cdi\EntityManagerProducer.java
D:\Desenvolvimento\Projetos Github\A executar\[286502] arthurgregorio-web-budget\src\main\java\br\com\webbudget\infrastructure\cdi\FeignClientProducer.java
D:\Desenvolvimento\Projetos Github\A executar\[286502] arthurgregorio-web-budget\src\main\java\br\com\webbudget\infrastructure\cdi\LoggerProducer.java
D:\Desenvolvimento\Projetos Github\A executar\[286502] arthurgregorio-web-budget\src\main\java\br\com\webbudget\infrastructure\feign\FeignClientFactory.java
D:\Desenvolvimento\Projetos Github\A executar\[286502] arthurgregorio-web-budget\src\main\java\br\com\webbudget\infrastructure\feign\ProvinceDeserializer.java
D:\Desenvolvimento\Projetos Github\A executar\[286502] arthurgregorio-web-budget\src\main\java\br\com\webbudget\infrastructure\initializer\ApplicationInitializer.java
D:\Desenvolvimento\Projetos Github\A executar\[286502] arthurgregorio-web-budget\src\main\java\br\com\webbudget\infrastructure\initializer\InitializationTask.java
D:\Desenvolvimento\Projetos Github\A executar\[286502] arthurgregorio-web-budget\src\main\java\br\com\webbudget\infrastructure\initializer\TransactionalInitializationTask.java
D:\Desenvolvimento\Projetos Github\A executar\[286502] arthurgregorio-web-budget\src\main\java\br\com\webbudget\infrastructure\jpa\ColorConverter.java
D:\Desenvolvimento\Projetos Github\A executar\[286502] arthurgregorio-web-budget\src\main\java\br\com\webbudget\infrastructure\jsf\FacesActivator.java
D:\Desenvolvimento\Projetos Github\A executar\[286502] arthurgregorio-web-budget\src\main\java\br\com\webbudget\infrastructure\jsf\FacesUtils.java
D:\Desenvolvimento\Projetos Github\A executar\[286502] arthurgregorio-web-budget\src\main\java\br\com\webbudget\infrastructure\mail\MailContentProvider.java
D:\Desenvolvimento\Projetos Github\A executar\[286502] arthurgregorio-web-budget\src\main\java\br\com\webbudget\infrastructure\mail\MailMessage.java
D:\Desenvolvimento\Projetos Github\A executar\[286502] arthurgregorio-web-budget\src\main\java\br\com\webbudget\infrastructure\mail\MustacheProvider.java
D:\Desenvolvimento\Projetos Github\A executar\[286502] arthurgregorio-web-budget\src\main\java\br\com\webbudget\infrastructure\mail\Postman.java
D:\Desenvolvimento\Projetos Github\A executar\[286502] arthurgregorio-web-budget\src\main\java\br\com\webbudget\infrastructure\mail\SimpleMailMessage.java
D:\Desenvolvimento\Projetos Github\A executar\[286502] arthurgregorio-web-budget\src\main\java\br\com\webbudget\infrastructure\shiro\PathSecurityConfiguration.java
D:\Desenvolvimento\Projetos Github\A executar\[286502] arthurgregorio-web-budget\src\main\java\br\com\webbudget\infrastructure\shiro\SecurityRealmConfiguration.java
D:\Desenvolvimento\Projetos Github\A executar\[286502] arthurgregorio-web-budget\src\main\java\br\com\webbudget\infrastructure\utils\Configurations.java
D:\Desenvolvimento\Projetos Github\A executar\[286502] arthurgregorio-web-budget\src\main\java\br\com\webbudget\infrastructure\utils\DefaultSchemes.java
D:\Desenvolvimento\Projetos Github\A executar\[286502] arthurgregorio-web-budget\src\main\java\br\com\webbudget\infrastructure\utils\JsonUtils.java
D:\Desenvolvimento\Projetos Github\A executar\[286502] arthurgregorio-web-budget\src\main\java\br\com\webbudget\infrastructure\utils\MessageSource.java
D:\Desenvolvimento\Projetos Github\A executar\[286502] arthurgregorio-web-budget\src\main\java\br\com\webbudget\infrastructure\utils\RandomCode.java
D:\Desenvolvimento\Projetos Github\A executar\[286502] arthurgregorio-web-budget\src\main\java\br\com\webbudget\infrastructure\utils\Utilities.java
D:\Desenvolvimento\Projetos Github\A executar\[286502] arthurgregorio-web-budget\src\main\java\br\com\webbudget\application\components\builder\AbstractBuilder.java
D:\Desenvolvimento\Projetos Github\A executar\[286502] arthurgregorio-web-budget\src\main\java\br\com\webbudget\application\components\builder\CreditCardInvoiceBuilder.java
D:\Desenvolvimento\Projetos Github\A executar\[286502] arthurgregorio-web-budget\src\main\java\br\com\webbudget\application\components\builder\PeriodMovementBuilder.java
D:\Desenvolvimento\Projetos Github\A executar\[286502] arthurgregorio-web-budget\src\main\java\br\com\webbudget\application\components\builder\WalletBalanceBuilder.java
D:\Desenvolvimento\Projetos Github\A executar\[286502] arthurgregorio-web-budget\src\main\java\br\com\webbudget\application\components\dto\Color.java
D:\Desenvolvimento\Projetos Github\A executar\[286502] arthurgregorio-web-budget\src\main\java\br\com\webbudget\application\components\dto\CreditCardInvoiceResume.java
D:\Desenvolvimento\Projetos Github\A executar\[286502] arthurgregorio-web-budget\src\main\java\br\com\webbudget\application\components\dto\PaymentWrapper.java
D:\Desenvolvimento\Projetos Github\A executar\[286502] arthurgregorio-web-budget\src\main\java\br\com\webbudget\application\components\dto\PeriodMovementResume.java
D:\Desenvolvimento\Projetos Github\A executar\[286502] arthurgregorio-web-budget\src\main\java\br\com\webbudget\application\components\ui\AbstractBean.java
D:\Desenvolvimento\Projetos Github\A executar\[286502] arthurgregorio-web-budget\src\main\java\br\com\webbudget\application\components\ui\FormBean.java
D:\Desenvolvimento\Projetos Github\A executar\[286502] arthurgregorio-web-budget\src\main\java\br\com\webbudget\application\components\ui\LazyFormBean.java
D:\Desenvolvimento\Projetos Github\A executar\[286502] arthurgregorio-web-budget\src\main\java\br\com\webbudget\application\components\ui\NavigationManager.java
D:\Desenvolvimento\Projetos Github\A executar\[286502] arthurgregorio-web-budget\src\main\java\br\com\webbudget\application\components\ui\ViewState.java
D:\Desenvolvimento\Projetos Github\A executar\[286502] arthurgregorio-web-budget\src\main\java\br\com\webbudget\application\controller\configuration\ConfigurationBean.java
D:\Desenvolvimento\Projetos Github\A executar\[286502] arthurgregorio-web-budget\src\main\java\br\com\webbudget\application\controller\configuration\GroupBean.java
D:\Desenvolvimento\Projetos Github\A executar\[286502] arthurgregorio-web-budget\src\main\java\br\com\webbudget\application\controller\configuration\ProfileBean.java
D:\Desenvolvimento\Projetos Github\A executar\[286502] arthurgregorio-web-budget\src\main\java\br\com\webbudget\application\controller\configuration\UserBean.java
D:\Desenvolvimento\Projetos Github\A executar\[286502] arthurgregorio-web-budget\src\main\java\br\com\webbudget\application\controller\financial\ClosingBean.java
D:\Desenvolvimento\Projetos Github\A executar\[286502] arthurgregorio-web-budget\src\main\java\br\com\webbudget\application\controller\financial\CreditCardInvoiceBean.java
D:\Desenvolvimento\Projetos Github\A executar\[286502] arthurgregorio-web-budget\src\main\java\br\com\webbudget\application\controller\financial\FixedMovementBean.java
D:\Desenvolvimento\Projetos Github\A executar\[286502] arthurgregorio-web-budget\src\main\java\br\com\webbudget\application\controller\financial\PaymentBean.java
D:\Desenvolvimento\Projetos Github\A executar\[286502] arthurgregorio-web-budget\src\main\java\br\com\webbudget\application\controller\financial\PeriodMovementBean.java
D:\Desenvolvimento\Projetos Github\A executar\[286502] arthurgregorio-web-budget\src\main\java\br\com\webbudget\application\controller\financial\TransferenceBean.java
D:\Desenvolvimento\Projetos Github\A executar\[286502] arthurgregorio-web-budget\src\main\java\br\com\webbudget\application\controller\financial\TransferenceHistoricBean.java
D:\Desenvolvimento\Projetos Github\A executar\[286502] arthurgregorio-web-budget\src\main\java\br\com\webbudget\application\controller\journal\EntryBean.java
D:\Desenvolvimento\Projetos Github\A executar\[286502] arthurgregorio-web-budget\src\main\java\br\com\webbudget\application\controller\journal\RefuelingBean.java
D:\Desenvolvimento\Projetos Github\A executar\[286502] arthurgregorio-web-budget\src\main\java\br\com\webbudget\application\controller\registration\BalanceAdjustmentBean.java
D:\Desenvolvimento\Projetos Github\A executar\[286502] arthurgregorio-web-budget\src\main\java\br\com\webbudget\application\controller\registration\BalanceHistoricBean.java
D:\Desenvolvimento\Projetos Github\A executar\[286502] arthurgregorio-web-budget\src\main\java\br\com\webbudget\application\controller\registration\CardBean.java
D:\Desenvolvimento\Projetos Github\A executar\[286502] arthurgregorio-web-budget\src\main\java\br\com\webbudget\application\controller\registration\CardStatisticsBean.java
D:\Desenvolvimento\Projetos Github\A executar\[286502] arthurgregorio-web-budget\src\main\java\br\com\webbudget\application\controller\registration\ContactBean.java
D:\Desenvolvimento\Projetos Github\A executar\[286502] arthurgregorio-web-budget\src\main\java\br\com\webbudget\application\controller\registration\CostCenterBean.java
D:\Desenvolvimento\Projetos Github\A executar\[286502] arthurgregorio-web-budget\src\main\java\br\com\webbudget\application\controller\registration\FinancialPeriodBean.java
D:\Desenvolvimento\Projetos Github\A executar\[286502] arthurgregorio-web-budget\src\main\java\br\com\webbudget\application\controller\registration\MovementClassBean.java
D:\Desenvolvimento\Projetos Github\A executar\[286502] arthurgregorio-web-budget\src\main\java\br\com\webbudget\application\controller\registration\PeriodStatisticsBean.java
D:\Desenvolvimento\Projetos Github\A executar\[286502] arthurgregorio-web-budget\src\main\java\br\com\webbudget\application\controller\registration\VehicleBean.java
D:\Desenvolvimento\Projetos Github\A executar\[286502] arthurgregorio-web-budget\src\main\java\br\com\webbudget\application\controller\registration\WalletBean.java
D:\Desenvolvimento\Projetos Github\A executar\[286502] arthurgregorio-web-budget\src\main\java\br\com\webbudget\application\validator\apportionment\ApportionmentValidator.java
D:\Desenvolvimento\Projetos Github\A executar\[286502] arthurgregorio-web-budget\src\main\java\br\com\webbudget\application\validator\apportionment\DirectionValidator.java
D:\Desenvolvimento\Projetos Github\A executar\[286502] arthurgregorio-web-budget\src\main\java\br\com\webbudget\application\validator\apportionment\DuplicatesValidator.java
D:\Desenvolvimento\Projetos Github\A executar\[286502] arthurgregorio-web-budget\src\main\java\br\com\webbudget\application\validator\apportionment\ValueValidator.java
D:\Desenvolvimento\Projetos Github\A executar\[286502] arthurgregorio-web-budget\src\main\java\br\com\webbudget\domain\entities\configuration\Authorization.java
D:\Desenvolvimento\Projetos Github\A executar\[286502] arthurgregorio-web-budget\src\main\java\br\com\webbudget\domain\entities\configuration\Configuration.java
D:\Desenvolvimento\Projetos Github\A executar\[286502] arthurgregorio-web-budget\src\main\java\br\com\webbudget\domain\entities\configuration\Grant.java
D:\Desenvolvimento\Projetos Github\A executar\[286502] arthurgregorio-web-budget\src\main\java\br\com\webbudget\domain\entities\configuration\Group.java
D:\Desenvolvimento\Projetos Github\A executar\[286502] arthurgregorio-web-budget\src\main\java\br\com\webbudget\domain\entities\configuration\Permissions.java
D:\Desenvolvimento\Projetos Github\A executar\[286502] arthurgregorio-web-budget\src\main\java\br\com\webbudget\domain\entities\configuration\Profile.java
D:\Desenvolvimento\Projetos Github\A executar\[286502] arthurgregorio-web-budget\src\main\java\br\com\webbudget\domain\entities\configuration\StoreType.java
D:\Desenvolvimento\Projetos Github\A executar\[286502] arthurgregorio-web-budget\src\main\java\br\com\webbudget\domain\entities\configuration\ThemeType.java
D:\Desenvolvimento\Projetos Github\A executar\[286502] arthurgregorio-web-budget\src\main\java\br\com\webbudget\domain\entities\configuration\User.java
D:\Desenvolvimento\Projetos Github\A executar\[286502] arthurgregorio-web-budget\src\main\java\br\com\webbudget\domain\entities\financial\Apportionment.java
D:\Desenvolvimento\Projetos Github\A executar\[286502] arthurgregorio-web-budget\src\main\java\br\com\webbudget\domain\entities\financial\BalanceType.java
D:\Desenvolvimento\Projetos Github\A executar\[286502] arthurgregorio-web-budget\src\main\java\br\com\webbudget\domain\entities\financial\Closing.java
D:\Desenvolvimento\Projetos Github\A executar\[286502] arthurgregorio-web-budget\src\main\java\br\com\webbudget\domain\entities\financial\CreditCardInvoice.java
D:\Desenvolvimento\Projetos Github\A executar\[286502] arthurgregorio-web-budget\src\main\java\br\com\webbudget\domain\entities\financial\FixedMovement.java
D:\Desenvolvimento\Projetos Github\A executar\[286502] arthurgregorio-web-budget\src\main\java\br\com\webbudget\domain\entities\financial\FixedMovementState.java
D:\Desenvolvimento\Projetos Github\A executar\[286502] arthurgregorio-web-budget\src\main\java\br\com\webbudget\domain\entities\financial\InvoiceState.java
D:\Desenvolvimento\Projetos Github\A executar\[286502] arthurgregorio-web-budget\src\main\java\br\com\webbudget\domain\entities\financial\Launch.java
D:\Desenvolvimento\Projetos Github\A executar\[286502] arthurgregorio-web-budget\src\main\java\br\com\webbudget\domain\entities\financial\Movement.java
D:\Desenvolvimento\Projetos Github\A executar\[286502] arthurgregorio-web-budget\src\main\java\br\com\webbudget\domain\entities\financial\Payment.java
D:\Desenvolvimento\Projetos Github\A executar\[286502] arthurgregorio-web-budget\src\main\java\br\com\webbudget\domain\entities\financial\PaymentMethod.java
D:\Desenvolvimento\Projetos Github\A executar\[286502] arthurgregorio-web-budget\src\main\java\br\com\webbudget\domain\entities\financial\PeriodMovement.java
D:\Desenvolvimento\Projetos Github\A executar\[286502] arthurgregorio-web-budget\src\main\java\br\com\webbudget\domain\entities\financial\PeriodMovementState.java
D:\Desenvolvimento\Projetos Github\A executar\[286502] arthurgregorio-web-budget\src\main\java\br\com\webbudget\domain\entities\financial\PeriodMovementType.java
D:\Desenvolvimento\Projetos Github\A executar\[286502] arthurgregorio-web-budget\src\main\java\br\com\webbudget\domain\entities\financial\ReasonType.java
D:\Desenvolvimento\Projetos Github\A executar\[286502] arthurgregorio-web-budget\src\main\java\br\com\webbudget\domain\entities\financial\Transference.java
D:\Desenvolvimento\Projetos Github\A executar\[286502] arthurgregorio-web-budget\src\main\java\br\com\webbudget\domain\entities\financial\WalletBalance.java
D:\Desenvolvimento\Projetos Github\A executar\[286502] arthurgregorio-web-budget\src\main\java\br\com\webbudget\domain\entities\journal\Fuel.java
D:\Desenvolvimento\Projetos Github\A executar\[286502] arthurgregorio-web-budget\src\main\java\br\com\webbudget\domain\entities\journal\FuelType.java
D:\Desenvolvimento\Projetos Github\A executar\[286502] arthurgregorio-web-budget\src\main\java\br\com\webbudget\domain\entities\journal\Refueling.java
D:\Desenvolvimento\Projetos Github\A executar\[286502] arthurgregorio-web-budget\src\main\java\br\com\webbudget\domain\entities\registration\Address.java
D:\Desenvolvimento\Projetos Github\A executar\[286502] arthurgregorio-web-budget\src\main\java\br\com\webbudget\domain\entities\registration\Card.java
D:\Desenvolvimento\Projetos Github\A executar\[286502] arthurgregorio-web-budget\src\main\java\br\com\webbudget\domain\entities\registration\CardType.java
D:\Desenvolvimento\Projetos Github\A executar\[286502] arthurgregorio-web-budget\src\main\java\br\com\webbudget\domain\entities\registration\Contact.java
D:\Desenvolvimento\Projetos Github\A executar\[286502] arthurgregorio-web-budget\src\main\java\br\com\webbudget\domain\entities\registration\ContactType.java
D:\Desenvolvimento\Projetos Github\A executar\[286502] arthurgregorio-web-budget\src\main\java\br\com\webbudget\domain\entities\registration\CostCenter.java
D:\Desenvolvimento\Projetos Github\A executar\[286502] arthurgregorio-web-budget\src\main\java\br\com\webbudget\domain\entities\registration\FinancialPeriod.java
D:\Desenvolvimento\Projetos Github\A executar\[286502] arthurgregorio-web-budget\src\main\java\br\com\webbudget\domain\entities\registration\MovementClass.java
D:\Desenvolvimento\Projetos Github\A executar\[286502] arthurgregorio-web-budget\src\main\java\br\com\webbudget\domain\entities\registration\MovementClassType.java
D:\Desenvolvimento\Projetos Github\A executar\[286502] arthurgregorio-web-budget\src\main\java\br\com\webbudget\domain\entities\registration\NumberType.java
D:\Desenvolvimento\Projetos Github\A executar\[286502] arthurgregorio-web-budget\src\main\java\br\com\webbudget\domain\entities\registration\Telephone.java
D:\Desenvolvimento\Projetos Github\A executar\[286502] arthurgregorio-web-budget\src\main\java\br\com\webbudget\domain\entities\registration\Vehicle.java
D:\Desenvolvimento\Projetos Github\A executar\[286502] arthurgregorio-web-budget\src\main\java\br\com\webbudget\domain\entities\registration\VehicleType.java
D:\Desenvolvimento\Projetos Github\A executar\[286502] arthurgregorio-web-budget\src\main\java\br\com\webbudget\domain\entities\registration\Wallet.java
D:\Desenvolvimento\Projetos Github\A executar\[286502] arthurgregorio-web-budget\src\main\java\br\com\webbudget\domain\entities\registration\WalletType.java
D:\Desenvolvimento\Projetos Github\A executar\[286502] arthurgregorio-web-budget\src\main\java\br\com\webbudget\domain\entities\view\CardConsume.java
D:\Desenvolvimento\Projetos Github\A executar\[286502] arthurgregorio-web-budget\src\main\java\br\com\webbudget\domain\entities\view\CardConsumeDetailed.java
D:\Desenvolvimento\Projetos Github\A executar\[286502] arthurgregorio-web-budget\src\main\java\br\com\webbudget\domain\entities\view\CostCenterTotal.java
D:\Desenvolvimento\Projetos Github\A executar\[286502] arthurgregorio-web-budget\src\main\java\br\com\webbudget\domain\entities\view\DailyUse.java
D:\Desenvolvimento\Projetos Github\A executar\[286502] arthurgregorio-web-budget\src\main\java\br\com\webbudget\domain\entities\view\MovementClassTotal.java
D:\Desenvolvimento\Projetos Github\A executar\[286502] arthurgregorio-web-budget\src\main\java\br\com\webbudget\domain\entities\view\OpenPeriodResult.java
D:\Desenvolvimento\Projetos Github\A executar\[286502] arthurgregorio-web-budget\src\main\java\br\com\webbudget\domain\entities\view\OpenPeriodResume.java
D:\Desenvolvimento\Projetos Github\A executar\[286502] arthurgregorio-web-budget\src\main\java\br\com\webbudget\domain\entities\view\PeriodResult.java
D:\Desenvolvimento\Projetos Github\A executar\[286502] arthurgregorio-web-budget\src\main\java\br\com\webbudget\domain\entities\view\UseByCostCenter.java
D:\Desenvolvimento\Projetos Github\A executar\[286502] arthurgregorio-web-budget\src\main\java\br\com\webbudget\domain\entities\view\UseByMovementClass.java
D:\Desenvolvimento\Projetos Github\A executar\[286502] arthurgregorio-web-budget\src\main\java\br\com\webbudget\domain\repositories\configuration\AuthorizationRepository.java
D:\Desenvolvimento\Projetos Github\A executar\[286502] arthurgregorio-web-budget\src\main\java\br\com\webbudget\domain\repositories\configuration\ConfigurationRepository.java
D:\Desenvolvimento\Projetos Github\A executar\[286502] arthurgregorio-web-budget\src\main\java\br\com\webbudget\domain\repositories\configuration\GrantRepository.java
D:\Desenvolvimento\Projetos Github\A executar\[286502] arthurgregorio-web-budget\src\main\java\br\com\webbudget\domain\repositories\configuration\GroupRepository.java
D:\Desenvolvimento\Projetos Github\A executar\[286502] arthurgregorio-web-budget\src\main\java\br\com\webbudget\domain\repositories\configuration\ProfileRepository.java
D:\Desenvolvimento\Projetos Github\A executar\[286502] arthurgregorio-web-budget\src\main\java\br\com\webbudget\domain\repositories\configuration\UserRepository.java
D:\Desenvolvimento\Projetos Github\A executar\[286502] arthurgregorio-web-budget\src\main\java\br\com\webbudget\domain\repositories\financial\ApportionmentRepository.java
D:\Desenvolvimento\Projetos Github\A executar\[286502] arthurgregorio-web-budget\src\main\java\br\com\webbudget\domain\repositories\financial\ClosingRepository.java
D:\Desenvolvimento\Projetos Github\A executar\[286502] arthurgregorio-web-budget\src\main\java\br\com\webbudget\domain\repositories\financial\CreditCardInvoiceRepository.java
D:\Desenvolvimento\Projetos Github\A executar\[286502] arthurgregorio-web-budget\src\main\java\br\com\webbudget\domain\repositories\financial\FixedMovementRepository.java
D:\Desenvolvimento\Projetos Github\A executar\[286502] arthurgregorio-web-budget\src\main\java\br\com\webbudget\domain\repositories\financial\LaunchRepository.java
D:\Desenvolvimento\Projetos Github\A executar\[286502] arthurgregorio-web-budget\src\main\java\br\com\webbudget\domain\repositories\financial\PaymentRepository.java
D:\Desenvolvimento\Projetos Github\A executar\[286502] arthurgregorio-web-budget\src\main\java\br\com\webbudget\domain\repositories\financial\PeriodMovementRepository.java
D:\Desenvolvimento\Projetos Github\A executar\[286502] arthurgregorio-web-budget\src\main\java\br\com\webbudget\domain\repositories\financial\TransferenceRepository.java
D:\Desenvolvimento\Projetos Github\A executar\[286502] arthurgregorio-web-budget\src\main\java\br\com\webbudget\domain\repositories\journal\FuelRepository.java
D:\Desenvolvimento\Projetos Github\A executar\[286502] arthurgregorio-web-budget\src\main\java\br\com\webbudget\domain\repositories\journal\RefuelingRepository.java
D:\Desenvolvimento\Projetos Github\A executar\[286502] arthurgregorio-web-budget\src\main\java\br\com\webbudget\domain\repositories\registration\AddressRepository.java
D:\Desenvolvimento\Projetos Github\A executar\[286502] arthurgregorio-web-budget\src\main\java\br\com\webbudget\domain\repositories\registration\CardRepository.java
D:\Desenvolvimento\Projetos Github\A executar\[286502] arthurgregorio-web-budget\src\main\java\br\com\webbudget\domain\repositories\registration\ContactRepository.java
D:\Desenvolvimento\Projetos Github\A executar\[286502] arthurgregorio-web-budget\src\main\java\br\com\webbudget\domain\repositories\registration\CostCenterRepository.java
D:\Desenvolvimento\Projetos Github\A executar\[286502] arthurgregorio-web-budget\src\main\java\br\com\webbudget\domain\repositories\registration\FinancialPeriodRepository.java
D:\Desenvolvimento\Projetos Github\A executar\[286502] arthurgregorio-web-budget\src\main\java\br\com\webbudget\domain\repositories\registration\MovementClassRepository.java
D:\Desenvolvimento\Projetos Github\A executar\[286502] arthurgregorio-web-budget\src\main\java\br\com\webbudget\domain\repositories\registration\TelephoneRepository.java
D:\Desenvolvimento\Projetos Github\A executar\[286502] arthurgregorio-web-budget\src\main\java\br\com\webbudget\domain\repositories\registration\VehicleRepository.java
D:\Desenvolvimento\Projetos Github\A executar\[286502] arthurgregorio-web-budget\src\main\java\br\com\webbudget\domain\repositories\registration\WalletBalanceRepository.java
D:\Desenvolvimento\Projetos Github\A executar\[286502] arthurgregorio-web-budget\src\main\java\br\com\webbudget\domain\repositories\registration\WalletRepository.java
D:\Desenvolvimento\Projetos Github\A executar\[286502] arthurgregorio-web-budget\src\main\java\br\com\webbudget\domain\repositories\view\CardConsumeDetailedRepository.java
D:\Desenvolvimento\Projetos Github\A executar\[286502] arthurgregorio-web-budget\src\main\java\br\com\webbudget\domain\repositories\view\CardConsumeRepository.java
D:\Desenvolvimento\Projetos Github\A executar\[286502] arthurgregorio-web-budget\src\main\java\br\com\webbudget\domain\repositories\view\CostCenterTotalRepository.java
D:\Desenvolvimento\Projetos Github\A executar\[286502] arthurgregorio-web-budget\src\main\java\br\com\webbudget\domain\repositories\view\DailyUseRepository.java
D:\Desenvolvimento\Projetos Github\A executar\[286502] arthurgregorio-web-budget\src\main\java\br\com\webbudget\domain\repositories\view\MovementClassTotalRepository.java
D:\Desenvolvimento\Projetos Github\A executar\[286502] arthurgregorio-web-budget\src\main\java\br\com\webbudget\domain\repositories\view\OpenPeriodResultRepository.java
D:\Desenvolvimento\Projetos Github\A executar\[286502] arthurgregorio-web-budget\src\main\java\br\com\webbudget\domain\repositories\view\OpenPeriodResumeRepository.java
D:\Desenvolvimento\Projetos Github\A executar\[286502] arthurgregorio-web-budget\src\main\java\br\com\webbudget\domain\repositories\view\PeriodResultRepository.java
D:\Desenvolvimento\Projetos Github\A executar\[286502] arthurgregorio-web-budget\src\main\java\br\com\webbudget\domain\repositories\view\UseByCostCenterRepository.java
D:\Desenvolvimento\Projetos Github\A executar\[286502] arthurgregorio-web-budget\src\main\java\br\com\webbudget\domain\repositories\view\UseByMovementClassRepository.java
D:\Desenvolvimento\Projetos Github\A executar\[286502] arthurgregorio-web-budget\src\main\java\br\com\webbudget\infrastructure\cdi\qualifiers\AuthenticatedUser.java
D:\Desenvolvimento\Projetos Github\A executar\[286502] arthurgregorio-web-budget\src\main\java\br\com\webbudget\infrastructure\initializer\tasks\CreateAdminGroupTask.java
D:\Desenvolvimento\Projetos Github\A executar\[286502] arthurgregorio-web-budget\src\main\java\br\com\webbudget\infrastructure\initializer\tasks\CreateAdminUserTask.java
D:\Desenvolvimento\Projetos Github\A executar\[286502] arthurgregorio-web-budget\src\main\java\br\com\webbudget\infrastructure\initializer\tasks\CreateAuthorizationsTask.java
D:\Desenvolvimento\Projetos Github\A executar\[286502] arthurgregorio-web-budget\src\main\java\br\com\webbudget\infrastructure\initializer\tasks\CreateDefaultConfigurationTask.java
D:\Desenvolvimento\Projetos Github\A executar\[286502] arthurgregorio-web-budget\src\main\java\br\com\webbudget\infrastructure\initializer\tasks\FlywayMigrationsTask.java
D:\Desenvolvimento\Projetos Github\A executar\[286502] arthurgregorio-web-budget\src\main\java\br\com\webbudget\infrastructure\jsf\converters\LocalDateConverter.java
D:\Desenvolvimento\Projetos Github\A executar\[286502] arthurgregorio-web-budget\src\main\java\br\com\webbudget\infrastructure\jsf\converters\LocalDateTimeConverter.java
D:\Desenvolvimento\Projetos Github\A executar\[286502] arthurgregorio-web-budget\src\main\java\br\com\webbudget\infrastructure\jsf\converters\LocalTimeConverter.java
D:\Desenvolvimento\Projetos Github\A executar\[286502] arthurgregorio-web-budget\src\main\java\br\com\webbudget\infrastructure\jsf\converters\RgbColorConverter.java
D:\Desenvolvimento\Projetos Github\A executar\[286502] arthurgregorio-web-budget\src\main\java\br\com\webbudget\infrastructure\jsf\exception\BusinessLogicExceptionHandler.java
D:\Desenvolvimento\Projetos Github\A executar\[286502] arthurgregorio-web-budget\src\main\java\br\com\webbudget\infrastructure\jsf\exception\ConstraintViolationExceptionHandler.java
D:\Desenvolvimento\Projetos Github\A executar\[286502] arthurgregorio-web-budget\src\main\java\br\com\webbudget\infrastructure\jsf\exception\CustomExceptionHandler.java
D:\Desenvolvimento\Projetos Github\A executar\[286502] arthurgregorio-web-budget\src\main\java\br\com\webbudget\infrastructure\jsf\exception\CustomExceptionHandlerFactory.java
D:\Desenvolvimento\Projetos Github\A executar\[286502] arthurgregorio-web-budget\src\main\java\br\com\webbudget\infrastructure\jsf\exception\CustomExceptionHandlerWrapper.java
D:\Desenvolvimento\Projetos Github\A executar\[286502] arthurgregorio-web-budget\src\main\java\br\com\webbudget\infrastructure\jsf\exception\UndefinedExceptionHandler.java
D:\Desenvolvimento\Projetos Github\A executar\[286502] arthurgregorio-web-budget\src\main\java\br\com\webbudget\infrastructure\jsf\primefaces\AutoCloseMessages.java
D:\Desenvolvimento\Projetos Github\A executar\[286502] arthurgregorio-web-budget\src\main\java\br\com\webbudget\infrastructure\jsf\primefaces\CustomAutoCompleteRenderer.java
D:\Desenvolvimento\Projetos Github\A executar\[286502] arthurgregorio-web-budget\src\main\java\br\com\webbudget\infrastructure\jsf\primefaces\CustomCalendarRenderer.java
D:\Desenvolvimento\Projetos Github\A executar\[286502] arthurgregorio-web-budget\src\main\java\br\com\webbudget\infrastructure\jsf\primefaces\CustomInputNumberRenderer.java
D:\Desenvolvimento\Projetos Github\A executar\[286502] arthurgregorio-web-budget\src\main\java\br\com\webbudget\application\components\ui\chart\AbstractChartModel.java
D:\Desenvolvimento\Projetos Github\A executar\[286502] arthurgregorio-web-budget\src\main\java\br\com\webbudget\application\components\ui\chart\ChartUtils.java
D:\Desenvolvimento\Projetos Github\A executar\[286502] arthurgregorio-web-budget\src\main\java\br\com\webbudget\application\components\ui\chart\LineChartDataset.java
D:\Desenvolvimento\Projetos Github\A executar\[286502] arthurgregorio-web-budget\src\main\java\br\com\webbudget\application\components\ui\chart\LineChartModel.java
D:\Desenvolvimento\Projetos Github\A executar\[286502] arthurgregorio-web-budget\src\main\java\br\com\webbudget\application\components\ui\chart\PieChartDataset.java
D:\Desenvolvimento\Projetos Github\A executar\[286502] arthurgregorio-web-budget\src\main\java\br\com\webbudget\application\components\ui\chart\PieChartModel.java
D:\Desenvolvimento\Projetos Github\A executar\[286502] arthurgregorio-web-budget\src\main\java\br\com\webbudget\application\components\ui\filter\BasicFilter.java
D:\Desenvolvimento\Projetos Github\A executar\[286502] arthurgregorio-web-budget\src\main\java\br\com\webbudget\application\components\ui\filter\FinancialPeriodFilter.java
D:\Desenvolvimento\Projetos Github\A executar\[286502] arthurgregorio-web-budget\src\main\java\br\com\webbudget\application\components\ui\filter\FixedMovementFilter.java
D:\Desenvolvimento\Projetos Github\A executar\[286502] arthurgregorio-web-budget\src\main\java\br\com\webbudget\application\components\ui\filter\LazyFilter.java
D:\Desenvolvimento\Projetos Github\A executar\[286502] arthurgregorio-web-budget\src\main\java\br\com\webbudget\application\components\ui\filter\PeriodMovementFilter.java
D:\Desenvolvimento\Projetos Github\A executar\[286502] arthurgregorio-web-budget\src\main\java\br\com\webbudget\application\components\ui\table\LazyDataProvider.java
D:\Desenvolvimento\Projetos Github\A executar\[286502] arthurgregorio-web-budget\src\main\java\br\com\webbudget\application\components\ui\table\LazyModel.java
D:\Desenvolvimento\Projetos Github\A executar\[286502] arthurgregorio-web-budget\src\main\java\br\com\webbudget\application\components\ui\table\Page.java
D:\Desenvolvimento\Projetos Github\A executar\[286502] arthurgregorio-web-budget\src\main\java\br\com\webbudget\domain\logics\financial\closing\ChangePeriodMovementStatusLogic.java
D:\Desenvolvimento\Projetos Github\A executar\[286502] arthurgregorio-web-budget\src\main\java\br\com\webbudget\domain\logics\financial\closing\ClosingSavingLogic.java
D:\Desenvolvimento\Projetos Github\A executar\[286502] arthurgregorio-web-budget\src\main\java\br\com\webbudget\domain\logics\financial\closing\DeleteClosingLogic.java
D:\Desenvolvimento\Projetos Github\A executar\[286502] arthurgregorio-web-budget\src\main\java\br\com\webbudget\domain\logics\financial\closing\DeleteUnusedInvoicesLogic.java
D:\Desenvolvimento\Projetos Github\A executar\[286502] arthurgregorio-web-budget\src\main\java\br\com\webbudget\domain\logics\financial\closing\ReopenPeriodLogic.java
D:\Desenvolvimento\Projetos Github\A executar\[286502] arthurgregorio-web-budget\src\main\java\br\com\webbudget\domain\logics\financial\closing\RollbackInvoicesLogic.java
D:\Desenvolvimento\Projetos Github\A executar\[286502] arthurgregorio-web-budget\src\main\java\br\com\webbudget\domain\logics\financial\closing\RollbackPeriodMovementStatusLogic.java
D:\Desenvolvimento\Projetos Github\A executar\[286502] arthurgregorio-web-budget\src\main\java\br\com\webbudget\domain\logics\financial\closing\RollbackPeriodStatusLogic.java
D:\Desenvolvimento\Projetos Github\A executar\[286502] arthurgregorio-web-budget\src\main\java\br\com\webbudget\domain\logics\financial\closing\UpdatePeriodStatusLogic.java
D:\Desenvolvimento\Projetos Github\A executar\[286502] arthurgregorio-web-budget\src\main\java\br\com\webbudget\domain\logics\financial\payment\InvoiceStateValidator.java
D:\Desenvolvimento\Projetos Github\A executar\[286502] arthurgregorio-web-budget\src\main\java\br\com\webbudget\domain\logics\financial\payment\PaymentMethodValidator.java
D:\Desenvolvimento\Projetos Github\A executar\[286502] arthurgregorio-web-budget\src\main\java\br\com\webbudget\domain\logics\financial\payment\PaymentSavingLogic.java
D:\Desenvolvimento\Projetos Github\A executar\[286502] arthurgregorio-web-budget\src\main\java\br\com\webbudget\domain\logics\financial\payment\PaymentValueValidator.java
D:\Desenvolvimento\Projetos Github\A executar\[286502] arthurgregorio-web-budget\src\main\java\br\com\webbudget\domain\logics\financial\transference\NegativeValueValidator.java
D:\Desenvolvimento\Projetos Github\A executar\[286502] arthurgregorio-web-budget\src\main\java\br\com\webbudget\domain\logics\financial\transference\OriginAndDestinationValidator.java
D:\Desenvolvimento\Projetos Github\A executar\[286502] arthurgregorio-web-budget\src\main\java\br\com\webbudget\domain\logics\financial\transference\TransferenceSavingLogic.java
D:\Desenvolvimento\Projetos Github\A executar\[286502] arthurgregorio-web-budget\src\main\java\br\com\webbudget\domain\logics\registration\card\CardDeletingLogic.java
D:\Desenvolvimento\Projetos Github\A executar\[286502] arthurgregorio-web-budget\src\main\java\br\com\webbudget\domain\logics\registration\card\CardDuplicatesValidator.java
D:\Desenvolvimento\Projetos Github\A executar\[286502] arthurgregorio-web-budget\src\main\java\br\com\webbudget\domain\logics\registration\card\CardSavingLogic.java
D:\Desenvolvimento\Projetos Github\A executar\[286502] arthurgregorio-web-budget\src\main\java\br\com\webbudget\domain\logics\registration\card\CardUpdatingLogic.java
D:\Desenvolvimento\Projetos Github\A executar\[286502] arthurgregorio-web-budget\src\main\java\br\com\webbudget\domain\logics\registration\card\DebitCardWalletValidator.java
D:\Desenvolvimento\Projetos Github\A executar\[286502] arthurgregorio-web-budget\src\main\java\br\com\webbudget\domain\logics\registration\card\DueDayValidator.java
D:\Desenvolvimento\Projetos Github\A executar\[286502] arthurgregorio-web-budget\src\main\java\br\com\webbudget\domain\logics\registration\card\InvoiceValidator.java
D:\Desenvolvimento\Projetos Github\A executar\[286502] arthurgregorio-web-budget\src\main\java\br\com\webbudget\domain\logics\registration\costcenter\CostCenterDuplicatesValidator.java
D:\Desenvolvimento\Projetos Github\A executar\[286502] arthurgregorio-web-budget\src\main\java\br\com\webbudget\domain\logics\registration\costcenter\CostCenterSavingLogic.java
D:\Desenvolvimento\Projetos Github\A executar\[286502] arthurgregorio-web-budget\src\main\java\br\com\webbudget\domain\logics\registration\costcenter\CostCenterUpdatingLogic.java
D:\Desenvolvimento\Projetos Github\A executar\[286502] arthurgregorio-web-budget\src\main\java\br\com\webbudget\domain\logics\registration\costcenter\DeactivateClassesLogic.java
D:\Desenvolvimento\Projetos Github\A executar\[286502] arthurgregorio-web-budget\src\main\java\br\com\webbudget\domain\logics\registration\financialperiod\InvoiceDeletingLogic.java
D:\Desenvolvimento\Projetos Github\A executar\[286502] arthurgregorio-web-budget\src\main\java\br\com\webbudget\domain\logics\registration\financialperiod\PeriodDatesValidator.java
D:\Desenvolvimento\Projetos Github\A executar\[286502] arthurgregorio-web-budget\src\main\java\br\com\webbudget\domain\logics\registration\financialperiod\PeriodDeletingLogic.java
D:\Desenvolvimento\Projetos Github\A executar\[286502] arthurgregorio-web-budget\src\main\java\br\com\webbudget\domain\logics\registration\financialperiod\PeriodDuplicatesValidator.java
D:\Desenvolvimento\Projetos Github\A executar\[286502] arthurgregorio-web-budget\src\main\java\br\com\webbudget\domain\logics\registration\financialperiod\PeriodSavingLogic.java
D:\Desenvolvimento\Projetos Github\A executar\[286502] arthurgregorio-web-budget\src\main\java\br\com\webbudget\domain\logics\registration\movementclass\MovementClassBudgetValidator.java
D:\Desenvolvimento\Projetos Github\A executar\[286502] arthurgregorio-web-budget\src\main\java\br\com\webbudget\domain\logics\registration\movementclass\MovementClassDuplicatesValidator.java
D:\Desenvolvimento\Projetos Github\A executar\[286502] arthurgregorio-web-budget\src\main\java\br\com\webbudget\domain\logics\registration\movementclass\MovementClassSavingLogic.java
D:\Desenvolvimento\Projetos Github\A executar\[286502] arthurgregorio-web-budget\src\main\java\br\com\webbudget\domain\logics\registration\movementclass\MovementClassUpdatingLogic.java
D:\Desenvolvimento\Projetos Github\A executar\[286502] arthurgregorio-web-budget\src\main\java\br\com\webbudget\domain\logics\registration\vehicle\LicensePlateValidator.java
D:\Desenvolvimento\Projetos Github\A executar\[286502] arthurgregorio-web-budget\src\main\java\br\com\webbudget\domain\logics\registration\vehicle\VehicleSavingLogic.java
D:\Desenvolvimento\Projetos Github\A executar\[286502] arthurgregorio-web-budget\src\main\java\br\com\webbudget\domain\logics\registration\wallet\WalletDuplicatesValidator.java
D:\Desenvolvimento\Projetos Github\A executar\[286502] arthurgregorio-web-budget\src\main\java\br\com\webbudget\domain\logics\registration\wallet\WalletSavingLogic.java
D:\Desenvolvimento\Projetos Github\A executar\[286502] arthurgregorio-web-budget\src\main\java\br\com\webbudget\domain\logics\registration\wallet\WalletUpdatingLogic.java
D:\Desenvolvimento\Projetos Github\A executar\[286502] arthurgregorio-web-budget\src\main\java\br\com\webbudget\domain\logics\tools\group\DeleteAdminGroupLogic.java
D:\Desenvolvimento\Projetos Github\A executar\[286502] arthurgregorio-web-budget\src\main\java\br\com\webbudget\domain\logics\tools\group\GroupDeletingLogic.java
D:\Desenvolvimento\Projetos Github\A executar\[286502] arthurgregorio-web-budget\src\main\java\br\com\webbudget\domain\logics\tools\user\DeleteAdminUserLogic.java
D:\Desenvolvimento\Projetos Github\A executar\[286502] arthurgregorio-web-budget\src\main\java\br\com\webbudget\domain\logics\tools\user\PasswordLogic.java
D:\Desenvolvimento\Projetos Github\A executar\[286502] arthurgregorio-web-budget\src\main\java\br\com\webbudget\domain\logics\tools\user\UserDeletingLogic.java
D:\Desenvolvimento\Projetos Github\A executar\[286502] arthurgregorio-web-budget\src\main\java\br\com\webbudget\domain\logics\tools\user\UserMailLogic.java
D:\Desenvolvimento\Projetos Github\A executar\[286502] arthurgregorio-web-budget\src\main\java\br\com\webbudget\domain\logics\tools\user\UsernameLogic.java
D:\Desenvolvimento\Projetos Github\A executar\[286502] arthurgregorio-web-budget\src\main\java\br\com\webbudget\domain\logics\tools\user\UserSavingLogic.java
D:\Desenvolvimento\Projetos Github\A executar\[286502] arthurgregorio-web-budget\src\main\java\br\com\webbudget\domain\logics\tools\user\UserUpdatingLogic.java
D:\Desenvolvimento\Projetos Github\A executar\[286502] arthurgregorio-web-budget\src\main\java\br\com\webbudget\domain\logics\financial\movement\fixed\AlreadyUsedValidator.java
D:\Desenvolvimento\Projetos Github\A executar\[286502] arthurgregorio-web-budget\src\main\java\br\com\webbudget\domain\logics\financial\movement\fixed\ContainsApportionmentValidator.java
D:\Desenvolvimento\Projetos Github\A executar\[286502] arthurgregorio-web-budget\src\main\java\br\com\webbudget\domain\logics\financial\movement\fixed\FixedMovementDeletingLogic.java
D:\Desenvolvimento\Projetos Github\A executar\[286502] arthurgregorio-web-budget\src\main\java\br\com\webbudget\domain\logics\financial\movement\fixed\FixedMovementSavingLogic.java
D:\Desenvolvimento\Projetos Github\A executar\[286502] arthurgregorio-web-budget\src\main\java\br\com\webbudget\domain\logics\financial\movement\fixed\QuotesValidator.java
D:\Desenvolvimento\Projetos Github\A executar\[286502] arthurgregorio-web-budget\src\main\java\br\com\webbudget\domain\logics\financial\movement\period\AccountedMovementValidator.java
D:\Desenvolvimento\Projetos Github\A executar\[286502] arthurgregorio-web-budget\src\main\java\br\com\webbudget\domain\logics\financial\movement\period\ContainsApportionmentsValidator.java
D:\Desenvolvimento\Projetos Github\A executar\[286502] arthurgregorio-web-budget\src\main\java\br\com\webbudget\domain\logics\financial\movement\period\InvoiceLinkValidator.java
D:\Desenvolvimento\Projetos Github\A executar\[286502] arthurgregorio-web-budget\src\main\java\br\com\webbudget\domain\logics\financial\movement\period\PeriodMovementDeletingLogic.java
D:\Desenvolvimento\Projetos Github\A executar\[286502] arthurgregorio-web-budget\src\main\java\br\com\webbudget\domain\logics\financial\movement\period\PeriodMovementSavingLogic.java
D:\Desenvolvimento\Projetos Github\A executar\[286502] arthurgregorio-web-budget\src\main\java\br\com\webbudget\domain\logics\financial\movement\period\PeriodMovementUpdatingLogic.java
D:\Desenvolvimento\Projetos Github\A executar\[286502] arthurgregorio-web-budget\src\main\java\br\com\webbudget\domain\logics\financial\movement\period\QuoteDeleteLogic.java
D:\Desenvolvimento\Projetos Github\A executar\[286502] arthurgregorio-web-budget\src\main\java\br\com\webbudget\domain\logics\financial\movement\period\ValueValidator.java
-- Source dirs
D:\Desenvolvimento\Projetos Github\A executar\[286502] arthurgregorio-web-budget\src\main\java
-- Test dirs

