31/10/2019 22:07:49 ufrn.dimap.lets.ehmetrics.projectresolver.JavaProject#resolveArtifacts - INFO: [290071] RoaringBitmap-RoaringBitmap files...
-- Java files
D:\Desenvolvimento\Projetos Github\A executar\[290071] RoaringBitmap-RoaringBitmap\examples\Basic.java
D:\Desenvolvimento\Projetos Github\A executar\[290071] RoaringBitmap-RoaringBitmap\examples\Bitmap64.java
D:\Desenvolvimento\Projetos Github\A executar\[290071] RoaringBitmap-RoaringBitmap\examples\CompressionResults.java
D:\Desenvolvimento\Projetos Github\A executar\[290071] RoaringBitmap-RoaringBitmap\examples\ForEachExample.java
D:\Desenvolvimento\Projetos Github\A executar\[290071] RoaringBitmap-RoaringBitmap\examples\ImmutableRoaringBitmapExample.java
D:\Desenvolvimento\Projetos Github\A executar\[290071] RoaringBitmap-RoaringBitmap\examples\IntervalCheck.java
D:\Desenvolvimento\Projetos Github\A executar\[290071] RoaringBitmap-RoaringBitmap\examples\MemoryMappingExample.java
D:\Desenvolvimento\Projetos Github\A executar\[290071] RoaringBitmap-RoaringBitmap\examples\PagedIterator.java
D:\Desenvolvimento\Projetos Github\A executar\[290071] RoaringBitmap-RoaringBitmap\examples\SerializeToByteArrayExample.java
D:\Desenvolvimento\Projetos Github\A executar\[290071] RoaringBitmap-RoaringBitmap\examples\SerializeToByteBufferExample.java
D:\Desenvolvimento\Projetos Github\A executar\[290071] RoaringBitmap-RoaringBitmap\examples\SerializeToDiskExample.java
D:\Desenvolvimento\Projetos Github\A executar\[290071] RoaringBitmap-RoaringBitmap\examples\SerializeToStringExample.java
D:\Desenvolvimento\Projetos Github\A executar\[290071] RoaringBitmap-RoaringBitmap\examples\VeryLargeBitmap.java
D:\Desenvolvimento\Projetos Github\A executar\[290071] RoaringBitmap-RoaringBitmap\simplebenchmark\simplebenchmark.java
D:\Desenvolvimento\Projetos Github\A executar\[290071] RoaringBitmap-RoaringBitmap\fuzz-tests\src\test\java\org\roaringbitmap\BufferFuzzer.java
D:\Desenvolvimento\Projetos Github\A executar\[290071] RoaringBitmap-RoaringBitmap\fuzz-tests\src\test\java\org\roaringbitmap\Fuzzer.java
D:\Desenvolvimento\Projetos Github\A executar\[290071] RoaringBitmap-RoaringBitmap\fuzz-tests\src\test\java\org\roaringbitmap\RandomisedTestData.java
D:\Desenvolvimento\Projetos Github\A executar\[290071] RoaringBitmap-RoaringBitmap\fuzz-tests\src\test\java\org\roaringbitmap\Reporter.java
D:\Desenvolvimento\Projetos Github\A executar\[290071] RoaringBitmap-RoaringBitmap\jmh\src\main\java\org\roaringbitmap\AbstractBenchmarkState.java
D:\Desenvolvimento\Projetos Github\A executar\[290071] RoaringBitmap-RoaringBitmap\jmh\src\main\java\org\roaringbitmap\BasicBenchmark.java
D:\Desenvolvimento\Projetos Github\A executar\[290071] RoaringBitmap-RoaringBitmap\jmh\src\main\java\org\roaringbitmap\BitSetUtilBenchmark.java
D:\Desenvolvimento\Projetos Github\A executar\[290071] RoaringBitmap-RoaringBitmap\jmh\src\main\java\org\roaringbitmap\RandomData.java
D:\Desenvolvimento\Projetos Github\A executar\[290071] RoaringBitmap-RoaringBitmap\jmh\src\main\java\org\roaringbitmap\RangeOperationBenchmark.java
D:\Desenvolvimento\Projetos Github\A executar\[290071] RoaringBitmap-RoaringBitmap\jmh\src\main\java\org\roaringbitmap\RoaringOnlyBenchmarkState.java
D:\Desenvolvimento\Projetos Github\A executar\[290071] RoaringBitmap-RoaringBitmap\jmh\src\main\java\org\roaringbitmap\UtilBenchmark.java
D:\Desenvolvimento\Projetos Github\A executar\[290071] RoaringBitmap-RoaringBitmap\real-roaring-dataset\src\main\java\org\roaringbitmap\RealDataset.java
D:\Desenvolvimento\Projetos Github\A executar\[290071] RoaringBitmap-RoaringBitmap\real-roaring-dataset\src\main\java\org\roaringbitmap\ZipRealDataRangeRetriever.java
D:\Desenvolvimento\Projetos Github\A executar\[290071] RoaringBitmap-RoaringBitmap\real-roaring-dataset\src\main\java\org\roaringbitmap\ZipRealDataRetriever.java
D:\Desenvolvimento\Projetos Github\A executar\[290071] RoaringBitmap-RoaringBitmap\roaringbitmap\src\main\java\org\roaringbitmap\AppendableStorage.java
D:\Desenvolvimento\Projetos Github\A executar\[290071] RoaringBitmap-RoaringBitmap\roaringbitmap\src\main\java\org\roaringbitmap\ArrayBatchIterator.java
D:\Desenvolvimento\Projetos Github\A executar\[290071] RoaringBitmap-RoaringBitmap\roaringbitmap\src\main\java\org\roaringbitmap\ArrayContainer.java
D:\Desenvolvimento\Projetos Github\A executar\[290071] RoaringBitmap-RoaringBitmap\roaringbitmap\src\main\java\org\roaringbitmap\BatchIntIterator.java
D:\Desenvolvimento\Projetos Github\A executar\[290071] RoaringBitmap-RoaringBitmap\roaringbitmap\src\main\java\org\roaringbitmap\BatchIterator.java
D:\Desenvolvimento\Projetos Github\A executar\[290071] RoaringBitmap-RoaringBitmap\roaringbitmap\src\main\java\org\roaringbitmap\BitmapBatchIterator.java
D:\Desenvolvimento\Projetos Github\A executar\[290071] RoaringBitmap-RoaringBitmap\roaringbitmap\src\main\java\org\roaringbitmap\BitmapContainer.java
D:\Desenvolvimento\Projetos Github\A executar\[290071] RoaringBitmap-RoaringBitmap\roaringbitmap\src\main\java\org\roaringbitmap\BitmapDataProvider.java
D:\Desenvolvimento\Projetos Github\A executar\[290071] RoaringBitmap-RoaringBitmap\roaringbitmap\src\main\java\org\roaringbitmap\BitmapDataProviderSupplier.java
D:\Desenvolvimento\Projetos Github\A executar\[290071] RoaringBitmap-RoaringBitmap\roaringbitmap\src\main\java\org\roaringbitmap\BitSetUtil.java
D:\Desenvolvimento\Projetos Github\A executar\[290071] RoaringBitmap-RoaringBitmap\roaringbitmap\src\main\java\org\roaringbitmap\ConstantMemoryContainerAppender.java
D:\Desenvolvimento\Projetos Github\A executar\[290071] RoaringBitmap-RoaringBitmap\roaringbitmap\src\main\java\org\roaringbitmap\Container.java
D:\Desenvolvimento\Projetos Github\A executar\[290071] RoaringBitmap-RoaringBitmap\roaringbitmap\src\main\java\org\roaringbitmap\ContainerAppender.java
D:\Desenvolvimento\Projetos Github\A executar\[290071] RoaringBitmap-RoaringBitmap\roaringbitmap\src\main\java\org\roaringbitmap\ContainerBatchIterator.java
D:\Desenvolvimento\Projetos Github\A executar\[290071] RoaringBitmap-RoaringBitmap\roaringbitmap\src\main\java\org\roaringbitmap\ContainerPointer.java
D:\Desenvolvimento\Projetos Github\A executar\[290071] RoaringBitmap-RoaringBitmap\roaringbitmap\src\main\java\org\roaringbitmap\FastAggregation.java
D:\Desenvolvimento\Projetos Github\A executar\[290071] RoaringBitmap-RoaringBitmap\roaringbitmap\src\main\java\org\roaringbitmap\FastRankRoaringBitmap.java
D:\Desenvolvimento\Projetos Github\A executar\[290071] RoaringBitmap-RoaringBitmap\roaringbitmap\src\main\java\org\roaringbitmap\ImmutableBitmapDataProvider.java
D:\Desenvolvimento\Projetos Github\A executar\[290071] RoaringBitmap-RoaringBitmap\roaringbitmap\src\main\java\org\roaringbitmap\IntConsumer.java
D:\Desenvolvimento\Projetos Github\A executar\[290071] RoaringBitmap-RoaringBitmap\roaringbitmap\src\main\java\org\roaringbitmap\IntIterator.java
D:\Desenvolvimento\Projetos Github\A executar\[290071] RoaringBitmap-RoaringBitmap\roaringbitmap\src\main\java\org\roaringbitmap\IntIteratorFlyweight.java
D:\Desenvolvimento\Projetos Github\A executar\[290071] RoaringBitmap-RoaringBitmap\roaringbitmap\src\main\java\org\roaringbitmap\InvalidRoaringFormat.java
D:\Desenvolvimento\Projetos Github\A executar\[290071] RoaringBitmap-RoaringBitmap\roaringbitmap\src\main\java\org\roaringbitmap\package-info.java
D:\Desenvolvimento\Projetos Github\A executar\[290071] RoaringBitmap-RoaringBitmap\roaringbitmap\src\main\java\org\roaringbitmap\ParallelAggregation.java
D:\Desenvolvimento\Projetos Github\A executar\[290071] RoaringBitmap-RoaringBitmap\roaringbitmap\src\main\java\org\roaringbitmap\PeekableIntIterator.java
D:\Desenvolvimento\Projetos Github\A executar\[290071] RoaringBitmap-RoaringBitmap\roaringbitmap\src\main\java\org\roaringbitmap\PeekableIntRankIterator.java
D:\Desenvolvimento\Projetos Github\A executar\[290071] RoaringBitmap-RoaringBitmap\roaringbitmap\src\main\java\org\roaringbitmap\PeekableShortIterator.java
D:\Desenvolvimento\Projetos Github\A executar\[290071] RoaringBitmap-RoaringBitmap\roaringbitmap\src\main\java\org\roaringbitmap\PeekableShortRankIterator.java
D:\Desenvolvimento\Projetos Github\A executar\[290071] RoaringBitmap-RoaringBitmap\roaringbitmap\src\main\java\org\roaringbitmap\ReverseIntIteratorFlyweight.java
D:\Desenvolvimento\Projetos Github\A executar\[290071] RoaringBitmap-RoaringBitmap\roaringbitmap\src\main\java\org\roaringbitmap\RoaringArray.java
D:\Desenvolvimento\Projetos Github\A executar\[290071] RoaringBitmap-RoaringBitmap\roaringbitmap\src\main\java\org\roaringbitmap\RoaringBatchIterator.java
D:\Desenvolvimento\Projetos Github\A executar\[290071] RoaringBitmap-RoaringBitmap\roaringbitmap\src\main\java\org\roaringbitmap\RoaringBitmap.java
D:\Desenvolvimento\Projetos Github\A executar\[290071] RoaringBitmap-RoaringBitmap\roaringbitmap\src\main\java\org\roaringbitmap\RoaringBitmapSupplier.java
D:\Desenvolvimento\Projetos Github\A executar\[290071] RoaringBitmap-RoaringBitmap\roaringbitmap\src\main\java\org\roaringbitmap\RoaringBitmapWriter.java
D:\Desenvolvimento\Projetos Github\A executar\[290071] RoaringBitmap-RoaringBitmap\roaringbitmap\src\main\java\org\roaringbitmap\RunBatchIterator.java
D:\Desenvolvimento\Projetos Github\A executar\[290071] RoaringBitmap-RoaringBitmap\roaringbitmap\src\main\java\org\roaringbitmap\RunContainer.java
D:\Desenvolvimento\Projetos Github\A executar\[290071] RoaringBitmap-RoaringBitmap\roaringbitmap\src\main\java\org\roaringbitmap\ShortIterator.java
D:\Desenvolvimento\Projetos Github\A executar\[290071] RoaringBitmap-RoaringBitmap\roaringbitmap\src\main\java\org\roaringbitmap\Util.java
D:\Desenvolvimento\Projetos Github\A executar\[290071] RoaringBitmap-RoaringBitmap\roaringbitmap\src\main\java\org\roaringbitmap\WordStorage.java
D:\Desenvolvimento\Projetos Github\A executar\[290071] RoaringBitmap-RoaringBitmap\roaringbitmap\src\test\java\org\roaringbitmap\CloneBatchIteratorTest.java
D:\Desenvolvimento\Projetos Github\A executar\[290071] RoaringBitmap-RoaringBitmap\roaringbitmap\src\test\java\org\roaringbitmap\ContainerBatchIteratorTest.java
D:\Desenvolvimento\Projetos Github\A executar\[290071] RoaringBitmap-RoaringBitmap\roaringbitmap\src\test\java\org\roaringbitmap\DirectoryCleanup.java
D:\Desenvolvimento\Projetos Github\A executar\[290071] RoaringBitmap-RoaringBitmap\roaringbitmap\src\test\java\org\roaringbitmap\KryoTest.java
D:\Desenvolvimento\Projetos Github\A executar\[290071] RoaringBitmap-RoaringBitmap\roaringbitmap\src\test\java\org\roaringbitmap\ParallelAggregationTest.java
D:\Desenvolvimento\Projetos Github\A executar\[290071] RoaringBitmap-RoaringBitmap\roaringbitmap\src\test\java\org\roaringbitmap\RoaringArrayTest.java
D:\Desenvolvimento\Projetos Github\A executar\[290071] RoaringBitmap-RoaringBitmap\roaringbitmap\src\test\java\org\roaringbitmap\RoaringBitmapBatchIteratorTest.java
D:\Desenvolvimento\Projetos Github\A executar\[290071] RoaringBitmap-RoaringBitmap\roaringbitmap\src\test\java\org\roaringbitmap\RoaringBitmapIntervalIntersectionTest.java
D:\Desenvolvimento\Projetos Github\A executar\[290071] RoaringBitmap-RoaringBitmap\roaringbitmap\src\test\java\org\roaringbitmap\RoaringBitmapSubsetTest.java
D:\Desenvolvimento\Projetos Github\A executar\[290071] RoaringBitmap-RoaringBitmap\roaringbitmap\src\test\java\org\roaringbitmap\RoaringBitmapWriterRandomisedTest.java
D:\Desenvolvimento\Projetos Github\A executar\[290071] RoaringBitmap-RoaringBitmap\roaringbitmap\src\test\java\org\roaringbitmap\SeededTestData.java
D:\Desenvolvimento\Projetos Github\A executar\[290071] RoaringBitmap-RoaringBitmap\roaringbitmap\src\test\java\org\roaringbitmap\TestAdversarialInputs.java
D:\Desenvolvimento\Projetos Github\A executar\[290071] RoaringBitmap-RoaringBitmap\roaringbitmap\src\test\java\org\roaringbitmap\TestArrayContainer.java
D:\Desenvolvimento\Projetos Github\A executar\[290071] RoaringBitmap-RoaringBitmap\roaringbitmap\src\test\java\org\roaringbitmap\TestBitmapContainer.java
D:\Desenvolvimento\Projetos Github\A executar\[290071] RoaringBitmap-RoaringBitmap\roaringbitmap\src\test\java\org\roaringbitmap\TestBitSetUtil.java
D:\Desenvolvimento\Projetos Github\A executar\[290071] RoaringBitmap-RoaringBitmap\roaringbitmap\src\test\java\org\roaringbitmap\TestConcatenation.java
D:\Desenvolvimento\Projetos Github\A executar\[290071] RoaringBitmap-RoaringBitmap\roaringbitmap\src\test\java\org\roaringbitmap\TestContainer.java
D:\Desenvolvimento\Projetos Github\A executar\[290071] RoaringBitmap-RoaringBitmap\roaringbitmap\src\test\java\org\roaringbitmap\TestFastAggregation.java
D:\Desenvolvimento\Projetos Github\A executar\[290071] RoaringBitmap-RoaringBitmap\roaringbitmap\src\test\java\org\roaringbitmap\TestForEach.java
D:\Desenvolvimento\Projetos Github\A executar\[290071] RoaringBitmap-RoaringBitmap\roaringbitmap\src\test\java\org\roaringbitmap\TestImmutableRoaringBitmap.java
D:\Desenvolvimento\Projetos Github\A executar\[290071] RoaringBitmap-RoaringBitmap\roaringbitmap\src\test\java\org\roaringbitmap\TestIntIteratorFlyweight.java
D:\Desenvolvimento\Projetos Github\A executar\[290071] RoaringBitmap-RoaringBitmap\roaringbitmap\src\test\java\org\roaringbitmap\TestIteratorMemory.java
D:\Desenvolvimento\Projetos Github\A executar\[290071] RoaringBitmap-RoaringBitmap\roaringbitmap\src\test\java\org\roaringbitmap\TestIterators.java
D:\Desenvolvimento\Projetos Github\A executar\[290071] RoaringBitmap-RoaringBitmap\roaringbitmap\src\test\java\org\roaringbitmap\TestMemory.java
D:\Desenvolvimento\Projetos Github\A executar\[290071] RoaringBitmap-RoaringBitmap\roaringbitmap\src\test\java\org\roaringbitmap\TestRange.java
D:\Desenvolvimento\Projetos Github\A executar\[290071] RoaringBitmap-RoaringBitmap\roaringbitmap\src\test\java\org\roaringbitmap\TestRangeCardinality.java
D:\Desenvolvimento\Projetos Github\A executar\[290071] RoaringBitmap-RoaringBitmap\roaringbitmap\src\test\java\org\roaringbitmap\TestRankIterator.java
D:\Desenvolvimento\Projetos Github\A executar\[290071] RoaringBitmap-RoaringBitmap\roaringbitmap\src\test\java\org\roaringbitmap\TestRankIteratorsOfContainers.java
D:\Desenvolvimento\Projetos Github\A executar\[290071] RoaringBitmap-RoaringBitmap\roaringbitmap\src\test\java\org\roaringbitmap\TestRoaringBitmap.java
D:\Desenvolvimento\Projetos Github\A executar\[290071] RoaringBitmap-RoaringBitmap\roaringbitmap\src\test\java\org\roaringbitmap\TestRoaringBitmapWriter.java
D:\Desenvolvimento\Projetos Github\A executar\[290071] RoaringBitmap-RoaringBitmap\roaringbitmap\src\test\java\org\roaringbitmap\TestRoaringBitmapWriterWizard.java
D:\Desenvolvimento\Projetos Github\A executar\[290071] RoaringBitmap-RoaringBitmap\roaringbitmap\src\test\java\org\roaringbitmap\TestRoaringBitmap_FastRank.java
D:\Desenvolvimento\Projetos Github\A executar\[290071] RoaringBitmap-RoaringBitmap\roaringbitmap\src\test\java\org\roaringbitmap\TestRunContainer.java
D:\Desenvolvimento\Projetos Github\A executar\[290071] RoaringBitmap-RoaringBitmap\roaringbitmap\src\test\java\org\roaringbitmap\TestSerialization.java
D:\Desenvolvimento\Projetos Github\A executar\[290071] RoaringBitmap-RoaringBitmap\roaringbitmap\src\test\java\org\roaringbitmap\TestSerializationViaByteBuffer.java
D:\Desenvolvimento\Projetos Github\A executar\[290071] RoaringBitmap-RoaringBitmap\roaringbitmap\src\test\java\org\roaringbitmap\TestSerializedSize.java
D:\Desenvolvimento\Projetos Github\A executar\[290071] RoaringBitmap-RoaringBitmap\roaringbitmap\src\test\java\org\roaringbitmap\TestUtil.java
D:\Desenvolvimento\Projetos Github\A executar\[290071] RoaringBitmap-RoaringBitmap\roaringbitmap\src\test\java\org\roaringbitmap\TestVeryLargeBitmap.java
D:\Desenvolvimento\Projetos Github\A executar\[290071] RoaringBitmap-RoaringBitmap\roaringbitmap\src\test\java\org\roaringbitmap\UnorderedRoaringBitmapWriterRandomisedTest.java
D:\Desenvolvimento\Projetos Github\A executar\[290071] RoaringBitmap-RoaringBitmap\shims\src\main\java\org\roaringbitmap\ArraysShim.java
D:\Desenvolvimento\Projetos Github\A executar\[290071] RoaringBitmap-RoaringBitmap\shims\src\main\java11\org\roaringbitmap\ArraysShim.java
D:\Desenvolvimento\Projetos Github\A executar\[290071] RoaringBitmap-RoaringBitmap\jmh\src\main\java\org\roaringbitmap\arraycontainer\AddBenchmark.java
D:\Desenvolvimento\Projetos Github\A executar\[290071] RoaringBitmap-RoaringBitmap\jmh\src\main\java\org\roaringbitmap\bithacking\SelectBenchmark.java
D:\Desenvolvimento\Projetos Github\A executar\[290071] RoaringBitmap-RoaringBitmap\jmh\src\main\java\org\roaringbitmap\bithacking\UnsignedVSFlip.java
D:\Desenvolvimento\Projetos Github\A executar\[290071] RoaringBitmap-RoaringBitmap\jmh\src\main\java\org\roaringbitmap\buffer\BufferUtilBenchmark.java
D:\Desenvolvimento\Projetos Github\A executar\[290071] RoaringBitmap-RoaringBitmap\jmh\src\main\java\org\roaringbitmap\cardinality64\Cardinality64Benchmark.java
D:\Desenvolvimento\Projetos Github\A executar\[290071] RoaringBitmap-RoaringBitmap\jmh\src\main\java\org\roaringbitmap\equals\EqualsBenchmark.java
D:\Desenvolvimento\Projetos Github\A executar\[290071] RoaringBitmap-RoaringBitmap\jmh\src\main\java\org\roaringbitmap\iteration\BatchIteratorBenchmark.java
D:\Desenvolvimento\Projetos Github\A executar\[290071] RoaringBitmap-RoaringBitmap\jmh\src\main\java\org\roaringbitmap\iteration\BitmapIteratorBenchmark.java
D:\Desenvolvimento\Projetos Github\A executar\[290071] RoaringBitmap-RoaringBitmap\jmh\src\main\java\org\roaringbitmap\iteration\BitmapNextBenchmark.java
D:\Desenvolvimento\Projetos Github\A executar\[290071] RoaringBitmap-RoaringBitmap\jmh\src\main\java\org\roaringbitmap\iteration\Concatenation.java
D:\Desenvolvimento\Projetos Github\A executar\[290071] RoaringBitmap-RoaringBitmap\jmh\src\main\java\org\roaringbitmap\iteration\IteratorsBenchmark32.java
D:\Desenvolvimento\Projetos Github\A executar\[290071] RoaringBitmap-RoaringBitmap\jmh\src\main\java\org\roaringbitmap\iteration\IteratorsBenchmark64.java
D:\Desenvolvimento\Projetos Github\A executar\[290071] RoaringBitmap-RoaringBitmap\jmh\src\main\java\org\roaringbitmap\map\MapBenchmark.java
D:\Desenvolvimento\Projetos Github\A executar\[290071] RoaringBitmap-RoaringBitmap\jmh\src\main\java\org\roaringbitmap\needwork\RandomAccess.java
D:\Desenvolvimento\Projetos Github\A executar\[290071] RoaringBitmap-RoaringBitmap\jmh\src\main\java\org\roaringbitmap\needwork\SlowMappedORaggregate1.java
D:\Desenvolvimento\Projetos Github\A executar\[290071] RoaringBitmap-RoaringBitmap\jmh\src\main\java\org\roaringbitmap\needwork\SlowMappedORaggregate2.java
D:\Desenvolvimento\Projetos Github\A executar\[290071] RoaringBitmap-RoaringBitmap\jmh\src\main\java\org\roaringbitmap\needwork\SlowORaggregate1.java
D:\Desenvolvimento\Projetos Github\A executar\[290071] RoaringBitmap-RoaringBitmap\jmh\src\main\java\org\roaringbitmap\needwork\SlowORaggregate2.java
D:\Desenvolvimento\Projetos Github\A executar\[290071] RoaringBitmap-RoaringBitmap\jmh\src\main\java\org\roaringbitmap\needwork\SlowORaggregate3.java
D:\Desenvolvimento\Projetos Github\A executar\[290071] RoaringBitmap-RoaringBitmap\jmh\src\main\java\org\roaringbitmap\range\ContainsRange.java
D:\Desenvolvimento\Projetos Github\A executar\[290071] RoaringBitmap-RoaringBitmap\jmh\src\main\java\org\roaringbitmap\realdata\ParallelAggregatorBenchmark.java
D:\Desenvolvimento\Projetos Github\A executar\[290071] RoaringBitmap-RoaringBitmap\jmh\src\main\java\org\roaringbitmap\realdata\RealDataBenchmarkAnd.java
D:\Desenvolvimento\Projetos Github\A executar\[290071] RoaringBitmap-RoaringBitmap\jmh\src\main\java\org\roaringbitmap\realdata\RealDataBenchmarkAndNot.java
D:\Desenvolvimento\Projetos Github\A executar\[290071] RoaringBitmap-RoaringBitmap\jmh\src\main\java\org\roaringbitmap\realdata\RealDataBenchmarkCardinality.java
D:\Desenvolvimento\Projetos Github\A executar\[290071] RoaringBitmap-RoaringBitmap\jmh\src\main\java\org\roaringbitmap\realdata\RealDataBenchmarkContains.java
D:\Desenvolvimento\Projetos Github\A executar\[290071] RoaringBitmap-RoaringBitmap\jmh\src\main\java\org\roaringbitmap\realdata\RealDataBenchmarkForEach.java
D:\Desenvolvimento\Projetos Github\A executar\[290071] RoaringBitmap-RoaringBitmap\jmh\src\main\java\org\roaringbitmap\realdata\RealDataBenchmarkInot.java
D:\Desenvolvimento\Projetos Github\A executar\[290071] RoaringBitmap-RoaringBitmap\jmh\src\main\java\org\roaringbitmap\realdata\RealDataBenchmarkIOr.java
D:\Desenvolvimento\Projetos Github\A executar\[290071] RoaringBitmap-RoaringBitmap\jmh\src\main\java\org\roaringbitmap\realdata\RealDataBenchmarkIterate.java
D:\Desenvolvimento\Projetos Github\A executar\[290071] RoaringBitmap-RoaringBitmap\jmh\src\main\java\org\roaringbitmap\realdata\RealDataBenchmarkOr.java
D:\Desenvolvimento\Projetos Github\A executar\[290071] RoaringBitmap-RoaringBitmap\jmh\src\main\java\org\roaringbitmap\realdata\RealDataBenchmarkReverseIterate.java
D:\Desenvolvimento\Projetos Github\A executar\[290071] RoaringBitmap-RoaringBitmap\jmh\src\main\java\org\roaringbitmap\realdata\RealDataBenchmarkWideAndNaive.java
D:\Desenvolvimento\Projetos Github\A executar\[290071] RoaringBitmap-RoaringBitmap\jmh\src\main\java\org\roaringbitmap\realdata\RealDataBenchmarkWideOrNaive.java
D:\Desenvolvimento\Projetos Github\A executar\[290071] RoaringBitmap-RoaringBitmap\jmh\src\main\java\org\roaringbitmap\realdata\RealDataBenchmarkWideOrPq.java
D:\Desenvolvimento\Projetos Github\A executar\[290071] RoaringBitmap-RoaringBitmap\jmh\src\main\java\org\roaringbitmap\realdata\RealDataBenchmarkXor.java
D:\Desenvolvimento\Projetos Github\A executar\[290071] RoaringBitmap-RoaringBitmap\jmh\src\main\java\org\roaringbitmap\realdata\RealDataSerializationBenchmark.java
D:\Desenvolvimento\Projetos Github\A executar\[290071] RoaringBitmap-RoaringBitmap\jmh\src\main\java\org\roaringbitmap\runcontainer\AllRunHorizontalOrBenchmark.java
D:\Desenvolvimento\Projetos Github\A executar\[290071] RoaringBitmap-RoaringBitmap\jmh\src\main\java\org\roaringbitmap\runcontainer\ArrayContainerAndNotRunContainerBenchmark.java
D:\Desenvolvimento\Projetos Github\A executar\[290071] RoaringBitmap-RoaringBitmap\jmh\src\main\java\org\roaringbitmap\runcontainer\BasicAndContainerBenchmark.java
D:\Desenvolvimento\Projetos Github\A executar\[290071] RoaringBitmap-RoaringBitmap\jmh\src\main\java\org\roaringbitmap\runcontainer\BasicAndNotContainerBenchmark.java
D:\Desenvolvimento\Projetos Github\A executar\[290071] RoaringBitmap-RoaringBitmap\jmh\src\main\java\org\roaringbitmap\runcontainer\BasicHorizontalOrBenchmark.java
D:\Desenvolvimento\Projetos Github\A executar\[290071] RoaringBitmap-RoaringBitmap\jmh\src\main\java\org\roaringbitmap\runcontainer\BasicIteratorBenchmark.java
D:\Desenvolvimento\Projetos Github\A executar\[290071] RoaringBitmap-RoaringBitmap\jmh\src\main\java\org\roaringbitmap\runcontainer\BasicOrContainerBenchmark.java
D:\Desenvolvimento\Projetos Github\A executar\[290071] RoaringBitmap-RoaringBitmap\jmh\src\main\java\org\roaringbitmap\runcontainer\BasicXorContainerBenchmark.java
D:\Desenvolvimento\Projetos Github\A executar\[290071] RoaringBitmap-RoaringBitmap\jmh\src\main\java\org\roaringbitmap\runcontainer\BitmapToRuncontainerConversions.java
D:\Desenvolvimento\Projetos Github\A executar\[290071] RoaringBitmap-RoaringBitmap\jmh\src\main\java\org\roaringbitmap\runcontainer\MappedRunContainerRealDataBenchmarkRunOptimize.java
D:\Desenvolvimento\Projetos Github\A executar\[290071] RoaringBitmap-RoaringBitmap\jmh\src\main\java\org\roaringbitmap\runcontainer\RandomUtil.java
D:\Desenvolvimento\Projetos Github\A executar\[290071] RoaringBitmap-RoaringBitmap\jmh\src\main\java\org\roaringbitmap\runcontainer\RunArrayAndBenchmark.java
D:\Desenvolvimento\Projetos Github\A executar\[290071] RoaringBitmap-RoaringBitmap\jmh\src\main\java\org\roaringbitmap\runcontainer\RunArrayAndNotBenchmark.java
D:\Desenvolvimento\Projetos Github\A executar\[290071] RoaringBitmap-RoaringBitmap\jmh\src\main\java\org\roaringbitmap\runcontainer\RunArrayOrBenchmark.java
D:\Desenvolvimento\Projetos Github\A executar\[290071] RoaringBitmap-RoaringBitmap\jmh\src\main\java\org\roaringbitmap\runcontainer\RunArrayXorBenchmark.java
D:\Desenvolvimento\Projetos Github\A executar\[290071] RoaringBitmap-RoaringBitmap\jmh\src\main\java\org\roaringbitmap\runcontainer\RunContainerRealDataBenchmarkRunOptimize.java
D:\Desenvolvimento\Projetos Github\A executar\[290071] RoaringBitmap-RoaringBitmap\jmh\src\main\java\org\roaringbitmap\serialization\SerializationBenchmark.java
D:\Desenvolvimento\Projetos Github\A executar\[290071] RoaringBitmap-RoaringBitmap\jmh\src\main\java\org\roaringbitmap\writer\WriteSequential.java
D:\Desenvolvimento\Projetos Github\A executar\[290071] RoaringBitmap-RoaringBitmap\jmh\src\main\java\org\roaringbitmap\writer\WriteUnordered.java
D:\Desenvolvimento\Projetos Github\A executar\[290071] RoaringBitmap-RoaringBitmap\jmh\src\test\java\org\roaringbitmap\realdata\RealDataBenchmarkAndNotTest.java
D:\Desenvolvimento\Projetos Github\A executar\[290071] RoaringBitmap-RoaringBitmap\jmh\src\test\java\org\roaringbitmap\realdata\RealDataBenchmarkAndTest.java
D:\Desenvolvimento\Projetos Github\A executar\[290071] RoaringBitmap-RoaringBitmap\jmh\src\test\java\org\roaringbitmap\realdata\RealDataBenchmarkForEachTest.java
D:\Desenvolvimento\Projetos Github\A executar\[290071] RoaringBitmap-RoaringBitmap\jmh\src\test\java\org\roaringbitmap\realdata\RealDataBenchmarkIOrTest.java
D:\Desenvolvimento\Projetos Github\A executar\[290071] RoaringBitmap-RoaringBitmap\jmh\src\test\java\org\roaringbitmap\realdata\RealDataBenchmarkIterateTest.java
D:\Desenvolvimento\Projetos Github\A executar\[290071] RoaringBitmap-RoaringBitmap\jmh\src\test\java\org\roaringbitmap\realdata\RealDataBenchmarkOrTest.java
D:\Desenvolvimento\Projetos Github\A executar\[290071] RoaringBitmap-RoaringBitmap\jmh\src\test\java\org\roaringbitmap\realdata\RealDataBenchmarkReverseIterateTest.java
D:\Desenvolvimento\Projetos Github\A executar\[290071] RoaringBitmap-RoaringBitmap\jmh\src\test\java\org\roaringbitmap\realdata\RealDataBenchmarkSanityTest.java
D:\Desenvolvimento\Projetos Github\A executar\[290071] RoaringBitmap-RoaringBitmap\jmh\src\test\java\org\roaringbitmap\realdata\RealDataBenchmarkWideAndNaiveTest.java
D:\Desenvolvimento\Projetos Github\A executar\[290071] RoaringBitmap-RoaringBitmap\jmh\src\test\java\org\roaringbitmap\realdata\RealDataBenchmarkWideOrNaiveTest.java
D:\Desenvolvimento\Projetos Github\A executar\[290071] RoaringBitmap-RoaringBitmap\jmh\src\test\java\org\roaringbitmap\realdata\RealDataBenchmarkWideOrPqTest.java
D:\Desenvolvimento\Projetos Github\A executar\[290071] RoaringBitmap-RoaringBitmap\jmh\src\test\java\org\roaringbitmap\realdata\RealDataBenchmarkXorTest.java
D:\Desenvolvimento\Projetos Github\A executar\[290071] RoaringBitmap-RoaringBitmap\roaringbitmap\src\main\java\org\roaringbitmap\buffer\ArrayBatchIterator.java
D:\Desenvolvimento\Projetos Github\A executar\[290071] RoaringBitmap-RoaringBitmap\roaringbitmap\src\main\java\org\roaringbitmap\buffer\BitmapBatchIterator.java
D:\Desenvolvimento\Projetos Github\A executar\[290071] RoaringBitmap-RoaringBitmap\roaringbitmap\src\main\java\org\roaringbitmap\buffer\BufferBitSetUtil.java
D:\Desenvolvimento\Projetos Github\A executar\[290071] RoaringBitmap-RoaringBitmap\roaringbitmap\src\main\java\org\roaringbitmap\buffer\BufferFastAggregation.java
D:\Desenvolvimento\Projetos Github\A executar\[290071] RoaringBitmap-RoaringBitmap\roaringbitmap\src\main\java\org\roaringbitmap\buffer\BufferIntIteratorFlyweight.java
D:\Desenvolvimento\Projetos Github\A executar\[290071] RoaringBitmap-RoaringBitmap\roaringbitmap\src\main\java\org\roaringbitmap\buffer\BufferParallelAggregation.java
D:\Desenvolvimento\Projetos Github\A executar\[290071] RoaringBitmap-RoaringBitmap\roaringbitmap\src\main\java\org\roaringbitmap\buffer\BufferReverseIntIteratorFlyweight.java
D:\Desenvolvimento\Projetos Github\A executar\[290071] RoaringBitmap-RoaringBitmap\roaringbitmap\src\main\java\org\roaringbitmap\buffer\BufferUtil.java
D:\Desenvolvimento\Projetos Github\A executar\[290071] RoaringBitmap-RoaringBitmap\roaringbitmap\src\main\java\org\roaringbitmap\buffer\ImmutableRoaringArray.java
D:\Desenvolvimento\Projetos Github\A executar\[290071] RoaringBitmap-RoaringBitmap\roaringbitmap\src\main\java\org\roaringbitmap\buffer\ImmutableRoaringBitmap.java
D:\Desenvolvimento\Projetos Github\A executar\[290071] RoaringBitmap-RoaringBitmap\roaringbitmap\src\main\java\org\roaringbitmap\buffer\MappeableArrayContainer.java
D:\Desenvolvimento\Projetos Github\A executar\[290071] RoaringBitmap-RoaringBitmap\roaringbitmap\src\main\java\org\roaringbitmap\buffer\MappeableBitmapContainer.java
D:\Desenvolvimento\Projetos Github\A executar\[290071] RoaringBitmap-RoaringBitmap\roaringbitmap\src\main\java\org\roaringbitmap\buffer\MappeableContainer.java
D:\Desenvolvimento\Projetos Github\A executar\[290071] RoaringBitmap-RoaringBitmap\roaringbitmap\src\main\java\org\roaringbitmap\buffer\MappeableContainerPointer.java
D:\Desenvolvimento\Projetos Github\A executar\[290071] RoaringBitmap-RoaringBitmap\roaringbitmap\src\main\java\org\roaringbitmap\buffer\MappeableRunContainer.java
D:\Desenvolvimento\Projetos Github\A executar\[290071] RoaringBitmap-RoaringBitmap\roaringbitmap\src\main\java\org\roaringbitmap\buffer\MutableRoaringArray.java
D:\Desenvolvimento\Projetos Github\A executar\[290071] RoaringBitmap-RoaringBitmap\roaringbitmap\src\main\java\org\roaringbitmap\buffer\MutableRoaringBitmap.java
D:\Desenvolvimento\Projetos Github\A executar\[290071] RoaringBitmap-RoaringBitmap\roaringbitmap\src\main\java\org\roaringbitmap\buffer\MutableRoaringBitmapSupplier.java
D:\Desenvolvimento\Projetos Github\A executar\[290071] RoaringBitmap-RoaringBitmap\roaringbitmap\src\main\java\org\roaringbitmap\buffer\package-info.java
D:\Desenvolvimento\Projetos Github\A executar\[290071] RoaringBitmap-RoaringBitmap\roaringbitmap\src\main\java\org\roaringbitmap\buffer\PointableRoaringArray.java
D:\Desenvolvimento\Projetos Github\A executar\[290071] RoaringBitmap-RoaringBitmap\roaringbitmap\src\main\java\org\roaringbitmap\buffer\RoaringBatchIterator.java
D:\Desenvolvimento\Projetos Github\A executar\[290071] RoaringBitmap-RoaringBitmap\roaringbitmap\src\main\java\org\roaringbitmap\buffer\RunBatchIterator.java
D:\Desenvolvimento\Projetos Github\A executar\[290071] RoaringBitmap-RoaringBitmap\roaringbitmap\src\main\java\org\roaringbitmap\insights\BitmapAnalyser.java
D:\Desenvolvimento\Projetos Github\A executar\[290071] RoaringBitmap-RoaringBitmap\roaringbitmap\src\main\java\org\roaringbitmap\insights\BitmapStatistics.java
D:\Desenvolvimento\Projetos Github\A executar\[290071] RoaringBitmap-RoaringBitmap\roaringbitmap\src\main\java\org\roaringbitmap\insights\NaiveWriterRecommender.java
D:\Desenvolvimento\Projetos Github\A executar\[290071] RoaringBitmap-RoaringBitmap\roaringbitmap\src\main\java\org\roaringbitmap\longlong\ImmutableLongBitmapDataProvider.java
D:\Desenvolvimento\Projetos Github\A executar\[290071] RoaringBitmap-RoaringBitmap\roaringbitmap\src\main\java\org\roaringbitmap\longlong\LongBitmapDataProvider.java
D:\Desenvolvimento\Projetos Github\A executar\[290071] RoaringBitmap-RoaringBitmap\roaringbitmap\src\main\java\org\roaringbitmap\longlong\LongConsumer.java
D:\Desenvolvimento\Projetos Github\A executar\[290071] RoaringBitmap-RoaringBitmap\roaringbitmap\src\main\java\org\roaringbitmap\longlong\LongIterator.java
D:\Desenvolvimento\Projetos Github\A executar\[290071] RoaringBitmap-RoaringBitmap\roaringbitmap\src\main\java\org\roaringbitmap\longlong\package-info.java
D:\Desenvolvimento\Projetos Github\A executar\[290071] RoaringBitmap-RoaringBitmap\roaringbitmap\src\main\java\org\roaringbitmap\longlong\PeekableLongIterator.java
D:\Desenvolvimento\Projetos Github\A executar\[290071] RoaringBitmap-RoaringBitmap\roaringbitmap\src\main\java\org\roaringbitmap\longlong\Roaring64NavigableMap.java
D:\Desenvolvimento\Projetos Github\A executar\[290071] RoaringBitmap-RoaringBitmap\roaringbitmap\src\main\java\org\roaringbitmap\longlong\RoaringIntPacking.java
D:\Desenvolvimento\Projetos Github\A executar\[290071] RoaringBitmap-RoaringBitmap\roaringbitmap\src\test\java\org\roaringbitmap\buffer\BufferContainerBatchIteratorTest.java
D:\Desenvolvimento\Projetos Github\A executar\[290071] RoaringBitmap-RoaringBitmap\roaringbitmap\src\test\java\org\roaringbitmap\buffer\BufferParallelAggregationTest.java
D:\Desenvolvimento\Projetos Github\A executar\[290071] RoaringBitmap-RoaringBitmap\roaringbitmap\src\test\java\org\roaringbitmap\buffer\CloneBatchIteratorTest.java
D:\Desenvolvimento\Projetos Github\A executar\[290071] RoaringBitmap-RoaringBitmap\roaringbitmap\src\test\java\org\roaringbitmap\buffer\ImmutableRoaringBitmapBatchIteratorTest.java
D:\Desenvolvimento\Projetos Github\A executar\[290071] RoaringBitmap-RoaringBitmap\roaringbitmap\src\test\java\org\roaringbitmap\buffer\MutableRoaringArrayTest.java
D:\Desenvolvimento\Projetos Github\A executar\[290071] RoaringBitmap-RoaringBitmap\roaringbitmap\src\test\java\org\roaringbitmap\buffer\MutableRoaringBitmapSubsetTest.java
D:\Desenvolvimento\Projetos Github\A executar\[290071] RoaringBitmap-RoaringBitmap\roaringbitmap\src\test\java\org\roaringbitmap\buffer\RoaringBitmapIntervalIntersectionTest.java
D:\Desenvolvimento\Projetos Github\A executar\[290071] RoaringBitmap-RoaringBitmap\roaringbitmap\src\test\java\org\roaringbitmap\buffer\TestAdversarialInputs.java
D:\Desenvolvimento\Projetos Github\A executar\[290071] RoaringBitmap-RoaringBitmap\roaringbitmap\src\test\java\org\roaringbitmap\buffer\TestBitSetUtil.java
D:\Desenvolvimento\Projetos Github\A executar\[290071] RoaringBitmap-RoaringBitmap\roaringbitmap\src\test\java\org\roaringbitmap\buffer\TestBufferRangeCardinality.java
D:\Desenvolvimento\Projetos Github\A executar\[290071] RoaringBitmap-RoaringBitmap\roaringbitmap\src\test\java\org\roaringbitmap\buffer\TestCompressionRates.java
D:\Desenvolvimento\Projetos Github\A executar\[290071] RoaringBitmap-RoaringBitmap\roaringbitmap\src\test\java\org\roaringbitmap\buffer\TestContainer.java
D:\Desenvolvimento\Projetos Github\A executar\[290071] RoaringBitmap-RoaringBitmap\roaringbitmap\src\test\java\org\roaringbitmap\buffer\TestExamples.java
D:\Desenvolvimento\Projetos Github\A executar\[290071] RoaringBitmap-RoaringBitmap\roaringbitmap\src\test\java\org\roaringbitmap\buffer\TestFastAggregation.java
D:\Desenvolvimento\Projetos Github\A executar\[290071] RoaringBitmap-RoaringBitmap\roaringbitmap\src\test\java\org\roaringbitmap\buffer\TestForEach.java
D:\Desenvolvimento\Projetos Github\A executar\[290071] RoaringBitmap-RoaringBitmap\roaringbitmap\src\test\java\org\roaringbitmap\buffer\TestImmutableRoaringBitmap.java
D:\Desenvolvimento\Projetos Github\A executar\[290071] RoaringBitmap-RoaringBitmap\roaringbitmap\src\test\java\org\roaringbitmap\buffer\TestIntIteratorFlyweight.java
D:\Desenvolvimento\Projetos Github\A executar\[290071] RoaringBitmap-RoaringBitmap\roaringbitmap\src\test\java\org\roaringbitmap\buffer\TestIterators.java
D:\Desenvolvimento\Projetos Github\A executar\[290071] RoaringBitmap-RoaringBitmap\roaringbitmap\src\test\java\org\roaringbitmap\buffer\TestMappeableArrayContainer.java
D:\Desenvolvimento\Projetos Github\A executar\[290071] RoaringBitmap-RoaringBitmap\roaringbitmap\src\test\java\org\roaringbitmap\buffer\TestMappeableBitmapContainer.java
D:\Desenvolvimento\Projetos Github\A executar\[290071] RoaringBitmap-RoaringBitmap\roaringbitmap\src\test\java\org\roaringbitmap\buffer\TestMappeableBitmapContainerShortIterator.java
D:\Desenvolvimento\Projetos Github\A executar\[290071] RoaringBitmap-RoaringBitmap\roaringbitmap\src\test\java\org\roaringbitmap\buffer\TestMappeableRunContainer.java
D:\Desenvolvimento\Projetos Github\A executar\[290071] RoaringBitmap-RoaringBitmap\roaringbitmap\src\test\java\org\roaringbitmap\buffer\TestMemory.java
D:\Desenvolvimento\Projetos Github\A executar\[290071] RoaringBitmap-RoaringBitmap\roaringbitmap\src\test\java\org\roaringbitmap\buffer\TestMemoryMapping.java
D:\Desenvolvimento\Projetos Github\A executar\[290071] RoaringBitmap-RoaringBitmap\roaringbitmap\src\test\java\org\roaringbitmap\buffer\TestRange.java
D:\Desenvolvimento\Projetos Github\A executar\[290071] RoaringBitmap-RoaringBitmap\roaringbitmap\src\test\java\org\roaringbitmap\buffer\TestReverseMappeableRunContainer.java
D:\Desenvolvimento\Projetos Github\A executar\[290071] RoaringBitmap-RoaringBitmap\roaringbitmap\src\test\java\org\roaringbitmap\buffer\TestRoaringBitmap.java
D:\Desenvolvimento\Projetos Github\A executar\[290071] RoaringBitmap-RoaringBitmap\roaringbitmap\src\test\java\org\roaringbitmap\buffer\TestRunContainer.java
D:\Desenvolvimento\Projetos Github\A executar\[290071] RoaringBitmap-RoaringBitmap\roaringbitmap\src\test\java\org\roaringbitmap\buffer\TestSerializationViaByteBuffer.java
D:\Desenvolvimento\Projetos Github\A executar\[290071] RoaringBitmap-RoaringBitmap\roaringbitmap\src\test\java\org\roaringbitmap\buffer\TestSerializedSize.java
D:\Desenvolvimento\Projetos Github\A executar\[290071] RoaringBitmap-RoaringBitmap\roaringbitmap\src\test\java\org\roaringbitmap\buffer\TestUtil.java
D:\Desenvolvimento\Projetos Github\A executar\[290071] RoaringBitmap-RoaringBitmap\roaringbitmap\src\test\java\org\roaringbitmap\buffer\TestVeryLargeBitmap.java
D:\Desenvolvimento\Projetos Github\A executar\[290071] RoaringBitmap-RoaringBitmap\roaringbitmap\src\test\java\org\roaringbitmap\insights\BitmapAnalyserTest.java
D:\Desenvolvimento\Projetos Github\A executar\[290071] RoaringBitmap-RoaringBitmap\roaringbitmap\src\test\java\org\roaringbitmap\insights\BitmapStatisticsTest.java
D:\Desenvolvimento\Projetos Github\A executar\[290071] RoaringBitmap-RoaringBitmap\roaringbitmap\src\test\java\org\roaringbitmap\insights\NaiveWriterRecommenderTest.java
D:\Desenvolvimento\Projetos Github\A executar\[290071] RoaringBitmap-RoaringBitmap\roaringbitmap\src\test\java\org\roaringbitmap\longlong\Issue319.java
D:\Desenvolvimento\Projetos Github\A executar\[290071] RoaringBitmap-RoaringBitmap\roaringbitmap\src\test\java\org\roaringbitmap\longlong\TestRoaring64NavigableMap.java
D:\Desenvolvimento\Projetos Github\A executar\[290071] RoaringBitmap-RoaringBitmap\jmh\src\main\java\org\roaringbitmap\needwork\state\NeedWorkBenchmarkState.java
D:\Desenvolvimento\Projetos Github\A executar\[290071] RoaringBitmap-RoaringBitmap\jmh\src\main\java\org\roaringbitmap\realdata\state\RealDataBenchmarkState.java
D:\Desenvolvimento\Projetos Github\A executar\[290071] RoaringBitmap-RoaringBitmap\jmh\src\main\java\org\roaringbitmap\realdata\state\RealDataRoaringOnlyBenchmarkState.java
D:\Desenvolvimento\Projetos Github\A executar\[290071] RoaringBitmap-RoaringBitmap\jmh\src\main\java\org\roaringbitmap\realdata\wrapper\Bitmap.java
D:\Desenvolvimento\Projetos Github\A executar\[290071] RoaringBitmap-RoaringBitmap\jmh\src\main\java\org\roaringbitmap\realdata\wrapper\BitmapAggregator.java
D:\Desenvolvimento\Projetos Github\A executar\[290071] RoaringBitmap-RoaringBitmap\jmh\src\main\java\org\roaringbitmap\realdata\wrapper\BitmapFactory.java
D:\Desenvolvimento\Projetos Github\A executar\[290071] RoaringBitmap-RoaringBitmap\jmh\src\main\java\org\roaringbitmap\realdata\wrapper\BitmapIterator.java
D:\Desenvolvimento\Projetos Github\A executar\[290071] RoaringBitmap-RoaringBitmap\jmh\src\main\java\org\roaringbitmap\realdata\wrapper\ConciseSetIteratorWrapper.java
D:\Desenvolvimento\Projetos Github\A executar\[290071] RoaringBitmap-RoaringBitmap\jmh\src\main\java\org\roaringbitmap\realdata\wrapper\ConciseSetWrapper.java
D:\Desenvolvimento\Projetos Github\A executar\[290071] RoaringBitmap-RoaringBitmap\jmh\src\main\java\org\roaringbitmap\realdata\wrapper\Ewah32BitmapWrapper.java
D:\Desenvolvimento\Projetos Github\A executar\[290071] RoaringBitmap-RoaringBitmap\jmh\src\main\java\org\roaringbitmap\realdata\wrapper\EwahBitmapWrapper.java
D:\Desenvolvimento\Projetos Github\A executar\[290071] RoaringBitmap-RoaringBitmap\jmh\src\main\java\org\roaringbitmap\realdata\wrapper\EwahIteratorWrapper.java
D:\Desenvolvimento\Projetos Github\A executar\[290071] RoaringBitmap-RoaringBitmap\jmh\src\main\java\org\roaringbitmap\realdata\wrapper\ImmutableConciseSetWrapper.java
D:\Desenvolvimento\Projetos Github\A executar\[290071] RoaringBitmap-RoaringBitmap\jmh\src\main\java\org\roaringbitmap\realdata\wrapper\ImmutableRoaringBitmapWrapper.java
D:\Desenvolvimento\Projetos Github\A executar\[290071] RoaringBitmap-RoaringBitmap\jmh\src\main\java\org\roaringbitmap\realdata\wrapper\RoaringBitmapWrapper.java
D:\Desenvolvimento\Projetos Github\A executar\[290071] RoaringBitmap-RoaringBitmap\jmh\src\main\java\org\roaringbitmap\realdata\wrapper\RoaringIteratorWrapper.java
D:\Desenvolvimento\Projetos Github\A executar\[290071] RoaringBitmap-RoaringBitmap\jmh\src\main\java\org\roaringbitmap\spe150271\roaring\RealDataBenchmarkAnd.java
D:\Desenvolvimento\Projetos Github\A executar\[290071] RoaringBitmap-RoaringBitmap\jmh\src\main\java\org\roaringbitmap\spe150271\roaring\RealDataBenchmarkOr.java
D:\Desenvolvimento\Projetos Github\A executar\[290071] RoaringBitmap-RoaringBitmap\jmh\src\main\java\org\roaringbitmap\spe150271\roaring\RealDataBenchmarkWideOrNaive.java
D:\Desenvolvimento\Projetos Github\A executar\[290071] RoaringBitmap-RoaringBitmap\jmh\src\main\java\org\roaringbitmap\spe150271\runroaring\RealDataBenchmarkAnd.java
D:\Desenvolvimento\Projetos Github\A executar\[290071] RoaringBitmap-RoaringBitmap\jmh\src\main\java\org\roaringbitmap\spe150271\runroaring\RealDataBenchmarkOr.java
D:\Desenvolvimento\Projetos Github\A executar\[290071] RoaringBitmap-RoaringBitmap\jmh\src\main\java\org\roaringbitmap\spe150271\runroaring\RealDataBenchmarkWideOrNaive.java
D:\Desenvolvimento\Projetos Github\A executar\[290071] RoaringBitmap-RoaringBitmap\jmh\src\main\java\org\roaringbitmap\aggregation\and\bestcase\RoaringBitmapBenchmark.java
D:\Desenvolvimento\Projetos Github\A executar\[290071] RoaringBitmap-RoaringBitmap\jmh\src\main\java\org\roaringbitmap\aggregation\and\identical\RoaringBitmapBenchmark.java
D:\Desenvolvimento\Projetos Github\A executar\[290071] RoaringBitmap-RoaringBitmap\jmh\src\main\java\org\roaringbitmap\aggregation\and\worstcase\RoaringBitmapBenchmark.java
D:\Desenvolvimento\Projetos Github\A executar\[290071] RoaringBitmap-RoaringBitmap\jmh\src\main\java\org\roaringbitmap\aggregation\andnot\bestcase\RoaringBitmapBenchmark.java
D:\Desenvolvimento\Projetos Github\A executar\[290071] RoaringBitmap-RoaringBitmap\jmh\src\main\java\org\roaringbitmap\aggregation\andnot\identical\RoaringBitmapBenchmark.java
D:\Desenvolvimento\Projetos Github\A executar\[290071] RoaringBitmap-RoaringBitmap\jmh\src\main\java\org\roaringbitmap\aggregation\andnot\worstcase\RoaringBitmapBenchmark.java
D:\Desenvolvimento\Projetos Github\A executar\[290071] RoaringBitmap-RoaringBitmap\jmh\src\main\java\org\roaringbitmap\spe150271\roaring\state\RealDataBenchmarkState.java
D:\Desenvolvimento\Projetos Github\A executar\[290071] RoaringBitmap-RoaringBitmap\jmh\src\main\java\org\roaringbitmap\spe150271\runroaring\state\RealDataBenchmarkState.java
D:\Desenvolvimento\Projetos Github\A executar\[290071] RoaringBitmap-RoaringBitmap\jmh\src\main\java\org\roaringbitmap\buffer\aggregation\and\bestcase\MutableRoaringBitmapBenchmark.java
D:\Desenvolvimento\Projetos Github\A executar\[290071] RoaringBitmap-RoaringBitmap\jmh\src\main\java\org\roaringbitmap\buffer\aggregation\and\identical\MutableRoaringBitmapBenchmark.java
D:\Desenvolvimento\Projetos Github\A executar\[290071] RoaringBitmap-RoaringBitmap\jmh\src\main\java\org\roaringbitmap\buffer\aggregation\and\worstcase\MutableRoaringBitmapBenchmark.java
D:\Desenvolvimento\Projetos Github\A executar\[290071] RoaringBitmap-RoaringBitmap\jmh\src\main\java\org\roaringbitmap\buffer\aggregation\andnot\bestcase\MutableRoaringBitmapBenchmark.java
D:\Desenvolvimento\Projetos Github\A executar\[290071] RoaringBitmap-RoaringBitmap\jmh\src\main\java\org\roaringbitmap\buffer\aggregation\andnot\identical\MutableRoaringBitmapBenchmark.java
D:\Desenvolvimento\Projetos Github\A executar\[290071] RoaringBitmap-RoaringBitmap\jmh\src\main\java\org\roaringbitmap\buffer\aggregation\andnot\worstcase\MutableRoaringBitmapBenchmark.java

31/10/2019 22:07:49 ufrn.dimap.lets.ehmetrics.projectresolver.JavaProject#resolveArtifacts - INFO: [290071] RoaringBitmap-RoaringBitmap artifacts...
-- Java files
D:\Desenvolvimento\Projetos Github\A executar\[290071] RoaringBitmap-RoaringBitmap\jmh\src\main\java\org\roaringbitmap\AbstractBenchmarkState.java
D:\Desenvolvimento\Projetos Github\A executar\[290071] RoaringBitmap-RoaringBitmap\jmh\src\main\java\org\roaringbitmap\BasicBenchmark.java
D:\Desenvolvimento\Projetos Github\A executar\[290071] RoaringBitmap-RoaringBitmap\jmh\src\main\java\org\roaringbitmap\BitSetUtilBenchmark.java
D:\Desenvolvimento\Projetos Github\A executar\[290071] RoaringBitmap-RoaringBitmap\jmh\src\main\java\org\roaringbitmap\RandomData.java
D:\Desenvolvimento\Projetos Github\A executar\[290071] RoaringBitmap-RoaringBitmap\jmh\src\main\java\org\roaringbitmap\RangeOperationBenchmark.java
D:\Desenvolvimento\Projetos Github\A executar\[290071] RoaringBitmap-RoaringBitmap\jmh\src\main\java\org\roaringbitmap\RoaringOnlyBenchmarkState.java
D:\Desenvolvimento\Projetos Github\A executar\[290071] RoaringBitmap-RoaringBitmap\jmh\src\main\java\org\roaringbitmap\UtilBenchmark.java
D:\Desenvolvimento\Projetos Github\A executar\[290071] RoaringBitmap-RoaringBitmap\real-roaring-dataset\src\main\java\org\roaringbitmap\RealDataset.java
D:\Desenvolvimento\Projetos Github\A executar\[290071] RoaringBitmap-RoaringBitmap\real-roaring-dataset\src\main\java\org\roaringbitmap\ZipRealDataRangeRetriever.java
D:\Desenvolvimento\Projetos Github\A executar\[290071] RoaringBitmap-RoaringBitmap\real-roaring-dataset\src\main\java\org\roaringbitmap\ZipRealDataRetriever.java
D:\Desenvolvimento\Projetos Github\A executar\[290071] RoaringBitmap-RoaringBitmap\roaringbitmap\src\main\java\org\roaringbitmap\AppendableStorage.java
D:\Desenvolvimento\Projetos Github\A executar\[290071] RoaringBitmap-RoaringBitmap\roaringbitmap\src\main\java\org\roaringbitmap\ArrayBatchIterator.java
D:\Desenvolvimento\Projetos Github\A executar\[290071] RoaringBitmap-RoaringBitmap\roaringbitmap\src\main\java\org\roaringbitmap\ArrayContainer.java
D:\Desenvolvimento\Projetos Github\A executar\[290071] RoaringBitmap-RoaringBitmap\roaringbitmap\src\main\java\org\roaringbitmap\BatchIntIterator.java
D:\Desenvolvimento\Projetos Github\A executar\[290071] RoaringBitmap-RoaringBitmap\roaringbitmap\src\main\java\org\roaringbitmap\BatchIterator.java
D:\Desenvolvimento\Projetos Github\A executar\[290071] RoaringBitmap-RoaringBitmap\roaringbitmap\src\main\java\org\roaringbitmap\BitmapBatchIterator.java
D:\Desenvolvimento\Projetos Github\A executar\[290071] RoaringBitmap-RoaringBitmap\roaringbitmap\src\main\java\org\roaringbitmap\BitmapContainer.java
D:\Desenvolvimento\Projetos Github\A executar\[290071] RoaringBitmap-RoaringBitmap\roaringbitmap\src\main\java\org\roaringbitmap\BitmapDataProvider.java
D:\Desenvolvimento\Projetos Github\A executar\[290071] RoaringBitmap-RoaringBitmap\roaringbitmap\src\main\java\org\roaringbitmap\BitmapDataProviderSupplier.java
D:\Desenvolvimento\Projetos Github\A executar\[290071] RoaringBitmap-RoaringBitmap\roaringbitmap\src\main\java\org\roaringbitmap\BitSetUtil.java
D:\Desenvolvimento\Projetos Github\A executar\[290071] RoaringBitmap-RoaringBitmap\roaringbitmap\src\main\java\org\roaringbitmap\ConstantMemoryContainerAppender.java
D:\Desenvolvimento\Projetos Github\A executar\[290071] RoaringBitmap-RoaringBitmap\roaringbitmap\src\main\java\org\roaringbitmap\Container.java
D:\Desenvolvimento\Projetos Github\A executar\[290071] RoaringBitmap-RoaringBitmap\roaringbitmap\src\main\java\org\roaringbitmap\ContainerAppender.java
D:\Desenvolvimento\Projetos Github\A executar\[290071] RoaringBitmap-RoaringBitmap\roaringbitmap\src\main\java\org\roaringbitmap\ContainerBatchIterator.java
D:\Desenvolvimento\Projetos Github\A executar\[290071] RoaringBitmap-RoaringBitmap\roaringbitmap\src\main\java\org\roaringbitmap\ContainerPointer.java
D:\Desenvolvimento\Projetos Github\A executar\[290071] RoaringBitmap-RoaringBitmap\roaringbitmap\src\main\java\org\roaringbitmap\FastAggregation.java
D:\Desenvolvimento\Projetos Github\A executar\[290071] RoaringBitmap-RoaringBitmap\roaringbitmap\src\main\java\org\roaringbitmap\FastRankRoaringBitmap.java
D:\Desenvolvimento\Projetos Github\A executar\[290071] RoaringBitmap-RoaringBitmap\roaringbitmap\src\main\java\org\roaringbitmap\ImmutableBitmapDataProvider.java
D:\Desenvolvimento\Projetos Github\A executar\[290071] RoaringBitmap-RoaringBitmap\roaringbitmap\src\main\java\org\roaringbitmap\IntConsumer.java
D:\Desenvolvimento\Projetos Github\A executar\[290071] RoaringBitmap-RoaringBitmap\roaringbitmap\src\main\java\org\roaringbitmap\IntIterator.java
D:\Desenvolvimento\Projetos Github\A executar\[290071] RoaringBitmap-RoaringBitmap\roaringbitmap\src\main\java\org\roaringbitmap\IntIteratorFlyweight.java
D:\Desenvolvimento\Projetos Github\A executar\[290071] RoaringBitmap-RoaringBitmap\roaringbitmap\src\main\java\org\roaringbitmap\InvalidRoaringFormat.java
D:\Desenvolvimento\Projetos Github\A executar\[290071] RoaringBitmap-RoaringBitmap\roaringbitmap\src\main\java\org\roaringbitmap\package-info.java
D:\Desenvolvimento\Projetos Github\A executar\[290071] RoaringBitmap-RoaringBitmap\roaringbitmap\src\main\java\org\roaringbitmap\ParallelAggregation.java
D:\Desenvolvimento\Projetos Github\A executar\[290071] RoaringBitmap-RoaringBitmap\roaringbitmap\src\main\java\org\roaringbitmap\PeekableIntIterator.java
D:\Desenvolvimento\Projetos Github\A executar\[290071] RoaringBitmap-RoaringBitmap\roaringbitmap\src\main\java\org\roaringbitmap\PeekableIntRankIterator.java
D:\Desenvolvimento\Projetos Github\A executar\[290071] RoaringBitmap-RoaringBitmap\roaringbitmap\src\main\java\org\roaringbitmap\PeekableShortIterator.java
D:\Desenvolvimento\Projetos Github\A executar\[290071] RoaringBitmap-RoaringBitmap\roaringbitmap\src\main\java\org\roaringbitmap\PeekableShortRankIterator.java
D:\Desenvolvimento\Projetos Github\A executar\[290071] RoaringBitmap-RoaringBitmap\roaringbitmap\src\main\java\org\roaringbitmap\ReverseIntIteratorFlyweight.java
D:\Desenvolvimento\Projetos Github\A executar\[290071] RoaringBitmap-RoaringBitmap\roaringbitmap\src\main\java\org\roaringbitmap\RoaringArray.java
D:\Desenvolvimento\Projetos Github\A executar\[290071] RoaringBitmap-RoaringBitmap\roaringbitmap\src\main\java\org\roaringbitmap\RoaringBatchIterator.java
D:\Desenvolvimento\Projetos Github\A executar\[290071] RoaringBitmap-RoaringBitmap\roaringbitmap\src\main\java\org\roaringbitmap\RoaringBitmap.java
D:\Desenvolvimento\Projetos Github\A executar\[290071] RoaringBitmap-RoaringBitmap\roaringbitmap\src\main\java\org\roaringbitmap\RoaringBitmapSupplier.java
D:\Desenvolvimento\Projetos Github\A executar\[290071] RoaringBitmap-RoaringBitmap\roaringbitmap\src\main\java\org\roaringbitmap\RoaringBitmapWriter.java
D:\Desenvolvimento\Projetos Github\A executar\[290071] RoaringBitmap-RoaringBitmap\roaringbitmap\src\main\java\org\roaringbitmap\RunBatchIterator.java
D:\Desenvolvimento\Projetos Github\A executar\[290071] RoaringBitmap-RoaringBitmap\roaringbitmap\src\main\java\org\roaringbitmap\RunContainer.java
D:\Desenvolvimento\Projetos Github\A executar\[290071] RoaringBitmap-RoaringBitmap\roaringbitmap\src\main\java\org\roaringbitmap\ShortIterator.java
D:\Desenvolvimento\Projetos Github\A executar\[290071] RoaringBitmap-RoaringBitmap\roaringbitmap\src\main\java\org\roaringbitmap\Util.java
D:\Desenvolvimento\Projetos Github\A executar\[290071] RoaringBitmap-RoaringBitmap\roaringbitmap\src\main\java\org\roaringbitmap\WordStorage.java
D:\Desenvolvimento\Projetos Github\A executar\[290071] RoaringBitmap-RoaringBitmap\shims\src\main\java\org\roaringbitmap\ArraysShim.java
D:\Desenvolvimento\Projetos Github\A executar\[290071] RoaringBitmap-RoaringBitmap\shims\src\main\java11\org\roaringbitmap\ArraysShim.java
D:\Desenvolvimento\Projetos Github\A executar\[290071] RoaringBitmap-RoaringBitmap\jmh\src\main\java\org\roaringbitmap\arraycontainer\AddBenchmark.java
D:\Desenvolvimento\Projetos Github\A executar\[290071] RoaringBitmap-RoaringBitmap\jmh\src\main\java\org\roaringbitmap\bithacking\SelectBenchmark.java
D:\Desenvolvimento\Projetos Github\A executar\[290071] RoaringBitmap-RoaringBitmap\jmh\src\main\java\org\roaringbitmap\bithacking\UnsignedVSFlip.java
D:\Desenvolvimento\Projetos Github\A executar\[290071] RoaringBitmap-RoaringBitmap\jmh\src\main\java\org\roaringbitmap\buffer\BufferUtilBenchmark.java
D:\Desenvolvimento\Projetos Github\A executar\[290071] RoaringBitmap-RoaringBitmap\jmh\src\main\java\org\roaringbitmap\cardinality64\Cardinality64Benchmark.java
D:\Desenvolvimento\Projetos Github\A executar\[290071] RoaringBitmap-RoaringBitmap\jmh\src\main\java\org\roaringbitmap\equals\EqualsBenchmark.java
D:\Desenvolvimento\Projetos Github\A executar\[290071] RoaringBitmap-RoaringBitmap\jmh\src\main\java\org\roaringbitmap\iteration\BatchIteratorBenchmark.java
D:\Desenvolvimento\Projetos Github\A executar\[290071] RoaringBitmap-RoaringBitmap\jmh\src\main\java\org\roaringbitmap\iteration\BitmapIteratorBenchmark.java
D:\Desenvolvimento\Projetos Github\A executar\[290071] RoaringBitmap-RoaringBitmap\jmh\src\main\java\org\roaringbitmap\iteration\BitmapNextBenchmark.java
D:\Desenvolvimento\Projetos Github\A executar\[290071] RoaringBitmap-RoaringBitmap\jmh\src\main\java\org\roaringbitmap\iteration\Concatenation.java
D:\Desenvolvimento\Projetos Github\A executar\[290071] RoaringBitmap-RoaringBitmap\jmh\src\main\java\org\roaringbitmap\iteration\IteratorsBenchmark32.java
D:\Desenvolvimento\Projetos Github\A executar\[290071] RoaringBitmap-RoaringBitmap\jmh\src\main\java\org\roaringbitmap\iteration\IteratorsBenchmark64.java
D:\Desenvolvimento\Projetos Github\A executar\[290071] RoaringBitmap-RoaringBitmap\jmh\src\main\java\org\roaringbitmap\map\MapBenchmark.java
D:\Desenvolvimento\Projetos Github\A executar\[290071] RoaringBitmap-RoaringBitmap\jmh\src\main\java\org\roaringbitmap\needwork\RandomAccess.java
D:\Desenvolvimento\Projetos Github\A executar\[290071] RoaringBitmap-RoaringBitmap\jmh\src\main\java\org\roaringbitmap\needwork\SlowMappedORaggregate1.java
D:\Desenvolvimento\Projetos Github\A executar\[290071] RoaringBitmap-RoaringBitmap\jmh\src\main\java\org\roaringbitmap\needwork\SlowMappedORaggregate2.java
D:\Desenvolvimento\Projetos Github\A executar\[290071] RoaringBitmap-RoaringBitmap\jmh\src\main\java\org\roaringbitmap\needwork\SlowORaggregate1.java
D:\Desenvolvimento\Projetos Github\A executar\[290071] RoaringBitmap-RoaringBitmap\jmh\src\main\java\org\roaringbitmap\needwork\SlowORaggregate2.java
D:\Desenvolvimento\Projetos Github\A executar\[290071] RoaringBitmap-RoaringBitmap\jmh\src\main\java\org\roaringbitmap\needwork\SlowORaggregate3.java
D:\Desenvolvimento\Projetos Github\A executar\[290071] RoaringBitmap-RoaringBitmap\jmh\src\main\java\org\roaringbitmap\range\ContainsRange.java
D:\Desenvolvimento\Projetos Github\A executar\[290071] RoaringBitmap-RoaringBitmap\jmh\src\main\java\org\roaringbitmap\realdata\ParallelAggregatorBenchmark.java
D:\Desenvolvimento\Projetos Github\A executar\[290071] RoaringBitmap-RoaringBitmap\jmh\src\main\java\org\roaringbitmap\realdata\RealDataBenchmarkAnd.java
D:\Desenvolvimento\Projetos Github\A executar\[290071] RoaringBitmap-RoaringBitmap\jmh\src\main\java\org\roaringbitmap\realdata\RealDataBenchmarkAndNot.java
D:\Desenvolvimento\Projetos Github\A executar\[290071] RoaringBitmap-RoaringBitmap\jmh\src\main\java\org\roaringbitmap\realdata\RealDataBenchmarkCardinality.java
D:\Desenvolvimento\Projetos Github\A executar\[290071] RoaringBitmap-RoaringBitmap\jmh\src\main\java\org\roaringbitmap\realdata\RealDataBenchmarkContains.java
D:\Desenvolvimento\Projetos Github\A executar\[290071] RoaringBitmap-RoaringBitmap\jmh\src\main\java\org\roaringbitmap\realdata\RealDataBenchmarkForEach.java
D:\Desenvolvimento\Projetos Github\A executar\[290071] RoaringBitmap-RoaringBitmap\jmh\src\main\java\org\roaringbitmap\realdata\RealDataBenchmarkInot.java
D:\Desenvolvimento\Projetos Github\A executar\[290071] RoaringBitmap-RoaringBitmap\jmh\src\main\java\org\roaringbitmap\realdata\RealDataBenchmarkIOr.java
D:\Desenvolvimento\Projetos Github\A executar\[290071] RoaringBitmap-RoaringBitmap\jmh\src\main\java\org\roaringbitmap\realdata\RealDataBenchmarkIterate.java
D:\Desenvolvimento\Projetos Github\A executar\[290071] RoaringBitmap-RoaringBitmap\jmh\src\main\java\org\roaringbitmap\realdata\RealDataBenchmarkOr.java
D:\Desenvolvimento\Projetos Github\A executar\[290071] RoaringBitmap-RoaringBitmap\jmh\src\main\java\org\roaringbitmap\realdata\RealDataBenchmarkReverseIterate.java
D:\Desenvolvimento\Projetos Github\A executar\[290071] RoaringBitmap-RoaringBitmap\jmh\src\main\java\org\roaringbitmap\realdata\RealDataBenchmarkWideAndNaive.java
D:\Desenvolvimento\Projetos Github\A executar\[290071] RoaringBitmap-RoaringBitmap\jmh\src\main\java\org\roaringbitmap\realdata\RealDataBenchmarkWideOrNaive.java
D:\Desenvolvimento\Projetos Github\A executar\[290071] RoaringBitmap-RoaringBitmap\jmh\src\main\java\org\roaringbitmap\realdata\RealDataBenchmarkWideOrPq.java
D:\Desenvolvimento\Projetos Github\A executar\[290071] RoaringBitmap-RoaringBitmap\jmh\src\main\java\org\roaringbitmap\realdata\RealDataBenchmarkXor.java
D:\Desenvolvimento\Projetos Github\A executar\[290071] RoaringBitmap-RoaringBitmap\jmh\src\main\java\org\roaringbitmap\realdata\RealDataSerializationBenchmark.java
D:\Desenvolvimento\Projetos Github\A executar\[290071] RoaringBitmap-RoaringBitmap\jmh\src\main\java\org\roaringbitmap\runcontainer\AllRunHorizontalOrBenchmark.java
D:\Desenvolvimento\Projetos Github\A executar\[290071] RoaringBitmap-RoaringBitmap\jmh\src\main\java\org\roaringbitmap\runcontainer\ArrayContainerAndNotRunContainerBenchmark.java
D:\Desenvolvimento\Projetos Github\A executar\[290071] RoaringBitmap-RoaringBitmap\jmh\src\main\java\org\roaringbitmap\runcontainer\BasicAndContainerBenchmark.java
D:\Desenvolvimento\Projetos Github\A executar\[290071] RoaringBitmap-RoaringBitmap\jmh\src\main\java\org\roaringbitmap\runcontainer\BasicAndNotContainerBenchmark.java
D:\Desenvolvimento\Projetos Github\A executar\[290071] RoaringBitmap-RoaringBitmap\jmh\src\main\java\org\roaringbitmap\runcontainer\BasicHorizontalOrBenchmark.java
D:\Desenvolvimento\Projetos Github\A executar\[290071] RoaringBitmap-RoaringBitmap\jmh\src\main\java\org\roaringbitmap\runcontainer\BasicIteratorBenchmark.java
D:\Desenvolvimento\Projetos Github\A executar\[290071] RoaringBitmap-RoaringBitmap\jmh\src\main\java\org\roaringbitmap\runcontainer\BasicOrContainerBenchmark.java
D:\Desenvolvimento\Projetos Github\A executar\[290071] RoaringBitmap-RoaringBitmap\jmh\src\main\java\org\roaringbitmap\runcontainer\BasicXorContainerBenchmark.java
D:\Desenvolvimento\Projetos Github\A executar\[290071] RoaringBitmap-RoaringBitmap\jmh\src\main\java\org\roaringbitmap\runcontainer\BitmapToRuncontainerConversions.java
D:\Desenvolvimento\Projetos Github\A executar\[290071] RoaringBitmap-RoaringBitmap\jmh\src\main\java\org\roaringbitmap\runcontainer\MappedRunContainerRealDataBenchmarkRunOptimize.java
D:\Desenvolvimento\Projetos Github\A executar\[290071] RoaringBitmap-RoaringBitmap\jmh\src\main\java\org\roaringbitmap\runcontainer\RandomUtil.java
D:\Desenvolvimento\Projetos Github\A executar\[290071] RoaringBitmap-RoaringBitmap\jmh\src\main\java\org\roaringbitmap\runcontainer\RunArrayAndBenchmark.java
D:\Desenvolvimento\Projetos Github\A executar\[290071] RoaringBitmap-RoaringBitmap\jmh\src\main\java\org\roaringbitmap\runcontainer\RunArrayAndNotBenchmark.java
D:\Desenvolvimento\Projetos Github\A executar\[290071] RoaringBitmap-RoaringBitmap\jmh\src\main\java\org\roaringbitmap\runcontainer\RunArrayOrBenchmark.java
D:\Desenvolvimento\Projetos Github\A executar\[290071] RoaringBitmap-RoaringBitmap\jmh\src\main\java\org\roaringbitmap\runcontainer\RunArrayXorBenchmark.java
D:\Desenvolvimento\Projetos Github\A executar\[290071] RoaringBitmap-RoaringBitmap\jmh\src\main\java\org\roaringbitmap\runcontainer\RunContainerRealDataBenchmarkRunOptimize.java
D:\Desenvolvimento\Projetos Github\A executar\[290071] RoaringBitmap-RoaringBitmap\jmh\src\main\java\org\roaringbitmap\serialization\SerializationBenchmark.java
D:\Desenvolvimento\Projetos Github\A executar\[290071] RoaringBitmap-RoaringBitmap\jmh\src\main\java\org\roaringbitmap\writer\WriteSequential.java
D:\Desenvolvimento\Projetos Github\A executar\[290071] RoaringBitmap-RoaringBitmap\jmh\src\main\java\org\roaringbitmap\writer\WriteUnordered.java
D:\Desenvolvimento\Projetos Github\A executar\[290071] RoaringBitmap-RoaringBitmap\roaringbitmap\src\main\java\org\roaringbitmap\buffer\ArrayBatchIterator.java
D:\Desenvolvimento\Projetos Github\A executar\[290071] RoaringBitmap-RoaringBitmap\roaringbitmap\src\main\java\org\roaringbitmap\buffer\BitmapBatchIterator.java
D:\Desenvolvimento\Projetos Github\A executar\[290071] RoaringBitmap-RoaringBitmap\roaringbitmap\src\main\java\org\roaringbitmap\buffer\BufferBitSetUtil.java
D:\Desenvolvimento\Projetos Github\A executar\[290071] RoaringBitmap-RoaringBitmap\roaringbitmap\src\main\java\org\roaringbitmap\buffer\BufferFastAggregation.java
D:\Desenvolvimento\Projetos Github\A executar\[290071] RoaringBitmap-RoaringBitmap\roaringbitmap\src\main\java\org\roaringbitmap\buffer\BufferIntIteratorFlyweight.java
D:\Desenvolvimento\Projetos Github\A executar\[290071] RoaringBitmap-RoaringBitmap\roaringbitmap\src\main\java\org\roaringbitmap\buffer\BufferParallelAggregation.java
D:\Desenvolvimento\Projetos Github\A executar\[290071] RoaringBitmap-RoaringBitmap\roaringbitmap\src\main\java\org\roaringbitmap\buffer\BufferReverseIntIteratorFlyweight.java
D:\Desenvolvimento\Projetos Github\A executar\[290071] RoaringBitmap-RoaringBitmap\roaringbitmap\src\main\java\org\roaringbitmap\buffer\BufferUtil.java
D:\Desenvolvimento\Projetos Github\A executar\[290071] RoaringBitmap-RoaringBitmap\roaringbitmap\src\main\java\org\roaringbitmap\buffer\ImmutableRoaringArray.java
D:\Desenvolvimento\Projetos Github\A executar\[290071] RoaringBitmap-RoaringBitmap\roaringbitmap\src\main\java\org\roaringbitmap\buffer\ImmutableRoaringBitmap.java
D:\Desenvolvimento\Projetos Github\A executar\[290071] RoaringBitmap-RoaringBitmap\roaringbitmap\src\main\java\org\roaringbitmap\buffer\MappeableArrayContainer.java
D:\Desenvolvimento\Projetos Github\A executar\[290071] RoaringBitmap-RoaringBitmap\roaringbitmap\src\main\java\org\roaringbitmap\buffer\MappeableBitmapContainer.java
D:\Desenvolvimento\Projetos Github\A executar\[290071] RoaringBitmap-RoaringBitmap\roaringbitmap\src\main\java\org\roaringbitmap\buffer\MappeableContainer.java
D:\Desenvolvimento\Projetos Github\A executar\[290071] RoaringBitmap-RoaringBitmap\roaringbitmap\src\main\java\org\roaringbitmap\buffer\MappeableContainerPointer.java
D:\Desenvolvimento\Projetos Github\A executar\[290071] RoaringBitmap-RoaringBitmap\roaringbitmap\src\main\java\org\roaringbitmap\buffer\MappeableRunContainer.java
D:\Desenvolvimento\Projetos Github\A executar\[290071] RoaringBitmap-RoaringBitmap\roaringbitmap\src\main\java\org\roaringbitmap\buffer\MutableRoaringArray.java
D:\Desenvolvimento\Projetos Github\A executar\[290071] RoaringBitmap-RoaringBitmap\roaringbitmap\src\main\java\org\roaringbitmap\buffer\MutableRoaringBitmap.java
D:\Desenvolvimento\Projetos Github\A executar\[290071] RoaringBitmap-RoaringBitmap\roaringbitmap\src\main\java\org\roaringbitmap\buffer\MutableRoaringBitmapSupplier.java
D:\Desenvolvimento\Projetos Github\A executar\[290071] RoaringBitmap-RoaringBitmap\roaringbitmap\src\main\java\org\roaringbitmap\buffer\package-info.java
D:\Desenvolvimento\Projetos Github\A executar\[290071] RoaringBitmap-RoaringBitmap\roaringbitmap\src\main\java\org\roaringbitmap\buffer\PointableRoaringArray.java
D:\Desenvolvimento\Projetos Github\A executar\[290071] RoaringBitmap-RoaringBitmap\roaringbitmap\src\main\java\org\roaringbitmap\buffer\RoaringBatchIterator.java
D:\Desenvolvimento\Projetos Github\A executar\[290071] RoaringBitmap-RoaringBitmap\roaringbitmap\src\main\java\org\roaringbitmap\buffer\RunBatchIterator.java
D:\Desenvolvimento\Projetos Github\A executar\[290071] RoaringBitmap-RoaringBitmap\roaringbitmap\src\main\java\org\roaringbitmap\insights\BitmapAnalyser.java
D:\Desenvolvimento\Projetos Github\A executar\[290071] RoaringBitmap-RoaringBitmap\roaringbitmap\src\main\java\org\roaringbitmap\insights\BitmapStatistics.java
D:\Desenvolvimento\Projetos Github\A executar\[290071] RoaringBitmap-RoaringBitmap\roaringbitmap\src\main\java\org\roaringbitmap\insights\NaiveWriterRecommender.java
D:\Desenvolvimento\Projetos Github\A executar\[290071] RoaringBitmap-RoaringBitmap\roaringbitmap\src\main\java\org\roaringbitmap\longlong\ImmutableLongBitmapDataProvider.java
D:\Desenvolvimento\Projetos Github\A executar\[290071] RoaringBitmap-RoaringBitmap\roaringbitmap\src\main\java\org\roaringbitmap\longlong\LongBitmapDataProvider.java
D:\Desenvolvimento\Projetos Github\A executar\[290071] RoaringBitmap-RoaringBitmap\roaringbitmap\src\main\java\org\roaringbitmap\longlong\LongConsumer.java
D:\Desenvolvimento\Projetos Github\A executar\[290071] RoaringBitmap-RoaringBitmap\roaringbitmap\src\main\java\org\roaringbitmap\longlong\LongIterator.java
D:\Desenvolvimento\Projetos Github\A executar\[290071] RoaringBitmap-RoaringBitmap\roaringbitmap\src\main\java\org\roaringbitmap\longlong\package-info.java
D:\Desenvolvimento\Projetos Github\A executar\[290071] RoaringBitmap-RoaringBitmap\roaringbitmap\src\main\java\org\roaringbitmap\longlong\PeekableLongIterator.java
D:\Desenvolvimento\Projetos Github\A executar\[290071] RoaringBitmap-RoaringBitmap\roaringbitmap\src\main\java\org\roaringbitmap\longlong\Roaring64NavigableMap.java
D:\Desenvolvimento\Projetos Github\A executar\[290071] RoaringBitmap-RoaringBitmap\roaringbitmap\src\main\java\org\roaringbitmap\longlong\RoaringIntPacking.java
D:\Desenvolvimento\Projetos Github\A executar\[290071] RoaringBitmap-RoaringBitmap\jmh\src\main\java\org\roaringbitmap\needwork\state\NeedWorkBenchmarkState.java
D:\Desenvolvimento\Projetos Github\A executar\[290071] RoaringBitmap-RoaringBitmap\jmh\src\main\java\org\roaringbitmap\realdata\state\RealDataBenchmarkState.java
D:\Desenvolvimento\Projetos Github\A executar\[290071] RoaringBitmap-RoaringBitmap\jmh\src\main\java\org\roaringbitmap\realdata\state\RealDataRoaringOnlyBenchmarkState.java
D:\Desenvolvimento\Projetos Github\A executar\[290071] RoaringBitmap-RoaringBitmap\jmh\src\main\java\org\roaringbitmap\realdata\wrapper\Bitmap.java
D:\Desenvolvimento\Projetos Github\A executar\[290071] RoaringBitmap-RoaringBitmap\jmh\src\main\java\org\roaringbitmap\realdata\wrapper\BitmapAggregator.java
D:\Desenvolvimento\Projetos Github\A executar\[290071] RoaringBitmap-RoaringBitmap\jmh\src\main\java\org\roaringbitmap\realdata\wrapper\BitmapFactory.java
D:\Desenvolvimento\Projetos Github\A executar\[290071] RoaringBitmap-RoaringBitmap\jmh\src\main\java\org\roaringbitmap\realdata\wrapper\BitmapIterator.java
D:\Desenvolvimento\Projetos Github\A executar\[290071] RoaringBitmap-RoaringBitmap\jmh\src\main\java\org\roaringbitmap\realdata\wrapper\ConciseSetIteratorWrapper.java
D:\Desenvolvimento\Projetos Github\A executar\[290071] RoaringBitmap-RoaringBitmap\jmh\src\main\java\org\roaringbitmap\realdata\wrapper\ConciseSetWrapper.java
D:\Desenvolvimento\Projetos Github\A executar\[290071] RoaringBitmap-RoaringBitmap\jmh\src\main\java\org\roaringbitmap\realdata\wrapper\Ewah32BitmapWrapper.java
D:\Desenvolvimento\Projetos Github\A executar\[290071] RoaringBitmap-RoaringBitmap\jmh\src\main\java\org\roaringbitmap\realdata\wrapper\EwahBitmapWrapper.java
D:\Desenvolvimento\Projetos Github\A executar\[290071] RoaringBitmap-RoaringBitmap\jmh\src\main\java\org\roaringbitmap\realdata\wrapper\EwahIteratorWrapper.java
D:\Desenvolvimento\Projetos Github\A executar\[290071] RoaringBitmap-RoaringBitmap\jmh\src\main\java\org\roaringbitmap\realdata\wrapper\ImmutableConciseSetWrapper.java
D:\Desenvolvimento\Projetos Github\A executar\[290071] RoaringBitmap-RoaringBitmap\jmh\src\main\java\org\roaringbitmap\realdata\wrapper\ImmutableRoaringBitmapWrapper.java
D:\Desenvolvimento\Projetos Github\A executar\[290071] RoaringBitmap-RoaringBitmap\jmh\src\main\java\org\roaringbitmap\realdata\wrapper\RoaringBitmapWrapper.java
D:\Desenvolvimento\Projetos Github\A executar\[290071] RoaringBitmap-RoaringBitmap\jmh\src\main\java\org\roaringbitmap\realdata\wrapper\RoaringIteratorWrapper.java
D:\Desenvolvimento\Projetos Github\A executar\[290071] RoaringBitmap-RoaringBitmap\jmh\src\main\java\org\roaringbitmap\spe150271\roaring\RealDataBenchmarkAnd.java
D:\Desenvolvimento\Projetos Github\A executar\[290071] RoaringBitmap-RoaringBitmap\jmh\src\main\java\org\roaringbitmap\spe150271\roaring\RealDataBenchmarkOr.java
D:\Desenvolvimento\Projetos Github\A executar\[290071] RoaringBitmap-RoaringBitmap\jmh\src\main\java\org\roaringbitmap\spe150271\roaring\RealDataBenchmarkWideOrNaive.java
D:\Desenvolvimento\Projetos Github\A executar\[290071] RoaringBitmap-RoaringBitmap\jmh\src\main\java\org\roaringbitmap\spe150271\runroaring\RealDataBenchmarkAnd.java
D:\Desenvolvimento\Projetos Github\A executar\[290071] RoaringBitmap-RoaringBitmap\jmh\src\main\java\org\roaringbitmap\spe150271\runroaring\RealDataBenchmarkOr.java
D:\Desenvolvimento\Projetos Github\A executar\[290071] RoaringBitmap-RoaringBitmap\jmh\src\main\java\org\roaringbitmap\spe150271\runroaring\RealDataBenchmarkWideOrNaive.java
D:\Desenvolvimento\Projetos Github\A executar\[290071] RoaringBitmap-RoaringBitmap\jmh\src\main\java\org\roaringbitmap\aggregation\and\bestcase\RoaringBitmapBenchmark.java
D:\Desenvolvimento\Projetos Github\A executar\[290071] RoaringBitmap-RoaringBitmap\jmh\src\main\java\org\roaringbitmap\aggregation\and\identical\RoaringBitmapBenchmark.java
D:\Desenvolvimento\Projetos Github\A executar\[290071] RoaringBitmap-RoaringBitmap\jmh\src\main\java\org\roaringbitmap\aggregation\and\worstcase\RoaringBitmapBenchmark.java
D:\Desenvolvimento\Projetos Github\A executar\[290071] RoaringBitmap-RoaringBitmap\jmh\src\main\java\org\roaringbitmap\aggregation\andnot\bestcase\RoaringBitmapBenchmark.java
D:\Desenvolvimento\Projetos Github\A executar\[290071] RoaringBitmap-RoaringBitmap\jmh\src\main\java\org\roaringbitmap\aggregation\andnot\identical\RoaringBitmapBenchmark.java
D:\Desenvolvimento\Projetos Github\A executar\[290071] RoaringBitmap-RoaringBitmap\jmh\src\main\java\org\roaringbitmap\aggregation\andnot\worstcase\RoaringBitmapBenchmark.java
D:\Desenvolvimento\Projetos Github\A executar\[290071] RoaringBitmap-RoaringBitmap\jmh\src\main\java\org\roaringbitmap\spe150271\roaring\state\RealDataBenchmarkState.java
D:\Desenvolvimento\Projetos Github\A executar\[290071] RoaringBitmap-RoaringBitmap\jmh\src\main\java\org\roaringbitmap\spe150271\runroaring\state\RealDataBenchmarkState.java
D:\Desenvolvimento\Projetos Github\A executar\[290071] RoaringBitmap-RoaringBitmap\jmh\src\main\java\org\roaringbitmap\buffer\aggregation\and\bestcase\MutableRoaringBitmapBenchmark.java
D:\Desenvolvimento\Projetos Github\A executar\[290071] RoaringBitmap-RoaringBitmap\jmh\src\main\java\org\roaringbitmap\buffer\aggregation\and\identical\MutableRoaringBitmapBenchmark.java
D:\Desenvolvimento\Projetos Github\A executar\[290071] RoaringBitmap-RoaringBitmap\jmh\src\main\java\org\roaringbitmap\buffer\aggregation\and\worstcase\MutableRoaringBitmapBenchmark.java
D:\Desenvolvimento\Projetos Github\A executar\[290071] RoaringBitmap-RoaringBitmap\jmh\src\main\java\org\roaringbitmap\buffer\aggregation\andnot\bestcase\MutableRoaringBitmapBenchmark.java
D:\Desenvolvimento\Projetos Github\A executar\[290071] RoaringBitmap-RoaringBitmap\jmh\src\main\java\org\roaringbitmap\buffer\aggregation\andnot\identical\MutableRoaringBitmapBenchmark.java
D:\Desenvolvimento\Projetos Github\A executar\[290071] RoaringBitmap-RoaringBitmap\jmh\src\main\java\org\roaringbitmap\buffer\aggregation\andnot\worstcase\MutableRoaringBitmapBenchmark.java
-- Source dirs
D:\Desenvolvimento\Projetos Github\A executar\[290071] RoaringBitmap-RoaringBitmap\jmh\src\main\java
D:\Desenvolvimento\Projetos Github\A executar\[290071] RoaringBitmap-RoaringBitmap\real-roaring-dataset\src\main\java
D:\Desenvolvimento\Projetos Github\A executar\[290071] RoaringBitmap-RoaringBitmap\roaringbitmap\src\main\java
D:\Desenvolvimento\Projetos Github\A executar\[290071] RoaringBitmap-RoaringBitmap\shims\src\main\java
D:\Desenvolvimento\Projetos Github\A executar\[290071] RoaringBitmap-RoaringBitmap\shims\src\main\java11
-- Test dirs
D:\Desenvolvimento\Projetos Github\A executar\[290071] RoaringBitmap-RoaringBitmap\fuzz-tests\src\test\java
D:\Desenvolvimento\Projetos Github\A executar\[290071] RoaringBitmap-RoaringBitmap\roaringbitmap\src\test\java
D:\Desenvolvimento\Projetos Github\A executar\[290071] RoaringBitmap-RoaringBitmap\jmh\src\test\java

