17/07/2019 16:03:28 ufrn.dimap.lets.ehmetrics.projectresolver.JavaProject#resolveArtifacts - INFO: [299854] nidi3-graphviz-java files...
-- Java files
D:\Desenvolvimento\Projetos Github\A executar\[299854] nidi3-graphviz-java\graphviz-java\src\main\java\guru\nidi\graphviz\NonnullApi.java
D:\Desenvolvimento\Projetos Github\A executar\[299854] nidi3-graphviz-java\graphviz-java\src\test\java\guru\nidi\graphviz\CodeAnalysisTest.java
D:\Desenvolvimento\Projetos Github\A executar\[299854] nidi3-graphviz-java\graphviz-java\src\test\java\guru\nidi\graphviz\CodeCoverage.java
D:\Desenvolvimento\Projetos Github\A executar\[299854] nidi3-graphviz-java\graphviz-java\src\test\java\guru\nidi\graphviz\PerformanceTest.java
D:\Desenvolvimento\Projetos Github\A executar\[299854] nidi3-graphviz-java\graphviz-taglet\src\main\java\guru\nidi\graphviz\GraphvizTaglet.java
D:\Desenvolvimento\Projetos Github\A executar\[299854] nidi3-graphviz-java\graphviz-java\src\main\java\guru\nidi\graphviz\attribute\Arrow.java
D:\Desenvolvimento\Projetos Github\A executar\[299854] nidi3-graphviz-java\graphviz-java\src\main\java\guru\nidi\graphviz\attribute\Attributed.java
D:\Desenvolvimento\Projetos Github\A executar\[299854] nidi3-graphviz-java\graphviz-java\src\main\java\guru\nidi\graphviz\attribute\Attributes.java
D:\Desenvolvimento\Projetos Github\A executar\[299854] nidi3-graphviz-java\graphviz-java\src\main\java\guru\nidi\graphviz\attribute\Color.java
D:\Desenvolvimento\Projetos Github\A executar\[299854] nidi3-graphviz-java\graphviz-java\src\main\java\guru\nidi\graphviz\attribute\EndLabel.java
D:\Desenvolvimento\Projetos Github\A executar\[299854] nidi3-graphviz-java\graphviz-java\src\main\java\guru\nidi\graphviz\attribute\Font.java
D:\Desenvolvimento\Projetos Github\A executar\[299854] nidi3-graphviz-java\graphviz-java\src\main\java\guru\nidi\graphviz\attribute\For.java
D:\Desenvolvimento\Projetos Github\A executar\[299854] nidi3-graphviz-java\graphviz-java\src\main\java\guru\nidi\graphviz\attribute\ForAll.java
D:\Desenvolvimento\Projetos Github\A executar\[299854] nidi3-graphviz-java\graphviz-java\src\main\java\guru\nidi\graphviz\attribute\ForGraph.java
D:\Desenvolvimento\Projetos Github\A executar\[299854] nidi3-graphviz-java\graphviz-java\src\main\java\guru\nidi\graphviz\attribute\ForLink.java
D:\Desenvolvimento\Projetos Github\A executar\[299854] nidi3-graphviz-java\graphviz-java\src\main\java\guru\nidi\graphviz\attribute\ForNode.java
D:\Desenvolvimento\Projetos Github\A executar\[299854] nidi3-graphviz-java\graphviz-java\src\main\java\guru\nidi\graphviz\attribute\GraphAttr.java
D:\Desenvolvimento\Projetos Github\A executar\[299854] nidi3-graphviz-java\graphviz-java\src\main\java\guru\nidi\graphviz\attribute\Image.java
D:\Desenvolvimento\Projetos Github\A executar\[299854] nidi3-graphviz-java\graphviz-java\src\main\java\guru\nidi\graphviz\attribute\Label.java
D:\Desenvolvimento\Projetos Github\A executar\[299854] nidi3-graphviz-java\graphviz-java\src\main\java\guru\nidi\graphviz\attribute\LinkAttr.java
D:\Desenvolvimento\Projetos Github\A executar\[299854] nidi3-graphviz-java\graphviz-java\src\main\java\guru\nidi\graphviz\attribute\MapAttributes.java
D:\Desenvolvimento\Projetos Github\A executar\[299854] nidi3-graphviz-java\graphviz-java\src\main\java\guru\nidi\graphviz\attribute\NodeAttr.java
D:\Desenvolvimento\Projetos Github\A executar\[299854] nidi3-graphviz-java\graphviz-java\src\main\java\guru\nidi\graphviz\attribute\package-info.java
D:\Desenvolvimento\Projetos Github\A executar\[299854] nidi3-graphviz-java\graphviz-java\src\main\java\guru\nidi\graphviz\attribute\Rank.java
D:\Desenvolvimento\Projetos Github\A executar\[299854] nidi3-graphviz-java\graphviz-java\src\main\java\guru\nidi\graphviz\attribute\RankDir.java
D:\Desenvolvimento\Projetos Github\A executar\[299854] nidi3-graphviz-java\graphviz-java\src\main\java\guru\nidi\graphviz\attribute\Records.java
D:\Desenvolvimento\Projetos Github\A executar\[299854] nidi3-graphviz-java\graphviz-java\src\main\java\guru\nidi\graphviz\attribute\Shape.java
D:\Desenvolvimento\Projetos Github\A executar\[299854] nidi3-graphviz-java\graphviz-java\src\main\java\guru\nidi\graphviz\attribute\SimpleLabel.java
D:\Desenvolvimento\Projetos Github\A executar\[299854] nidi3-graphviz-java\graphviz-java\src\main\java\guru\nidi\graphviz\attribute\SingleAttributes.java
D:\Desenvolvimento\Projetos Github\A executar\[299854] nidi3-graphviz-java\graphviz-java\src\main\java\guru\nidi\graphviz\attribute\Size.java
D:\Desenvolvimento\Projetos Github\A executar\[299854] nidi3-graphviz-java\graphviz-java\src\main\java\guru\nidi\graphviz\attribute\Style.java
D:\Desenvolvimento\Projetos Github\A executar\[299854] nidi3-graphviz-java\graphviz-java\src\main\java\guru\nidi\graphviz\engine\AbstractGraphvizEngine.java
D:\Desenvolvimento\Projetos Github\A executar\[299854] nidi3-graphviz-java\graphviz-java\src\main\java\guru\nidi\graphviz\engine\AbstractJsGraphvizEngine.java
D:\Desenvolvimento\Projetos Github\A executar\[299854] nidi3-graphviz-java\graphviz-java\src\main\java\guru\nidi\graphviz\engine\BatikRasterizer.java
D:\Desenvolvimento\Projetos Github\A executar\[299854] nidi3-graphviz-java\graphviz-java\src\main\java\guru\nidi\graphviz\engine\Communicator.java
D:\Desenvolvimento\Projetos Github\A executar\[299854] nidi3-graphviz-java\graphviz-java\src\main\java\guru\nidi\graphviz\engine\Engine.java
D:\Desenvolvimento\Projetos Github\A executar\[299854] nidi3-graphviz-java\graphviz-java\src\main\java\guru\nidi\graphviz\engine\Format.java
D:\Desenvolvimento\Projetos Github\A executar\[299854] nidi3-graphviz-java\graphviz-java\src\main\java\guru\nidi\graphviz\engine\Graphviz.java
D:\Desenvolvimento\Projetos Github\A executar\[299854] nidi3-graphviz-java\graphviz-java\src\main\java\guru\nidi\graphviz\engine\GraphvizCmdLineEngine.java
D:\Desenvolvimento\Projetos Github\A executar\[299854] nidi3-graphviz-java\graphviz-java\src\main\java\guru\nidi\graphviz\engine\GraphvizEngine.java
D:\Desenvolvimento\Projetos Github\A executar\[299854] nidi3-graphviz-java\graphviz-java\src\main\java\guru\nidi\graphviz\engine\GraphvizException.java
D:\Desenvolvimento\Projetos Github\A executar\[299854] nidi3-graphviz-java\graphviz-java\src\main\java\guru\nidi\graphviz\engine\GraphvizGraalEngine.java
D:\Desenvolvimento\Projetos Github\A executar\[299854] nidi3-graphviz-java\graphviz-java\src\main\java\guru\nidi\graphviz\engine\GraphvizJdkEngine.java
D:\Desenvolvimento\Projetos Github\A executar\[299854] nidi3-graphviz-java\graphviz-java\src\main\java\guru\nidi\graphviz\engine\GraphvizNashornEngine.java
D:\Desenvolvimento\Projetos Github\A executar\[299854] nidi3-graphviz-java\graphviz-java\src\main\java\guru\nidi\graphviz\engine\GraphvizServer.java
D:\Desenvolvimento\Projetos Github\A executar\[299854] nidi3-graphviz-java\graphviz-java\src\main\java\guru\nidi\graphviz\engine\GraphvizServerEngine.java
D:\Desenvolvimento\Projetos Github\A executar\[299854] nidi3-graphviz-java\graphviz-java\src\main\java\guru\nidi\graphviz\engine\GraphvizV8Engine.java
D:\Desenvolvimento\Projetos Github\A executar\[299854] nidi3-graphviz-java\graphviz-java\src\main\java\guru\nidi\graphviz\engine\IoUtils.java
D:\Desenvolvimento\Projetos Github\A executar\[299854] nidi3-graphviz-java\graphviz-java\src\main\java\guru\nidi\graphviz\engine\Options.java
D:\Desenvolvimento\Projetos Github\A executar\[299854] nidi3-graphviz-java\graphviz-java\src\main\java\guru\nidi\graphviz\engine\package-info.java
D:\Desenvolvimento\Projetos Github\A executar\[299854] nidi3-graphviz-java\graphviz-java\src\main\java\guru\nidi\graphviz\engine\Rasterizer.java
D:\Desenvolvimento\Projetos Github\A executar\[299854] nidi3-graphviz-java\graphviz-java\src\main\java\guru\nidi\graphviz\engine\Renderer.java
D:\Desenvolvimento\Projetos Github\A executar\[299854] nidi3-graphviz-java\graphviz-java\src\main\java\guru\nidi\graphviz\engine\ResultHandler.java
D:\Desenvolvimento\Projetos Github\A executar\[299854] nidi3-graphviz-java\graphviz-java\src\main\java\guru\nidi\graphviz\engine\SalamanderRasterizer.java
D:\Desenvolvimento\Projetos Github\A executar\[299854] nidi3-graphviz-java\graphviz-java\src\main\java\guru\nidi\graphviz\engine\SvgRasterizer.java
D:\Desenvolvimento\Projetos Github\A executar\[299854] nidi3-graphviz-java\graphviz-java\src\main\java\guru\nidi\graphviz\model\Compass.java
D:\Desenvolvimento\Projetos Github\A executar\[299854] nidi3-graphviz-java\graphviz-java\src\main\java\guru\nidi\graphviz\model\CreationContext.java
D:\Desenvolvimento\Projetos Github\A executar\[299854] nidi3-graphviz-java\graphviz-java\src\main\java\guru\nidi\graphviz\model\Factory.java
D:\Desenvolvimento\Projetos Github\A executar\[299854] nidi3-graphviz-java\graphviz-java\src\main\java\guru\nidi\graphviz\model\Graph.java
D:\Desenvolvimento\Projetos Github\A executar\[299854] nidi3-graphviz-java\graphviz-java\src\main\java\guru\nidi\graphviz\model\ImmutableGraph.java
D:\Desenvolvimento\Projetos Github\A executar\[299854] nidi3-graphviz-java\graphviz-java\src\main\java\guru\nidi\graphviz\model\ImmutableNode.java
D:\Desenvolvimento\Projetos Github\A executar\[299854] nidi3-graphviz-java\graphviz-java\src\main\java\guru\nidi\graphviz\model\ImmutablePortNode.java
D:\Desenvolvimento\Projetos Github\A executar\[299854] nidi3-graphviz-java\graphviz-java\src\main\java\guru\nidi\graphviz\model\Link.java
D:\Desenvolvimento\Projetos Github\A executar\[299854] nidi3-graphviz-java\graphviz-java\src\main\java\guru\nidi\graphviz\model\LinkList.java
D:\Desenvolvimento\Projetos Github\A executar\[299854] nidi3-graphviz-java\graphviz-java\src\main\java\guru\nidi\graphviz\model\LinkSource.java
D:\Desenvolvimento\Projetos Github\A executar\[299854] nidi3-graphviz-java\graphviz-java\src\main\java\guru\nidi\graphviz\model\LinkTarget.java
D:\Desenvolvimento\Projetos Github\A executar\[299854] nidi3-graphviz-java\graphviz-java\src\main\java\guru\nidi\graphviz\model\MutableAttributed.java
D:\Desenvolvimento\Projetos Github\A executar\[299854] nidi3-graphviz-java\graphviz-java\src\main\java\guru\nidi\graphviz\model\MutableGraph.java
D:\Desenvolvimento\Projetos Github\A executar\[299854] nidi3-graphviz-java\graphviz-java\src\main\java\guru\nidi\graphviz\model\MutableNode.java
D:\Desenvolvimento\Projetos Github\A executar\[299854] nidi3-graphviz-java\graphviz-java\src\main\java\guru\nidi\graphviz\model\Node.java
D:\Desenvolvimento\Projetos Github\A executar\[299854] nidi3-graphviz-java\graphviz-java\src\main\java\guru\nidi\graphviz\model\package-info.java
D:\Desenvolvimento\Projetos Github\A executar\[299854] nidi3-graphviz-java\graphviz-java\src\main\java\guru\nidi\graphviz\model\Port.java
D:\Desenvolvimento\Projetos Github\A executar\[299854] nidi3-graphviz-java\graphviz-java\src\main\java\guru\nidi\graphviz\model\PortNode.java
D:\Desenvolvimento\Projetos Github\A executar\[299854] nidi3-graphviz-java\graphviz-java\src\main\java\guru\nidi\graphviz\model\PortSource.java
D:\Desenvolvimento\Projetos Github\A executar\[299854] nidi3-graphviz-java\graphviz-java\src\main\java\guru\nidi\graphviz\model\Serializer.java
D:\Desenvolvimento\Projetos Github\A executar\[299854] nidi3-graphviz-java\graphviz-java\src\main\java\guru\nidi\graphviz\model\SimpleMutableAttributed.java
D:\Desenvolvimento\Projetos Github\A executar\[299854] nidi3-graphviz-java\graphviz-java\src\main\java\guru\nidi\graphviz\model\ThrowingBiConsumer.java
D:\Desenvolvimento\Projetos Github\A executar\[299854] nidi3-graphviz-java\graphviz-java\src\main\java\guru\nidi\graphviz\model\ThrowingFunction.java
D:\Desenvolvimento\Projetos Github\A executar\[299854] nidi3-graphviz-java\graphviz-java\src\main\java\guru\nidi\graphviz\parse\Lexer.java
D:\Desenvolvimento\Projetos Github\A executar\[299854] nidi3-graphviz-java\graphviz-java\src\main\java\guru\nidi\graphviz\parse\package-info.java
D:\Desenvolvimento\Projetos Github\A executar\[299854] nidi3-graphviz-java\graphviz-java\src\main\java\guru\nidi\graphviz\parse\Parser.java
D:\Desenvolvimento\Projetos Github\A executar\[299854] nidi3-graphviz-java\graphviz-java\src\main\java\guru\nidi\graphviz\parse\ParserException.java
D:\Desenvolvimento\Projetos Github\A executar\[299854] nidi3-graphviz-java\graphviz-java\src\main\java\guru\nidi\graphviz\parse\Position.java
D:\Desenvolvimento\Projetos Github\A executar\[299854] nidi3-graphviz-java\graphviz-java\src\main\java\guru\nidi\graphviz\parse\Token.java
D:\Desenvolvimento\Projetos Github\A executar\[299854] nidi3-graphviz-java\graphviz-java\src\main\java\guru\nidi\graphviz\service\CommandBuilder.java
D:\Desenvolvimento\Projetos Github\A executar\[299854] nidi3-graphviz-java\graphviz-java\src\main\java\guru\nidi\graphviz\service\CommandRunner.java
D:\Desenvolvimento\Projetos Github\A executar\[299854] nidi3-graphviz-java\graphviz-java\src\main\java\guru\nidi\graphviz\service\DefaultExecutor.java
D:\Desenvolvimento\Projetos Github\A executar\[299854] nidi3-graphviz-java\graphviz-java\src\main\java\guru\nidi\graphviz\service\package-info.java
D:\Desenvolvimento\Projetos Github\A executar\[299854] nidi3-graphviz-java\graphviz-java\src\main\java\guru\nidi\graphviz\service\SystemUtils.java
D:\Desenvolvimento\Projetos Github\A executar\[299854] nidi3-graphviz-java\graphviz-java\src\main\java\guru\nidi\graphviz\use\FontTools.java
D:\Desenvolvimento\Projetos Github\A executar\[299854] nidi3-graphviz-java\graphviz-java\src\test\java\guru\nidi\graphviz\attribute\ArrowTest.java
D:\Desenvolvimento\Projetos Github\A executar\[299854] nidi3-graphviz-java\graphviz-java\src\test\java\guru\nidi\graphviz\attribute\ColorTest.java
D:\Desenvolvimento\Projetos Github\A executar\[299854] nidi3-graphviz-java\graphviz-java\src\test\java\guru\nidi\graphviz\attribute\EndLabelTest.java
D:\Desenvolvimento\Projetos Github\A executar\[299854] nidi3-graphviz-java\graphviz-java\src\test\java\guru\nidi\graphviz\attribute\FontTest.java
D:\Desenvolvimento\Projetos Github\A executar\[299854] nidi3-graphviz-java\graphviz-java\src\test\java\guru\nidi\graphviz\attribute\LabelTest.java
D:\Desenvolvimento\Projetos Github\A executar\[299854] nidi3-graphviz-java\graphviz-java\src\test\java\guru\nidi\graphviz\attribute\RecordsTest.java
D:\Desenvolvimento\Projetos Github\A executar\[299854] nidi3-graphviz-java\graphviz-java\src\test\java\guru\nidi\graphviz\attribute\ShapeTest.java
D:\Desenvolvimento\Projetos Github\A executar\[299854] nidi3-graphviz-java\graphviz-java\src\test\java\guru\nidi\graphviz\attribute\SimpleLabelTest.java
D:\Desenvolvimento\Projetos Github\A executar\[299854] nidi3-graphviz-java\graphviz-java\src\test\java\guru\nidi\graphviz\engine\AbstractGraphvizEngineTest.java
D:\Desenvolvimento\Projetos Github\A executar\[299854] nidi3-graphviz-java\graphviz-java\src\test\java\guru\nidi\graphviz\engine\EngineTest.java
D:\Desenvolvimento\Projetos Github\A executar\[299854] nidi3-graphviz-java\graphviz-java\src\test\java\guru\nidi\graphviz\engine\GraphvizTest.java
D:\Desenvolvimento\Projetos Github\A executar\[299854] nidi3-graphviz-java\graphviz-java\src\test\java\guru\nidi\graphviz\engine\OptionsTest.java
D:\Desenvolvimento\Projetos Github\A executar\[299854] nidi3-graphviz-java\graphviz-java\src\test\java\guru\nidi\graphviz\engine\RendererTest.java
D:\Desenvolvimento\Projetos Github\A executar\[299854] nidi3-graphviz-java\graphviz-java\src\test\java\guru\nidi\graphviz\model\ContextTest.java
D:\Desenvolvimento\Projetos Github\A executar\[299854] nidi3-graphviz-java\graphviz-java\src\test\java\guru\nidi\graphviz\model\ExampleTest.java
D:\Desenvolvimento\Projetos Github\A executar\[299854] nidi3-graphviz-java\graphviz-java\src\test\java\guru\nidi\graphviz\model\ReadmeTest.java
D:\Desenvolvimento\Projetos Github\A executar\[299854] nidi3-graphviz-java\graphviz-java\src\test\java\guru\nidi\graphviz\model\SerializerTest.java
D:\Desenvolvimento\Projetos Github\A executar\[299854] nidi3-graphviz-java\graphviz-java\src\test\java\guru\nidi\graphviz\model\SimpleTest.java
D:\Desenvolvimento\Projetos Github\A executar\[299854] nidi3-graphviz-java\graphviz-java\src\test\java\guru\nidi\graphviz\parse\LexerTest.java
D:\Desenvolvimento\Projetos Github\A executar\[299854] nidi3-graphviz-java\graphviz-java\src\test\java\guru\nidi\graphviz\parse\ParserTest.java
D:\Desenvolvimento\Projetos Github\A executar\[299854] nidi3-graphviz-java\graphviz-java\src\test\java\guru\nidi\graphviz\service\CommandRunnerTest.java
D:\Desenvolvimento\Projetos Github\A executar\[299854] nidi3-graphviz-java\graphviz-java\src\test\java\guru\nidi\graphviz\service\CommandRunnerWhichTest.java

17/07/2019 16:03:28 ufrn.dimap.lets.ehmetrics.projectresolver.JavaProject#resolveArtifacts - INFO: [299854] nidi3-graphviz-java artifacts...
-- Java files
D:\Desenvolvimento\Projetos Github\A executar\[299854] nidi3-graphviz-java\graphviz-java\src\main\java\guru\nidi\graphviz\NonnullApi.java
D:\Desenvolvimento\Projetos Github\A executar\[299854] nidi3-graphviz-java\graphviz-taglet\src\main\java\guru\nidi\graphviz\GraphvizTaglet.java
D:\Desenvolvimento\Projetos Github\A executar\[299854] nidi3-graphviz-java\graphviz-java\src\main\java\guru\nidi\graphviz\attribute\Arrow.java
D:\Desenvolvimento\Projetos Github\A executar\[299854] nidi3-graphviz-java\graphviz-java\src\main\java\guru\nidi\graphviz\attribute\Attributed.java
D:\Desenvolvimento\Projetos Github\A executar\[299854] nidi3-graphviz-java\graphviz-java\src\main\java\guru\nidi\graphviz\attribute\Attributes.java
D:\Desenvolvimento\Projetos Github\A executar\[299854] nidi3-graphviz-java\graphviz-java\src\main\java\guru\nidi\graphviz\attribute\Color.java
D:\Desenvolvimento\Projetos Github\A executar\[299854] nidi3-graphviz-java\graphviz-java\src\main\java\guru\nidi\graphviz\attribute\EndLabel.java
D:\Desenvolvimento\Projetos Github\A executar\[299854] nidi3-graphviz-java\graphviz-java\src\main\java\guru\nidi\graphviz\attribute\Font.java
D:\Desenvolvimento\Projetos Github\A executar\[299854] nidi3-graphviz-java\graphviz-java\src\main\java\guru\nidi\graphviz\attribute\For.java
D:\Desenvolvimento\Projetos Github\A executar\[299854] nidi3-graphviz-java\graphviz-java\src\main\java\guru\nidi\graphviz\attribute\ForAll.java
D:\Desenvolvimento\Projetos Github\A executar\[299854] nidi3-graphviz-java\graphviz-java\src\main\java\guru\nidi\graphviz\attribute\ForGraph.java
D:\Desenvolvimento\Projetos Github\A executar\[299854] nidi3-graphviz-java\graphviz-java\src\main\java\guru\nidi\graphviz\attribute\ForLink.java
D:\Desenvolvimento\Projetos Github\A executar\[299854] nidi3-graphviz-java\graphviz-java\src\main\java\guru\nidi\graphviz\attribute\ForNode.java
D:\Desenvolvimento\Projetos Github\A executar\[299854] nidi3-graphviz-java\graphviz-java\src\main\java\guru\nidi\graphviz\attribute\GraphAttr.java
D:\Desenvolvimento\Projetos Github\A executar\[299854] nidi3-graphviz-java\graphviz-java\src\main\java\guru\nidi\graphviz\attribute\Image.java
D:\Desenvolvimento\Projetos Github\A executar\[299854] nidi3-graphviz-java\graphviz-java\src\main\java\guru\nidi\graphviz\attribute\Label.java
D:\Desenvolvimento\Projetos Github\A executar\[299854] nidi3-graphviz-java\graphviz-java\src\main\java\guru\nidi\graphviz\attribute\LinkAttr.java
D:\Desenvolvimento\Projetos Github\A executar\[299854] nidi3-graphviz-java\graphviz-java\src\main\java\guru\nidi\graphviz\attribute\MapAttributes.java
D:\Desenvolvimento\Projetos Github\A executar\[299854] nidi3-graphviz-java\graphviz-java\src\main\java\guru\nidi\graphviz\attribute\NodeAttr.java
D:\Desenvolvimento\Projetos Github\A executar\[299854] nidi3-graphviz-java\graphviz-java\src\main\java\guru\nidi\graphviz\attribute\package-info.java
D:\Desenvolvimento\Projetos Github\A executar\[299854] nidi3-graphviz-java\graphviz-java\src\main\java\guru\nidi\graphviz\attribute\Rank.java
D:\Desenvolvimento\Projetos Github\A executar\[299854] nidi3-graphviz-java\graphviz-java\src\main\java\guru\nidi\graphviz\attribute\RankDir.java
D:\Desenvolvimento\Projetos Github\A executar\[299854] nidi3-graphviz-java\graphviz-java\src\main\java\guru\nidi\graphviz\attribute\Records.java
D:\Desenvolvimento\Projetos Github\A executar\[299854] nidi3-graphviz-java\graphviz-java\src\main\java\guru\nidi\graphviz\attribute\Shape.java
D:\Desenvolvimento\Projetos Github\A executar\[299854] nidi3-graphviz-java\graphviz-java\src\main\java\guru\nidi\graphviz\attribute\SimpleLabel.java
D:\Desenvolvimento\Projetos Github\A executar\[299854] nidi3-graphviz-java\graphviz-java\src\main\java\guru\nidi\graphviz\attribute\SingleAttributes.java
D:\Desenvolvimento\Projetos Github\A executar\[299854] nidi3-graphviz-java\graphviz-java\src\main\java\guru\nidi\graphviz\attribute\Size.java
D:\Desenvolvimento\Projetos Github\A executar\[299854] nidi3-graphviz-java\graphviz-java\src\main\java\guru\nidi\graphviz\attribute\Style.java
D:\Desenvolvimento\Projetos Github\A executar\[299854] nidi3-graphviz-java\graphviz-java\src\main\java\guru\nidi\graphviz\engine\AbstractGraphvizEngine.java
D:\Desenvolvimento\Projetos Github\A executar\[299854] nidi3-graphviz-java\graphviz-java\src\main\java\guru\nidi\graphviz\engine\AbstractJsGraphvizEngine.java
D:\Desenvolvimento\Projetos Github\A executar\[299854] nidi3-graphviz-java\graphviz-java\src\main\java\guru\nidi\graphviz\engine\BatikRasterizer.java
D:\Desenvolvimento\Projetos Github\A executar\[299854] nidi3-graphviz-java\graphviz-java\src\main\java\guru\nidi\graphviz\engine\Communicator.java
D:\Desenvolvimento\Projetos Github\A executar\[299854] nidi3-graphviz-java\graphviz-java\src\main\java\guru\nidi\graphviz\engine\Engine.java
D:\Desenvolvimento\Projetos Github\A executar\[299854] nidi3-graphviz-java\graphviz-java\src\main\java\guru\nidi\graphviz\engine\Format.java
D:\Desenvolvimento\Projetos Github\A executar\[299854] nidi3-graphviz-java\graphviz-java\src\main\java\guru\nidi\graphviz\engine\Graphviz.java
D:\Desenvolvimento\Projetos Github\A executar\[299854] nidi3-graphviz-java\graphviz-java\src\main\java\guru\nidi\graphviz\engine\GraphvizCmdLineEngine.java
D:\Desenvolvimento\Projetos Github\A executar\[299854] nidi3-graphviz-java\graphviz-java\src\main\java\guru\nidi\graphviz\engine\GraphvizEngine.java
D:\Desenvolvimento\Projetos Github\A executar\[299854] nidi3-graphviz-java\graphviz-java\src\main\java\guru\nidi\graphviz\engine\GraphvizException.java
D:\Desenvolvimento\Projetos Github\A executar\[299854] nidi3-graphviz-java\graphviz-java\src\main\java\guru\nidi\graphviz\engine\GraphvizGraalEngine.java
D:\Desenvolvimento\Projetos Github\A executar\[299854] nidi3-graphviz-java\graphviz-java\src\main\java\guru\nidi\graphviz\engine\GraphvizJdkEngine.java
D:\Desenvolvimento\Projetos Github\A executar\[299854] nidi3-graphviz-java\graphviz-java\src\main\java\guru\nidi\graphviz\engine\GraphvizNashornEngine.java
D:\Desenvolvimento\Projetos Github\A executar\[299854] nidi3-graphviz-java\graphviz-java\src\main\java\guru\nidi\graphviz\engine\GraphvizServer.java
D:\Desenvolvimento\Projetos Github\A executar\[299854] nidi3-graphviz-java\graphviz-java\src\main\java\guru\nidi\graphviz\engine\GraphvizServerEngine.java
D:\Desenvolvimento\Projetos Github\A executar\[299854] nidi3-graphviz-java\graphviz-java\src\main\java\guru\nidi\graphviz\engine\GraphvizV8Engine.java
D:\Desenvolvimento\Projetos Github\A executar\[299854] nidi3-graphviz-java\graphviz-java\src\main\java\guru\nidi\graphviz\engine\IoUtils.java
D:\Desenvolvimento\Projetos Github\A executar\[299854] nidi3-graphviz-java\graphviz-java\src\main\java\guru\nidi\graphviz\engine\Options.java
D:\Desenvolvimento\Projetos Github\A executar\[299854] nidi3-graphviz-java\graphviz-java\src\main\java\guru\nidi\graphviz\engine\package-info.java
D:\Desenvolvimento\Projetos Github\A executar\[299854] nidi3-graphviz-java\graphviz-java\src\main\java\guru\nidi\graphviz\engine\Rasterizer.java
D:\Desenvolvimento\Projetos Github\A executar\[299854] nidi3-graphviz-java\graphviz-java\src\main\java\guru\nidi\graphviz\engine\Renderer.java
D:\Desenvolvimento\Projetos Github\A executar\[299854] nidi3-graphviz-java\graphviz-java\src\main\java\guru\nidi\graphviz\engine\ResultHandler.java
D:\Desenvolvimento\Projetos Github\A executar\[299854] nidi3-graphviz-java\graphviz-java\src\main\java\guru\nidi\graphviz\engine\SalamanderRasterizer.java
D:\Desenvolvimento\Projetos Github\A executar\[299854] nidi3-graphviz-java\graphviz-java\src\main\java\guru\nidi\graphviz\engine\SvgRasterizer.java
D:\Desenvolvimento\Projetos Github\A executar\[299854] nidi3-graphviz-java\graphviz-java\src\main\java\guru\nidi\graphviz\model\Compass.java
D:\Desenvolvimento\Projetos Github\A executar\[299854] nidi3-graphviz-java\graphviz-java\src\main\java\guru\nidi\graphviz\model\CreationContext.java
D:\Desenvolvimento\Projetos Github\A executar\[299854] nidi3-graphviz-java\graphviz-java\src\main\java\guru\nidi\graphviz\model\Factory.java
D:\Desenvolvimento\Projetos Github\A executar\[299854] nidi3-graphviz-java\graphviz-java\src\main\java\guru\nidi\graphviz\model\Graph.java
D:\Desenvolvimento\Projetos Github\A executar\[299854] nidi3-graphviz-java\graphviz-java\src\main\java\guru\nidi\graphviz\model\ImmutableGraph.java
D:\Desenvolvimento\Projetos Github\A executar\[299854] nidi3-graphviz-java\graphviz-java\src\main\java\guru\nidi\graphviz\model\ImmutableNode.java
D:\Desenvolvimento\Projetos Github\A executar\[299854] nidi3-graphviz-java\graphviz-java\src\main\java\guru\nidi\graphviz\model\ImmutablePortNode.java
D:\Desenvolvimento\Projetos Github\A executar\[299854] nidi3-graphviz-java\graphviz-java\src\main\java\guru\nidi\graphviz\model\Link.java
D:\Desenvolvimento\Projetos Github\A executar\[299854] nidi3-graphviz-java\graphviz-java\src\main\java\guru\nidi\graphviz\model\LinkList.java
D:\Desenvolvimento\Projetos Github\A executar\[299854] nidi3-graphviz-java\graphviz-java\src\main\java\guru\nidi\graphviz\model\LinkSource.java
D:\Desenvolvimento\Projetos Github\A executar\[299854] nidi3-graphviz-java\graphviz-java\src\main\java\guru\nidi\graphviz\model\LinkTarget.java
D:\Desenvolvimento\Projetos Github\A executar\[299854] nidi3-graphviz-java\graphviz-java\src\main\java\guru\nidi\graphviz\model\MutableAttributed.java
D:\Desenvolvimento\Projetos Github\A executar\[299854] nidi3-graphviz-java\graphviz-java\src\main\java\guru\nidi\graphviz\model\MutableGraph.java
D:\Desenvolvimento\Projetos Github\A executar\[299854] nidi3-graphviz-java\graphviz-java\src\main\java\guru\nidi\graphviz\model\MutableNode.java
D:\Desenvolvimento\Projetos Github\A executar\[299854] nidi3-graphviz-java\graphviz-java\src\main\java\guru\nidi\graphviz\model\Node.java
D:\Desenvolvimento\Projetos Github\A executar\[299854] nidi3-graphviz-java\graphviz-java\src\main\java\guru\nidi\graphviz\model\package-info.java
D:\Desenvolvimento\Projetos Github\A executar\[299854] nidi3-graphviz-java\graphviz-java\src\main\java\guru\nidi\graphviz\model\Port.java
D:\Desenvolvimento\Projetos Github\A executar\[299854] nidi3-graphviz-java\graphviz-java\src\main\java\guru\nidi\graphviz\model\PortNode.java
D:\Desenvolvimento\Projetos Github\A executar\[299854] nidi3-graphviz-java\graphviz-java\src\main\java\guru\nidi\graphviz\model\PortSource.java
D:\Desenvolvimento\Projetos Github\A executar\[299854] nidi3-graphviz-java\graphviz-java\src\main\java\guru\nidi\graphviz\model\Serializer.java
D:\Desenvolvimento\Projetos Github\A executar\[299854] nidi3-graphviz-java\graphviz-java\src\main\java\guru\nidi\graphviz\model\SimpleMutableAttributed.java
D:\Desenvolvimento\Projetos Github\A executar\[299854] nidi3-graphviz-java\graphviz-java\src\main\java\guru\nidi\graphviz\model\ThrowingBiConsumer.java
D:\Desenvolvimento\Projetos Github\A executar\[299854] nidi3-graphviz-java\graphviz-java\src\main\java\guru\nidi\graphviz\model\ThrowingFunction.java
D:\Desenvolvimento\Projetos Github\A executar\[299854] nidi3-graphviz-java\graphviz-java\src\main\java\guru\nidi\graphviz\parse\Lexer.java
D:\Desenvolvimento\Projetos Github\A executar\[299854] nidi3-graphviz-java\graphviz-java\src\main\java\guru\nidi\graphviz\parse\package-info.java
D:\Desenvolvimento\Projetos Github\A executar\[299854] nidi3-graphviz-java\graphviz-java\src\main\java\guru\nidi\graphviz\parse\Parser.java
D:\Desenvolvimento\Projetos Github\A executar\[299854] nidi3-graphviz-java\graphviz-java\src\main\java\guru\nidi\graphviz\parse\ParserException.java
D:\Desenvolvimento\Projetos Github\A executar\[299854] nidi3-graphviz-java\graphviz-java\src\main\java\guru\nidi\graphviz\parse\Position.java
D:\Desenvolvimento\Projetos Github\A executar\[299854] nidi3-graphviz-java\graphviz-java\src\main\java\guru\nidi\graphviz\parse\Token.java
D:\Desenvolvimento\Projetos Github\A executar\[299854] nidi3-graphviz-java\graphviz-java\src\main\java\guru\nidi\graphviz\service\CommandBuilder.java
D:\Desenvolvimento\Projetos Github\A executar\[299854] nidi3-graphviz-java\graphviz-java\src\main\java\guru\nidi\graphviz\service\CommandRunner.java
D:\Desenvolvimento\Projetos Github\A executar\[299854] nidi3-graphviz-java\graphviz-java\src\main\java\guru\nidi\graphviz\service\DefaultExecutor.java
D:\Desenvolvimento\Projetos Github\A executar\[299854] nidi3-graphviz-java\graphviz-java\src\main\java\guru\nidi\graphviz\service\package-info.java
D:\Desenvolvimento\Projetos Github\A executar\[299854] nidi3-graphviz-java\graphviz-java\src\main\java\guru\nidi\graphviz\service\SystemUtils.java
D:\Desenvolvimento\Projetos Github\A executar\[299854] nidi3-graphviz-java\graphviz-java\src\main\java\guru\nidi\graphviz\use\FontTools.java
-- Source dirs
D:\Desenvolvimento\Projetos Github\A executar\[299854] nidi3-graphviz-java\graphviz-java\src\main\java
D:\Desenvolvimento\Projetos Github\A executar\[299854] nidi3-graphviz-java\graphviz-taglet\src\main\java
-- Test dirs
D:\Desenvolvimento\Projetos Github\A executar\[299854] nidi3-graphviz-java\graphviz-java\src\test\java

