17/07/2019 17:15:20 ufrn.dimap.lets.ehmetrics.projectresolver.JavaProject#resolveArtifacts - INFO: [369279] JesseHu1520-mall files...
-- Java files
D:\Desenvolvimento\Projetos Github\A executar\[369279] JesseHu1520-mall\src\main\java\priv\jesse\mall\MallApplication.java
D:\Desenvolvimento\Projetos Github\A executar\[369279] JesseHu1520-mall\src\test\java\priv\jesse\mall\MallApplicationTests.java
D:\Desenvolvimento\Projetos Github\A executar\[369279] JesseHu1520-mall\src\main\java\priv\jesse\mall\aspect\GlobalExceptionHandler.java
D:\Desenvolvimento\Projetos Github\A executar\[369279] JesseHu1520-mall\src\main\java\priv\jesse\mall\aspect\WebLogAspect.java
D:\Desenvolvimento\Projetos Github\A executar\[369279] JesseHu1520-mall\src\main\java\priv\jesse\mall\dao\AdminUserDao.java
D:\Desenvolvimento\Projetos Github\A executar\[369279] JesseHu1520-mall\src\main\java\priv\jesse\mall\dao\ClassificationDao.java
D:\Desenvolvimento\Projetos Github\A executar\[369279] JesseHu1520-mall\src\main\java\priv\jesse\mall\dao\OrderDao.java
D:\Desenvolvimento\Projetos Github\A executar\[369279] JesseHu1520-mall\src\main\java\priv\jesse\mall\dao\OrderItemDao.java
D:\Desenvolvimento\Projetos Github\A executar\[369279] JesseHu1520-mall\src\main\java\priv\jesse\mall\dao\ProductDao.java
D:\Desenvolvimento\Projetos Github\A executar\[369279] JesseHu1520-mall\src\main\java\priv\jesse\mall\dao\UserDao.java
D:\Desenvolvimento\Projetos Github\A executar\[369279] JesseHu1520-mall\src\main\java\priv\jesse\mall\entity\AdminUser.java
D:\Desenvolvimento\Projetos Github\A executar\[369279] JesseHu1520-mall\src\main\java\priv\jesse\mall\entity\Classification.java
D:\Desenvolvimento\Projetos Github\A executar\[369279] JesseHu1520-mall\src\main\java\priv\jesse\mall\entity\Order.java
D:\Desenvolvimento\Projetos Github\A executar\[369279] JesseHu1520-mall\src\main\java\priv\jesse\mall\entity\OrderItem.java
D:\Desenvolvimento\Projetos Github\A executar\[369279] JesseHu1520-mall\src\main\java\priv\jesse\mall\entity\Product.java
D:\Desenvolvimento\Projetos Github\A executar\[369279] JesseHu1520-mall\src\main\java\priv\jesse\mall\entity\User.java
D:\Desenvolvimento\Projetos Github\A executar\[369279] JesseHu1520-mall\src\main\java\priv\jesse\mall\filter\AuthorizationFilter.java
D:\Desenvolvimento\Projetos Github\A executar\[369279] JesseHu1520-mall\src\main\java\priv\jesse\mall\service\AdminUserService.java
D:\Desenvolvimento\Projetos Github\A executar\[369279] JesseHu1520-mall\src\main\java\priv\jesse\mall\service\ClassificationService.java
D:\Desenvolvimento\Projetos Github\A executar\[369279] JesseHu1520-mall\src\main\java\priv\jesse\mall\service\OrderService.java
D:\Desenvolvimento\Projetos Github\A executar\[369279] JesseHu1520-mall\src\main\java\priv\jesse\mall\service\ProductService.java
D:\Desenvolvimento\Projetos Github\A executar\[369279] JesseHu1520-mall\src\main\java\priv\jesse\mall\service\ShopCartService.java
D:\Desenvolvimento\Projetos Github\A executar\[369279] JesseHu1520-mall\src\main\java\priv\jesse\mall\service\UserService.java
D:\Desenvolvimento\Projetos Github\A executar\[369279] JesseHu1520-mall\src\main\java\priv\jesse\mall\utils\DesUtil.java
D:\Desenvolvimento\Projetos Github\A executar\[369279] JesseHu1520-mall\src\main\java\priv\jesse\mall\utils\FileUtil.java
D:\Desenvolvimento\Projetos Github\A executar\[369279] JesseHu1520-mall\src\main\java\priv\jesse\mall\utils\Helper.java
D:\Desenvolvimento\Projetos Github\A executar\[369279] JesseHu1520-mall\src\main\java\priv\jesse\mall\entity\pojo\ResultBean.java
D:\Desenvolvimento\Projetos Github\A executar\[369279] JesseHu1520-mall\src\main\java\priv\jesse\mall\service\exception\LoginException.java
D:\Desenvolvimento\Projetos Github\A executar\[369279] JesseHu1520-mall\src\main\java\priv\jesse\mall\service\impl\AdminUserServiceImpl.java
D:\Desenvolvimento\Projetos Github\A executar\[369279] JesseHu1520-mall\src\main\java\priv\jesse\mall\service\impl\ClassificationServiceImpl.java
D:\Desenvolvimento\Projetos Github\A executar\[369279] JesseHu1520-mall\src\main\java\priv\jesse\mall\service\impl\OrderServiceImpl.java
D:\Desenvolvimento\Projetos Github\A executar\[369279] JesseHu1520-mall\src\main\java\priv\jesse\mall\service\impl\ProductServiceImpl.java
D:\Desenvolvimento\Projetos Github\A executar\[369279] JesseHu1520-mall\src\main\java\priv\jesse\mall\service\impl\ShopCartServiceImpl.java
D:\Desenvolvimento\Projetos Github\A executar\[369279] JesseHu1520-mall\src\main\java\priv\jesse\mall\service\impl\UserServiceImpl.java
D:\Desenvolvimento\Projetos Github\A executar\[369279] JesseHu1520-mall\src\main\java\priv\jesse\mall\web\admin\AdminClassificationController.java
D:\Desenvolvimento\Projetos Github\A executar\[369279] JesseHu1520-mall\src\main\java\priv\jesse\mall\web\admin\AdminController.java
D:\Desenvolvimento\Projetos Github\A executar\[369279] JesseHu1520-mall\src\main\java\priv\jesse\mall\web\admin\AdminOrderController.java
D:\Desenvolvimento\Projetos Github\A executar\[369279] JesseHu1520-mall\src\main\java\priv\jesse\mall\web\admin\AdminProductController.java
D:\Desenvolvimento\Projetos Github\A executar\[369279] JesseHu1520-mall\src\main\java\priv\jesse\mall\web\admin\AdminUserController.java
D:\Desenvolvimento\Projetos Github\A executar\[369279] JesseHu1520-mall\src\main\java\priv\jesse\mall\web\user\ClassificationController.java
D:\Desenvolvimento\Projetos Github\A executar\[369279] JesseHu1520-mall\src\main\java\priv\jesse\mall\web\user\IndexController.java
D:\Desenvolvimento\Projetos Github\A executar\[369279] JesseHu1520-mall\src\main\java\priv\jesse\mall\web\user\OrderController.java
D:\Desenvolvimento\Projetos Github\A executar\[369279] JesseHu1520-mall\src\main\java\priv\jesse\mall\web\user\ProductController.java
D:\Desenvolvimento\Projetos Github\A executar\[369279] JesseHu1520-mall\src\main\java\priv\jesse\mall\web\user\UserController.java

17/07/2019 17:15:20 ufrn.dimap.lets.ehmetrics.projectresolver.JavaProject#resolveArtifacts - INFO: [369279] JesseHu1520-mall artifacts...
-- Java files
D:\Desenvolvimento\Projetos Github\A executar\[369279] JesseHu1520-mall\src\main\java\priv\jesse\mall\MallApplication.java
D:\Desenvolvimento\Projetos Github\A executar\[369279] JesseHu1520-mall\src\main\java\priv\jesse\mall\aspect\GlobalExceptionHandler.java
D:\Desenvolvimento\Projetos Github\A executar\[369279] JesseHu1520-mall\src\main\java\priv\jesse\mall\aspect\WebLogAspect.java
D:\Desenvolvimento\Projetos Github\A executar\[369279] JesseHu1520-mall\src\main\java\priv\jesse\mall\dao\AdminUserDao.java
D:\Desenvolvimento\Projetos Github\A executar\[369279] JesseHu1520-mall\src\main\java\priv\jesse\mall\dao\ClassificationDao.java
D:\Desenvolvimento\Projetos Github\A executar\[369279] JesseHu1520-mall\src\main\java\priv\jesse\mall\dao\OrderDao.java
D:\Desenvolvimento\Projetos Github\A executar\[369279] JesseHu1520-mall\src\main\java\priv\jesse\mall\dao\OrderItemDao.java
D:\Desenvolvimento\Projetos Github\A executar\[369279] JesseHu1520-mall\src\main\java\priv\jesse\mall\dao\ProductDao.java
D:\Desenvolvimento\Projetos Github\A executar\[369279] JesseHu1520-mall\src\main\java\priv\jesse\mall\dao\UserDao.java
D:\Desenvolvimento\Projetos Github\A executar\[369279] JesseHu1520-mall\src\main\java\priv\jesse\mall\entity\AdminUser.java
D:\Desenvolvimento\Projetos Github\A executar\[369279] JesseHu1520-mall\src\main\java\priv\jesse\mall\entity\Classification.java
D:\Desenvolvimento\Projetos Github\A executar\[369279] JesseHu1520-mall\src\main\java\priv\jesse\mall\entity\Order.java
D:\Desenvolvimento\Projetos Github\A executar\[369279] JesseHu1520-mall\src\main\java\priv\jesse\mall\entity\OrderItem.java
D:\Desenvolvimento\Projetos Github\A executar\[369279] JesseHu1520-mall\src\main\java\priv\jesse\mall\entity\Product.java
D:\Desenvolvimento\Projetos Github\A executar\[369279] JesseHu1520-mall\src\main\java\priv\jesse\mall\entity\User.java
D:\Desenvolvimento\Projetos Github\A executar\[369279] JesseHu1520-mall\src\main\java\priv\jesse\mall\filter\AuthorizationFilter.java
D:\Desenvolvimento\Projetos Github\A executar\[369279] JesseHu1520-mall\src\main\java\priv\jesse\mall\service\AdminUserService.java
D:\Desenvolvimento\Projetos Github\A executar\[369279] JesseHu1520-mall\src\main\java\priv\jesse\mall\service\ClassificationService.java
D:\Desenvolvimento\Projetos Github\A executar\[369279] JesseHu1520-mall\src\main\java\priv\jesse\mall\service\OrderService.java
D:\Desenvolvimento\Projetos Github\A executar\[369279] JesseHu1520-mall\src\main\java\priv\jesse\mall\service\ProductService.java
D:\Desenvolvimento\Projetos Github\A executar\[369279] JesseHu1520-mall\src\main\java\priv\jesse\mall\service\ShopCartService.java
D:\Desenvolvimento\Projetos Github\A executar\[369279] JesseHu1520-mall\src\main\java\priv\jesse\mall\service\UserService.java
D:\Desenvolvimento\Projetos Github\A executar\[369279] JesseHu1520-mall\src\main\java\priv\jesse\mall\utils\DesUtil.java
D:\Desenvolvimento\Projetos Github\A executar\[369279] JesseHu1520-mall\src\main\java\priv\jesse\mall\utils\FileUtil.java
D:\Desenvolvimento\Projetos Github\A executar\[369279] JesseHu1520-mall\src\main\java\priv\jesse\mall\utils\Helper.java
D:\Desenvolvimento\Projetos Github\A executar\[369279] JesseHu1520-mall\src\main\java\priv\jesse\mall\entity\pojo\ResultBean.java
D:\Desenvolvimento\Projetos Github\A executar\[369279] JesseHu1520-mall\src\main\java\priv\jesse\mall\service\exception\LoginException.java
D:\Desenvolvimento\Projetos Github\A executar\[369279] JesseHu1520-mall\src\main\java\priv\jesse\mall\service\impl\AdminUserServiceImpl.java
D:\Desenvolvimento\Projetos Github\A executar\[369279] JesseHu1520-mall\src\main\java\priv\jesse\mall\service\impl\ClassificationServiceImpl.java
D:\Desenvolvimento\Projetos Github\A executar\[369279] JesseHu1520-mall\src\main\java\priv\jesse\mall\service\impl\OrderServiceImpl.java
D:\Desenvolvimento\Projetos Github\A executar\[369279] JesseHu1520-mall\src\main\java\priv\jesse\mall\service\impl\ProductServiceImpl.java
D:\Desenvolvimento\Projetos Github\A executar\[369279] JesseHu1520-mall\src\main\java\priv\jesse\mall\service\impl\ShopCartServiceImpl.java
D:\Desenvolvimento\Projetos Github\A executar\[369279] JesseHu1520-mall\src\main\java\priv\jesse\mall\service\impl\UserServiceImpl.java
D:\Desenvolvimento\Projetos Github\A executar\[369279] JesseHu1520-mall\src\main\java\priv\jesse\mall\web\admin\AdminClassificationController.java
D:\Desenvolvimento\Projetos Github\A executar\[369279] JesseHu1520-mall\src\main\java\priv\jesse\mall\web\admin\AdminController.java
D:\Desenvolvimento\Projetos Github\A executar\[369279] JesseHu1520-mall\src\main\java\priv\jesse\mall\web\admin\AdminOrderController.java
D:\Desenvolvimento\Projetos Github\A executar\[369279] JesseHu1520-mall\src\main\java\priv\jesse\mall\web\admin\AdminProductController.java
D:\Desenvolvimento\Projetos Github\A executar\[369279] JesseHu1520-mall\src\main\java\priv\jesse\mall\web\admin\AdminUserController.java
D:\Desenvolvimento\Projetos Github\A executar\[369279] JesseHu1520-mall\src\main\java\priv\jesse\mall\web\user\ClassificationController.java
D:\Desenvolvimento\Projetos Github\A executar\[369279] JesseHu1520-mall\src\main\java\priv\jesse\mall\web\user\IndexController.java
D:\Desenvolvimento\Projetos Github\A executar\[369279] JesseHu1520-mall\src\main\java\priv\jesse\mall\web\user\OrderController.java
D:\Desenvolvimento\Projetos Github\A executar\[369279] JesseHu1520-mall\src\main\java\priv\jesse\mall\web\user\ProductController.java
D:\Desenvolvimento\Projetos Github\A executar\[369279] JesseHu1520-mall\src\main\java\priv\jesse\mall\web\user\UserController.java
-- Source dirs
D:\Desenvolvimento\Projetos Github\A executar\[369279] JesseHu1520-mall\src\main\java
-- Test dirs
D:\Desenvolvimento\Projetos Github\A executar\[369279] JesseHu1520-mall\src\test\java

