18/07/2019 14:49:28 ufrn.dimap.lets.ehmetrics.projectresolver.JavaProject#resolveArtifacts - INFO: [514010] leangen-graphql-spqr files...
-- Java files
D:\Desenvolvimento\Projetos Github\A executar\[514010] leangen-graphql-spqr\src\main\java\io\leangen\graphql\ConfigurationException.java
D:\Desenvolvimento\Projetos Github\A executar\[514010] leangen-graphql-spqr\src\main\java\io\leangen\graphql\ExtendedGeneratorConfiguration.java
D:\Desenvolvimento\Projetos Github\A executar\[514010] leangen-graphql-spqr\src\main\java\io\leangen\graphql\ExtensionList.java
D:\Desenvolvimento\Projetos Github\A executar\[514010] leangen-graphql-spqr\src\main\java\io\leangen\graphql\ExtensionProvider.java
D:\Desenvolvimento\Projetos Github\A executar\[514010] leangen-graphql-spqr\src\main\java\io\leangen\graphql\GeneratorConfiguration.java
D:\Desenvolvimento\Projetos Github\A executar\[514010] leangen-graphql-spqr\src\main\java\io\leangen\graphql\GraphQLRuntime.java
D:\Desenvolvimento\Projetos Github\A executar\[514010] leangen-graphql-spqr\src\main\java\io\leangen\graphql\GraphQLSchemaGenerator.java
D:\Desenvolvimento\Projetos Github\A executar\[514010] leangen-graphql-spqr\src\main\java\io\leangen\graphql\GraphQLSchemaProcessor.java
D:\Desenvolvimento\Projetos Github\A executar\[514010] leangen-graphql-spqr\src\test\java\io\leangen\graphql\ArgumentInjectionTest.java
D:\Desenvolvimento\Projetos Github\A executar\[514010] leangen-graphql-spqr\src\test\java\io\leangen\graphql\ArgumentValueTest.java
D:\Desenvolvimento\Projetos Github\A executar\[514010] leangen-graphql-spqr\src\test\java\io\leangen\graphql\BatchingTest.java
D:\Desenvolvimento\Projetos Github\A executar\[514010] leangen-graphql-spqr\src\test\java\io\leangen\graphql\BeanResolverBuilderTest.java
D:\Desenvolvimento\Projetos Github\A executar\[514010] leangen-graphql-spqr\src\test\java\io\leangen\graphql\ComplexityTest.java
D:\Desenvolvimento\Projetos Github\A executar\[514010] leangen-graphql-spqr\src\test\java\io\leangen\graphql\ConversionTest.java
D:\Desenvolvimento\Projetos Github\A executar\[514010] leangen-graphql-spqr\src\test\java\io\leangen\graphql\DirectiveTest.java
D:\Desenvolvimento\Projetos Github\A executar\[514010] leangen-graphql-spqr\src\test\java\io\leangen\graphql\FieldOrderTest.java
D:\Desenvolvimento\Projetos Github\A executar\[514010] leangen-graphql-spqr\src\test\java\io\leangen\graphql\GenericsTest.java
D:\Desenvolvimento\Projetos Github\A executar\[514010] leangen-graphql-spqr\src\test\java\io\leangen\graphql\ImplementationAutoDiscoveryTest.java
D:\Desenvolvimento\Projetos Github\A executar\[514010] leangen-graphql-spqr\src\test\java\io\leangen\graphql\InputFieldDiscoveryTest.java
D:\Desenvolvimento\Projetos Github\A executar\[514010] leangen-graphql-spqr\src\test\java\io\leangen\graphql\InterceptorTest.java
D:\Desenvolvimento\Projetos Github\A executar\[514010] leangen-graphql-spqr\src\test\java\io\leangen\graphql\InterpolationTest.java
D:\Desenvolvimento\Projetos Github\A executar\[514010] leangen-graphql-spqr\src\test\java\io\leangen\graphql\JsonTypeMappingTest.java
D:\Desenvolvimento\Projetos Github\A executar\[514010] leangen-graphql-spqr\src\test\java\io\leangen\graphql\NestedPageTest.java
D:\Desenvolvimento\Projetos Github\A executar\[514010] leangen-graphql-spqr\src\test\java\io\leangen\graphql\NestedQueryTest.java
D:\Desenvolvimento\Projetos Github\A executar\[514010] leangen-graphql-spqr\src\test\java\io\leangen\graphql\NonNullTest.java
D:\Desenvolvimento\Projetos Github\A executar\[514010] leangen-graphql-spqr\src\test\java\io\leangen\graphql\ObjectScalarTest.java
D:\Desenvolvimento\Projetos Github\A executar\[514010] leangen-graphql-spqr\src\test\java\io\leangen\graphql\OperationInfoTest.java
D:\Desenvolvimento\Projetos Github\A executar\[514010] leangen-graphql-spqr\src\test\java\io\leangen\graphql\OptionalsTest.java
D:\Desenvolvimento\Projetos Github\A executar\[514010] leangen-graphql-spqr\src\test\java\io\leangen\graphql\PolymorphicJsonTest.java
D:\Desenvolvimento\Projetos Github\A executar\[514010] leangen-graphql-spqr\src\test\java\io\leangen\graphql\PrimitivesTest.java
D:\Desenvolvimento\Projetos Github\A executar\[514010] leangen-graphql-spqr\src\test\java\io\leangen\graphql\ProxyDetectionTest.java
D:\Desenvolvimento\Projetos Github\A executar\[514010] leangen-graphql-spqr\src\test\java\io\leangen\graphql\RelayTest.java
D:\Desenvolvimento\Projetos Github\A executar\[514010] leangen-graphql-spqr\src\test\java\io\leangen\graphql\ResolverBuilderTest.java
D:\Desenvolvimento\Projetos Github\A executar\[514010] leangen-graphql-spqr\src\test\java\io\leangen\graphql\SchemaGeneratorConfigurationTest.java
D:\Desenvolvimento\Projetos Github\A executar\[514010] leangen-graphql-spqr\src\test\java\io\leangen\graphql\SchemaTest.java
D:\Desenvolvimento\Projetos Github\A executar\[514010] leangen-graphql-spqr\src\test\java\io\leangen\graphql\SubscriptionTest.java
D:\Desenvolvimento\Projetos Github\A executar\[514010] leangen-graphql-spqr\src\test\java\io\leangen\graphql\TemporalScalarsTest.java
D:\Desenvolvimento\Projetos Github\A executar\[514010] leangen-graphql-spqr\src\test\java\io\leangen\graphql\TestGlobalEnvironment.java
D:\Desenvolvimento\Projetos Github\A executar\[514010] leangen-graphql-spqr\src\test\java\io\leangen\graphql\TestSchemaGenerator.java
D:\Desenvolvimento\Projetos Github\A executar\[514010] leangen-graphql-spqr\src\test\java\io\leangen\graphql\TypeInferenceTest.java
D:\Desenvolvimento\Projetos Github\A executar\[514010] leangen-graphql-spqr\src\test\java\io\leangen\graphql\TypeRegistryTest.java
D:\Desenvolvimento\Projetos Github\A executar\[514010] leangen-graphql-spqr\src\test\java\io\leangen\graphql\TypeResolverTest.java
D:\Desenvolvimento\Projetos Github\A executar\[514010] leangen-graphql-spqr\src\test\java\io\leangen\graphql\TypeTransformerTest.java
D:\Desenvolvimento\Projetos Github\A executar\[514010] leangen-graphql-spqr\src\test\java\io\leangen\graphql\UnionTest.java
D:\Desenvolvimento\Projetos Github\A executar\[514010] leangen-graphql-spqr\src\test\java\io\leangen\graphql\UniquenessTest.java
D:\Desenvolvimento\Projetos Github\A executar\[514010] leangen-graphql-spqr\src\main\java\io\leangen\graphql\annotations\GraphQLArgument.java
D:\Desenvolvimento\Projetos Github\A executar\[514010] leangen-graphql-spqr\src\main\java\io\leangen\graphql\annotations\GraphQLComplexity.java
D:\Desenvolvimento\Projetos Github\A executar\[514010] leangen-graphql-spqr\src\main\java\io\leangen\graphql\annotations\GraphQLContext.java
D:\Desenvolvimento\Projetos Github\A executar\[514010] leangen-graphql-spqr\src\main\java\io\leangen\graphql\annotations\GraphQLDirective.java
D:\Desenvolvimento\Projetos Github\A executar\[514010] leangen-graphql-spqr\src\main\java\io\leangen\graphql\annotations\GraphQLEnumValue.java
D:\Desenvolvimento\Projetos Github\A executar\[514010] leangen-graphql-spqr\src\main\java\io\leangen\graphql\annotations\GraphQLEnvironment.java
D:\Desenvolvimento\Projetos Github\A executar\[514010] leangen-graphql-spqr\src\main\java\io\leangen\graphql\annotations\GraphQLId.java
D:\Desenvolvimento\Projetos Github\A executar\[514010] leangen-graphql-spqr\src\main\java\io\leangen\graphql\annotations\GraphQLIgnore.java
D:\Desenvolvimento\Projetos Github\A executar\[514010] leangen-graphql-spqr\src\main\java\io\leangen\graphql\annotations\GraphQLInputField.java
D:\Desenvolvimento\Projetos Github\A executar\[514010] leangen-graphql-spqr\src\main\java\io\leangen\graphql\annotations\GraphQLMutation.java
D:\Desenvolvimento\Projetos Github\A executar\[514010] leangen-graphql-spqr\src\main\java\io\leangen\graphql\annotations\GraphQLNonNull.java
D:\Desenvolvimento\Projetos Github\A executar\[514010] leangen-graphql-spqr\src\main\java\io\leangen\graphql\annotations\GraphQLQuery.java
D:\Desenvolvimento\Projetos Github\A executar\[514010] leangen-graphql-spqr\src\main\java\io\leangen\graphql\annotations\GraphQLRootContext.java
D:\Desenvolvimento\Projetos Github\A executar\[514010] leangen-graphql-spqr\src\main\java\io\leangen\graphql\annotations\GraphQLScalar.java
D:\Desenvolvimento\Projetos Github\A executar\[514010] leangen-graphql-spqr\src\main\java\io\leangen\graphql\annotations\GraphQLSubscription.java
D:\Desenvolvimento\Projetos Github\A executar\[514010] leangen-graphql-spqr\src\main\java\io\leangen\graphql\annotations\GraphQLTypeResolver.java
D:\Desenvolvimento\Projetos Github\A executar\[514010] leangen-graphql-spqr\src\main\java\io\leangen\graphql\annotations\GraphQLUnion.java
D:\Desenvolvimento\Projetos Github\A executar\[514010] leangen-graphql-spqr\src\main\java\io\leangen\graphql\execution\ContextWrapper.java
D:\Desenvolvimento\Projetos Github\A executar\[514010] leangen-graphql-spqr\src\main\java\io\leangen\graphql\execution\DerivedTypeRegistry.java
D:\Desenvolvimento\Projetos Github\A executar\[514010] leangen-graphql-spqr\src\main\java\io\leangen\graphql\execution\Directives.java
D:\Desenvolvimento\Projetos Github\A executar\[514010] leangen-graphql-spqr\src\main\java\io\leangen\graphql\execution\GlobalEnvironment.java
D:\Desenvolvimento\Projetos Github\A executar\[514010] leangen-graphql-spqr\src\main\java\io\leangen\graphql\execution\InvocationContext.java
D:\Desenvolvimento\Projetos Github\A executar\[514010] leangen-graphql-spqr\src\main\java\io\leangen\graphql\execution\OperationExecutor.java
D:\Desenvolvimento\Projetos Github\A executar\[514010] leangen-graphql-spqr\src\main\java\io\leangen\graphql\execution\ResolutionEnvironment.java
D:\Desenvolvimento\Projetos Github\A executar\[514010] leangen-graphql-spqr\src\main\java\io\leangen\graphql\execution\ResolverInterceptor.java
D:\Desenvolvimento\Projetos Github\A executar\[514010] leangen-graphql-spqr\src\main\java\io\leangen\graphql\execution\ResolverInterceptorFactory.java
D:\Desenvolvimento\Projetos Github\A executar\[514010] leangen-graphql-spqr\src\main\java\io\leangen\graphql\execution\ResolverInterceptorFactoryParams.java
D:\Desenvolvimento\Projetos Github\A executar\[514010] leangen-graphql-spqr\src\main\java\io\leangen\graphql\execution\SortField.java
D:\Desenvolvimento\Projetos Github\A executar\[514010] leangen-graphql-spqr\src\main\java\io\leangen\graphql\execution\TypeResolutionEnvironment.java
D:\Desenvolvimento\Projetos Github\A executar\[514010] leangen-graphql-spqr\src\main\java\io\leangen\graphql\execution\TypeResolver.java
D:\Desenvolvimento\Projetos Github\A executar\[514010] leangen-graphql-spqr\src\main\java\io\leangen\graphql\generator\BuildContext.java
D:\Desenvolvimento\Projetos Github\A executar\[514010] leangen-graphql-spqr\src\main\java\io\leangen\graphql\generator\DelegatingTypeResolver.java
D:\Desenvolvimento\Projetos Github\A executar\[514010] leangen-graphql-spqr\src\main\java\io\leangen\graphql\generator\InputFieldBuilderRegistry.java
D:\Desenvolvimento\Projetos Github\A executar\[514010] leangen-graphql-spqr\src\main\java\io\leangen\graphql\generator\JavaDeprecationMappingConfig.java
D:\Desenvolvimento\Projetos Github\A executar\[514010] leangen-graphql-spqr\src\main\java\io\leangen\graphql\generator\MappedType.java
D:\Desenvolvimento\Projetos Github\A executar\[514010] leangen-graphql-spqr\src\main\java\io\leangen\graphql\generator\OperationMapper.java
D:\Desenvolvimento\Projetos Github\A executar\[514010] leangen-graphql-spqr\src\main\java\io\leangen\graphql\generator\OperationRegistry.java
D:\Desenvolvimento\Projetos Github\A executar\[514010] leangen-graphql-spqr\src\main\java\io\leangen\graphql\generator\OperationSource.java
D:\Desenvolvimento\Projetos Github\A executar\[514010] leangen-graphql-spqr\src\main\java\io\leangen\graphql\generator\OperationSourceRegistry.java
D:\Desenvolvimento\Projetos Github\A executar\[514010] leangen-graphql-spqr\src\main\java\io\leangen\graphql\generator\RelayDataFetchingEnvironmentDecorator.java
D:\Desenvolvimento\Projetos Github\A executar\[514010] leangen-graphql-spqr\src\main\java\io\leangen\graphql\generator\RelayMappingConfig.java
D:\Desenvolvimento\Projetos Github\A executar\[514010] leangen-graphql-spqr\src\main\java\io\leangen\graphql\generator\RelayNodeTypeResolver.java
D:\Desenvolvimento\Projetos Github\A executar\[514010] leangen-graphql-spqr\src\main\java\io\leangen\graphql\generator\TypeCache.java
D:\Desenvolvimento\Projetos Github\A executar\[514010] leangen-graphql-spqr\src\main\java\io\leangen\graphql\generator\TypeRegistry.java
D:\Desenvolvimento\Projetos Github\A executar\[514010] leangen-graphql-spqr\src\main\java\io\leangen\graphql\generator\Validator.java
D:\Desenvolvimento\Projetos Github\A executar\[514010] leangen-graphql-spqr\src\main\java\io\leangen\graphql\metadata\Directive.java
D:\Desenvolvimento\Projetos Github\A executar\[514010] leangen-graphql-spqr\src\main\java\io\leangen\graphql\metadata\DirectiveArgument.java
D:\Desenvolvimento\Projetos Github\A executar\[514010] leangen-graphql-spqr\src\main\java\io\leangen\graphql\metadata\InputField.java
D:\Desenvolvimento\Projetos Github\A executar\[514010] leangen-graphql-spqr\src\main\java\io\leangen\graphql\metadata\Operation.java
D:\Desenvolvimento\Projetos Github\A executar\[514010] leangen-graphql-spqr\src\main\java\io\leangen\graphql\metadata\OperationArgument.java
D:\Desenvolvimento\Projetos Github\A executar\[514010] leangen-graphql-spqr\src\main\java\io\leangen\graphql\metadata\Resolver.java
D:\Desenvolvimento\Projetos Github\A executar\[514010] leangen-graphql-spqr\src\main\java\io\leangen\graphql\metadata\TypedElement.java
D:\Desenvolvimento\Projetos Github\A executar\[514010] leangen-graphql-spqr\src\main\java\io\leangen\graphql\module\Module.java
D:\Desenvolvimento\Projetos Github\A executar\[514010] leangen-graphql-spqr\src\main\java\io\leangen\graphql\module\SimpleModule.java
D:\Desenvolvimento\Projetos Github\A executar\[514010] leangen-graphql-spqr\src\main\java\io\leangen\graphql\util\ClassFinder.java
D:\Desenvolvimento\Projetos Github\A executar\[514010] leangen-graphql-spqr\src\main\java\io\leangen\graphql\util\ClassUtils.java
D:\Desenvolvimento\Projetos Github\A executar\[514010] leangen-graphql-spqr\src\main\java\io\leangen\graphql\util\Defaults.java
D:\Desenvolvimento\Projetos Github\A executar\[514010] leangen-graphql-spqr\src\main\java\io\leangen\graphql\util\Directives.java
D:\Desenvolvimento\Projetos Github\A executar\[514010] leangen-graphql-spqr\src\main\java\io\leangen\graphql\util\GraphQLUtils.java
D:\Desenvolvimento\Projetos Github\A executar\[514010] leangen-graphql-spqr\src\main\java\io\leangen\graphql\util\ReservedStrings.java
D:\Desenvolvimento\Projetos Github\A executar\[514010] leangen-graphql-spqr\src\main\java\io\leangen\graphql\util\Scalars.java
D:\Desenvolvimento\Projetos Github\A executar\[514010] leangen-graphql-spqr\src\main\java\io\leangen\graphql\util\Urls.java
D:\Desenvolvimento\Projetos Github\A executar\[514010] leangen-graphql-spqr\src\main\java\io\leangen\graphql\util\Utils.java
D:\Desenvolvimento\Projetos Github\A executar\[514010] leangen-graphql-spqr\src\test\java\io\leangen\graphql\domain\Address.java
D:\Desenvolvimento\Projetos Github\A executar\[514010] leangen-graphql-spqr\src\test\java\io\leangen\graphql\domain\Cat.java
D:\Desenvolvimento\Projetos Github\A executar\[514010] leangen-graphql-spqr\src\test\java\io\leangen\graphql\domain\Character.java
D:\Desenvolvimento\Projetos Github\A executar\[514010] leangen-graphql-spqr\src\test\java\io\leangen\graphql\domain\Dog.java
D:\Desenvolvimento\Projetos Github\A executar\[514010] leangen-graphql-spqr\src\test\java\io\leangen\graphql\domain\Education.java
D:\Desenvolvimento\Projetos Github\A executar\[514010] leangen-graphql-spqr\src\test\java\io\leangen\graphql\domain\Human.java
D:\Desenvolvimento\Projetos Github\A executar\[514010] leangen-graphql-spqr\src\test\java\io\leangen\graphql\domain\JsonPatch.java
D:\Desenvolvimento\Projetos Github\A executar\[514010] leangen-graphql-spqr\src\test\java\io\leangen\graphql\domain\Person.java
D:\Desenvolvimento\Projetos Github\A executar\[514010] leangen-graphql-spqr\src\test\java\io\leangen\graphql\domain\Pet.java
D:\Desenvolvimento\Projetos Github\A executar\[514010] leangen-graphql-spqr\src\test\java\io\leangen\graphql\domain\Robot.java
D:\Desenvolvimento\Projetos Github\A executar\[514010] leangen-graphql-spqr\src\test\java\io\leangen\graphql\domain\SimpleUser.java
D:\Desenvolvimento\Projetos Github\A executar\[514010] leangen-graphql-spqr\src\test\java\io\leangen\graphql\domain\Street.java
D:\Desenvolvimento\Projetos Github\A executar\[514010] leangen-graphql-spqr\src\test\java\io\leangen\graphql\domain\User.java
D:\Desenvolvimento\Projetos Github\A executar\[514010] leangen-graphql-spqr\src\test\java\io\leangen\graphql\services\GenericItemRepo.java
D:\Desenvolvimento\Projetos Github\A executar\[514010] leangen-graphql-spqr\src\test\java\io\leangen\graphql\services\UserService.java
D:\Desenvolvimento\Projetos Github\A executar\[514010] leangen-graphql-spqr\src\test\java\io\leangen\graphql\support\GraphQLTypeAssertions.java
D:\Desenvolvimento\Projetos Github\A executar\[514010] leangen-graphql-spqr\src\test\java\io\leangen\graphql\support\LogAssertions.java
D:\Desenvolvimento\Projetos Github\A executar\[514010] leangen-graphql-spqr\src\test\java\io\leangen\graphql\support\Matchers.java
D:\Desenvolvimento\Projetos Github\A executar\[514010] leangen-graphql-spqr\src\test\java\io\leangen\graphql\support\QueryResultAssertions.java
D:\Desenvolvimento\Projetos Github\A executar\[514010] leangen-graphql-spqr\src\test\java\io\leangen\graphql\support\TestLog.java
D:\Desenvolvimento\Projetos Github\A executar\[514010] leangen-graphql-spqr\src\main\java\io\leangen\graphql\annotations\types\GraphQLDirective.java
D:\Desenvolvimento\Projetos Github\A executar\[514010] leangen-graphql-spqr\src\main\java\io\leangen\graphql\annotations\types\GraphQLInterface.java
D:\Desenvolvimento\Projetos Github\A executar\[514010] leangen-graphql-spqr\src\main\java\io\leangen\graphql\annotations\types\GraphQLType.java
D:\Desenvolvimento\Projetos Github\A executar\[514010] leangen-graphql-spqr\src\main\java\io\leangen\graphql\annotations\types\GraphQLUnion.java
D:\Desenvolvimento\Projetos Github\A executar\[514010] leangen-graphql-spqr\src\main\java\io\leangen\graphql\execution\complexity\ComplexityAnalysisInstrumentation.java
D:\Desenvolvimento\Projetos Github\A executar\[514010] leangen-graphql-spqr\src\main\java\io\leangen\graphql\execution\complexity\ComplexityAnalyzer.java
D:\Desenvolvimento\Projetos Github\A executar\[514010] leangen-graphql-spqr\src\main\java\io\leangen\graphql\execution\complexity\ComplexityFunction.java
D:\Desenvolvimento\Projetos Github\A executar\[514010] leangen-graphql-spqr\src\main\java\io\leangen\graphql\execution\complexity\ComplexityLimitExceededException.java
D:\Desenvolvimento\Projetos Github\A executar\[514010] leangen-graphql-spqr\src\main\java\io\leangen\graphql\execution\complexity\JavaScriptEvaluator.java
D:\Desenvolvimento\Projetos Github\A executar\[514010] leangen-graphql-spqr\src\main\java\io\leangen\graphql\execution\complexity\ResolvedField.java
D:\Desenvolvimento\Projetos Github\A executar\[514010] leangen-graphql-spqr\src\main\java\io\leangen\graphql\execution\relay\Connection.java
D:\Desenvolvimento\Projetos Github\A executar\[514010] leangen-graphql-spqr\src\main\java\io\leangen\graphql\execution\relay\CursorProvider.java
D:\Desenvolvimento\Projetos Github\A executar\[514010] leangen-graphql-spqr\src\main\java\io\leangen\graphql\execution\relay\Page.java
D:\Desenvolvimento\Projetos Github\A executar\[514010] leangen-graphql-spqr\src\main\java\io\leangen\graphql\execution\relay\PagingArguments.java
D:\Desenvolvimento\Projetos Github\A executar\[514010] leangen-graphql-spqr\src\main\java\io\leangen\graphql\generator\mapping\AbstractSimpleTypeAdapter.java
D:\Desenvolvimento\Projetos Github\A executar\[514010] leangen-graphql-spqr\src\main\java\io\leangen\graphql\generator\mapping\AbstractTypeAdapter.java
D:\Desenvolvimento\Projetos Github\A executar\[514010] leangen-graphql-spqr\src\main\java\io\leangen\graphql\generator\mapping\ArgumentInjector.java
D:\Desenvolvimento\Projetos Github\A executar\[514010] leangen-graphql-spqr\src\main\java\io\leangen\graphql\generator\mapping\ArgumentInjectorParams.java
D:\Desenvolvimento\Projetos Github\A executar\[514010] leangen-graphql-spqr\src\main\java\io\leangen\graphql\generator\mapping\ArgumentInjectorRegistry.java
D:\Desenvolvimento\Projetos Github\A executar\[514010] leangen-graphql-spqr\src\main\java\io\leangen\graphql\generator\mapping\BaseTypeSynonymComparator.java
D:\Desenvolvimento\Projetos Github\A executar\[514010] leangen-graphql-spqr\src\main\java\io\leangen\graphql\generator\mapping\ConverterRegistry.java
D:\Desenvolvimento\Projetos Github\A executar\[514010] leangen-graphql-spqr\src\main\java\io\leangen\graphql\generator\mapping\DelegatingOutputConverter.java
D:\Desenvolvimento\Projetos Github\A executar\[514010] leangen-graphql-spqr\src\main\java\io\leangen\graphql\generator\mapping\InputConverter.java
D:\Desenvolvimento\Projetos Github\A executar\[514010] leangen-graphql-spqr\src\main\java\io\leangen\graphql\generator\mapping\OutputConverter.java
D:\Desenvolvimento\Projetos Github\A executar\[514010] leangen-graphql-spqr\src\main\java\io\leangen\graphql\generator\mapping\SchemaTransformer.java
D:\Desenvolvimento\Projetos Github\A executar\[514010] leangen-graphql-spqr\src\main\java\io\leangen\graphql\generator\mapping\SchemaTransformerRegistry.java
D:\Desenvolvimento\Projetos Github\A executar\[514010] leangen-graphql-spqr\src\main\java\io\leangen\graphql\generator\mapping\TypeMapper.java
D:\Desenvolvimento\Projetos Github\A executar\[514010] leangen-graphql-spqr\src\main\java\io\leangen\graphql\generator\mapping\TypeMapperRegistry.java
D:\Desenvolvimento\Projetos Github\A executar\[514010] leangen-graphql-spqr\src\main\java\io\leangen\graphql\generator\mapping\TypeSubstituter.java
D:\Desenvolvimento\Projetos Github\A executar\[514010] leangen-graphql-spqr\src\main\java\io\leangen\graphql\generator\union\Union.java
D:\Desenvolvimento\Projetos Github\A executar\[514010] leangen-graphql-spqr\src\main\java\io\leangen\graphql\generator\union\Union10.java
D:\Desenvolvimento\Projetos Github\A executar\[514010] leangen-graphql-spqr\src\main\java\io\leangen\graphql\generator\union\Union2.java
D:\Desenvolvimento\Projetos Github\A executar\[514010] leangen-graphql-spqr\src\main\java\io\leangen\graphql\generator\union\Union3.java
D:\Desenvolvimento\Projetos Github\A executar\[514010] leangen-graphql-spqr\src\main\java\io\leangen\graphql\generator\union\Union4.java
D:\Desenvolvimento\Projetos Github\A executar\[514010] leangen-graphql-spqr\src\main\java\io\leangen\graphql\generator\union\Union5.java
D:\Desenvolvimento\Projetos Github\A executar\[514010] leangen-graphql-spqr\src\main\java\io\leangen\graphql\generator\union\Union6.java
D:\Desenvolvimento\Projetos Github\A executar\[514010] leangen-graphql-spqr\src\main\java\io\leangen\graphql\generator\union\Union7.java
D:\Desenvolvimento\Projetos Github\A executar\[514010] leangen-graphql-spqr\src\main\java\io\leangen\graphql\generator\union\Union8.java
D:\Desenvolvimento\Projetos Github\A executar\[514010] leangen-graphql-spqr\src\main\java\io\leangen\graphql\generator\union\Union9.java
D:\Desenvolvimento\Projetos Github\A executar\[514010] leangen-graphql-spqr\src\main\java\io\leangen\graphql\metadata\exceptions\MappingException.java
D:\Desenvolvimento\Projetos Github\A executar\[514010] leangen-graphql-spqr\src\main\java\io\leangen\graphql\metadata\exceptions\TypeMappingException.java
D:\Desenvolvimento\Projetos Github\A executar\[514010] leangen-graphql-spqr\src\main\java\io\leangen\graphql\metadata\exceptions\UnresolvableTypeException.java
D:\Desenvolvimento\Projetos Github\A executar\[514010] leangen-graphql-spqr\src\main\java\io\leangen\graphql\metadata\execution\Executable.java
D:\Desenvolvimento\Projetos Github\A executar\[514010] leangen-graphql-spqr\src\main\java\io\leangen\graphql\metadata\execution\FieldAccessor.java
D:\Desenvolvimento\Projetos Github\A executar\[514010] leangen-graphql-spqr\src\main\java\io\leangen\graphql\metadata\execution\FixedMethodInvoker.java
D:\Desenvolvimento\Projetos Github\A executar\[514010] leangen-graphql-spqr\src\main\java\io\leangen\graphql\metadata\execution\MethodInvoker.java
D:\Desenvolvimento\Projetos Github\A executar\[514010] leangen-graphql-spqr\src\main\java\io\leangen\graphql\metadata\messages\DelegatingMessageBundle.java
D:\Desenvolvimento\Projetos Github\A executar\[514010] leangen-graphql-spqr\src\main\java\io\leangen\graphql\metadata\messages\EmptyMessageBundle.java
D:\Desenvolvimento\Projetos Github\A executar\[514010] leangen-graphql-spqr\src\main\java\io\leangen\graphql\metadata\messages\MessageBundle.java
D:\Desenvolvimento\Projetos Github\A executar\[514010] leangen-graphql-spqr\src\main\java\io\leangen\graphql\metadata\messages\ResourceMessageBundle.java
D:\Desenvolvimento\Projetos Github\A executar\[514010] leangen-graphql-spqr\src\main\java\io\leangen\graphql\metadata\messages\SimpleMessageBundle.java
D:\Desenvolvimento\Projetos Github\A executar\[514010] leangen-graphql-spqr\src\main\java\io\leangen\graphql\metadata\strategy\DefaultInclusionStrategy.java
D:\Desenvolvimento\Projetos Github\A executar\[514010] leangen-graphql-spqr\src\main\java\io\leangen\graphql\metadata\strategy\InclusionStrategy.java
D:\Desenvolvimento\Projetos Github\A executar\[514010] leangen-graphql-spqr\src\main\java\io\leangen\graphql\execution\relay\generic\GenericPage.java
D:\Desenvolvimento\Projetos Github\A executar\[514010] leangen-graphql-spqr\src\main\java\io\leangen\graphql\execution\relay\generic\PageFactory.java
D:\Desenvolvimento\Projetos Github\A executar\[514010] leangen-graphql-spqr\src\main\java\io\leangen\graphql\generator\mapping\common\AbstractTypeSubstitutingMapper.java
D:\Desenvolvimento\Projetos Github\A executar\[514010] leangen-graphql-spqr\src\main\java\io\leangen\graphql\generator\mapping\common\AnnotationMapper.java
D:\Desenvolvimento\Projetos Github\A executar\[514010] leangen-graphql-spqr\src\main\java\io\leangen\graphql\generator\mapping\common\ArrayAdapter.java
D:\Desenvolvimento\Projetos Github\A executar\[514010] leangen-graphql-spqr\src\main\java\io\leangen\graphql\generator\mapping\common\CachingMapper.java
D:\Desenvolvimento\Projetos Github\A executar\[514010] leangen-graphql-spqr\src\main\java\io\leangen\graphql\generator\mapping\common\CollectionOutputConverter.java
D:\Desenvolvimento\Projetos Github\A executar\[514010] leangen-graphql-spqr\src\main\java\io\leangen\graphql\generator\mapping\common\ContextInjector.java
D:\Desenvolvimento\Projetos Github\A executar\[514010] leangen-graphql-spqr\src\main\java\io\leangen\graphql\generator\mapping\common\DirectiveValueDeserializer.java
D:\Desenvolvimento\Projetos Github\A executar\[514010] leangen-graphql-spqr\src\main\java\io\leangen\graphql\generator\mapping\common\EnumMapper.java
D:\Desenvolvimento\Projetos Github\A executar\[514010] leangen-graphql-spqr\src\main\java\io\leangen\graphql\generator\mapping\common\EnumMapToObjectTypeAdapter.java
D:\Desenvolvimento\Projetos Github\A executar\[514010] leangen-graphql-spqr\src\main\java\io\leangen\graphql\generator\mapping\common\EnvironmentInjector.java
D:\Desenvolvimento\Projetos Github\A executar\[514010] leangen-graphql-spqr\src\main\java\io\leangen\graphql\generator\mapping\common\IdAdapter.java
D:\Desenvolvimento\Projetos Github\A executar\[514010] leangen-graphql-spqr\src\main\java\io\leangen\graphql\generator\mapping\common\InputValueDeserializer.java
D:\Desenvolvimento\Projetos Github\A executar\[514010] leangen-graphql-spqr\src\main\java\io\leangen\graphql\generator\mapping\common\InterfaceMapper.java
D:\Desenvolvimento\Projetos Github\A executar\[514010] leangen-graphql-spqr\src\main\java\io\leangen\graphql\generator\mapping\common\IterableAdapter.java
D:\Desenvolvimento\Projetos Github\A executar\[514010] leangen-graphql-spqr\src\main\java\io\leangen\graphql\generator\mapping\common\ListMapper.java
D:\Desenvolvimento\Projetos Github\A executar\[514010] leangen-graphql-spqr\src\main\java\io\leangen\graphql\generator\mapping\common\MapOutputConverter.java
D:\Desenvolvimento\Projetos Github\A executar\[514010] leangen-graphql-spqr\src\main\java\io\leangen\graphql\generator\mapping\common\MapToListTypeAdapter.java
D:\Desenvolvimento\Projetos Github\A executar\[514010] leangen-graphql-spqr\src\main\java\io\leangen\graphql\generator\mapping\common\NonNullMapper.java
D:\Desenvolvimento\Projetos Github\A executar\[514010] leangen-graphql-spqr\src\main\java\io\leangen\graphql\generator\mapping\common\ObjectScalarMapper.java
D:\Desenvolvimento\Projetos Github\A executar\[514010] leangen-graphql-spqr\src\main\java\io\leangen\graphql\generator\mapping\common\ObjectTypeMapper.java
D:\Desenvolvimento\Projetos Github\A executar\[514010] leangen-graphql-spqr\src\main\java\io\leangen\graphql\generator\mapping\common\OptionalAdapter.java
D:\Desenvolvimento\Projetos Github\A executar\[514010] leangen-graphql-spqr\src\main\java\io\leangen\graphql\generator\mapping\common\OptionalDoubleAdapter.java
D:\Desenvolvimento\Projetos Github\A executar\[514010] leangen-graphql-spqr\src\main\java\io\leangen\graphql\generator\mapping\common\OptionalIntAdapter.java
D:\Desenvolvimento\Projetos Github\A executar\[514010] leangen-graphql-spqr\src\main\java\io\leangen\graphql\generator\mapping\common\OptionalLongAdapter.java
D:\Desenvolvimento\Projetos Github\A executar\[514010] leangen-graphql-spqr\src\main\java\io\leangen\graphql\generator\mapping\common\PageMapper.java
D:\Desenvolvimento\Projetos Github\A executar\[514010] leangen-graphql-spqr\src\main\java\io\leangen\graphql\generator\mapping\common\RootContextInjector.java
D:\Desenvolvimento\Projetos Github\A executar\[514010] leangen-graphql-spqr\src\main\java\io\leangen\graphql\generator\mapping\common\ScalarMapper.java
D:\Desenvolvimento\Projetos Github\A executar\[514010] leangen-graphql-spqr\src\main\java\io\leangen\graphql\generator\mapping\common\StreamToCollectionTypeAdapter.java
D:\Desenvolvimento\Projetos Github\A executar\[514010] leangen-graphql-spqr\src\main\java\io\leangen\graphql\generator\mapping\common\UnionInlineMapper.java
D:\Desenvolvimento\Projetos Github\A executar\[514010] leangen-graphql-spqr\src\main\java\io\leangen\graphql\generator\mapping\common\UnionMapper.java
D:\Desenvolvimento\Projetos Github\A executar\[514010] leangen-graphql-spqr\src\main\java\io\leangen\graphql\generator\mapping\common\UnionTypeMapper.java
D:\Desenvolvimento\Projetos Github\A executar\[514010] leangen-graphql-spqr\src\main\java\io\leangen\graphql\generator\mapping\common\VoidToBooleanTypeAdapter.java
D:\Desenvolvimento\Projetos Github\A executar\[514010] leangen-graphql-spqr\src\main\java\io\leangen\graphql\generator\mapping\core\CompletableFutureAdapter.java
D:\Desenvolvimento\Projetos Github\A executar\[514010] leangen-graphql-spqr\src\main\java\io\leangen\graphql\generator\mapping\core\DataFetcherResultMapper.java
D:\Desenvolvimento\Projetos Github\A executar\[514010] leangen-graphql-spqr\src\main\java\io\leangen\graphql\generator\mapping\core\PublisherAdapter.java
D:\Desenvolvimento\Projetos Github\A executar\[514010] leangen-graphql-spqr\src\main\java\io\leangen\graphql\generator\mapping\strategy\AbstractInputHandler.java
D:\Desenvolvimento\Projetos Github\A executar\[514010] leangen-graphql-spqr\src\main\java\io\leangen\graphql\generator\mapping\strategy\AbstractInterfaceMappingStrategy.java
D:\Desenvolvimento\Projetos Github\A executar\[514010] leangen-graphql-spqr\src\main\java\io\leangen\graphql\generator\mapping\strategy\AnnotatedInterfaceStrategy.java
D:\Desenvolvimento\Projetos Github\A executar\[514010] leangen-graphql-spqr\src\main\java\io\leangen\graphql\generator\mapping\strategy\AutoScanAbstractInputHandler.java
D:\Desenvolvimento\Projetos Github\A executar\[514010] leangen-graphql-spqr\src\main\java\io\leangen\graphql\generator\mapping\strategy\DefaultImplementationDiscoveryStrategy.java
D:\Desenvolvimento\Projetos Github\A executar\[514010] leangen-graphql-spqr\src\main\java\io\leangen\graphql\generator\mapping\strategy\ImplementationDiscoveryStrategy.java
D:\Desenvolvimento\Projetos Github\A executar\[514010] leangen-graphql-spqr\src\main\java\io\leangen\graphql\generator\mapping\strategy\InterfaceMappingStrategy.java
D:\Desenvolvimento\Projetos Github\A executar\[514010] leangen-graphql-spqr\src\main\java\io\leangen\graphql\generator\mapping\strategy\NoOpAbstractInputHandler.java
D:\Desenvolvimento\Projetos Github\A executar\[514010] leangen-graphql-spqr\src\main\java\io\leangen\graphql\generator\mapping\strategy\PackageBasedInterfaceStrategy.java
D:\Desenvolvimento\Projetos Github\A executar\[514010] leangen-graphql-spqr\src\main\java\io\leangen\graphql\generator\mapping\strategy\SuperTypeBasedInterfaceStrategy.java
D:\Desenvolvimento\Projetos Github\A executar\[514010] leangen-graphql-spqr\src\main\java\io\leangen\graphql\metadata\strategy\query\AbstractResolverBuilder.java
D:\Desenvolvimento\Projetos Github\A executar\[514010] leangen-graphql-spqr\src\main\java\io\leangen\graphql\metadata\strategy\query\AnnotatedArgumentBuilder.java
D:\Desenvolvimento\Projetos Github\A executar\[514010] leangen-graphql-spqr\src\main\java\io\leangen\graphql\metadata\strategy\query\AnnotatedDirectiveBuilder.java
D:\Desenvolvimento\Projetos Github\A executar\[514010] leangen-graphql-spqr\src\main\java\io\leangen\graphql\metadata\strategy\query\AnnotatedOperationInfoGenerator.java
D:\Desenvolvimento\Projetos Github\A executar\[514010] leangen-graphql-spqr\src\main\java\io\leangen\graphql\metadata\strategy\query\AnnotatedResolverBuilder.java
D:\Desenvolvimento\Projetos Github\A executar\[514010] leangen-graphql-spqr\src\main\java\io\leangen\graphql\metadata\strategy\query\ArgumentBuilderParams.java
D:\Desenvolvimento\Projetos Github\A executar\[514010] leangen-graphql-spqr\src\main\java\io\leangen\graphql\metadata\strategy\query\BeanResolverBuilder.java
D:\Desenvolvimento\Projetos Github\A executar\[514010] leangen-graphql-spqr\src\main\java\io\leangen\graphql\metadata\strategy\query\DefaultOperationBuilder.java
D:\Desenvolvimento\Projetos Github\A executar\[514010] leangen-graphql-spqr\src\main\java\io\leangen\graphql\metadata\strategy\query\DefaultOperationInfoGenerator.java
D:\Desenvolvimento\Projetos Github\A executar\[514010] leangen-graphql-spqr\src\main\java\io\leangen\graphql\metadata\strategy\query\DirectiveBuilder.java
D:\Desenvolvimento\Projetos Github\A executar\[514010] leangen-graphql-spqr\src\main\java\io\leangen\graphql\metadata\strategy\query\DirectiveBuilderParams.java
D:\Desenvolvimento\Projetos Github\A executar\[514010] leangen-graphql-spqr\src\main\java\io\leangen\graphql\metadata\strategy\query\MemberOperationInfoGenerator.java
D:\Desenvolvimento\Projetos Github\A executar\[514010] leangen-graphql-spqr\src\main\java\io\leangen\graphql\metadata\strategy\query\OperationBuilder.java
D:\Desenvolvimento\Projetos Github\A executar\[514010] leangen-graphql-spqr\src\main\java\io\leangen\graphql\metadata\strategy\query\OperationInfoGenerator.java
D:\Desenvolvimento\Projetos Github\A executar\[514010] leangen-graphql-spqr\src\main\java\io\leangen\graphql\metadata\strategy\query\OperationInfoGeneratorParams.java
D:\Desenvolvimento\Projetos Github\A executar\[514010] leangen-graphql-spqr\src\main\java\io\leangen\graphql\metadata\strategy\query\PropertyOperationInfoGenerator.java
D:\Desenvolvimento\Projetos Github\A executar\[514010] leangen-graphql-spqr\src\main\java\io\leangen\graphql\metadata\strategy\query\PublicResolverBuilder.java
D:\Desenvolvimento\Projetos Github\A executar\[514010] leangen-graphql-spqr\src\main\java\io\leangen\graphql\metadata\strategy\query\ResolverArgumentBuilder.java
D:\Desenvolvimento\Projetos Github\A executar\[514010] leangen-graphql-spqr\src\main\java\io\leangen\graphql\metadata\strategy\query\ResolverBuilder.java
D:\Desenvolvimento\Projetos Github\A executar\[514010] leangen-graphql-spqr\src\main\java\io\leangen\graphql\metadata\strategy\query\ResolverBuilderParams.java
D:\Desenvolvimento\Projetos Github\A executar\[514010] leangen-graphql-spqr\src\main\java\io\leangen\graphql\metadata\strategy\type\DefaultTypeInfoGenerator.java
D:\Desenvolvimento\Projetos Github\A executar\[514010] leangen-graphql-spqr\src\main\java\io\leangen\graphql\metadata\strategy\type\DefaultTypeTransformer.java
D:\Desenvolvimento\Projetos Github\A executar\[514010] leangen-graphql-spqr\src\main\java\io\leangen\graphql\metadata\strategy\type\TypeInfoGenerator.java
D:\Desenvolvimento\Projetos Github\A executar\[514010] leangen-graphql-spqr\src\main\java\io\leangen\graphql\metadata\strategy\type\TypeTransformer.java
D:\Desenvolvimento\Projetos Github\A executar\[514010] leangen-graphql-spqr\src\main\java\io\leangen\graphql\metadata\strategy\value\AnnotationInputFieldBuilder.java
D:\Desenvolvimento\Projetos Github\A executar\[514010] leangen-graphql-spqr\src\main\java\io\leangen\graphql\metadata\strategy\value\AnnotationMappingUtils.java
D:\Desenvolvimento\Projetos Github\A executar\[514010] leangen-graphql-spqr\src\main\java\io\leangen\graphql\metadata\strategy\value\DefaultValueProvider.java
D:\Desenvolvimento\Projetos Github\A executar\[514010] leangen-graphql-spqr\src\main\java\io\leangen\graphql\metadata\strategy\value\IdentityDefaultValueProvider.java
D:\Desenvolvimento\Projetos Github\A executar\[514010] leangen-graphql-spqr\src\main\java\io\leangen\graphql\metadata\strategy\value\InputFieldBuilder.java
D:\Desenvolvimento\Projetos Github\A executar\[514010] leangen-graphql-spqr\src\main\java\io\leangen\graphql\metadata\strategy\value\InputFieldBuilderParams.java
D:\Desenvolvimento\Projetos Github\A executar\[514010] leangen-graphql-spqr\src\main\java\io\leangen\graphql\metadata\strategy\value\InputFieldInfoGenerator.java
D:\Desenvolvimento\Projetos Github\A executar\[514010] leangen-graphql-spqr\src\main\java\io\leangen\graphql\metadata\strategy\value\InputParsingException.java
D:\Desenvolvimento\Projetos Github\A executar\[514010] leangen-graphql-spqr\src\main\java\io\leangen\graphql\metadata\strategy\value\JsonDefaultValueProvider.java
D:\Desenvolvimento\Projetos Github\A executar\[514010] leangen-graphql-spqr\src\main\java\io\leangen\graphql\metadata\strategy\value\Property.java
D:\Desenvolvimento\Projetos Github\A executar\[514010] leangen-graphql-spqr\src\main\java\io\leangen\graphql\metadata\strategy\value\ScalarDeserializationStrategy.java
D:\Desenvolvimento\Projetos Github\A executar\[514010] leangen-graphql-spqr\src\main\java\io\leangen\graphql\metadata\strategy\value\ValueMapper.java
D:\Desenvolvimento\Projetos Github\A executar\[514010] leangen-graphql-spqr\src\main\java\io\leangen\graphql\metadata\strategy\value\ValueMapperFactory.java
D:\Desenvolvimento\Projetos Github\A executar\[514010] leangen-graphql-spqr\src\main\java\io\leangen\graphql\module\common\gson\GsonArrayAdapter.java
D:\Desenvolvimento\Projetos Github\A executar\[514010] leangen-graphql-spqr\src\main\java\io\leangen\graphql\module\common\gson\GsonModule.java
D:\Desenvolvimento\Projetos Github\A executar\[514010] leangen-graphql-spqr\src\main\java\io\leangen\graphql\module\common\gson\GsonScalars.java
D:\Desenvolvimento\Projetos Github\A executar\[514010] leangen-graphql-spqr\src\main\java\io\leangen\graphql\module\common\gson\GsonScalarTypeMapper.java
D:\Desenvolvimento\Projetos Github\A executar\[514010] leangen-graphql-spqr\src\main\java\io\leangen\graphql\module\common\jackson\JacksonModule.java
D:\Desenvolvimento\Projetos Github\A executar\[514010] leangen-graphql-spqr\src\main\java\io\leangen\graphql\module\common\jackson\JacksonObjectScalarMapper.java
D:\Desenvolvimento\Projetos Github\A executar\[514010] leangen-graphql-spqr\src\main\java\io\leangen\graphql\module\common\jackson\JacksonObjectScalars.java
D:\Desenvolvimento\Projetos Github\A executar\[514010] leangen-graphql-spqr\src\main\java\io\leangen\graphql\module\common\jackson\JacksonScalars.java
D:\Desenvolvimento\Projetos Github\A executar\[514010] leangen-graphql-spqr\src\main\java\io\leangen\graphql\module\common\jackson\JacksonScalarTypeMapper.java
D:\Desenvolvimento\Projetos Github\A executar\[514010] leangen-graphql-spqr\src\main\java\io\leangen\graphql\module\common\jackson\JsonArrayAdapter.java
D:\Desenvolvimento\Projetos Github\A executar\[514010] leangen-graphql-spqr\src\main\java\io\leangen\graphql\module\common\jackson\JsonNodeAdapter.java
D:\Desenvolvimento\Projetos Github\A executar\[514010] leangen-graphql-spqr\src\main\java\io\leangen\graphql\metadata\strategy\value\gson\ConvertingAdapterFactory.java
D:\Desenvolvimento\Projetos Github\A executar\[514010] leangen-graphql-spqr\src\main\java\io\leangen\graphql\metadata\strategy\value\gson\ConvertingDeserializer.java
D:\Desenvolvimento\Projetos Github\A executar\[514010] leangen-graphql-spqr\src\main\java\io\leangen\graphql\metadata\strategy\value\gson\GsonFieldNamingStrategy.java
D:\Desenvolvimento\Projetos Github\A executar\[514010] leangen-graphql-spqr\src\main\java\io\leangen\graphql\metadata\strategy\value\gson\GsonValueMapper.java
D:\Desenvolvimento\Projetos Github\A executar\[514010] leangen-graphql-spqr\src\main\java\io\leangen\graphql\metadata\strategy\value\gson\GsonValueMapperFactory.java
D:\Desenvolvimento\Projetos Github\A executar\[514010] leangen-graphql-spqr\src\main\java\io\leangen\graphql\metadata\strategy\value\gson\RuntimeTypeAdapterFactory.java
D:\Desenvolvimento\Projetos Github\A executar\[514010] leangen-graphql-spqr\src\main\java\io\leangen\graphql\metadata\strategy\value\jackson\AnnotationIntrospector.java
D:\Desenvolvimento\Projetos Github\A executar\[514010] leangen-graphql-spqr\src\main\java\io\leangen\graphql\metadata\strategy\value\jackson\ConvertingDeserializer.java
D:\Desenvolvimento\Projetos Github\A executar\[514010] leangen-graphql-spqr\src\main\java\io\leangen\graphql\metadata\strategy\value\jackson\ConvertingDeserializers.java
D:\Desenvolvimento\Projetos Github\A executar\[514010] leangen-graphql-spqr\src\main\java\io\leangen\graphql\metadata\strategy\value\jackson\JacksonValueMapper.java
D:\Desenvolvimento\Projetos Github\A executar\[514010] leangen-graphql-spqr\src\main\java\io\leangen\graphql\metadata\strategy\value\jackson\JacksonValueMapperFactory.java
D:\Desenvolvimento\Projetos Github\A executar\[514010] leangen-graphql-spqr\src\main\java\io\leangen\graphql\metadata\strategy\value\jackson\TypeUtils.java

18/07/2019 14:49:28 ufrn.dimap.lets.ehmetrics.projectresolver.JavaProject#resolveArtifacts - INFO: [514010] leangen-graphql-spqr artifacts...
-- Java files
D:\Desenvolvimento\Projetos Github\A executar\[514010] leangen-graphql-spqr\src\main\java\io\leangen\graphql\ConfigurationException.java
D:\Desenvolvimento\Projetos Github\A executar\[514010] leangen-graphql-spqr\src\main\java\io\leangen\graphql\ExtendedGeneratorConfiguration.java
D:\Desenvolvimento\Projetos Github\A executar\[514010] leangen-graphql-spqr\src\main\java\io\leangen\graphql\ExtensionList.java
D:\Desenvolvimento\Projetos Github\A executar\[514010] leangen-graphql-spqr\src\main\java\io\leangen\graphql\ExtensionProvider.java
D:\Desenvolvimento\Projetos Github\A executar\[514010] leangen-graphql-spqr\src\main\java\io\leangen\graphql\GeneratorConfiguration.java
D:\Desenvolvimento\Projetos Github\A executar\[514010] leangen-graphql-spqr\src\main\java\io\leangen\graphql\GraphQLRuntime.java
D:\Desenvolvimento\Projetos Github\A executar\[514010] leangen-graphql-spqr\src\main\java\io\leangen\graphql\GraphQLSchemaGenerator.java
D:\Desenvolvimento\Projetos Github\A executar\[514010] leangen-graphql-spqr\src\main\java\io\leangen\graphql\GraphQLSchemaProcessor.java
D:\Desenvolvimento\Projetos Github\A executar\[514010] leangen-graphql-spqr\src\main\java\io\leangen\graphql\annotations\GraphQLArgument.java
D:\Desenvolvimento\Projetos Github\A executar\[514010] leangen-graphql-spqr\src\main\java\io\leangen\graphql\annotations\GraphQLComplexity.java
D:\Desenvolvimento\Projetos Github\A executar\[514010] leangen-graphql-spqr\src\main\java\io\leangen\graphql\annotations\GraphQLContext.java
D:\Desenvolvimento\Projetos Github\A executar\[514010] leangen-graphql-spqr\src\main\java\io\leangen\graphql\annotations\GraphQLDirective.java
D:\Desenvolvimento\Projetos Github\A executar\[514010] leangen-graphql-spqr\src\main\java\io\leangen\graphql\annotations\GraphQLEnumValue.java
D:\Desenvolvimento\Projetos Github\A executar\[514010] leangen-graphql-spqr\src\main\java\io\leangen\graphql\annotations\GraphQLEnvironment.java
D:\Desenvolvimento\Projetos Github\A executar\[514010] leangen-graphql-spqr\src\main\java\io\leangen\graphql\annotations\GraphQLId.java
D:\Desenvolvimento\Projetos Github\A executar\[514010] leangen-graphql-spqr\src\main\java\io\leangen\graphql\annotations\GraphQLIgnore.java
D:\Desenvolvimento\Projetos Github\A executar\[514010] leangen-graphql-spqr\src\main\java\io\leangen\graphql\annotations\GraphQLInputField.java
D:\Desenvolvimento\Projetos Github\A executar\[514010] leangen-graphql-spqr\src\main\java\io\leangen\graphql\annotations\GraphQLMutation.java
D:\Desenvolvimento\Projetos Github\A executar\[514010] leangen-graphql-spqr\src\main\java\io\leangen\graphql\annotations\GraphQLNonNull.java
D:\Desenvolvimento\Projetos Github\A executar\[514010] leangen-graphql-spqr\src\main\java\io\leangen\graphql\annotations\GraphQLQuery.java
D:\Desenvolvimento\Projetos Github\A executar\[514010] leangen-graphql-spqr\src\main\java\io\leangen\graphql\annotations\GraphQLRootContext.java
D:\Desenvolvimento\Projetos Github\A executar\[514010] leangen-graphql-spqr\src\main\java\io\leangen\graphql\annotations\GraphQLScalar.java
D:\Desenvolvimento\Projetos Github\A executar\[514010] leangen-graphql-spqr\src\main\java\io\leangen\graphql\annotations\GraphQLSubscription.java
D:\Desenvolvimento\Projetos Github\A executar\[514010] leangen-graphql-spqr\src\main\java\io\leangen\graphql\annotations\GraphQLTypeResolver.java
D:\Desenvolvimento\Projetos Github\A executar\[514010] leangen-graphql-spqr\src\main\java\io\leangen\graphql\annotations\GraphQLUnion.java
D:\Desenvolvimento\Projetos Github\A executar\[514010] leangen-graphql-spqr\src\main\java\io\leangen\graphql\execution\ContextWrapper.java
D:\Desenvolvimento\Projetos Github\A executar\[514010] leangen-graphql-spqr\src\main\java\io\leangen\graphql\execution\DerivedTypeRegistry.java
D:\Desenvolvimento\Projetos Github\A executar\[514010] leangen-graphql-spqr\src\main\java\io\leangen\graphql\execution\Directives.java
D:\Desenvolvimento\Projetos Github\A executar\[514010] leangen-graphql-spqr\src\main\java\io\leangen\graphql\execution\GlobalEnvironment.java
D:\Desenvolvimento\Projetos Github\A executar\[514010] leangen-graphql-spqr\src\main\java\io\leangen\graphql\execution\InvocationContext.java
D:\Desenvolvimento\Projetos Github\A executar\[514010] leangen-graphql-spqr\src\main\java\io\leangen\graphql\execution\OperationExecutor.java
D:\Desenvolvimento\Projetos Github\A executar\[514010] leangen-graphql-spqr\src\main\java\io\leangen\graphql\execution\ResolutionEnvironment.java
D:\Desenvolvimento\Projetos Github\A executar\[514010] leangen-graphql-spqr\src\main\java\io\leangen\graphql\execution\ResolverInterceptor.java
D:\Desenvolvimento\Projetos Github\A executar\[514010] leangen-graphql-spqr\src\main\java\io\leangen\graphql\execution\ResolverInterceptorFactory.java
D:\Desenvolvimento\Projetos Github\A executar\[514010] leangen-graphql-spqr\src\main\java\io\leangen\graphql\execution\ResolverInterceptorFactoryParams.java
D:\Desenvolvimento\Projetos Github\A executar\[514010] leangen-graphql-spqr\src\main\java\io\leangen\graphql\execution\SortField.java
D:\Desenvolvimento\Projetos Github\A executar\[514010] leangen-graphql-spqr\src\main\java\io\leangen\graphql\execution\TypeResolutionEnvironment.java
D:\Desenvolvimento\Projetos Github\A executar\[514010] leangen-graphql-spqr\src\main\java\io\leangen\graphql\execution\TypeResolver.java
D:\Desenvolvimento\Projetos Github\A executar\[514010] leangen-graphql-spqr\src\main\java\io\leangen\graphql\generator\BuildContext.java
D:\Desenvolvimento\Projetos Github\A executar\[514010] leangen-graphql-spqr\src\main\java\io\leangen\graphql\generator\DelegatingTypeResolver.java
D:\Desenvolvimento\Projetos Github\A executar\[514010] leangen-graphql-spqr\src\main\java\io\leangen\graphql\generator\InputFieldBuilderRegistry.java
D:\Desenvolvimento\Projetos Github\A executar\[514010] leangen-graphql-spqr\src\main\java\io\leangen\graphql\generator\JavaDeprecationMappingConfig.java
D:\Desenvolvimento\Projetos Github\A executar\[514010] leangen-graphql-spqr\src\main\java\io\leangen\graphql\generator\MappedType.java
D:\Desenvolvimento\Projetos Github\A executar\[514010] leangen-graphql-spqr\src\main\java\io\leangen\graphql\generator\OperationMapper.java
D:\Desenvolvimento\Projetos Github\A executar\[514010] leangen-graphql-spqr\src\main\java\io\leangen\graphql\generator\OperationRegistry.java
D:\Desenvolvimento\Projetos Github\A executar\[514010] leangen-graphql-spqr\src\main\java\io\leangen\graphql\generator\OperationSource.java
D:\Desenvolvimento\Projetos Github\A executar\[514010] leangen-graphql-spqr\src\main\java\io\leangen\graphql\generator\OperationSourceRegistry.java
D:\Desenvolvimento\Projetos Github\A executar\[514010] leangen-graphql-spqr\src\main\java\io\leangen\graphql\generator\RelayDataFetchingEnvironmentDecorator.java
D:\Desenvolvimento\Projetos Github\A executar\[514010] leangen-graphql-spqr\src\main\java\io\leangen\graphql\generator\RelayMappingConfig.java
D:\Desenvolvimento\Projetos Github\A executar\[514010] leangen-graphql-spqr\src\main\java\io\leangen\graphql\generator\RelayNodeTypeResolver.java
D:\Desenvolvimento\Projetos Github\A executar\[514010] leangen-graphql-spqr\src\main\java\io\leangen\graphql\generator\TypeCache.java
D:\Desenvolvimento\Projetos Github\A executar\[514010] leangen-graphql-spqr\src\main\java\io\leangen\graphql\generator\TypeRegistry.java
D:\Desenvolvimento\Projetos Github\A executar\[514010] leangen-graphql-spqr\src\main\java\io\leangen\graphql\generator\Validator.java
D:\Desenvolvimento\Projetos Github\A executar\[514010] leangen-graphql-spqr\src\main\java\io\leangen\graphql\metadata\Directive.java
D:\Desenvolvimento\Projetos Github\A executar\[514010] leangen-graphql-spqr\src\main\java\io\leangen\graphql\metadata\DirectiveArgument.java
D:\Desenvolvimento\Projetos Github\A executar\[514010] leangen-graphql-spqr\src\main\java\io\leangen\graphql\metadata\InputField.java
D:\Desenvolvimento\Projetos Github\A executar\[514010] leangen-graphql-spqr\src\main\java\io\leangen\graphql\metadata\Operation.java
D:\Desenvolvimento\Projetos Github\A executar\[514010] leangen-graphql-spqr\src\main\java\io\leangen\graphql\metadata\OperationArgument.java
D:\Desenvolvimento\Projetos Github\A executar\[514010] leangen-graphql-spqr\src\main\java\io\leangen\graphql\metadata\Resolver.java
D:\Desenvolvimento\Projetos Github\A executar\[514010] leangen-graphql-spqr\src\main\java\io\leangen\graphql\metadata\TypedElement.java
D:\Desenvolvimento\Projetos Github\A executar\[514010] leangen-graphql-spqr\src\main\java\io\leangen\graphql\module\Module.java
D:\Desenvolvimento\Projetos Github\A executar\[514010] leangen-graphql-spqr\src\main\java\io\leangen\graphql\module\SimpleModule.java
D:\Desenvolvimento\Projetos Github\A executar\[514010] leangen-graphql-spqr\src\main\java\io\leangen\graphql\util\ClassFinder.java
D:\Desenvolvimento\Projetos Github\A executar\[514010] leangen-graphql-spqr\src\main\java\io\leangen\graphql\util\ClassUtils.java
D:\Desenvolvimento\Projetos Github\A executar\[514010] leangen-graphql-spqr\src\main\java\io\leangen\graphql\util\Defaults.java
D:\Desenvolvimento\Projetos Github\A executar\[514010] leangen-graphql-spqr\src\main\java\io\leangen\graphql\util\Directives.java
D:\Desenvolvimento\Projetos Github\A executar\[514010] leangen-graphql-spqr\src\main\java\io\leangen\graphql\util\GraphQLUtils.java
D:\Desenvolvimento\Projetos Github\A executar\[514010] leangen-graphql-spqr\src\main\java\io\leangen\graphql\util\ReservedStrings.java
D:\Desenvolvimento\Projetos Github\A executar\[514010] leangen-graphql-spqr\src\main\java\io\leangen\graphql\util\Scalars.java
D:\Desenvolvimento\Projetos Github\A executar\[514010] leangen-graphql-spqr\src\main\java\io\leangen\graphql\util\Urls.java
D:\Desenvolvimento\Projetos Github\A executar\[514010] leangen-graphql-spqr\src\main\java\io\leangen\graphql\util\Utils.java
D:\Desenvolvimento\Projetos Github\A executar\[514010] leangen-graphql-spqr\src\main\java\io\leangen\graphql\annotations\types\GraphQLDirective.java
D:\Desenvolvimento\Projetos Github\A executar\[514010] leangen-graphql-spqr\src\main\java\io\leangen\graphql\annotations\types\GraphQLInterface.java
D:\Desenvolvimento\Projetos Github\A executar\[514010] leangen-graphql-spqr\src\main\java\io\leangen\graphql\annotations\types\GraphQLType.java
D:\Desenvolvimento\Projetos Github\A executar\[514010] leangen-graphql-spqr\src\main\java\io\leangen\graphql\annotations\types\GraphQLUnion.java
D:\Desenvolvimento\Projetos Github\A executar\[514010] leangen-graphql-spqr\src\main\java\io\leangen\graphql\execution\complexity\ComplexityAnalysisInstrumentation.java
D:\Desenvolvimento\Projetos Github\A executar\[514010] leangen-graphql-spqr\src\main\java\io\leangen\graphql\execution\complexity\ComplexityAnalyzer.java
D:\Desenvolvimento\Projetos Github\A executar\[514010] leangen-graphql-spqr\src\main\java\io\leangen\graphql\execution\complexity\ComplexityFunction.java
D:\Desenvolvimento\Projetos Github\A executar\[514010] leangen-graphql-spqr\src\main\java\io\leangen\graphql\execution\complexity\ComplexityLimitExceededException.java
D:\Desenvolvimento\Projetos Github\A executar\[514010] leangen-graphql-spqr\src\main\java\io\leangen\graphql\execution\complexity\JavaScriptEvaluator.java
D:\Desenvolvimento\Projetos Github\A executar\[514010] leangen-graphql-spqr\src\main\java\io\leangen\graphql\execution\complexity\ResolvedField.java
D:\Desenvolvimento\Projetos Github\A executar\[514010] leangen-graphql-spqr\src\main\java\io\leangen\graphql\execution\relay\Connection.java
D:\Desenvolvimento\Projetos Github\A executar\[514010] leangen-graphql-spqr\src\main\java\io\leangen\graphql\execution\relay\CursorProvider.java
D:\Desenvolvimento\Projetos Github\A executar\[514010] leangen-graphql-spqr\src\main\java\io\leangen\graphql\execution\relay\Page.java
D:\Desenvolvimento\Projetos Github\A executar\[514010] leangen-graphql-spqr\src\main\java\io\leangen\graphql\execution\relay\PagingArguments.java
D:\Desenvolvimento\Projetos Github\A executar\[514010] leangen-graphql-spqr\src\main\java\io\leangen\graphql\generator\mapping\AbstractSimpleTypeAdapter.java
D:\Desenvolvimento\Projetos Github\A executar\[514010] leangen-graphql-spqr\src\main\java\io\leangen\graphql\generator\mapping\AbstractTypeAdapter.java
D:\Desenvolvimento\Projetos Github\A executar\[514010] leangen-graphql-spqr\src\main\java\io\leangen\graphql\generator\mapping\ArgumentInjector.java
D:\Desenvolvimento\Projetos Github\A executar\[514010] leangen-graphql-spqr\src\main\java\io\leangen\graphql\generator\mapping\ArgumentInjectorParams.java
D:\Desenvolvimento\Projetos Github\A executar\[514010] leangen-graphql-spqr\src\main\java\io\leangen\graphql\generator\mapping\ArgumentInjectorRegistry.java
D:\Desenvolvimento\Projetos Github\A executar\[514010] leangen-graphql-spqr\src\main\java\io\leangen\graphql\generator\mapping\BaseTypeSynonymComparator.java
D:\Desenvolvimento\Projetos Github\A executar\[514010] leangen-graphql-spqr\src\main\java\io\leangen\graphql\generator\mapping\ConverterRegistry.java
D:\Desenvolvimento\Projetos Github\A executar\[514010] leangen-graphql-spqr\src\main\java\io\leangen\graphql\generator\mapping\DelegatingOutputConverter.java
D:\Desenvolvimento\Projetos Github\A executar\[514010] leangen-graphql-spqr\src\main\java\io\leangen\graphql\generator\mapping\InputConverter.java
D:\Desenvolvimento\Projetos Github\A executar\[514010] leangen-graphql-spqr\src\main\java\io\leangen\graphql\generator\mapping\OutputConverter.java
D:\Desenvolvimento\Projetos Github\A executar\[514010] leangen-graphql-spqr\src\main\java\io\leangen\graphql\generator\mapping\SchemaTransformer.java
D:\Desenvolvimento\Projetos Github\A executar\[514010] leangen-graphql-spqr\src\main\java\io\leangen\graphql\generator\mapping\SchemaTransformerRegistry.java
D:\Desenvolvimento\Projetos Github\A executar\[514010] leangen-graphql-spqr\src\main\java\io\leangen\graphql\generator\mapping\TypeMapper.java
D:\Desenvolvimento\Projetos Github\A executar\[514010] leangen-graphql-spqr\src\main\java\io\leangen\graphql\generator\mapping\TypeMapperRegistry.java
D:\Desenvolvimento\Projetos Github\A executar\[514010] leangen-graphql-spqr\src\main\java\io\leangen\graphql\generator\mapping\TypeSubstituter.java
D:\Desenvolvimento\Projetos Github\A executar\[514010] leangen-graphql-spqr\src\main\java\io\leangen\graphql\generator\union\Union.java
D:\Desenvolvimento\Projetos Github\A executar\[514010] leangen-graphql-spqr\src\main\java\io\leangen\graphql\generator\union\Union10.java
D:\Desenvolvimento\Projetos Github\A executar\[514010] leangen-graphql-spqr\src\main\java\io\leangen\graphql\generator\union\Union2.java
D:\Desenvolvimento\Projetos Github\A executar\[514010] leangen-graphql-spqr\src\main\java\io\leangen\graphql\generator\union\Union3.java
D:\Desenvolvimento\Projetos Github\A executar\[514010] leangen-graphql-spqr\src\main\java\io\leangen\graphql\generator\union\Union4.java
D:\Desenvolvimento\Projetos Github\A executar\[514010] leangen-graphql-spqr\src\main\java\io\leangen\graphql\generator\union\Union5.java
D:\Desenvolvimento\Projetos Github\A executar\[514010] leangen-graphql-spqr\src\main\java\io\leangen\graphql\generator\union\Union6.java
D:\Desenvolvimento\Projetos Github\A executar\[514010] leangen-graphql-spqr\src\main\java\io\leangen\graphql\generator\union\Union7.java
D:\Desenvolvimento\Projetos Github\A executar\[514010] leangen-graphql-spqr\src\main\java\io\leangen\graphql\generator\union\Union8.java
D:\Desenvolvimento\Projetos Github\A executar\[514010] leangen-graphql-spqr\src\main\java\io\leangen\graphql\generator\union\Union9.java
D:\Desenvolvimento\Projetos Github\A executar\[514010] leangen-graphql-spqr\src\main\java\io\leangen\graphql\metadata\exceptions\MappingException.java
D:\Desenvolvimento\Projetos Github\A executar\[514010] leangen-graphql-spqr\src\main\java\io\leangen\graphql\metadata\exceptions\TypeMappingException.java
D:\Desenvolvimento\Projetos Github\A executar\[514010] leangen-graphql-spqr\src\main\java\io\leangen\graphql\metadata\exceptions\UnresolvableTypeException.java
D:\Desenvolvimento\Projetos Github\A executar\[514010] leangen-graphql-spqr\src\main\java\io\leangen\graphql\metadata\execution\Executable.java
D:\Desenvolvimento\Projetos Github\A executar\[514010] leangen-graphql-spqr\src\main\java\io\leangen\graphql\metadata\execution\FieldAccessor.java
D:\Desenvolvimento\Projetos Github\A executar\[514010] leangen-graphql-spqr\src\main\java\io\leangen\graphql\metadata\execution\FixedMethodInvoker.java
D:\Desenvolvimento\Projetos Github\A executar\[514010] leangen-graphql-spqr\src\main\java\io\leangen\graphql\metadata\execution\MethodInvoker.java
D:\Desenvolvimento\Projetos Github\A executar\[514010] leangen-graphql-spqr\src\main\java\io\leangen\graphql\metadata\messages\DelegatingMessageBundle.java
D:\Desenvolvimento\Projetos Github\A executar\[514010] leangen-graphql-spqr\src\main\java\io\leangen\graphql\metadata\messages\EmptyMessageBundle.java
D:\Desenvolvimento\Projetos Github\A executar\[514010] leangen-graphql-spqr\src\main\java\io\leangen\graphql\metadata\messages\MessageBundle.java
D:\Desenvolvimento\Projetos Github\A executar\[514010] leangen-graphql-spqr\src\main\java\io\leangen\graphql\metadata\messages\ResourceMessageBundle.java
D:\Desenvolvimento\Projetos Github\A executar\[514010] leangen-graphql-spqr\src\main\java\io\leangen\graphql\metadata\messages\SimpleMessageBundle.java
D:\Desenvolvimento\Projetos Github\A executar\[514010] leangen-graphql-spqr\src\main\java\io\leangen\graphql\metadata\strategy\DefaultInclusionStrategy.java
D:\Desenvolvimento\Projetos Github\A executar\[514010] leangen-graphql-spqr\src\main\java\io\leangen\graphql\metadata\strategy\InclusionStrategy.java
D:\Desenvolvimento\Projetos Github\A executar\[514010] leangen-graphql-spqr\src\main\java\io\leangen\graphql\execution\relay\generic\GenericPage.java
D:\Desenvolvimento\Projetos Github\A executar\[514010] leangen-graphql-spqr\src\main\java\io\leangen\graphql\execution\relay\generic\PageFactory.java
D:\Desenvolvimento\Projetos Github\A executar\[514010] leangen-graphql-spqr\src\main\java\io\leangen\graphql\generator\mapping\common\AbstractTypeSubstitutingMapper.java
D:\Desenvolvimento\Projetos Github\A executar\[514010] leangen-graphql-spqr\src\main\java\io\leangen\graphql\generator\mapping\common\AnnotationMapper.java
D:\Desenvolvimento\Projetos Github\A executar\[514010] leangen-graphql-spqr\src\main\java\io\leangen\graphql\generator\mapping\common\ArrayAdapter.java
D:\Desenvolvimento\Projetos Github\A executar\[514010] leangen-graphql-spqr\src\main\java\io\leangen\graphql\generator\mapping\common\CachingMapper.java
D:\Desenvolvimento\Projetos Github\A executar\[514010] leangen-graphql-spqr\src\main\java\io\leangen\graphql\generator\mapping\common\CollectionOutputConverter.java
D:\Desenvolvimento\Projetos Github\A executar\[514010] leangen-graphql-spqr\src\main\java\io\leangen\graphql\generator\mapping\common\ContextInjector.java
D:\Desenvolvimento\Projetos Github\A executar\[514010] leangen-graphql-spqr\src\main\java\io\leangen\graphql\generator\mapping\common\DirectiveValueDeserializer.java
D:\Desenvolvimento\Projetos Github\A executar\[514010] leangen-graphql-spqr\src\main\java\io\leangen\graphql\generator\mapping\common\EnumMapper.java
D:\Desenvolvimento\Projetos Github\A executar\[514010] leangen-graphql-spqr\src\main\java\io\leangen\graphql\generator\mapping\common\EnumMapToObjectTypeAdapter.java
D:\Desenvolvimento\Projetos Github\A executar\[514010] leangen-graphql-spqr\src\main\java\io\leangen\graphql\generator\mapping\common\EnvironmentInjector.java
D:\Desenvolvimento\Projetos Github\A executar\[514010] leangen-graphql-spqr\src\main\java\io\leangen\graphql\generator\mapping\common\IdAdapter.java
D:\Desenvolvimento\Projetos Github\A executar\[514010] leangen-graphql-spqr\src\main\java\io\leangen\graphql\generator\mapping\common\InputValueDeserializer.java
D:\Desenvolvimento\Projetos Github\A executar\[514010] leangen-graphql-spqr\src\main\java\io\leangen\graphql\generator\mapping\common\InterfaceMapper.java
D:\Desenvolvimento\Projetos Github\A executar\[514010] leangen-graphql-spqr\src\main\java\io\leangen\graphql\generator\mapping\common\IterableAdapter.java
D:\Desenvolvimento\Projetos Github\A executar\[514010] leangen-graphql-spqr\src\main\java\io\leangen\graphql\generator\mapping\common\ListMapper.java
D:\Desenvolvimento\Projetos Github\A executar\[514010] leangen-graphql-spqr\src\main\java\io\leangen\graphql\generator\mapping\common\MapOutputConverter.java
D:\Desenvolvimento\Projetos Github\A executar\[514010] leangen-graphql-spqr\src\main\java\io\leangen\graphql\generator\mapping\common\MapToListTypeAdapter.java
D:\Desenvolvimento\Projetos Github\A executar\[514010] leangen-graphql-spqr\src\main\java\io\leangen\graphql\generator\mapping\common\NonNullMapper.java
D:\Desenvolvimento\Projetos Github\A executar\[514010] leangen-graphql-spqr\src\main\java\io\leangen\graphql\generator\mapping\common\ObjectScalarMapper.java
D:\Desenvolvimento\Projetos Github\A executar\[514010] leangen-graphql-spqr\src\main\java\io\leangen\graphql\generator\mapping\common\ObjectTypeMapper.java
D:\Desenvolvimento\Projetos Github\A executar\[514010] leangen-graphql-spqr\src\main\java\io\leangen\graphql\generator\mapping\common\OptionalAdapter.java
D:\Desenvolvimento\Projetos Github\A executar\[514010] leangen-graphql-spqr\src\main\java\io\leangen\graphql\generator\mapping\common\OptionalDoubleAdapter.java
D:\Desenvolvimento\Projetos Github\A executar\[514010] leangen-graphql-spqr\src\main\java\io\leangen\graphql\generator\mapping\common\OptionalIntAdapter.java
D:\Desenvolvimento\Projetos Github\A executar\[514010] leangen-graphql-spqr\src\main\java\io\leangen\graphql\generator\mapping\common\OptionalLongAdapter.java
D:\Desenvolvimento\Projetos Github\A executar\[514010] leangen-graphql-spqr\src\main\java\io\leangen\graphql\generator\mapping\common\PageMapper.java
D:\Desenvolvimento\Projetos Github\A executar\[514010] leangen-graphql-spqr\src\main\java\io\leangen\graphql\generator\mapping\common\RootContextInjector.java
D:\Desenvolvimento\Projetos Github\A executar\[514010] leangen-graphql-spqr\src\main\java\io\leangen\graphql\generator\mapping\common\ScalarMapper.java
D:\Desenvolvimento\Projetos Github\A executar\[514010] leangen-graphql-spqr\src\main\java\io\leangen\graphql\generator\mapping\common\StreamToCollectionTypeAdapter.java
D:\Desenvolvimento\Projetos Github\A executar\[514010] leangen-graphql-spqr\src\main\java\io\leangen\graphql\generator\mapping\common\UnionInlineMapper.java
D:\Desenvolvimento\Projetos Github\A executar\[514010] leangen-graphql-spqr\src\main\java\io\leangen\graphql\generator\mapping\common\UnionMapper.java
D:\Desenvolvimento\Projetos Github\A executar\[514010] leangen-graphql-spqr\src\main\java\io\leangen\graphql\generator\mapping\common\UnionTypeMapper.java
D:\Desenvolvimento\Projetos Github\A executar\[514010] leangen-graphql-spqr\src\main\java\io\leangen\graphql\generator\mapping\common\VoidToBooleanTypeAdapter.java
D:\Desenvolvimento\Projetos Github\A executar\[514010] leangen-graphql-spqr\src\main\java\io\leangen\graphql\generator\mapping\core\CompletableFutureAdapter.java
D:\Desenvolvimento\Projetos Github\A executar\[514010] leangen-graphql-spqr\src\main\java\io\leangen\graphql\generator\mapping\core\DataFetcherResultMapper.java
D:\Desenvolvimento\Projetos Github\A executar\[514010] leangen-graphql-spqr\src\main\java\io\leangen\graphql\generator\mapping\core\PublisherAdapter.java
D:\Desenvolvimento\Projetos Github\A executar\[514010] leangen-graphql-spqr\src\main\java\io\leangen\graphql\generator\mapping\strategy\AbstractInputHandler.java
D:\Desenvolvimento\Projetos Github\A executar\[514010] leangen-graphql-spqr\src\main\java\io\leangen\graphql\generator\mapping\strategy\AbstractInterfaceMappingStrategy.java
D:\Desenvolvimento\Projetos Github\A executar\[514010] leangen-graphql-spqr\src\main\java\io\leangen\graphql\generator\mapping\strategy\AnnotatedInterfaceStrategy.java
D:\Desenvolvimento\Projetos Github\A executar\[514010] leangen-graphql-spqr\src\main\java\io\leangen\graphql\generator\mapping\strategy\AutoScanAbstractInputHandler.java
D:\Desenvolvimento\Projetos Github\A executar\[514010] leangen-graphql-spqr\src\main\java\io\leangen\graphql\generator\mapping\strategy\DefaultImplementationDiscoveryStrategy.java
D:\Desenvolvimento\Projetos Github\A executar\[514010] leangen-graphql-spqr\src\main\java\io\leangen\graphql\generator\mapping\strategy\ImplementationDiscoveryStrategy.java
D:\Desenvolvimento\Projetos Github\A executar\[514010] leangen-graphql-spqr\src\main\java\io\leangen\graphql\generator\mapping\strategy\InterfaceMappingStrategy.java
D:\Desenvolvimento\Projetos Github\A executar\[514010] leangen-graphql-spqr\src\main\java\io\leangen\graphql\generator\mapping\strategy\NoOpAbstractInputHandler.java
D:\Desenvolvimento\Projetos Github\A executar\[514010] leangen-graphql-spqr\src\main\java\io\leangen\graphql\generator\mapping\strategy\PackageBasedInterfaceStrategy.java
D:\Desenvolvimento\Projetos Github\A executar\[514010] leangen-graphql-spqr\src\main\java\io\leangen\graphql\generator\mapping\strategy\SuperTypeBasedInterfaceStrategy.java
D:\Desenvolvimento\Projetos Github\A executar\[514010] leangen-graphql-spqr\src\main\java\io\leangen\graphql\metadata\strategy\query\AbstractResolverBuilder.java
D:\Desenvolvimento\Projetos Github\A executar\[514010] leangen-graphql-spqr\src\main\java\io\leangen\graphql\metadata\strategy\query\AnnotatedArgumentBuilder.java
D:\Desenvolvimento\Projetos Github\A executar\[514010] leangen-graphql-spqr\src\main\java\io\leangen\graphql\metadata\strategy\query\AnnotatedDirectiveBuilder.java
D:\Desenvolvimento\Projetos Github\A executar\[514010] leangen-graphql-spqr\src\main\java\io\leangen\graphql\metadata\strategy\query\AnnotatedOperationInfoGenerator.java
D:\Desenvolvimento\Projetos Github\A executar\[514010] leangen-graphql-spqr\src\main\java\io\leangen\graphql\metadata\strategy\query\AnnotatedResolverBuilder.java
D:\Desenvolvimento\Projetos Github\A executar\[514010] leangen-graphql-spqr\src\main\java\io\leangen\graphql\metadata\strategy\query\ArgumentBuilderParams.java
D:\Desenvolvimento\Projetos Github\A executar\[514010] leangen-graphql-spqr\src\main\java\io\leangen\graphql\metadata\strategy\query\BeanResolverBuilder.java
D:\Desenvolvimento\Projetos Github\A executar\[514010] leangen-graphql-spqr\src\main\java\io\leangen\graphql\metadata\strategy\query\DefaultOperationBuilder.java
D:\Desenvolvimento\Projetos Github\A executar\[514010] leangen-graphql-spqr\src\main\java\io\leangen\graphql\metadata\strategy\query\DefaultOperationInfoGenerator.java
D:\Desenvolvimento\Projetos Github\A executar\[514010] leangen-graphql-spqr\src\main\java\io\leangen\graphql\metadata\strategy\query\DirectiveBuilder.java
D:\Desenvolvimento\Projetos Github\A executar\[514010] leangen-graphql-spqr\src\main\java\io\leangen\graphql\metadata\strategy\query\DirectiveBuilderParams.java
D:\Desenvolvimento\Projetos Github\A executar\[514010] leangen-graphql-spqr\src\main\java\io\leangen\graphql\metadata\strategy\query\MemberOperationInfoGenerator.java
D:\Desenvolvimento\Projetos Github\A executar\[514010] leangen-graphql-spqr\src\main\java\io\leangen\graphql\metadata\strategy\query\OperationBuilder.java
D:\Desenvolvimento\Projetos Github\A executar\[514010] leangen-graphql-spqr\src\main\java\io\leangen\graphql\metadata\strategy\query\OperationInfoGenerator.java
D:\Desenvolvimento\Projetos Github\A executar\[514010] leangen-graphql-spqr\src\main\java\io\leangen\graphql\metadata\strategy\query\OperationInfoGeneratorParams.java
D:\Desenvolvimento\Projetos Github\A executar\[514010] leangen-graphql-spqr\src\main\java\io\leangen\graphql\metadata\strategy\query\PropertyOperationInfoGenerator.java
D:\Desenvolvimento\Projetos Github\A executar\[514010] leangen-graphql-spqr\src\main\java\io\leangen\graphql\metadata\strategy\query\PublicResolverBuilder.java
D:\Desenvolvimento\Projetos Github\A executar\[514010] leangen-graphql-spqr\src\main\java\io\leangen\graphql\metadata\strategy\query\ResolverArgumentBuilder.java
D:\Desenvolvimento\Projetos Github\A executar\[514010] leangen-graphql-spqr\src\main\java\io\leangen\graphql\metadata\strategy\query\ResolverBuilder.java
D:\Desenvolvimento\Projetos Github\A executar\[514010] leangen-graphql-spqr\src\main\java\io\leangen\graphql\metadata\strategy\query\ResolverBuilderParams.java
D:\Desenvolvimento\Projetos Github\A executar\[514010] leangen-graphql-spqr\src\main\java\io\leangen\graphql\metadata\strategy\type\DefaultTypeInfoGenerator.java
D:\Desenvolvimento\Projetos Github\A executar\[514010] leangen-graphql-spqr\src\main\java\io\leangen\graphql\metadata\strategy\type\DefaultTypeTransformer.java
D:\Desenvolvimento\Projetos Github\A executar\[514010] leangen-graphql-spqr\src\main\java\io\leangen\graphql\metadata\strategy\type\TypeInfoGenerator.java
D:\Desenvolvimento\Projetos Github\A executar\[514010] leangen-graphql-spqr\src\main\java\io\leangen\graphql\metadata\strategy\type\TypeTransformer.java
D:\Desenvolvimento\Projetos Github\A executar\[514010] leangen-graphql-spqr\src\main\java\io\leangen\graphql\metadata\strategy\value\AnnotationInputFieldBuilder.java
D:\Desenvolvimento\Projetos Github\A executar\[514010] leangen-graphql-spqr\src\main\java\io\leangen\graphql\metadata\strategy\value\AnnotationMappingUtils.java
D:\Desenvolvimento\Projetos Github\A executar\[514010] leangen-graphql-spqr\src\main\java\io\leangen\graphql\metadata\strategy\value\DefaultValueProvider.java
D:\Desenvolvimento\Projetos Github\A executar\[514010] leangen-graphql-spqr\src\main\java\io\leangen\graphql\metadata\strategy\value\IdentityDefaultValueProvider.java
D:\Desenvolvimento\Projetos Github\A executar\[514010] leangen-graphql-spqr\src\main\java\io\leangen\graphql\metadata\strategy\value\InputFieldBuilder.java
D:\Desenvolvimento\Projetos Github\A executar\[514010] leangen-graphql-spqr\src\main\java\io\leangen\graphql\metadata\strategy\value\InputFieldBuilderParams.java
D:\Desenvolvimento\Projetos Github\A executar\[514010] leangen-graphql-spqr\src\main\java\io\leangen\graphql\metadata\strategy\value\InputFieldInfoGenerator.java
D:\Desenvolvimento\Projetos Github\A executar\[514010] leangen-graphql-spqr\src\main\java\io\leangen\graphql\metadata\strategy\value\InputParsingException.java
D:\Desenvolvimento\Projetos Github\A executar\[514010] leangen-graphql-spqr\src\main\java\io\leangen\graphql\metadata\strategy\value\JsonDefaultValueProvider.java
D:\Desenvolvimento\Projetos Github\A executar\[514010] leangen-graphql-spqr\src\main\java\io\leangen\graphql\metadata\strategy\value\Property.java
D:\Desenvolvimento\Projetos Github\A executar\[514010] leangen-graphql-spqr\src\main\java\io\leangen\graphql\metadata\strategy\value\ScalarDeserializationStrategy.java
D:\Desenvolvimento\Projetos Github\A executar\[514010] leangen-graphql-spqr\src\main\java\io\leangen\graphql\metadata\strategy\value\ValueMapper.java
D:\Desenvolvimento\Projetos Github\A executar\[514010] leangen-graphql-spqr\src\main\java\io\leangen\graphql\metadata\strategy\value\ValueMapperFactory.java
D:\Desenvolvimento\Projetos Github\A executar\[514010] leangen-graphql-spqr\src\main\java\io\leangen\graphql\module\common\gson\GsonArrayAdapter.java
D:\Desenvolvimento\Projetos Github\A executar\[514010] leangen-graphql-spqr\src\main\java\io\leangen\graphql\module\common\gson\GsonModule.java
D:\Desenvolvimento\Projetos Github\A executar\[514010] leangen-graphql-spqr\src\main\java\io\leangen\graphql\module\common\gson\GsonScalars.java
D:\Desenvolvimento\Projetos Github\A executar\[514010] leangen-graphql-spqr\src\main\java\io\leangen\graphql\module\common\gson\GsonScalarTypeMapper.java
D:\Desenvolvimento\Projetos Github\A executar\[514010] leangen-graphql-spqr\src\main\java\io\leangen\graphql\module\common\jackson\JacksonModule.java
D:\Desenvolvimento\Projetos Github\A executar\[514010] leangen-graphql-spqr\src\main\java\io\leangen\graphql\module\common\jackson\JacksonObjectScalarMapper.java
D:\Desenvolvimento\Projetos Github\A executar\[514010] leangen-graphql-spqr\src\main\java\io\leangen\graphql\module\common\jackson\JacksonObjectScalars.java
D:\Desenvolvimento\Projetos Github\A executar\[514010] leangen-graphql-spqr\src\main\java\io\leangen\graphql\module\common\jackson\JacksonScalars.java
D:\Desenvolvimento\Projetos Github\A executar\[514010] leangen-graphql-spqr\src\main\java\io\leangen\graphql\module\common\jackson\JacksonScalarTypeMapper.java
D:\Desenvolvimento\Projetos Github\A executar\[514010] leangen-graphql-spqr\src\main\java\io\leangen\graphql\module\common\jackson\JsonArrayAdapter.java
D:\Desenvolvimento\Projetos Github\A executar\[514010] leangen-graphql-spqr\src\main\java\io\leangen\graphql\module\common\jackson\JsonNodeAdapter.java
D:\Desenvolvimento\Projetos Github\A executar\[514010] leangen-graphql-spqr\src\main\java\io\leangen\graphql\metadata\strategy\value\gson\ConvertingAdapterFactory.java
D:\Desenvolvimento\Projetos Github\A executar\[514010] leangen-graphql-spqr\src\main\java\io\leangen\graphql\metadata\strategy\value\gson\ConvertingDeserializer.java
D:\Desenvolvimento\Projetos Github\A executar\[514010] leangen-graphql-spqr\src\main\java\io\leangen\graphql\metadata\strategy\value\gson\GsonFieldNamingStrategy.java
D:\Desenvolvimento\Projetos Github\A executar\[514010] leangen-graphql-spqr\src\main\java\io\leangen\graphql\metadata\strategy\value\gson\GsonValueMapper.java
D:\Desenvolvimento\Projetos Github\A executar\[514010] leangen-graphql-spqr\src\main\java\io\leangen\graphql\metadata\strategy\value\gson\GsonValueMapperFactory.java
D:\Desenvolvimento\Projetos Github\A executar\[514010] leangen-graphql-spqr\src\main\java\io\leangen\graphql\metadata\strategy\value\gson\RuntimeTypeAdapterFactory.java
D:\Desenvolvimento\Projetos Github\A executar\[514010] leangen-graphql-spqr\src\main\java\io\leangen\graphql\metadata\strategy\value\jackson\AnnotationIntrospector.java
D:\Desenvolvimento\Projetos Github\A executar\[514010] leangen-graphql-spqr\src\main\java\io\leangen\graphql\metadata\strategy\value\jackson\ConvertingDeserializer.java
D:\Desenvolvimento\Projetos Github\A executar\[514010] leangen-graphql-spqr\src\main\java\io\leangen\graphql\metadata\strategy\value\jackson\ConvertingDeserializers.java
D:\Desenvolvimento\Projetos Github\A executar\[514010] leangen-graphql-spqr\src\main\java\io\leangen\graphql\metadata\strategy\value\jackson\JacksonValueMapper.java
D:\Desenvolvimento\Projetos Github\A executar\[514010] leangen-graphql-spqr\src\main\java\io\leangen\graphql\metadata\strategy\value\jackson\JacksonValueMapperFactory.java
D:\Desenvolvimento\Projetos Github\A executar\[514010] leangen-graphql-spqr\src\main\java\io\leangen\graphql\metadata\strategy\value\jackson\TypeUtils.java
-- Source dirs
D:\Desenvolvimento\Projetos Github\A executar\[514010] leangen-graphql-spqr\src\main\java
-- Test dirs
D:\Desenvolvimento\Projetos Github\A executar\[514010] leangen-graphql-spqr\src\test\java

