18/07/2019 08:36:08 ufrn.dimap.lets.ehmetrics.projectresolver.JavaProject#resolveArtifacts - INFO: [802415] exercism-java files...
-- Java files
D:\Desenvolvimento\Projetos Github\A executar\[802415] exercism-java\exercises\accumulate\src\test\java\AccumulateTest.java
D:\Desenvolvimento\Projetos Github\A executar\[802415] exercism-java\exercises\acronym\src\main\java\Acronym.java
D:\Desenvolvimento\Projetos Github\A executar\[802415] exercism-java\exercises\acronym\src\test\java\AcronymTest.java
D:\Desenvolvimento\Projetos Github\A executar\[802415] exercism-java\exercises\affine-cipher\src\test\java\AffineCipherTest.java
D:\Desenvolvimento\Projetos Github\A executar\[802415] exercism-java\exercises\all-your-base\src\test\java\BaseConverterTest.java
D:\Desenvolvimento\Projetos Github\A executar\[802415] exercism-java\exercises\allergies\src\main\java\Allergen.java
D:\Desenvolvimento\Projetos Github\A executar\[802415] exercism-java\exercises\allergies\src\test\java\AllergiesTest.java
D:\Desenvolvimento\Projetos Github\A executar\[802415] exercism-java\exercises\alphametics\src\main\java\UnsolvablePuzzleException.java
D:\Desenvolvimento\Projetos Github\A executar\[802415] exercism-java\exercises\alphametics\src\test\java\AlphameticsTest.java
D:\Desenvolvimento\Projetos Github\A executar\[802415] exercism-java\exercises\anagram\src\test\java\AnagramTest.java
D:\Desenvolvimento\Projetos Github\A executar\[802415] exercism-java\exercises\armstrong-numbers\src\main\java\ArmstrongNumbers.java
D:\Desenvolvimento\Projetos Github\A executar\[802415] exercism-java\exercises\armstrong-numbers\src\test\java\ArmstrongNumbersTest.java
D:\Desenvolvimento\Projetos Github\A executar\[802415] exercism-java\exercises\atbash-cipher\src\test\java\AtbashTest.java
D:\Desenvolvimento\Projetos Github\A executar\[802415] exercism-java\exercises\bank-account\src\main\java\BankAccountActionInvalidException.java
D:\Desenvolvimento\Projetos Github\A executar\[802415] exercism-java\exercises\bank-account\src\test\java\BankAccountTest.java
D:\Desenvolvimento\Projetos Github\A executar\[802415] exercism-java\exercises\beer-song\src\test\java\BeerSongTest.java
D:\Desenvolvimento\Projetos Github\A executar\[802415] exercism-java\exercises\binary\src\test\java\BinaryTest.java
D:\Desenvolvimento\Projetos Github\A executar\[802415] exercism-java\exercises\binary-search\src\main\java\ValueNotFoundException.java
D:\Desenvolvimento\Projetos Github\A executar\[802415] exercism-java\exercises\binary-search\src\test\java\BinarySearchTest.java
D:\Desenvolvimento\Projetos Github\A executar\[802415] exercism-java\exercises\binary-search-tree\src\main\java\BinarySearchTree.java
D:\Desenvolvimento\Projetos Github\A executar\[802415] exercism-java\exercises\binary-search-tree\src\test\java\BinarySearchTreeTest.java
D:\Desenvolvimento\Projetos Github\A executar\[802415] exercism-java\exercises\bob\src\test\java\BobTest.java
D:\Desenvolvimento\Projetos Github\A executar\[802415] exercism-java\exercises\book-store\src\test\java\BookStoreTest.java
D:\Desenvolvimento\Projetos Github\A executar\[802415] exercism-java\exercises\bowling\src\test\java\BowlingTest.java
D:\Desenvolvimento\Projetos Github\A executar\[802415] exercism-java\exercises\change\src\test\java\ChangeCalculatorTest.java
D:\Desenvolvimento\Projetos Github\A executar\[802415] exercism-java\exercises\circular-buffer\src\main\java\BufferIOException.java
D:\Desenvolvimento\Projetos Github\A executar\[802415] exercism-java\exercises\circular-buffer\src\test\java\CircularBufferTest.java
D:\Desenvolvimento\Projetos Github\A executar\[802415] exercism-java\exercises\clock\src\test\java\ClockAddTest.java
D:\Desenvolvimento\Projetos Github\A executar\[802415] exercism-java\exercises\clock\src\test\java\ClockCreationTest.java
D:\Desenvolvimento\Projetos Github\A executar\[802415] exercism-java\exercises\clock\src\test\java\ClockEqualTest.java
D:\Desenvolvimento\Projetos Github\A executar\[802415] exercism-java\exercises\collatz-conjecture\src\main\java\CollatzCalculator.java
D:\Desenvolvimento\Projetos Github\A executar\[802415] exercism-java\exercises\collatz-conjecture\src\test\java\CollatzCalculatorTest.java
D:\Desenvolvimento\Projetos Github\A executar\[802415] exercism-java\exercises\complex-numbers\src\test\java\ComplexNumberTest.java
D:\Desenvolvimento\Projetos Github\A executar\[802415] exercism-java\exercises\crypto-square\src\test\java\CryptoSquareTest.java
D:\Desenvolvimento\Projetos Github\A executar\[802415] exercism-java\exercises\custom-set\src\test\java\CustomSetTest.java
D:\Desenvolvimento\Projetos Github\A executar\[802415] exercism-java\exercises\darts\src\main\java\Darts.java
D:\Desenvolvimento\Projetos Github\A executar\[802415] exercism-java\exercises\darts\src\test\java\DartsTest.java
D:\Desenvolvimento\Projetos Github\A executar\[802415] exercism-java\exercises\diamond\src\main\java\DiamondPrinter.java
D:\Desenvolvimento\Projetos Github\A executar\[802415] exercism-java\exercises\diamond\src\test\java\DiamondPrinterTest.java
D:\Desenvolvimento\Projetos Github\A executar\[802415] exercism-java\exercises\difference-of-squares\src\main\java\DifferenceOfSquaresCalculator.java
D:\Desenvolvimento\Projetos Github\A executar\[802415] exercism-java\exercises\difference-of-squares\src\test\java\DifferenceOfSquaresCalculatorTest.java
D:\Desenvolvimento\Projetos Github\A executar\[802415] exercism-java\exercises\diffie-hellman\src\test\java\DiffieHellmanTest.java
D:\Desenvolvimento\Projetos Github\A executar\[802415] exercism-java\exercises\dnd-character\src\main\java\DnDCharacter.java
D:\Desenvolvimento\Projetos Github\A executar\[802415] exercism-java\exercises\dnd-character\src\test\java\DnDCharacterTest.java
D:\Desenvolvimento\Projetos Github\A executar\[802415] exercism-java\exercises\dominoes\src\main\java\ChainNotFoundException.java
D:\Desenvolvimento\Projetos Github\A executar\[802415] exercism-java\exercises\dominoes\src\main\java\Domino.java
D:\Desenvolvimento\Projetos Github\A executar\[802415] exercism-java\exercises\dominoes\src\test\java\DominoesTest.java
D:\Desenvolvimento\Projetos Github\A executar\[802415] exercism-java\exercises\error-handling\src\main\java\CustomCheckedException.java
D:\Desenvolvimento\Projetos Github\A executar\[802415] exercism-java\exercises\error-handling\src\main\java\CustomUncheckedException.java
D:\Desenvolvimento\Projetos Github\A executar\[802415] exercism-java\exercises\error-handling\src\main\java\ErrorHandling.java
D:\Desenvolvimento\Projetos Github\A executar\[802415] exercism-java\exercises\error-handling\src\test\java\ErrorHandlingTest.java
D:\Desenvolvimento\Projetos Github\A executar\[802415] exercism-java\exercises\etl\src\main\java\Etl.java
D:\Desenvolvimento\Projetos Github\A executar\[802415] exercism-java\exercises\etl\src\test\java\EtlTest.java
D:\Desenvolvimento\Projetos Github\A executar\[802415] exercism-java\exercises\flatten-array\src\test\java\FlattenerTest.java
D:\Desenvolvimento\Projetos Github\A executar\[802415] exercism-java\exercises\food-chain\src\test\java\FoodChainTest.java
D:\Desenvolvimento\Projetos Github\A executar\[802415] exercism-java\exercises\forth\src\test\java\ForthEvaluatorTest.java
D:\Desenvolvimento\Projetos Github\A executar\[802415] exercism-java\exercises\gigasecond\src\main\java\Gigasecond.java
D:\Desenvolvimento\Projetos Github\A executar\[802415] exercism-java\exercises\gigasecond\src\test\java\GigasecondTest.java
D:\Desenvolvimento\Projetos Github\A executar\[802415] exercism-java\exercises\go-counting\src\main\java\Player.java
D:\Desenvolvimento\Projetos Github\A executar\[802415] exercism-java\exercises\go-counting\src\test\java\GoCountingTest.java
D:\Desenvolvimento\Projetos Github\A executar\[802415] exercism-java\exercises\grade-school\src\test\java\SchoolTest.java
D:\Desenvolvimento\Projetos Github\A executar\[802415] exercism-java\exercises\grep\src\test\java\GrepToolTest.java
D:\Desenvolvimento\Projetos Github\A executar\[802415] exercism-java\exercises\hamming\src\main\java\Hamming.java
D:\Desenvolvimento\Projetos Github\A executar\[802415] exercism-java\exercises\hamming\src\test\java\HammingTest.java
D:\Desenvolvimento\Projetos Github\A executar\[802415] exercism-java\exercises\hello-world\src\main\java\Greeter.java
D:\Desenvolvimento\Projetos Github\A executar\[802415] exercism-java\exercises\hello-world\src\test\java\GreeterTest.java
D:\Desenvolvimento\Projetos Github\A executar\[802415] exercism-java\exercises\hexadecimal\src\test\java\HexadecimalTest.java
D:\Desenvolvimento\Projetos Github\A executar\[802415] exercism-java\exercises\house\src\test\java\HouseTest.java
D:\Desenvolvimento\Projetos Github\A executar\[802415] exercism-java\exercises\isbn-verifier\src\main\java\IsbnVerifier.java
D:\Desenvolvimento\Projetos Github\A executar\[802415] exercism-java\exercises\isbn-verifier\src\test\java\IsbnVerifierTest.java
D:\Desenvolvimento\Projetos Github\A executar\[802415] exercism-java\exercises\isogram\src\main\java\IsogramChecker.java
D:\Desenvolvimento\Projetos Github\A executar\[802415] exercism-java\exercises\isogram\src\test\java\IsogramCheckerTest.java
D:\Desenvolvimento\Projetos Github\A executar\[802415] exercism-java\exercises\kindergarten-garden\src\main\java\KindergartenGarden.java
D:\Desenvolvimento\Projetos Github\A executar\[802415] exercism-java\exercises\kindergarten-garden\src\main\java\Plant.java
D:\Desenvolvimento\Projetos Github\A executar\[802415] exercism-java\exercises\kindergarten-garden\src\test\java\KindergartenGardenTest.java
D:\Desenvolvimento\Projetos Github\A executar\[802415] exercism-java\exercises\largest-series-product\src\main\java\LargestSeriesProductCalculator.java
D:\Desenvolvimento\Projetos Github\A executar\[802415] exercism-java\exercises\largest-series-product\src\test\java\LargestSeriesProductCalculatorTest.java
D:\Desenvolvimento\Projetos Github\A executar\[802415] exercism-java\exercises\linked-list\src\test\java\DoublyLinkedListTest.java
D:\Desenvolvimento\Projetos Github\A executar\[802415] exercism-java\exercises\list-ops\src\main\java\ListOps.java
D:\Desenvolvimento\Projetos Github\A executar\[802415] exercism-java\exercises\list-ops\src\test\java\ListOpsTest.java
D:\Desenvolvimento\Projetos Github\A executar\[802415] exercism-java\exercises\luhn\src\main\java\LuhnValidator.java
D:\Desenvolvimento\Projetos Github\A executar\[802415] exercism-java\exercises\luhn\src\test\java\LuhnValidatorTest.java
D:\Desenvolvimento\Projetos Github\A executar\[802415] exercism-java\exercises\markdown\src\main\java\Markdown.java
D:\Desenvolvimento\Projetos Github\A executar\[802415] exercism-java\exercises\markdown\src\test\java\MarkdownTest.java
D:\Desenvolvimento\Projetos Github\A executar\[802415] exercism-java\exercises\matching-brackets\src\test\java\BracketCheckerTest.java
D:\Desenvolvimento\Projetos Github\A executar\[802415] exercism-java\exercises\matrix\src\main\java\Matrix.java
D:\Desenvolvimento\Projetos Github\A executar\[802415] exercism-java\exercises\matrix\src\test\java\MatrixTest.java
D:\Desenvolvimento\Projetos Github\A executar\[802415] exercism-java\exercises\meetup\src\main\java\MeetupSchedule.java
D:\Desenvolvimento\Projetos Github\A executar\[802415] exercism-java\exercises\meetup\src\test\java\MeetupTest.java
D:\Desenvolvimento\Projetos Github\A executar\[802415] exercism-java\exercises\minesweeper\src\test\java\MinesweeperBoardTest.java
D:\Desenvolvimento\Projetos Github\A executar\[802415] exercism-java\exercises\nth-prime\src\main\java\PrimeCalculator.java
D:\Desenvolvimento\Projetos Github\A executar\[802415] exercism-java\exercises\nth-prime\src\test\java\PrimeCalculatorTest.java
D:\Desenvolvimento\Projetos Github\A executar\[802415] exercism-java\exercises\nucleotide-count\src\test\java\NucleotideCounterTest.java
D:\Desenvolvimento\Projetos Github\A executar\[802415] exercism-java\exercises\ocr-numbers\src\test\java\OpticalCharacterReaderTest.java
D:\Desenvolvimento\Projetos Github\A executar\[802415] exercism-java\exercises\octal\src\test\java\OctalTest.java
D:\Desenvolvimento\Projetos Github\A executar\[802415] exercism-java\exercises\palindrome-products\src\test\java\PalindromeCalculatorTest.java
D:\Desenvolvimento\Projetos Github\A executar\[802415] exercism-java\exercises\pangram\src\main\java\PangramChecker.java
D:\Desenvolvimento\Projetos Github\A executar\[802415] exercism-java\exercises\pangram\src\test\java\PangramCheckerTest.java
D:\Desenvolvimento\Projetos Github\A executar\[802415] exercism-java\exercises\parallel-letter-frequency\src\test\java\ParallelLetterFrequencyTest.java
D:\Desenvolvimento\Projetos Github\A executar\[802415] exercism-java\exercises\pascals-triangle\src\test\java\PascalsTriangleGeneratorTest.java
D:\Desenvolvimento\Projetos Github\A executar\[802415] exercism-java\exercises\perfect-numbers\src\main\java\Classification.java
D:\Desenvolvimento\Projetos Github\A executar\[802415] exercism-java\exercises\perfect-numbers\src\main\java\NaturalNumber.java
D:\Desenvolvimento\Projetos Github\A executar\[802415] exercism-java\exercises\perfect-numbers\src\test\java\NaturalNumberTest.java
D:\Desenvolvimento\Projetos Github\A executar\[802415] exercism-java\exercises\phone-number\src\test\java\PhoneNumberTest.java
D:\Desenvolvimento\Projetos Github\A executar\[802415] exercism-java\exercises\pig-latin\src\test\java\PigLatinTranslatorTest.java
D:\Desenvolvimento\Projetos Github\A executar\[802415] exercism-java\exercises\poker\src\test\java\PokerTest.java
D:\Desenvolvimento\Projetos Github\A executar\[802415] exercism-java\exercises\prime-factors\src\test\java\PrimeFactorsCalculatorTest.java
D:\Desenvolvimento\Projetos Github\A executar\[802415] exercism-java\exercises\protein-translation\src\main\java\ProteinTranslator.java
D:\Desenvolvimento\Projetos Github\A executar\[802415] exercism-java\exercises\protein-translation\src\test\java\ProteinTranslatorTest.java
D:\Desenvolvimento\Projetos Github\A executar\[802415] exercism-java\exercises\proverb\src\main\java\Proverb.java
D:\Desenvolvimento\Projetos Github\A executar\[802415] exercism-java\exercises\proverb\src\test\java\ProverbTest.java
D:\Desenvolvimento\Projetos Github\A executar\[802415] exercism-java\exercises\pythagorean-triplet\src\test\java\PythagoreanTripletTest.java
D:\Desenvolvimento\Projetos Github\A executar\[802415] exercism-java\exercises\queen-attack\src\test\java\QueenAttackCalculatorTest.java
D:\Desenvolvimento\Projetos Github\A executar\[802415] exercism-java\exercises\rail-fence-cipher\src\test\java\RailFenceCipherTest.java
D:\Desenvolvimento\Projetos Github\A executar\[802415] exercism-java\exercises\raindrops\src\main\java\RaindropConverter.java
D:\Desenvolvimento\Projetos Github\A executar\[802415] exercism-java\exercises\raindrops\src\test\java\RaindropConverterTest.java
D:\Desenvolvimento\Projetos Github\A executar\[802415] exercism-java\exercises\rational-numbers\src\main\java\Rational.java
D:\Desenvolvimento\Projetos Github\A executar\[802415] exercism-java\exercises\rational-numbers\src\test\java\RationalTest.java
D:\Desenvolvimento\Projetos Github\A executar\[802415] exercism-java\exercises\rectangles\src\test\java\RectangleCounterTest.java
D:\Desenvolvimento\Projetos Github\A executar\[802415] exercism-java\exercises\resistor-color\src\main\java\ResistorColor.java
D:\Desenvolvimento\Projetos Github\A executar\[802415] exercism-java\exercises\resistor-color\src\test\java\ResistorColorTest.java
D:\Desenvolvimento\Projetos Github\A executar\[802415] exercism-java\exercises\reverse-string\src\main\java\ReverseString.java
D:\Desenvolvimento\Projetos Github\A executar\[802415] exercism-java\exercises\reverse-string\src\test\java\ReverseStringTest.java
D:\Desenvolvimento\Projetos Github\A executar\[802415] exercism-java\exercises\rna-transcription\src\main\java\RnaTranscription.java
D:\Desenvolvimento\Projetos Github\A executar\[802415] exercism-java\exercises\rna-transcription\src\test\java\RnaTranscriptionTest.java
D:\Desenvolvimento\Projetos Github\A executar\[802415] exercism-java\exercises\robot-name\src\test\java\RobotTest.java
D:\Desenvolvimento\Projetos Github\A executar\[802415] exercism-java\exercises\robot-simulator\src\main\java\GridPosition.java
D:\Desenvolvimento\Projetos Github\A executar\[802415] exercism-java\exercises\robot-simulator\src\main\java\Orientation.java
D:\Desenvolvimento\Projetos Github\A executar\[802415] exercism-java\exercises\robot-simulator\src\test\java\RobotTest.java
D:\Desenvolvimento\Projetos Github\A executar\[802415] exercism-java\exercises\roman-numerals\src\test\java\RomanNumeralsTest.java
D:\Desenvolvimento\Projetos Github\A executar\[802415] exercism-java\exercises\rotational-cipher\src\main\java\RotationalCipher.java
D:\Desenvolvimento\Projetos Github\A executar\[802415] exercism-java\exercises\rotational-cipher\src\test\java\RotationalCipherTest.java
D:\Desenvolvimento\Projetos Github\A executar\[802415] exercism-java\exercises\run-length-encoding\src\test\java\RunLengthEncodingTest.java
D:\Desenvolvimento\Projetos Github\A executar\[802415] exercism-java\exercises\saddle-points\src\main\java\Matrix.java
D:\Desenvolvimento\Projetos Github\A executar\[802415] exercism-java\exercises\saddle-points\src\main\java\MatrixCoordinate.java
D:\Desenvolvimento\Projetos Github\A executar\[802415] exercism-java\exercises\saddle-points\src\test\java\MatrixTest.java
D:\Desenvolvimento\Projetos Github\A executar\[802415] exercism-java\exercises\scrabble-score\src\main\java\Scrabble.java
D:\Desenvolvimento\Projetos Github\A executar\[802415] exercism-java\exercises\scrabble-score\src\test\java\ScrabbleScoreTest.java
D:\Desenvolvimento\Projetos Github\A executar\[802415] exercism-java\exercises\secret-handshake\src\main\java\HandshakeCalculator.java
D:\Desenvolvimento\Projetos Github\A executar\[802415] exercism-java\exercises\secret-handshake\src\main\java\Signal.java
D:\Desenvolvimento\Projetos Github\A executar\[802415] exercism-java\exercises\secret-handshake\src\test\java\HandshakeCalculatorTest.java
D:\Desenvolvimento\Projetos Github\A executar\[802415] exercism-java\exercises\series\src\test\java\SeriesTest.java
D:\Desenvolvimento\Projetos Github\A executar\[802415] exercism-java\exercises\sieve\src\main\java\Sieve.java
D:\Desenvolvimento\Projetos Github\A executar\[802415] exercism-java\exercises\sieve\src\test\java\SieveTest.java
D:\Desenvolvimento\Projetos Github\A executar\[802415] exercism-java\exercises\simple-cipher\src\test\java\SimpleCipherStepOneTest.java
D:\Desenvolvimento\Projetos Github\A executar\[802415] exercism-java\exercises\simple-cipher\src\test\java\SimpleCipherStepTwoSubsitutionTest.java
D:\Desenvolvimento\Projetos Github\A executar\[802415] exercism-java\exercises\simple-linked-list\src\test\java\SimpleLinkedListTest.java
D:\Desenvolvimento\Projetos Github\A executar\[802415] exercism-java\exercises\space-age\src\main\java\SpaceAge.java
D:\Desenvolvimento\Projetos Github\A executar\[802415] exercism-java\exercises\space-age\src\test\java\SpaceAgeTest.java
D:\Desenvolvimento\Projetos Github\A executar\[802415] exercism-java\exercises\spiral-matrix\src\test\java\SpiralMatrixBuilderTest.java
D:\Desenvolvimento\Projetos Github\A executar\[802415] exercism-java\exercises\strain\src\test\java\StrainTest.java
D:\Desenvolvimento\Projetos Github\A executar\[802415] exercism-java\exercises\sublist\src\main\java\Relationship.java
D:\Desenvolvimento\Projetos Github\A executar\[802415] exercism-java\exercises\sublist\src\test\java\RelationshipComputerTest.java
D:\Desenvolvimento\Projetos Github\A executar\[802415] exercism-java\exercises\sum-of-multiples\src\main\java\SumOfMultiples.java
D:\Desenvolvimento\Projetos Github\A executar\[802415] exercism-java\exercises\sum-of-multiples\src\test\java\SumOfMultiplesTest.java
D:\Desenvolvimento\Projetos Github\A executar\[802415] exercism-java\exercises\tournament\src\test\java\TournamentTest.java
D:\Desenvolvimento\Projetos Github\A executar\[802415] exercism-java\exercises\transpose\src\test\java\TransposeTest.java
D:\Desenvolvimento\Projetos Github\A executar\[802415] exercism-java\exercises\tree-building\src\main\java\BuildTree.java
D:\Desenvolvimento\Projetos Github\A executar\[802415] exercism-java\exercises\tree-building\src\main\java\InvalidRecordsException.java
D:\Desenvolvimento\Projetos Github\A executar\[802415] exercism-java\exercises\tree-building\src\main\java\Record.java
D:\Desenvolvimento\Projetos Github\A executar\[802415] exercism-java\exercises\tree-building\src\main\java\TreeNode.java
D:\Desenvolvimento\Projetos Github\A executar\[802415] exercism-java\exercises\tree-building\src\test\java\BuildTreeTest.java
D:\Desenvolvimento\Projetos Github\A executar\[802415] exercism-java\exercises\triangle\src\main\java\Triangle.java
D:\Desenvolvimento\Projetos Github\A executar\[802415] exercism-java\exercises\triangle\src\main\java\TriangleException.java
D:\Desenvolvimento\Projetos Github\A executar\[802415] exercism-java\exercises\triangle\src\test\java\TriangleTest.java
D:\Desenvolvimento\Projetos Github\A executar\[802415] exercism-java\exercises\trinary\src\test\java\TrinaryTest.java
D:\Desenvolvimento\Projetos Github\A executar\[802415] exercism-java\exercises\twelve-days\src\main\java\TwelveDays.java
D:\Desenvolvimento\Projetos Github\A executar\[802415] exercism-java\exercises\twelve-days\src\test\java\TwelveDaysTest.java
D:\Desenvolvimento\Projetos Github\A executar\[802415] exercism-java\exercises\two-bucket\src\test\java\TwoBucketTest.java
D:\Desenvolvimento\Projetos Github\A executar\[802415] exercism-java\exercises\two-fer\src\main\java\Twofer.java
D:\Desenvolvimento\Projetos Github\A executar\[802415] exercism-java\exercises\two-fer\src\test\java\TwoferTest.java
D:\Desenvolvimento\Projetos Github\A executar\[802415] exercism-java\exercises\variable-length-quantity\src\main\java\VariableLengthQuantity.java
D:\Desenvolvimento\Projetos Github\A executar\[802415] exercism-java\exercises\variable-length-quantity\src\test\java\VariableLengthQuantityTest.java
D:\Desenvolvimento\Projetos Github\A executar\[802415] exercism-java\exercises\word-count\src\test\java\WordCountTest.java
D:\Desenvolvimento\Projetos Github\A executar\[802415] exercism-java\exercises\word-search\src\main\java\Pair.java
D:\Desenvolvimento\Projetos Github\A executar\[802415] exercism-java\exercises\word-search\src\main\java\WordLocation.java
D:\Desenvolvimento\Projetos Github\A executar\[802415] exercism-java\exercises\word-search\src\test\java\WordSearcherTest.java
D:\Desenvolvimento\Projetos Github\A executar\[802415] exercism-java\exercises\wordy\src\test\java\WordProblemSolverTest.java
D:\Desenvolvimento\Projetos Github\A executar\[802415] exercism-java\exercises\yacht\src\main\java\Yacht.java
D:\Desenvolvimento\Projetos Github\A executar\[802415] exercism-java\exercises\yacht\src\main\java\YachtCategory.java
D:\Desenvolvimento\Projetos Github\A executar\[802415] exercism-java\exercises\yacht\src\test\java\YachtTest.java
D:\Desenvolvimento\Projetos Github\A executar\[802415] exercism-java\exercises\zebra-puzzle\src\test\java\ZebraPuzzleTest.java
D:\Desenvolvimento\Projetos Github\A executar\[802415] exercism-java\exercises\zipper\src\test\java\ZipperTest.java
D:\Desenvolvimento\Projetos Github\A executar\[802415] exercism-java\exercises\accumulate\.meta\src\reference\java\Accumulate.java
D:\Desenvolvimento\Projetos Github\A executar\[802415] exercism-java\exercises\acronym\.meta\src\reference\java\Acronym.java
D:\Desenvolvimento\Projetos Github\A executar\[802415] exercism-java\exercises\affine-cipher\.meta\src\reference\java\AffineCipher.java
D:\Desenvolvimento\Projetos Github\A executar\[802415] exercism-java\exercises\all-your-base\.meta\src\reference\java\BaseConverter.java
D:\Desenvolvimento\Projetos Github\A executar\[802415] exercism-java\exercises\allergies\.meta\src\reference\java\Allergen.java
D:\Desenvolvimento\Projetos Github\A executar\[802415] exercism-java\exercises\allergies\.meta\src\reference\java\Allergies.java
D:\Desenvolvimento\Projetos Github\A executar\[802415] exercism-java\exercises\alphametics\.meta\src\reference\java\Alphametics.java
D:\Desenvolvimento\Projetos Github\A executar\[802415] exercism-java\exercises\alphametics\.meta\src\reference\java\UnsolvablePuzzleException.java
D:\Desenvolvimento\Projetos Github\A executar\[802415] exercism-java\exercises\anagram\.meta\src\reference\java\Anagram.java
D:\Desenvolvimento\Projetos Github\A executar\[802415] exercism-java\exercises\armstrong-numbers\.meta\src\reference\java\ArmstrongNumbers.java
D:\Desenvolvimento\Projetos Github\A executar\[802415] exercism-java\exercises\atbash-cipher\.meta\src\reference\java\Atbash.java
D:\Desenvolvimento\Projetos Github\A executar\[802415] exercism-java\exercises\bank-account\.meta\src\reference\java\BankAccount.java
D:\Desenvolvimento\Projetos Github\A executar\[802415] exercism-java\exercises\bank-account\.meta\src\reference\java\BankAccountActionInvalidException.java
D:\Desenvolvimento\Projetos Github\A executar\[802415] exercism-java\exercises\beer-song\.meta\src\reference\java\BeerSong.java
D:\Desenvolvimento\Projetos Github\A executar\[802415] exercism-java\exercises\binary\.meta\src\reference\java\Binary.java
D:\Desenvolvimento\Projetos Github\A executar\[802415] exercism-java\exercises\binary-search\.meta\src\reference\java\BinarySearch.java
D:\Desenvolvimento\Projetos Github\A executar\[802415] exercism-java\exercises\binary-search\.meta\src\reference\java\ValueNotFoundException.java
D:\Desenvolvimento\Projetos Github\A executar\[802415] exercism-java\exercises\binary-search-tree\.meta\src\reference\java\BinarySearchTree.java
D:\Desenvolvimento\Projetos Github\A executar\[802415] exercism-java\exercises\bob\.meta\src\reference\java\Bob.java
D:\Desenvolvimento\Projetos Github\A executar\[802415] exercism-java\exercises\book-store\.meta\src\reference\java\BookStore.java
D:\Desenvolvimento\Projetos Github\A executar\[802415] exercism-java\exercises\bowling\.meta\src\reference\java\BowlingGame.java
D:\Desenvolvimento\Projetos Github\A executar\[802415] exercism-java\exercises\change\.meta\src\reference\java\ChangeCalculator.java
D:\Desenvolvimento\Projetos Github\A executar\[802415] exercism-java\exercises\circular-buffer\.meta\src\reference\java\BufferIOException.java
D:\Desenvolvimento\Projetos Github\A executar\[802415] exercism-java\exercises\circular-buffer\.meta\src\reference\java\CircularBuffer.java
D:\Desenvolvimento\Projetos Github\A executar\[802415] exercism-java\exercises\clock\.meta\src\reference\java\Clock.java
D:\Desenvolvimento\Projetos Github\A executar\[802415] exercism-java\exercises\collatz-conjecture\.meta\src\reference\java\CollatzCalculator.java
D:\Desenvolvimento\Projetos Github\A executar\[802415] exercism-java\exercises\complex-numbers\.meta\src\reference\java\ComplexNumber.java
D:\Desenvolvimento\Projetos Github\A executar\[802415] exercism-java\exercises\crypto-square\.meta\src\reference\java\CryptoSquare.java
D:\Desenvolvimento\Projetos Github\A executar\[802415] exercism-java\exercises\custom-set\.meta\src\reference\java\CustomSet.java
D:\Desenvolvimento\Projetos Github\A executar\[802415] exercism-java\exercises\darts\.meta\src\reference\java\Darts.java
D:\Desenvolvimento\Projetos Github\A executar\[802415] exercism-java\exercises\diamond\.meta\src\reference\java\DiamondPrinter.java
D:\Desenvolvimento\Projetos Github\A executar\[802415] exercism-java\exercises\difference-of-squares\.meta\src\reference\java\DifferenceOfSquaresCalculator.java
D:\Desenvolvimento\Projetos Github\A executar\[802415] exercism-java\exercises\diffie-hellman\.meta\src\reference\java\DiffieHellman.java
D:\Desenvolvimento\Projetos Github\A executar\[802415] exercism-java\exercises\dnd-character\.meta\src\reference\java\DnDCharacter.java
D:\Desenvolvimento\Projetos Github\A executar\[802415] exercism-java\exercises\dominoes\.meta\src\reference\java\ChainNotFoundException.java
D:\Desenvolvimento\Projetos Github\A executar\[802415] exercism-java\exercises\dominoes\.meta\src\reference\java\Domino.java
D:\Desenvolvimento\Projetos Github\A executar\[802415] exercism-java\exercises\dominoes\.meta\src\reference\java\Dominoes.java
D:\Desenvolvimento\Projetos Github\A executar\[802415] exercism-java\exercises\error-handling\.meta\src\reference\java\CustomCheckedException.java
D:\Desenvolvimento\Projetos Github\A executar\[802415] exercism-java\exercises\error-handling\.meta\src\reference\java\CustomUncheckedException.java
D:\Desenvolvimento\Projetos Github\A executar\[802415] exercism-java\exercises\error-handling\.meta\src\reference\java\ErrorHandling.java
D:\Desenvolvimento\Projetos Github\A executar\[802415] exercism-java\exercises\etl\.meta\src\reference\java\Etl.java
D:\Desenvolvimento\Projetos Github\A executar\[802415] exercism-java\exercises\flatten-array\.meta\src\reference\java\Flattener.java
D:\Desenvolvimento\Projetos Github\A executar\[802415] exercism-java\exercises\food-chain\.meta\src\reference\java\FoodChain.java
D:\Desenvolvimento\Projetos Github\A executar\[802415] exercism-java\exercises\forth\.meta\src\reference\java\ForthEvaluator.java
D:\Desenvolvimento\Projetos Github\A executar\[802415] exercism-java\exercises\forth\.meta\src\reference\java\Token.java
D:\Desenvolvimento\Projetos Github\A executar\[802415] exercism-java\exercises\gigasecond\.meta\src\reference\java\Gigasecond.java
D:\Desenvolvimento\Projetos Github\A executar\[802415] exercism-java\exercises\go-counting\.meta\src\reference\java\GoCounting.java
D:\Desenvolvimento\Projetos Github\A executar\[802415] exercism-java\exercises\go-counting\.meta\src\reference\java\Player.java
D:\Desenvolvimento\Projetos Github\A executar\[802415] exercism-java\exercises\grade-school\.meta\src\reference\java\School.java
D:\Desenvolvimento\Projetos Github\A executar\[802415] exercism-java\exercises\grep\.meta\src\reference\java\GrepTool.java
D:\Desenvolvimento\Projetos Github\A executar\[802415] exercism-java\exercises\hamming\.meta\src\reference\java\Hamming.java
D:\Desenvolvimento\Projetos Github\A executar\[802415] exercism-java\exercises\hello-world\.meta\src\reference\java\Greeter.java
D:\Desenvolvimento\Projetos Github\A executar\[802415] exercism-java\exercises\hexadecimal\.meta\src\reference\java\Hexadecimal.java
D:\Desenvolvimento\Projetos Github\A executar\[802415] exercism-java\exercises\house\.meta\src\reference\java\House.java
D:\Desenvolvimento\Projetos Github\A executar\[802415] exercism-java\exercises\isbn-verifier\.meta\src\reference\java\IsbnVerifier.java
D:\Desenvolvimento\Projetos Github\A executar\[802415] exercism-java\exercises\isogram\.meta\src\reference\java\IsogramChecker.java
D:\Desenvolvimento\Projetos Github\A executar\[802415] exercism-java\exercises\kindergarten-garden\.meta\src\reference\java\KindergartenGarden.java
D:\Desenvolvimento\Projetos Github\A executar\[802415] exercism-java\exercises\kindergarten-garden\.meta\src\reference\java\Plant.java
D:\Desenvolvimento\Projetos Github\A executar\[802415] exercism-java\exercises\largest-series-product\.meta\src\reference\java\LargestSeriesProductCalculator.java
D:\Desenvolvimento\Projetos Github\A executar\[802415] exercism-java\exercises\linked-list\.meta\src\reference\java\DoublyLinkedList.java
D:\Desenvolvimento\Projetos Github\A executar\[802415] exercism-java\exercises\list-ops\.meta\src\reference\java\ListOps.java
D:\Desenvolvimento\Projetos Github\A executar\[802415] exercism-java\exercises\luhn\.meta\src\reference\java\LuhnValidator.java
D:\Desenvolvimento\Projetos Github\A executar\[802415] exercism-java\exercises\markdown\.meta\src\reference\java\Markdown.java
D:\Desenvolvimento\Projetos Github\A executar\[802415] exercism-java\exercises\matching-brackets\.meta\src\reference\java\BracketChecker.java
D:\Desenvolvimento\Projetos Github\A executar\[802415] exercism-java\exercises\matrix\.meta\src\reference\java\Matrix.java
D:\Desenvolvimento\Projetos Github\A executar\[802415] exercism-java\exercises\meetup\.meta\src\reference\java\Meetup.java
D:\Desenvolvimento\Projetos Github\A executar\[802415] exercism-java\exercises\meetup\.meta\src\reference\java\MeetupSchedule.java
D:\Desenvolvimento\Projetos Github\A executar\[802415] exercism-java\exercises\minesweeper\.meta\src\reference\java\MinesweeperBoard.java
D:\Desenvolvimento\Projetos Github\A executar\[802415] exercism-java\exercises\nth-prime\.meta\src\reference\java\PrimeCalculator.java
D:\Desenvolvimento\Projetos Github\A executar\[802415] exercism-java\exercises\nucleotide-count\.meta\src\reference\java\NucleotideCounter.java
D:\Desenvolvimento\Projetos Github\A executar\[802415] exercism-java\exercises\ocr-numbers\.meta\src\reference\java\Digit.java
D:\Desenvolvimento\Projetos Github\A executar\[802415] exercism-java\exercises\ocr-numbers\.meta\src\reference\java\OpticalCharacterReader.java
D:\Desenvolvimento\Projetos Github\A executar\[802415] exercism-java\exercises\octal\.meta\src\reference\java\Octal.java
D:\Desenvolvimento\Projetos Github\A executar\[802415] exercism-java\exercises\palindrome-products\.meta\src\reference\java\PalindromeCalculator.java
D:\Desenvolvimento\Projetos Github\A executar\[802415] exercism-java\exercises\pangram\.meta\src\reference\java\PangramChecker.java
D:\Desenvolvimento\Projetos Github\A executar\[802415] exercism-java\exercises\parallel-letter-frequency\.meta\src\reference\java\ParallelLetterFrequency.java
D:\Desenvolvimento\Projetos Github\A executar\[802415] exercism-java\exercises\pascals-triangle\.meta\src\reference\java\PascalsTriangleGenerator.java
D:\Desenvolvimento\Projetos Github\A executar\[802415] exercism-java\exercises\perfect-numbers\.meta\src\reference\java\Classification.java
D:\Desenvolvimento\Projetos Github\A executar\[802415] exercism-java\exercises\perfect-numbers\.meta\src\reference\java\NaturalNumber.java
D:\Desenvolvimento\Projetos Github\A executar\[802415] exercism-java\exercises\phone-number\.meta\src\reference\java\PhoneNumber.java
D:\Desenvolvimento\Projetos Github\A executar\[802415] exercism-java\exercises\pig-latin\.meta\src\reference\java\PigLatinTranslator.java
D:\Desenvolvimento\Projetos Github\A executar\[802415] exercism-java\exercises\poker\.meta\src\reference\java\Card.java
D:\Desenvolvimento\Projetos Github\A executar\[802415] exercism-java\exercises\poker\.meta\src\reference\java\Hand.java
D:\Desenvolvimento\Projetos Github\A executar\[802415] exercism-java\exercises\poker\.meta\src\reference\java\Poker.java
D:\Desenvolvimento\Projetos Github\A executar\[802415] exercism-java\exercises\prime-factors\.meta\src\reference\java\PrimeFactorsCalculator.java
D:\Desenvolvimento\Projetos Github\A executar\[802415] exercism-java\exercises\protein-translation\.meta\src\reference\java\ProteinTranslator.java
D:\Desenvolvimento\Projetos Github\A executar\[802415] exercism-java\exercises\proverb\.meta\src\reference\java\Proverb.java
D:\Desenvolvimento\Projetos Github\A executar\[802415] exercism-java\exercises\pythagorean-triplet\.meta\src\reference\java\PythagoreanTriplet.java
D:\Desenvolvimento\Projetos Github\A executar\[802415] exercism-java\exercises\queen-attack\.meta\src\reference\java\Queen.java
D:\Desenvolvimento\Projetos Github\A executar\[802415] exercism-java\exercises\queen-attack\.meta\src\reference\java\QueenAttackCalculator.java
D:\Desenvolvimento\Projetos Github\A executar\[802415] exercism-java\exercises\rail-fence-cipher\.meta\src\reference\java\RailFenceCipher.java
D:\Desenvolvimento\Projetos Github\A executar\[802415] exercism-java\exercises\raindrops\.meta\src\reference\java\RaindropConverter.java
D:\Desenvolvimento\Projetos Github\A executar\[802415] exercism-java\exercises\rational-numbers\.meta\src\reference\java\Rational.java
D:\Desenvolvimento\Projetos Github\A executar\[802415] exercism-java\exercises\rectangles\.meta\src\reference\java\RectangleCounter.java
D:\Desenvolvimento\Projetos Github\A executar\[802415] exercism-java\exercises\resistor-color\.meta\src\reference\java\ResistorColor.java
D:\Desenvolvimento\Projetos Github\A executar\[802415] exercism-java\exercises\reverse-string\.meta\src\reference\java\ReverseString.java
D:\Desenvolvimento\Projetos Github\A executar\[802415] exercism-java\exercises\rna-transcription\.meta\src\reference\java\RnaTranscription.java
D:\Desenvolvimento\Projetos Github\A executar\[802415] exercism-java\exercises\robot-name\.meta\src\reference\java\Robot.java
D:\Desenvolvimento\Projetos Github\A executar\[802415] exercism-java\exercises\robot-simulator\.meta\src\reference\java\GridPosition.java
D:\Desenvolvimento\Projetos Github\A executar\[802415] exercism-java\exercises\robot-simulator\.meta\src\reference\java\Orientation.java
D:\Desenvolvimento\Projetos Github\A executar\[802415] exercism-java\exercises\robot-simulator\.meta\src\reference\java\Robot.java
D:\Desenvolvimento\Projetos Github\A executar\[802415] exercism-java\exercises\roman-numerals\.meta\src\reference\java\RomanNumeral.java
D:\Desenvolvimento\Projetos Github\A executar\[802415] exercism-java\exercises\rotational-cipher\.meta\src\reference\java\RotationalCipher.java
D:\Desenvolvimento\Projetos Github\A executar\[802415] exercism-java\exercises\run-length-encoding\.meta\src\reference\java\RunLengthEncoding.java
D:\Desenvolvimento\Projetos Github\A executar\[802415] exercism-java\exercises\saddle-points\.meta\src\reference\java\Matrix.java
D:\Desenvolvimento\Projetos Github\A executar\[802415] exercism-java\exercises\saddle-points\.meta\src\reference\java\MatrixCoordinate.java
D:\Desenvolvimento\Projetos Github\A executar\[802415] exercism-java\exercises\scrabble-score\.meta\src\reference\java\Scrabble.java
D:\Desenvolvimento\Projetos Github\A executar\[802415] exercism-java\exercises\secret-handshake\.meta\src\reference\java\HandshakeCalculator.java
D:\Desenvolvimento\Projetos Github\A executar\[802415] exercism-java\exercises\secret-handshake\.meta\src\reference\java\Signal.java
D:\Desenvolvimento\Projetos Github\A executar\[802415] exercism-java\exercises\series\.meta\src\reference\java\Series.java
D:\Desenvolvimento\Projetos Github\A executar\[802415] exercism-java\exercises\sieve\.meta\src\reference\java\Sieve.java
D:\Desenvolvimento\Projetos Github\A executar\[802415] exercism-java\exercises\simple-cipher\.meta\src\reference\java\Cipher.java
D:\Desenvolvimento\Projetos Github\A executar\[802415] exercism-java\exercises\simple-linked-list\.meta\src\reference\java\SimpleLinkedList.java
D:\Desenvolvimento\Projetos Github\A executar\[802415] exercism-java\exercises\space-age\.meta\src\reference\java\SpaceAge.java
D:\Desenvolvimento\Projetos Github\A executar\[802415] exercism-java\exercises\spiral-matrix\.meta\src\reference\java\Coordinate.java
D:\Desenvolvimento\Projetos Github\A executar\[802415] exercism-java\exercises\spiral-matrix\.meta\src\reference\java\Direction.java
D:\Desenvolvimento\Projetos Github\A executar\[802415] exercism-java\exercises\spiral-matrix\.meta\src\reference\java\SpiralMatrixBuilder.java
D:\Desenvolvimento\Projetos Github\A executar\[802415] exercism-java\exercises\strain\.meta\src\reference\java\Strain.java
D:\Desenvolvimento\Projetos Github\A executar\[802415] exercism-java\exercises\sublist\.meta\src\reference\java\Relationship.java
D:\Desenvolvimento\Projetos Github\A executar\[802415] exercism-java\exercises\sublist\.meta\src\reference\java\RelationshipComputer.java
D:\Desenvolvimento\Projetos Github\A executar\[802415] exercism-java\exercises\sum-of-multiples\.meta\src\reference\java\SumOfMultiples.java
D:\Desenvolvimento\Projetos Github\A executar\[802415] exercism-java\exercises\tournament\.meta\src\reference\java\Result.java
D:\Desenvolvimento\Projetos Github\A executar\[802415] exercism-java\exercises\tournament\.meta\src\reference\java\TeamResult.java
D:\Desenvolvimento\Projetos Github\A executar\[802415] exercism-java\exercises\tournament\.meta\src\reference\java\Tournament.java
D:\Desenvolvimento\Projetos Github\A executar\[802415] exercism-java\exercises\transpose\.meta\src\reference\java\Transpose.java
D:\Desenvolvimento\Projetos Github\A executar\[802415] exercism-java\exercises\tree-building\.meta\src\reference\java\BuildTree.java
D:\Desenvolvimento\Projetos Github\A executar\[802415] exercism-java\exercises\tree-building\.meta\src\reference\java\InvalidRecordsException.java
D:\Desenvolvimento\Projetos Github\A executar\[802415] exercism-java\exercises\tree-building\.meta\src\reference\java\Record.java
D:\Desenvolvimento\Projetos Github\A executar\[802415] exercism-java\exercises\tree-building\.meta\src\reference\java\TreeNode.java
D:\Desenvolvimento\Projetos Github\A executar\[802415] exercism-java\exercises\triangle\.meta\src\reference\java\Triangle.java
D:\Desenvolvimento\Projetos Github\A executar\[802415] exercism-java\exercises\triangle\.meta\src\reference\java\TriangleException.java
D:\Desenvolvimento\Projetos Github\A executar\[802415] exercism-java\exercises\trinary\.meta\src\reference\java\Trinary.java
D:\Desenvolvimento\Projetos Github\A executar\[802415] exercism-java\exercises\twelve-days\.meta\src\reference\java\TwelveDays.java
D:\Desenvolvimento\Projetos Github\A executar\[802415] exercism-java\exercises\two-bucket\.meta\src\reference\java\TwoBucket.java
D:\Desenvolvimento\Projetos Github\A executar\[802415] exercism-java\exercises\two-fer\.meta\src\reference\java\Twofer.java
D:\Desenvolvimento\Projetos Github\A executar\[802415] exercism-java\exercises\variable-length-quantity\.meta\src\reference\java\VariableLengthQuantity.java
D:\Desenvolvimento\Projetos Github\A executar\[802415] exercism-java\exercises\word-count\.meta\src\reference\java\WordCount.java
D:\Desenvolvimento\Projetos Github\A executar\[802415] exercism-java\exercises\word-search\.meta\src\reference\java\Pair.java
D:\Desenvolvimento\Projetos Github\A executar\[802415] exercism-java\exercises\word-search\.meta\src\reference\java\WordLocation.java
D:\Desenvolvimento\Projetos Github\A executar\[802415] exercism-java\exercises\word-search\.meta\src\reference\java\WordSearcher.java
D:\Desenvolvimento\Projetos Github\A executar\[802415] exercism-java\exercises\wordy\.meta\src\reference\java\WordProblemSolver.java
D:\Desenvolvimento\Projetos Github\A executar\[802415] exercism-java\exercises\yacht\.meta\src\reference\java\Yacht.java
D:\Desenvolvimento\Projetos Github\A executar\[802415] exercism-java\exercises\yacht\.meta\src\reference\java\YachtCategory.java
D:\Desenvolvimento\Projetos Github\A executar\[802415] exercism-java\exercises\zebra-puzzle\.meta\src\reference\java\ZebraPuzzle.java
D:\Desenvolvimento\Projetos Github\A executar\[802415] exercism-java\exercises\zipper\.meta\src\reference\java\Zipper.java

18/07/2019 08:36:08 ufrn.dimap.lets.ehmetrics.projectresolver.JavaProject#resolveArtifacts - INFO: [802415] exercism-java artifacts...
-- Java files
-- Source dirs
-- Test dirs

