01/11/2019 00:00:53 ufrn.dimap.lets.ehmetrics.projectresolver.JavaProject#resolveArtifacts - INFO: [885474] allure-framework-allure-java files...
-- Java files
D:\Desenvolvimento\Projetos Github\A executar\[885474] allure-framework-allure-java\gradle\quality-configs\spotless\header.java
D:\Desenvolvimento\Projetos Github\A executar\[885474] allure-framework-allure-java\allure-junit4\src\test\java\SampleTestInDefaultPackage.java
D:\Desenvolvimento\Projetos Github\A executar\[885474] allure-framework-allure-java\allure-cucumber4-jvm\src\main\java\cucumber\runtime\formatter\TestSourcesModelProxy.java
D:\Desenvolvimento\Projetos Github\A executar\[885474] allure-framework-allure-java\allure-java-commons\src\main\java\io\qameta\allure\Allure.java
D:\Desenvolvimento\Projetos Github\A executar\[885474] allure-framework-allure-java\allure-java-commons\src\main\java\io\qameta\allure\AllureConstants.java
D:\Desenvolvimento\Projetos Github\A executar\[885474] allure-framework-allure-java\allure-java-commons\src\main\java\io\qameta\allure\AllureId.java
D:\Desenvolvimento\Projetos Github\A executar\[885474] allure-framework-allure-java\allure-java-commons\src\main\java\io\qameta\allure\AllureLifecycle.java
D:\Desenvolvimento\Projetos Github\A executar\[885474] allure-framework-allure-java\allure-java-commons\src\main\java\io\qameta\allure\AllureResultsReader.java
D:\Desenvolvimento\Projetos Github\A executar\[885474] allure-framework-allure-java\allure-java-commons\src\main\java\io\qameta\allure\AllureResultsWriteException.java
D:\Desenvolvimento\Projetos Github\A executar\[885474] allure-framework-allure-java\allure-java-commons\src\main\java\io\qameta\allure\AllureResultsWriter.java
D:\Desenvolvimento\Projetos Github\A executar\[885474] allure-framework-allure-java\allure-java-commons\src\main\java\io\qameta\allure\AllureUtils.java
D:\Desenvolvimento\Projetos Github\A executar\[885474] allure-framework-allure-java\allure-java-commons\src\main\java\io\qameta\allure\Attachment.java
D:\Desenvolvimento\Projetos Github\A executar\[885474] allure-framework-allure-java\allure-java-commons\src\main\java\io\qameta\allure\Description.java
D:\Desenvolvimento\Projetos Github\A executar\[885474] allure-framework-allure-java\allure-java-commons\src\main\java\io\qameta\allure\Epic.java
D:\Desenvolvimento\Projetos Github\A executar\[885474] allure-framework-allure-java\allure-java-commons\src\main\java\io\qameta\allure\Epics.java
D:\Desenvolvimento\Projetos Github\A executar\[885474] allure-framework-allure-java\allure-java-commons\src\main\java\io\qameta\allure\Feature.java
D:\Desenvolvimento\Projetos Github\A executar\[885474] allure-framework-allure-java\allure-java-commons\src\main\java\io\qameta\allure\Features.java
D:\Desenvolvimento\Projetos Github\A executar\[885474] allure-framework-allure-java\allure-java-commons\src\main\java\io\qameta\allure\FileSystemResultsReader.java
D:\Desenvolvimento\Projetos Github\A executar\[885474] allure-framework-allure-java\allure-java-commons\src\main\java\io\qameta\allure\FileSystemResultsWriter.java
D:\Desenvolvimento\Projetos Github\A executar\[885474] allure-framework-allure-java\allure-java-commons\src\main\java\io\qameta\allure\Flaky.java
D:\Desenvolvimento\Projetos Github\A executar\[885474] allure-framework-allure-java\allure-java-commons\src\main\java\io\qameta\allure\Issue.java
D:\Desenvolvimento\Projetos Github\A executar\[885474] allure-framework-allure-java\allure-java-commons\src\main\java\io\qameta\allure\Issues.java
D:\Desenvolvimento\Projetos Github\A executar\[885474] allure-framework-allure-java\allure-java-commons\src\main\java\io\qameta\allure\LabelAnnotation.java
D:\Desenvolvimento\Projetos Github\A executar\[885474] allure-framework-allure-java\allure-java-commons\src\main\java\io\qameta\allure\LabelAnnotations.java
D:\Desenvolvimento\Projetos Github\A executar\[885474] allure-framework-allure-java\allure-java-commons\src\main\java\io\qameta\allure\Lead.java
D:\Desenvolvimento\Projetos Github\A executar\[885474] allure-framework-allure-java\allure-java-commons\src\main\java\io\qameta\allure\Link.java
D:\Desenvolvimento\Projetos Github\A executar\[885474] allure-framework-allure-java\allure-java-commons\src\main\java\io\qameta\allure\LinkAnnotation.java
D:\Desenvolvimento\Projetos Github\A executar\[885474] allure-framework-allure-java\allure-java-commons\src\main\java\io\qameta\allure\LinkAnnotations.java
D:\Desenvolvimento\Projetos Github\A executar\[885474] allure-framework-allure-java\allure-java-commons\src\main\java\io\qameta\allure\Links.java
D:\Desenvolvimento\Projetos Github\A executar\[885474] allure-framework-allure-java\allure-java-commons\src\main\java\io\qameta\allure\Muted.java
D:\Desenvolvimento\Projetos Github\A executar\[885474] allure-framework-allure-java\allure-java-commons\src\main\java\io\qameta\allure\Owner.java
D:\Desenvolvimento\Projetos Github\A executar\[885474] allure-framework-allure-java\allure-java-commons\src\main\java\io\qameta\allure\ReadError.java
D:\Desenvolvimento\Projetos Github\A executar\[885474] allure-framework-allure-java\allure-java-commons\src\main\java\io\qameta\allure\Severity.java
D:\Desenvolvimento\Projetos Github\A executar\[885474] allure-framework-allure-java\allure-java-commons\src\main\java\io\qameta\allure\SeverityLevel.java
D:\Desenvolvimento\Projetos Github\A executar\[885474] allure-framework-allure-java\allure-java-commons\src\main\java\io\qameta\allure\Step.java
D:\Desenvolvimento\Projetos Github\A executar\[885474] allure-framework-allure-java\allure-java-commons\src\main\java\io\qameta\allure\Stories.java
D:\Desenvolvimento\Projetos Github\A executar\[885474] allure-framework-allure-java\allure-java-commons\src\main\java\io\qameta\allure\Story.java
D:\Desenvolvimento\Projetos Github\A executar\[885474] allure-framework-allure-java\allure-java-commons\src\main\java\io\qameta\allure\TmsLink.java
D:\Desenvolvimento\Projetos Github\A executar\[885474] allure-framework-allure-java\allure-java-commons\src\main\java\io\qameta\allure\TmsLinks.java
D:\Desenvolvimento\Projetos Github\A executar\[885474] allure-framework-allure-java\allure-java-commons\src\test\java\io\qameta\allure\AllureLifecycleTest.java
D:\Desenvolvimento\Projetos Github\A executar\[885474] allure-framework-allure-java\allure-java-commons\src\test\java\io\qameta\allure\AllureTest.java
D:\Desenvolvimento\Projetos Github\A executar\[885474] allure-framework-allure-java\allure-java-commons\src\test\java\io\qameta\allure\FileSystemResultsWriterTest.java
D:\Desenvolvimento\Projetos Github\A executar\[885474] allure-framework-allure-java\allure-java-commons\src\test\java\io\qameta\allure\ResultsUtilsTest.java
D:\Desenvolvimento\Projetos Github\A executar\[885474] allure-framework-allure-java\allure-java-commons\src\test\java\io\qameta\allure\StepLifecycleListenerTest.java
D:\Desenvolvimento\Projetos Github\A executar\[885474] allure-framework-allure-java\allure-assertj\src\main\java\io\qameta\allure\assertj\AllureAspectJ.java
D:\Desenvolvimento\Projetos Github\A executar\[885474] allure-framework-allure-java\allure-assertj\src\test\java\io\qameta\allure\assertj\AllureAspectJTest.java
D:\Desenvolvimento\Projetos Github\A executar\[885474] allure-framework-allure-java\allure-attachments\src\main\java\io\qameta\allure\attachment\AttachmentContent.java
D:\Desenvolvimento\Projetos Github\A executar\[885474] allure-framework-allure-java\allure-attachments\src\main\java\io\qameta\allure\attachment\AttachmentData.java
D:\Desenvolvimento\Projetos Github\A executar\[885474] allure-framework-allure-java\allure-attachments\src\main\java\io\qameta\allure\attachment\AttachmentProcessor.java
D:\Desenvolvimento\Projetos Github\A executar\[885474] allure-framework-allure-java\allure-attachments\src\main\java\io\qameta\allure\attachment\AttachmentRenderer.java
D:\Desenvolvimento\Projetos Github\A executar\[885474] allure-framework-allure-java\allure-attachments\src\main\java\io\qameta\allure\attachment\AttachmentRenderException.java
D:\Desenvolvimento\Projetos Github\A executar\[885474] allure-framework-allure-java\allure-attachments\src\main\java\io\qameta\allure\attachment\DefaultAttachmentContent.java
D:\Desenvolvimento\Projetos Github\A executar\[885474] allure-framework-allure-java\allure-attachments\src\main\java\io\qameta\allure\attachment\DefaultAttachmentProcessor.java
D:\Desenvolvimento\Projetos Github\A executar\[885474] allure-framework-allure-java\allure-attachments\src\main\java\io\qameta\allure\attachment\FreemarkerAttachmentRenderer.java
D:\Desenvolvimento\Projetos Github\A executar\[885474] allure-framework-allure-java\allure-attachments\src\test\java\io\qameta\allure\attachment\DefaultAttachmentProcessorTest.java
D:\Desenvolvimento\Projetos Github\A executar\[885474] allure-framework-allure-java\allure-attachments\src\test\java\io\qameta\allure\attachment\FreemarkerAttachmentRendererTest.java
D:\Desenvolvimento\Projetos Github\A executar\[885474] allure-framework-allure-java\allure-citrus\src\main\java\io\qameta\allure\citrus\AllureCitrus.java
D:\Desenvolvimento\Projetos Github\A executar\[885474] allure-framework-allure-java\allure-citrus\src\test\java\io\qameta\allure\citrus\AllureCitrusTest.java
D:\Desenvolvimento\Projetos Github\A executar\[885474] allure-framework-allure-java\allure-cucumber-jvm\src\main\java\io\qameta\allure\cucumberjvm\AllureCucumberJvm.java
D:\Desenvolvimento\Projetos Github\A executar\[885474] allure-framework-allure-java\allure-cucumber-jvm\src\main\java\io\qameta\allure\cucumberjvm\LabelBuilder.java
D:\Desenvolvimento\Projetos Github\A executar\[885474] allure-framework-allure-java\allure-cucumber-jvm\src\main\java\io\qameta\allure\cucumberjvm\StepUtils.java
D:\Desenvolvimento\Projetos Github\A executar\[885474] allure-framework-allure-java\allure-cucumber-jvm\src\main\java\io\qameta\allure\cucumberjvm\TagParser.java
D:\Desenvolvimento\Projetos Github\A executar\[885474] allure-framework-allure-java\allure-cucumber-jvm\src\test\java\io\qameta\allure\cucumberjvm\AllureCucumberJvmTest.java
D:\Desenvolvimento\Projetos Github\A executar\[885474] allure-framework-allure-java\allure-cucumber2-jvm\src\main\java\io\qameta\allure\cucumber2jvm\AllureCucumber2Jvm.java
D:\Desenvolvimento\Projetos Github\A executar\[885474] allure-framework-allure-java\allure-cucumber2-jvm\src\main\java\io\qameta\allure\cucumber2jvm\CucumberSourceUtils.java
D:\Desenvolvimento\Projetos Github\A executar\[885474] allure-framework-allure-java\allure-cucumber2-jvm\src\main\java\io\qameta\allure\cucumber2jvm\LabelBuilder.java
D:\Desenvolvimento\Projetos Github\A executar\[885474] allure-framework-allure-java\allure-cucumber2-jvm\src\main\java\io\qameta\allure\cucumber2jvm\TagParser.java
D:\Desenvolvimento\Projetos Github\A executar\[885474] allure-framework-allure-java\allure-cucumber2-jvm\src\test\java\io\qameta\allure\cucumber2jvm\AllureCucumber2JvmTest.java
D:\Desenvolvimento\Projetos Github\A executar\[885474] allure-framework-allure-java\allure-cucumber3-jvm\src\main\java\io\qameta\allure\cucumber3jvm\AllureCucumber3Jvm.java
D:\Desenvolvimento\Projetos Github\A executar\[885474] allure-framework-allure-java\allure-cucumber3-jvm\src\main\java\io\qameta\allure\cucumber3jvm\CucumberSourceUtils.java
D:\Desenvolvimento\Projetos Github\A executar\[885474] allure-framework-allure-java\allure-cucumber3-jvm\src\main\java\io\qameta\allure\cucumber3jvm\LabelBuilder.java
D:\Desenvolvimento\Projetos Github\A executar\[885474] allure-framework-allure-java\allure-cucumber3-jvm\src\main\java\io\qameta\allure\cucumber3jvm\TagParser.java
D:\Desenvolvimento\Projetos Github\A executar\[885474] allure-framework-allure-java\allure-cucumber3-jvm\src\test\java\io\qameta\allure\cucumber3jvm\AllureCucumber3JvmTest.java
D:\Desenvolvimento\Projetos Github\A executar\[885474] allure-framework-allure-java\allure-cucumber4-jvm\src\main\java\io\qameta\allure\cucumber4jvm\AllureCucumber4Jvm.java
D:\Desenvolvimento\Projetos Github\A executar\[885474] allure-framework-allure-java\allure-cucumber4-jvm\src\main\java\io\qameta\allure\cucumber4jvm\LabelBuilder.java
D:\Desenvolvimento\Projetos Github\A executar\[885474] allure-framework-allure-java\allure-cucumber4-jvm\src\main\java\io\qameta\allure\cucumber4jvm\TagParser.java
D:\Desenvolvimento\Projetos Github\A executar\[885474] allure-framework-allure-java\allure-cucumber4-jvm\src\test\java\io\qameta\allure\cucumber4jvm\AllureCucumber4JvmTest.java
D:\Desenvolvimento\Projetos Github\A executar\[885474] allure-framework-allure-java\allure-descriptions-javadoc\src\main\java\io\qameta\allure\description\JavaDocDescriptionsProcessor.java
D:\Desenvolvimento\Projetos Github\A executar\[885474] allure-framework-allure-java\allure-descriptions-javadoc\src\test\java\io\qameta\allure\description\ProcessDescriptionsTest.java
D:\Desenvolvimento\Projetos Github\A executar\[885474] allure-framework-allure-java\allure-httpclient\src\main\java\io\qameta\allure\httpclient\AllureHttpClientRequest.java
D:\Desenvolvimento\Projetos Github\A executar\[885474] allure-framework-allure-java\allure-httpclient\src\main\java\io\qameta\allure\httpclient\AllureHttpClientResponse.java
D:\Desenvolvimento\Projetos Github\A executar\[885474] allure-framework-allure-java\allure-httpclient\src\test\java\io\qameta\allure\httpclient\AllureHttpClientTest.java
D:\Desenvolvimento\Projetos Github\A executar\[885474] allure-framework-allure-java\allure-java-commons\src\main\java\io\qameta\allure\aspects\AttachmentsAspects.java
D:\Desenvolvimento\Projetos Github\A executar\[885474] allure-framework-allure-java\allure-java-commons\src\main\java\io\qameta\allure\aspects\StepsAspects.java
D:\Desenvolvimento\Projetos Github\A executar\[885474] allure-framework-allure-java\allure-java-commons\src\main\java\io\qameta\allure\internal\AllureStorage.java
D:\Desenvolvimento\Projetos Github\A executar\[885474] allure-framework-allure-java\allure-java-commons\src\main\java\io\qameta\allure\internal\AllureThreadContext.java
D:\Desenvolvimento\Projetos Github\A executar\[885474] allure-framework-allure-java\allure-java-commons\src\main\java\io\qameta\allure\listener\ContainerLifecycleListener.java
D:\Desenvolvimento\Projetos Github\A executar\[885474] allure-framework-allure-java\allure-java-commons\src\main\java\io\qameta\allure\listener\FixtureLifecycleListener.java
D:\Desenvolvimento\Projetos Github\A executar\[885474] allure-framework-allure-java\allure-java-commons\src\main\java\io\qameta\allure\listener\LifecycleListener.java
D:\Desenvolvimento\Projetos Github\A executar\[885474] allure-framework-allure-java\allure-java-commons\src\main\java\io\qameta\allure\listener\LifecycleNotifier.java
D:\Desenvolvimento\Projetos Github\A executar\[885474] allure-framework-allure-java\allure-java-commons\src\main\java\io\qameta\allure\listener\StepLifecycleListener.java
D:\Desenvolvimento\Projetos Github\A executar\[885474] allure-framework-allure-java\allure-java-commons\src\main\java\io\qameta\allure\listener\TestLifecycleListener.java
D:\Desenvolvimento\Projetos Github\A executar\[885474] allure-framework-allure-java\allure-java-commons\src\main\java\io\qameta\allure\util\AnnotationUtils.java
D:\Desenvolvimento\Projetos Github\A executar\[885474] allure-framework-allure-java\allure-java-commons\src\main\java\io\qameta\allure\util\AspectUtils.java
D:\Desenvolvimento\Projetos Github\A executar\[885474] allure-framework-allure-java\allure-java-commons\src\main\java\io\qameta\allure\util\ExceptionUtils.java
D:\Desenvolvimento\Projetos Github\A executar\[885474] allure-framework-allure-java\allure-java-commons\src\main\java\io\qameta\allure\util\NamingUtils.java
D:\Desenvolvimento\Projetos Github\A executar\[885474] allure-framework-allure-java\allure-java-commons\src\main\java\io\qameta\allure\util\ObjectUtils.java
D:\Desenvolvimento\Projetos Github\A executar\[885474] allure-framework-allure-java\allure-java-commons\src\main\java\io\qameta\allure\util\PropertiesUtils.java
D:\Desenvolvimento\Projetos Github\A executar\[885474] allure-framework-allure-java\allure-java-commons\src\main\java\io\qameta\allure\util\ResultsUtils.java
D:\Desenvolvimento\Projetos Github\A executar\[885474] allure-framework-allure-java\allure-java-commons\src\main\java\io\qameta\allure\util\ServiceLoaderUtils.java
D:\Desenvolvimento\Projetos Github\A executar\[885474] allure-framework-allure-java\allure-java-commons\src\test\java\io\qameta\allure\aspects\StepsAspectsTest.java
D:\Desenvolvimento\Projetos Github\A executar\[885474] allure-framework-allure-java\allure-java-commons\src\test\java\io\qameta\allure\internal\AllureThreadContextTest.java
D:\Desenvolvimento\Projetos Github\A executar\[885474] allure-framework-allure-java\allure-java-commons\src\test\java\io\qameta\allure\testdata\DummyCard.java
D:\Desenvolvimento\Projetos Github\A executar\[885474] allure-framework-allure-java\allure-java-commons\src\test\java\io\qameta\allure\testdata\DummyEmail.java
D:\Desenvolvimento\Projetos Github\A executar\[885474] allure-framework-allure-java\allure-java-commons\src\test\java\io\qameta\allure\testdata\DummyUser.java
D:\Desenvolvimento\Projetos Github\A executar\[885474] allure-framework-allure-java\allure-java-commons\src\test\java\io\qameta\allure\util\AnnotationUtilsTest.java
D:\Desenvolvimento\Projetos Github\A executar\[885474] allure-framework-allure-java\allure-java-commons\src\test\java\io\qameta\allure\util\AspectUtilsTest.java
D:\Desenvolvimento\Projetos Github\A executar\[885474] allure-framework-allure-java\allure-java-commons\src\test\java\io\qameta\allure\util\NamingUtilsTest.java
D:\Desenvolvimento\Projetos Github\A executar\[885474] allure-framework-allure-java\allure-java-commons-test\src\main\java\io\qameta\allure\test\AllureFeatures.java
D:\Desenvolvimento\Projetos Github\A executar\[885474] allure-framework-allure-java\allure-java-commons-test\src\main\java\io\qameta\allure\test\AllurePredicates.java
D:\Desenvolvimento\Projetos Github\A executar\[885474] allure-framework-allure-java\allure-java-commons-test\src\main\java\io\qameta\allure\test\AllureResults.java
D:\Desenvolvimento\Projetos Github\A executar\[885474] allure-framework-allure-java\allure-java-commons-test\src\main\java\io\qameta\allure\test\AllureResultsWriterStub.java
D:\Desenvolvimento\Projetos Github\A executar\[885474] allure-framework-allure-java\allure-java-commons-test\src\main\java\io\qameta\allure\test\RunUtils.java
D:\Desenvolvimento\Projetos Github\A executar\[885474] allure-framework-allure-java\allure-java-migration\src\main\java\io\qameta\allure\aspects\Allure1Annotations.java
D:\Desenvolvimento\Projetos Github\A executar\[885474] allure-framework-allure-java\allure-java-migration\src\main\java\io\qameta\allure\aspects\Allure1AttachAspects.java
D:\Desenvolvimento\Projetos Github\A executar\[885474] allure-framework-allure-java\allure-java-migration\src\main\java\io\qameta\allure\aspects\Allure1ParametersAspects.java
D:\Desenvolvimento\Projetos Github\A executar\[885474] allure-framework-allure-java\allure-java-migration\src\main\java\io\qameta\allure\aspects\Allure1StepsAspects.java
D:\Desenvolvimento\Projetos Github\A executar\[885474] allure-framework-allure-java\allure-java-migration\src\main\java\io\qameta\allure\aspects\Allure1TestCaseAspects.java
D:\Desenvolvimento\Projetos Github\A executar\[885474] allure-framework-allure-java\allure-java-migration\src\main\java\io\qameta\allure\aspects\Allure1Utils.java
D:\Desenvolvimento\Projetos Github\A executar\[885474] allure-framework-allure-java\allure-java-migration\src\test\java\io\qameta\allure\aspects\Allure1AttachAspectsTest.java
D:\Desenvolvimento\Projetos Github\A executar\[885474] allure-framework-allure-java\allure-java-migration\src\test\java\io\qameta\allure\aspects\Allure1StepsAspectsTest.java
D:\Desenvolvimento\Projetos Github\A executar\[885474] allure-framework-allure-java\allure-java-migration\src\test\java\io\qameta\allure\aspects\Allure1TestCaseAspectsTest.java
D:\Desenvolvimento\Projetos Github\A executar\[885474] allure-framework-allure-java\allure-jax-rs\src\main\java\io\qameta\allure\jaxrs\AllureJaxRs.java
D:\Desenvolvimento\Projetos Github\A executar\[885474] allure-framework-allure-java\allure-jax-rs\src\test\java\io\qameta\allure\httpclient\AllureJaxRsTest.java
D:\Desenvolvimento\Projetos Github\A executar\[885474] allure-framework-allure-java\allure-jbehave\src\main\java\io\qameta\allure\jbehave\AllureJbehave.java
D:\Desenvolvimento\Projetos Github\A executar\[885474] allure-framework-allure-java\allure-jbehave\src\test\java\io\qameta\allure\jbehave\AllureJbehaveTest.java
D:\Desenvolvimento\Projetos Github\A executar\[885474] allure-framework-allure-java\allure-jbehave\src\test\java\io\qameta\allure\jbehave\LoggingReporter.java
D:\Desenvolvimento\Projetos Github\A executar\[885474] allure-framework-allure-java\allure-jsonunit\src\main\java\io\qameta\allure\jsonunit\AbstractJsonPatchMatcher.java
D:\Desenvolvimento\Projetos Github\A executar\[885474] allure-framework-allure-java\allure-jsonunit\src\main\java\io\qameta\allure\jsonunit\AllureConfigurableJsonMatcher.java
D:\Desenvolvimento\Projetos Github\A executar\[885474] allure-framework-allure-java\allure-jsonunit\src\main\java\io\qameta\allure\jsonunit\DiffAttachment.java
D:\Desenvolvimento\Projetos Github\A executar\[885474] allure-framework-allure-java\allure-jsonunit\src\main\java\io\qameta\allure\jsonunit\DiffModel.java
D:\Desenvolvimento\Projetos Github\A executar\[885474] allure-framework-allure-java\allure-jsonunit\src\main\java\io\qameta\allure\jsonunit\JsonPatchListener.java
D:\Desenvolvimento\Projetos Github\A executar\[885474] allure-framework-allure-java\allure-jsonunit\src\main\java\io\qameta\allure\jsonunit\JsonPatchMatcher.java
D:\Desenvolvimento\Projetos Github\A executar\[885474] allure-framework-allure-java\allure-jsonunit\src\test\java\io\qameta\allure\jsonunit\JsonPatchListenerTest.java
D:\Desenvolvimento\Projetos Github\A executar\[885474] allure-framework-allure-java\allure-jsonunit\src\test\java\io\qameta\allure\jsonunit\JsonPatchMatcherTests.java
D:\Desenvolvimento\Projetos Github\A executar\[885474] allure-framework-allure-java\allure-junit-platform\src\main\java\io\qameta\allure\junitplatform\AllureJunitPlatform.java
D:\Desenvolvimento\Projetos Github\A executar\[885474] allure-framework-allure-java\allure-junit-platform\src\test\java\io\qameta\allure\junitplatform\AllureJunitPlatformTest.java
D:\Desenvolvimento\Projetos Github\A executar\[885474] allure-framework-allure-java\allure-junit4\src\main\java\io\qameta\allure\junit4\AllureJunit4.java
D:\Desenvolvimento\Projetos Github\A executar\[885474] allure-framework-allure-java\allure-junit4\src\main\java\io\qameta\allure\junit4\DisplayName.java
D:\Desenvolvimento\Projetos Github\A executar\[885474] allure-framework-allure-java\allure-junit4\src\main\java\io\qameta\allure\junit4\Tag.java
D:\Desenvolvimento\Projetos Github\A executar\[885474] allure-framework-allure-java\allure-junit4\src\main\java\io\qameta\allure\junit4\Tags.java
D:\Desenvolvimento\Projetos Github\A executar\[885474] allure-framework-allure-java\allure-junit4\src\test\java\io\qameta\allure\junit4\AllureJunit4Test.java
D:\Desenvolvimento\Projetos Github\A executar\[885474] allure-framework-allure-java\allure-model\src\main\java\io\qameta\allure\model\Allure2ModelJackson.java
D:\Desenvolvimento\Projetos Github\A executar\[885474] allure-framework-allure-java\allure-model\src\main\java\io\qameta\allure\model\Attachment.java
D:\Desenvolvimento\Projetos Github\A executar\[885474] allure-framework-allure-java\allure-model\src\main\java\io\qameta\allure\model\ExecutableItem.java
D:\Desenvolvimento\Projetos Github\A executar\[885474] allure-framework-allure-java\allure-model\src\main\java\io\qameta\allure\model\FixtureResult.java
D:\Desenvolvimento\Projetos Github\A executar\[885474] allure-framework-allure-java\allure-model\src\main\java\io\qameta\allure\model\Label.java
D:\Desenvolvimento\Projetos Github\A executar\[885474] allure-framework-allure-java\allure-model\src\main\java\io\qameta\allure\model\Link.java
D:\Desenvolvimento\Projetos Github\A executar\[885474] allure-framework-allure-java\allure-model\src\main\java\io\qameta\allure\model\Parameter.java
D:\Desenvolvimento\Projetos Github\A executar\[885474] allure-framework-allure-java\allure-model\src\main\java\io\qameta\allure\model\Stage.java
D:\Desenvolvimento\Projetos Github\A executar\[885474] allure-framework-allure-java\allure-model\src\main\java\io\qameta\allure\model\StageDeserializer.java
D:\Desenvolvimento\Projetos Github\A executar\[885474] allure-framework-allure-java\allure-model\src\main\java\io\qameta\allure\model\Status.java
D:\Desenvolvimento\Projetos Github\A executar\[885474] allure-framework-allure-java\allure-model\src\main\java\io\qameta\allure\model\StatusDeserializer.java
D:\Desenvolvimento\Projetos Github\A executar\[885474] allure-framework-allure-java\allure-model\src\main\java\io\qameta\allure\model\StatusDetails.java
D:\Desenvolvimento\Projetos Github\A executar\[885474] allure-framework-allure-java\allure-model\src\main\java\io\qameta\allure\model\StepResult.java
D:\Desenvolvimento\Projetos Github\A executar\[885474] allure-framework-allure-java\allure-model\src\main\java\io\qameta\allure\model\TestResult.java
D:\Desenvolvimento\Projetos Github\A executar\[885474] allure-framework-allure-java\allure-model\src\main\java\io\qameta\allure\model\TestResultContainer.java
D:\Desenvolvimento\Projetos Github\A executar\[885474] allure-framework-allure-java\allure-model\src\main\java\io\qameta\allure\model\TestRunResult.java
D:\Desenvolvimento\Projetos Github\A executar\[885474] allure-framework-allure-java\allure-model\src\main\java\io\qameta\allure\model\WithAttachments.java
D:\Desenvolvimento\Projetos Github\A executar\[885474] allure-framework-allure-java\allure-model\src\main\java\io\qameta\allure\model\WithLinks.java
D:\Desenvolvimento\Projetos Github\A executar\[885474] allure-framework-allure-java\allure-model\src\main\java\io\qameta\allure\model\WithParameters.java
D:\Desenvolvimento\Projetos Github\A executar\[885474] allure-framework-allure-java\allure-model\src\main\java\io\qameta\allure\model\WithStatus.java
D:\Desenvolvimento\Projetos Github\A executar\[885474] allure-framework-allure-java\allure-model\src\main\java\io\qameta\allure\model\WithStatusDetails.java
D:\Desenvolvimento\Projetos Github\A executar\[885474] allure-framework-allure-java\allure-model\src\main\java\io\qameta\allure\model\WithSteps.java
D:\Desenvolvimento\Projetos Github\A executar\[885474] allure-framework-allure-java\allure-okhttp\src\main\java\io\qameta\allure\okhttp\AllureOkHttp.java
D:\Desenvolvimento\Projetos Github\A executar\[885474] allure-framework-allure-java\allure-okhttp\src\test\java\io\qameta\allure\okhttp\AllureOkHttp3Test.java
D:\Desenvolvimento\Projetos Github\A executar\[885474] allure-framework-allure-java\allure-okhttp3\src\main\java\io\qameta\allure\okhttp3\AllureOkHttp3.java
D:\Desenvolvimento\Projetos Github\A executar\[885474] allure-framework-allure-java\allure-okhttp3\src\test\java\io\qameta\allure\okhttp3\AllureOkHttp3Test.java
D:\Desenvolvimento\Projetos Github\A executar\[885474] allure-framework-allure-java\allure-rest-assured\src\main\java\io\qameta\allure\restassured\AllureRestAssured.java
D:\Desenvolvimento\Projetos Github\A executar\[885474] allure-framework-allure-java\allure-rest-assured\src\test\java\io\qameta\allure\restassured\AllureRestAssuredTest.java
D:\Desenvolvimento\Projetos Github\A executar\[885474] allure-framework-allure-java\allure-selenide\src\main\java\io\qameta\allure\selenide\AllureSelenide.java
D:\Desenvolvimento\Projetos Github\A executar\[885474] allure-framework-allure-java\allure-selenide\src\test\java\io\qameta\allure\selenide\AllureSelenideTest.java
D:\Desenvolvimento\Projetos Github\A executar\[885474] allure-framework-allure-java\allure-servlet-api\src\main\java\io\qameta\allure\servletapi\HttpServletAttachmentBuilder.java
D:\Desenvolvimento\Projetos Github\A executar\[885474] allure-framework-allure-java\allure-spock\src\main\java\io\qameta\allure\spock\AllureSpock.java
D:\Desenvolvimento\Projetos Github\A executar\[885474] allure-framework-allure-java\allure-spock\src\test\groovy\io\qameta\allure\spock\AllureSpockTest.java
D:\Desenvolvimento\Projetos Github\A executar\[885474] allure-framework-allure-java\allure-spring-web\src\main\java\io\qameta\allure\springweb\AllureRestTemplate.java
D:\Desenvolvimento\Projetos Github\A executar\[885474] allure-framework-allure-java\allure-spring-web\src\test\java\io\qameta\allure\springweb\AllureRestTemplateTest.java
D:\Desenvolvimento\Projetos Github\A executar\[885474] allure-framework-allure-java\allure-testng\src\main\java\io\qameta\allure\testng\AllureTestNg.java
D:\Desenvolvimento\Projetos Github\A executar\[885474] allure-framework-allure-java\allure-testng\src\main\java\io\qameta\allure\testng\TestInstanceParameter.java
D:\Desenvolvimento\Projetos Github\A executar\[885474] allure-framework-allure-java\allure-testng\src\test\java\io\qameta\allure\testng\AllureTestNgTest.java
D:\Desenvolvimento\Projetos Github\A executar\[885474] allure-framework-allure-java\allure-attachments\src\main\java\io\qameta\allure\attachment\http\HttpRequestAttachment.java
D:\Desenvolvimento\Projetos Github\A executar\[885474] allure-framework-allure-java\allure-attachments\src\main\java\io\qameta\allure\attachment\http\HttpResponseAttachment.java
D:\Desenvolvimento\Projetos Github\A executar\[885474] allure-framework-allure-java\allure-attachments\src\test\java\io\qameta\allure\attachment\testdata\TestData.java
D:\Desenvolvimento\Projetos Github\A executar\[885474] allure-framework-allure-java\allure-cucumber-jvm\src\test\java\io\qameta\allure\cucumberjvm\samples\AttachmentSteps.java
D:\Desenvolvimento\Projetos Github\A executar\[885474] allure-framework-allure-java\allure-cucumber-jvm\src\test\java\io\qameta\allure\cucumberjvm\samples\BackgroundFeatureSteps.java
D:\Desenvolvimento\Projetos Github\A executar\[885474] allure-framework-allure-java\allure-cucumber-jvm\src\test\java\io\qameta\allure\cucumberjvm\samples\BrokenFeatureSteps.java
D:\Desenvolvimento\Projetos Github\A executar\[885474] allure-framework-allure-java\allure-cucumber-jvm\src\test\java\io\qameta\allure\cucumberjvm\samples\DatatableFeatureSteps.java
D:\Desenvolvimento\Projetos Github\A executar\[885474] allure-framework-allure-java\allure-cucumber-jvm\src\test\java\io\qameta\allure\cucumberjvm\samples\SimpleFeatureSteps.java
D:\Desenvolvimento\Projetos Github\A executar\[885474] allure-framework-allure-java\allure-cucumber2-jvm\src\test\java\io\qameta\allure\cucumber2jvm\samples\AttachmentSteps.java
D:\Desenvolvimento\Projetos Github\A executar\[885474] allure-framework-allure-java\allure-cucumber2-jvm\src\test\java\io\qameta\allure\cucumber2jvm\samples\BackgroundFeatureSteps.java
D:\Desenvolvimento\Projetos Github\A executar\[885474] allure-framework-allure-java\allure-cucumber2-jvm\src\test\java\io\qameta\allure\cucumber2jvm\samples\BrokenFeatureSteps.java
D:\Desenvolvimento\Projetos Github\A executar\[885474] allure-framework-allure-java\allure-cucumber2-jvm\src\test\java\io\qameta\allure\cucumber2jvm\samples\DatatableFeatureSteps.java
D:\Desenvolvimento\Projetos Github\A executar\[885474] allure-framework-allure-java\allure-cucumber2-jvm\src\test\java\io\qameta\allure\cucumber2jvm\samples\Hooks.java
D:\Desenvolvimento\Projetos Github\A executar\[885474] allure-framework-allure-java\allure-cucumber2-jvm\src\test\java\io\qameta\allure\cucumber2jvm\samples\SimpleFeatureSteps.java
D:\Desenvolvimento\Projetos Github\A executar\[885474] allure-framework-allure-java\allure-cucumber3-jvm\src\test\java\io\qameta\allure\cucumber3jvm\samples\AttachmentSteps.java
D:\Desenvolvimento\Projetos Github\A executar\[885474] allure-framework-allure-java\allure-cucumber3-jvm\src\test\java\io\qameta\allure\cucumber3jvm\samples\BackgroundFeatureSteps.java
D:\Desenvolvimento\Projetos Github\A executar\[885474] allure-framework-allure-java\allure-cucumber3-jvm\src\test\java\io\qameta\allure\cucumber3jvm\samples\BrokenFeatureSteps.java
D:\Desenvolvimento\Projetos Github\A executar\[885474] allure-framework-allure-java\allure-cucumber3-jvm\src\test\java\io\qameta\allure\cucumber3jvm\samples\DatatableFeatureSteps.java
D:\Desenvolvimento\Projetos Github\A executar\[885474] allure-framework-allure-java\allure-cucumber3-jvm\src\test\java\io\qameta\allure\cucumber3jvm\samples\Hooks.java
D:\Desenvolvimento\Projetos Github\A executar\[885474] allure-framework-allure-java\allure-cucumber3-jvm\src\test\java\io\qameta\allure\cucumber3jvm\samples\SimpleFeatureSteps.java
D:\Desenvolvimento\Projetos Github\A executar\[885474] allure-framework-allure-java\allure-cucumber4-jvm\src\test\java\io\qameta\allure\cucumber4jvm\samples\AmbigiousSteps.java
D:\Desenvolvimento\Projetos Github\A executar\[885474] allure-framework-allure-java\allure-cucumber4-jvm\src\test\java\io\qameta\allure\cucumber4jvm\samples\AttachmentSteps.java
D:\Desenvolvimento\Projetos Github\A executar\[885474] allure-framework-allure-java\allure-cucumber4-jvm\src\test\java\io\qameta\allure\cucumber4jvm\samples\BackgroundFeatureSteps.java
D:\Desenvolvimento\Projetos Github\A executar\[885474] allure-framework-allure-java\allure-cucumber4-jvm\src\test\java\io\qameta\allure\cucumber4jvm\samples\BrokenFeatureSteps.java
D:\Desenvolvimento\Projetos Github\A executar\[885474] allure-framework-allure-java\allure-cucumber4-jvm\src\test\java\io\qameta\allure\cucumber4jvm\samples\DatatableFeatureSteps.java
D:\Desenvolvimento\Projetos Github\A executar\[885474] allure-framework-allure-java\allure-cucumber4-jvm\src\test\java\io\qameta\allure\cucumber4jvm\samples\HookSteps.java
D:\Desenvolvimento\Projetos Github\A executar\[885474] allure-framework-allure-java\allure-cucumber4-jvm\src\test\java\io\qameta\allure\cucumber4jvm\samples\PendingSteps.java
D:\Desenvolvimento\Projetos Github\A executar\[885474] allure-framework-allure-java\allure-cucumber4-jvm\src\test\java\io\qameta\allure\cucumber4jvm\samples\SimpleFeatureSteps.java
D:\Desenvolvimento\Projetos Github\A executar\[885474] allure-framework-allure-java\allure-java-migration\src\main\java\ru\yandex\qatools\allure\annotations\Attachment.java
D:\Desenvolvimento\Projetos Github\A executar\[885474] allure-framework-allure-java\allure-java-migration\src\main\java\ru\yandex\qatools\allure\annotations\Description.java
D:\Desenvolvimento\Projetos Github\A executar\[885474] allure-framework-allure-java\allure-java-migration\src\main\java\ru\yandex\qatools\allure\annotations\Features.java
D:\Desenvolvimento\Projetos Github\A executar\[885474] allure-framework-allure-java\allure-java-migration\src\main\java\ru\yandex\qatools\allure\annotations\Issue.java
D:\Desenvolvimento\Projetos Github\A executar\[885474] allure-framework-allure-java\allure-java-migration\src\main\java\ru\yandex\qatools\allure\annotations\Issues.java
D:\Desenvolvimento\Projetos Github\A executar\[885474] allure-framework-allure-java\allure-java-migration\src\main\java\ru\yandex\qatools\allure\annotations\Parameter.java
D:\Desenvolvimento\Projetos Github\A executar\[885474] allure-framework-allure-java\allure-java-migration\src\main\java\ru\yandex\qatools\allure\annotations\Severity.java
D:\Desenvolvimento\Projetos Github\A executar\[885474] allure-framework-allure-java\allure-java-migration\src\main\java\ru\yandex\qatools\allure\annotations\Step.java
D:\Desenvolvimento\Projetos Github\A executar\[885474] allure-framework-allure-java\allure-java-migration\src\main\java\ru\yandex\qatools\allure\annotations\Stories.java
D:\Desenvolvimento\Projetos Github\A executar\[885474] allure-framework-allure-java\allure-java-migration\src\main\java\ru\yandex\qatools\allure\annotations\TestCaseId.java
D:\Desenvolvimento\Projetos Github\A executar\[885474] allure-framework-allure-java\allure-java-migration\src\main\java\ru\yandex\qatools\allure\annotations\Title.java
D:\Desenvolvimento\Projetos Github\A executar\[885474] allure-framework-allure-java\allure-java-migration\src\main\java\ru\yandex\qatools\allure\model\DescriptionType.java
D:\Desenvolvimento\Projetos Github\A executar\[885474] allure-framework-allure-java\allure-java-migration\src\main\java\ru\yandex\qatools\allure\model\SeverityLevel.java
D:\Desenvolvimento\Projetos Github\A executar\[885474] allure-framework-allure-java\allure-jbehave\src\test\java\io\qameta\allure\jbehave\samples\BrokenStorySteps.java
D:\Desenvolvimento\Projetos Github\A executar\[885474] allure-framework-allure-java\allure-jbehave\src\test\java\io\qameta\allure\jbehave\samples\SimpleStorySteps.java
D:\Desenvolvimento\Projetos Github\A executar\[885474] allure-framework-allure-java\allure-junit-platform\src\test\java\io\qameta\allure\junitplatform\features\AllureIdAnnotationSupport.java
D:\Desenvolvimento\Projetos Github\A executar\[885474] allure-framework-allure-java\allure-junit-platform\src\test\java\io\qameta\allure\junitplatform\features\BrokenTests.java
D:\Desenvolvimento\Projetos Github\A executar\[885474] allure-framework-allure-java\allure-junit-platform\src\test\java\io\qameta\allure\junitplatform\features\DescriptionJavadocTest.java
D:\Desenvolvimento\Projetos Github\A executar\[885474] allure-framework-allure-java\allure-junit-platform\src\test\java\io\qameta\allure\junitplatform\features\DisabledRepeatedTests.java
D:\Desenvolvimento\Projetos Github\A executar\[885474] allure-framework-allure-java\allure-junit-platform\src\test\java\io\qameta\allure\junitplatform\features\DisabledTests.java
D:\Desenvolvimento\Projetos Github\A executar\[885474] allure-framework-allure-java\allure-junit-platform\src\test\java\io\qameta\allure\junitplatform\features\DisplayNameOnClassTests.java
D:\Desenvolvimento\Projetos Github\A executar\[885474] allure-framework-allure-java\allure-junit-platform\src\test\java\io\qameta\allure\junitplatform\features\DynamicTests.java
D:\Desenvolvimento\Projetos Github\A executar\[885474] allure-framework-allure-java\allure-junit-platform\src\test\java\io\qameta\allure\junitplatform\features\FailedTests.java
D:\Desenvolvimento\Projetos Github\A executar\[885474] allure-framework-allure-java\allure-junit-platform\src\test\java\io\qameta\allure\junitplatform\features\MarkerAnnotationSupport.java
D:\Desenvolvimento\Projetos Github\A executar\[885474] allure-framework-allure-java\allure-junit-platform\src\test\java\io\qameta\allure\junitplatform\features\OneTest.java
D:\Desenvolvimento\Projetos Github\A executar\[885474] allure-framework-allure-java\allure-junit-platform\src\test\java\io\qameta\allure\junitplatform\features\OwnerTest.java
D:\Desenvolvimento\Projetos Github\A executar\[885474] allure-framework-allure-java\allure-junit-platform\src\test\java\io\qameta\allure\junitplatform\features\ParallelTests.java
D:\Desenvolvimento\Projetos Github\A executar\[885474] allure-framework-allure-java\allure-junit-platform\src\test\java\io\qameta\allure\junitplatform\features\ParameterisedTests.java
D:\Desenvolvimento\Projetos Github\A executar\[885474] allure-framework-allure-java\allure-junit-platform\src\test\java\io\qameta\allure\junitplatform\features\PassedTests.java
D:\Desenvolvimento\Projetos Github\A executar\[885474] allure-framework-allure-java\allure-junit-platform\src\test\java\io\qameta\allure\junitplatform\features\RepeatedTests.java
D:\Desenvolvimento\Projetos Github\A executar\[885474] allure-framework-allure-java\allure-junit-platform\src\test\java\io\qameta\allure\junitplatform\features\SeverityTest.java
D:\Desenvolvimento\Projetos Github\A executar\[885474] allure-framework-allure-java\allure-junit-platform\src\test\java\io\qameta\allure\junitplatform\features\SkippedTests.java
D:\Desenvolvimento\Projetos Github\A executar\[885474] allure-framework-allure-java\allure-junit-platform\src\test\java\io\qameta\allure\junitplatform\features\TaggedTests.java
D:\Desenvolvimento\Projetos Github\A executar\[885474] allure-framework-allure-java\allure-junit-platform\src\test\java\io\qameta\allure\junitplatform\features\TestClassDisabled.java
D:\Desenvolvimento\Projetos Github\A executar\[885474] allure-framework-allure-java\allure-junit-platform\src\test\java\io\qameta\allure\junitplatform\features\TestClassWithDisplayNameAnnotation.java
D:\Desenvolvimento\Projetos Github\A executar\[885474] allure-framework-allure-java\allure-junit-platform\src\test\java\io\qameta\allure\junitplatform\features\TestClassWithoutDisplayNameAnnotation.java
D:\Desenvolvimento\Projetos Github\A executar\[885474] allure-framework-allure-java\allure-junit-platform\src\test\java\io\qameta\allure\junitplatform\features\TestWithClassLabels.java
D:\Desenvolvimento\Projetos Github\A executar\[885474] allure-framework-allure-java\allure-junit-platform\src\test\java\io\qameta\allure\junitplatform\features\TestWithClassLinks.java
D:\Desenvolvimento\Projetos Github\A executar\[885474] allure-framework-allure-java\allure-junit-platform\src\test\java\io\qameta\allure\junitplatform\features\TestWithDescription.java
D:\Desenvolvimento\Projetos Github\A executar\[885474] allure-framework-allure-java\allure-junit-platform\src\test\java\io\qameta\allure\junitplatform\features\TestWithDisplayName.java
D:\Desenvolvimento\Projetos Github\A executar\[885474] allure-framework-allure-java\allure-junit-platform\src\test\java\io\qameta\allure\junitplatform\features\TestWithMethodLabels.java
D:\Desenvolvimento\Projetos Github\A executar\[885474] allure-framework-allure-java\allure-junit-platform\src\test\java\io\qameta\allure\junitplatform\features\TestWithMethodLinks.java
D:\Desenvolvimento\Projetos Github\A executar\[885474] allure-framework-allure-java\allure-junit-platform\src\test\java\io\qameta\allure\junitplatform\features\TestWithSteps.java
D:\Desenvolvimento\Projetos Github\A executar\[885474] allure-framework-allure-java\allure-junit-platform\src\test\java\io\qameta\allure\junitplatform\features\TestWithSystemErr.java
D:\Desenvolvimento\Projetos Github\A executar\[885474] allure-framework-allure-java\allure-junit-platform\src\test\java\io\qameta\allure\junitplatform\features\TestWithSystemOut.java
D:\Desenvolvimento\Projetos Github\A executar\[885474] allure-framework-allure-java\allure-junit4\src\test\java\io\qameta\allure\junit4\samples\AssumptionFailedTest.java
D:\Desenvolvimento\Projetos Github\A executar\[885474] allure-framework-allure-java\allure-junit4\src\test\java\io\qameta\allure\junit4\samples\BrokenTest.java
D:\Desenvolvimento\Projetos Github\A executar\[885474] allure-framework-allure-java\allure-junit4\src\test\java\io\qameta\allure\junit4\samples\BrokenWithoutMessageTest.java
D:\Desenvolvimento\Projetos Github\A executar\[885474] allure-framework-allure-java\allure-junit4\src\test\java\io\qameta\allure\junit4\samples\FailedTest.java
D:\Desenvolvimento\Projetos Github\A executar\[885474] allure-framework-allure-java\allure-junit4\src\test\java\io\qameta\allure\junit4\samples\IgnoredClassTest.java
D:\Desenvolvimento\Projetos Github\A executar\[885474] allure-framework-allure-java\allure-junit4\src\test\java\io\qameta\allure\junit4\samples\IgnoredTests.java
D:\Desenvolvimento\Projetos Github\A executar\[885474] allure-framework-allure-java\allure-junit4\src\test\java\io\qameta\allure\junit4\samples\OneTest.java
D:\Desenvolvimento\Projetos Github\A executar\[885474] allure-framework-allure-java\allure-junit4\src\test\java\io\qameta\allure\junit4\samples\TaggedTests.java
D:\Desenvolvimento\Projetos Github\A executar\[885474] allure-framework-allure-java\allure-junit4\src\test\java\io\qameta\allure\junit4\samples\TestBasedOnSampleRunner.java
D:\Desenvolvimento\Projetos Github\A executar\[885474] allure-framework-allure-java\allure-junit4\src\test\java\io\qameta\allure\junit4\samples\TestWithAnnotations.java
D:\Desenvolvimento\Projetos Github\A executar\[885474] allure-framework-allure-java\allure-junit4\src\test\java\io\qameta\allure\junit4\samples\TestWithSteps.java
D:\Desenvolvimento\Projetos Github\A executar\[885474] allure-framework-allure-java\allure-junit4\src\test\java\io\qameta\allure\junit4\samples\TestWithTimeout.java
D:\Desenvolvimento\Projetos Github\A executar\[885474] allure-framework-allure-java\allure-junit4-aspect\src\main\java\io\qameta\allure\junit4\aspect\AllureJunit4ListenerAspect.java
D:\Desenvolvimento\Projetos Github\A executar\[885474] allure-framework-allure-java\allure-testng\src\test\java\io\qameta\allure\testng\samples\AfterFixturesCombination.java
D:\Desenvolvimento\Projetos Github\A executar\[885474] allure-framework-allure-java\allure-testng\src\test\java\io\qameta\allure\testng\samples\AllFeatures.java
D:\Desenvolvimento\Projetos Github\A executar\[885474] allure-framework-allure-java\allure-testng\src\test\java\io\qameta\allure\testng\samples\AttachmentsTest.java
D:\Desenvolvimento\Projetos Github\A executar\[885474] allure-framework-allure-java\allure-testng\src\test\java\io\qameta\allure\testng\samples\BaseTest.java
D:\Desenvolvimento\Projetos Github\A executar\[885474] allure-framework-allure-java\allure-testng\src\test\java\io\qameta\allure\testng\samples\BaseTestA.java
D:\Desenvolvimento\Projetos Github\A executar\[885474] allure-framework-allure-java\allure-testng\src\test\java\io\qameta\allure\testng\samples\BaseTestB.java
D:\Desenvolvimento\Projetos Github\A executar\[885474] allure-framework-allure-java\allure-testng\src\test\java\io\qameta\allure\testng\samples\BddAnnotationsTests.java
D:\Desenvolvimento\Projetos Github\A executar\[885474] allure-framework-allure-java\allure-testng\src\test\java\io\qameta\allure\testng\samples\BddAnnotationsTestsInherited.java
D:\Desenvolvimento\Projetos Github\A executar\[885474] allure-framework-allure-java\allure-testng\src\test\java\io\qameta\allure\testng\samples\BeforeFixturesCombination.java
D:\Desenvolvimento\Projetos Github\A executar\[885474] allure-framework-allure-java\allure-testng\src\test\java\io\qameta\allure\testng\samples\BeforeMethods.java
D:\Desenvolvimento\Projetos Github\A executar\[885474] allure-framework-allure-java\allure-testng\src\test\java\io\qameta\allure\testng\samples\ClassFixtures1.java
D:\Desenvolvimento\Projetos Github\A executar\[885474] allure-framework-allure-java\allure-testng\src\test\java\io\qameta\allure\testng\samples\ClassFixtures2.java
D:\Desenvolvimento\Projetos Github\A executar\[885474] allure-framework-allure-java\allure-testng\src\test\java\io\qameta\allure\testng\samples\ClassFixtures3.java
D:\Desenvolvimento\Projetos Github\A executar\[885474] allure-framework-allure-java\allure-testng\src\test\java\io\qameta\allure\testng\samples\ClassFixturesInherited.java
D:\Desenvolvimento\Projetos Github\A executar\[885474] allure-framework-allure-java\allure-testng\src\test\java\io\qameta\allure\testng\samples\ClassFixturesInParent.java
D:\Desenvolvimento\Projetos Github\A executar\[885474] allure-framework-allure-java\allure-testng\src\test\java\io\qameta\allure\testng\samples\ConfigurationFailure.java
D:\Desenvolvimento\Projetos Github\A executar\[885474] allure-framework-allure-java\allure-testng\src\test\java\io\qameta\allure\testng\samples\CyrillicDescriptions.java
D:\Desenvolvimento\Projetos Github\A executar\[885474] allure-framework-allure-java\allure-testng\src\test\java\io\qameta\allure\testng\samples\DataProviderWithArray.java
D:\Desenvolvimento\Projetos Github\A executar\[885474] allure-framework-allure-java\allure-testng\src\test\java\io\qameta\allure\testng\samples\DescriptionsAnotherTest.java
D:\Desenvolvimento\Projetos Github\A executar\[885474] allure-framework-allure-java\allure-testng\src\test\java\io\qameta\allure\testng\samples\DescriptionsTest.java
D:\Desenvolvimento\Projetos Github\A executar\[885474] allure-framework-allure-java\allure-testng\src\test\java\io\qameta\allure\testng\samples\DisabledTest.java
D:\Desenvolvimento\Projetos Github\A executar\[885474] allure-framework-allure-java\allure-testng\src\test\java\io\qameta\allure\testng\samples\FactoryOnConstructorTests.java
D:\Desenvolvimento\Projetos Github\A executar\[885474] allure-framework-allure-java\allure-testng\src\test\java\io\qameta\allure\testng\samples\FailedAfterMethod.java
D:\Desenvolvimento\Projetos Github\A executar\[885474] allure-framework-allure-java\allure-testng\src\test\java\io\qameta\allure\testng\samples\FailedAfterSuite.java
D:\Desenvolvimento\Projetos Github\A executar\[885474] allure-framework-allure-java\allure-testng\src\test\java\io\qameta\allure\testng\samples\FailedAfterTest.java
D:\Desenvolvimento\Projetos Github\A executar\[885474] allure-framework-allure-java\allure-testng\src\test\java\io\qameta\allure\testng\samples\FailedBeforeMethod.java
D:\Desenvolvimento\Projetos Github\A executar\[885474] allure-framework-allure-java\allure-testng\src\test\java\io\qameta\allure\testng\samples\FailedBeforeSuite.java
D:\Desenvolvimento\Projetos Github\A executar\[885474] allure-framework-allure-java\allure-testng\src\test\java\io\qameta\allure\testng\samples\FailedBeforeTest.java
D:\Desenvolvimento\Projetos Github\A executar\[885474] allure-framework-allure-java\allure-testng\src\test\java\io\qameta\allure\testng\samples\FailedFlakyTest.java
D:\Desenvolvimento\Projetos Github\A executar\[885474] allure-framework-allure-java\allure-testng\src\test\java\io\qameta\allure\testng\samples\FailedSetUp.java
D:\Desenvolvimento\Projetos Github\A executar\[885474] allure-framework-allure-java\allure-testng\src\test\java\io\qameta\allure\testng\samples\FailedTestPassedBeforeFixture.java
D:\Desenvolvimento\Projetos Github\A executar\[885474] allure-framework-allure-java\allure-testng\src\test\java\io\qameta\allure\testng\samples\FixtureWithDescription.java
D:\Desenvolvimento\Projetos Github\A executar\[885474] allure-framework-allure-java\allure-testng\src\test\java\io\qameta\allure\testng\samples\FlakyMethods.java
D:\Desenvolvimento\Projetos Github\A executar\[885474] allure-framework-allure-java\allure-testng\src\test\java\io\qameta\allure\testng\samples\FlakyMethodsInherited.java
D:\Desenvolvimento\Projetos Github\A executar\[885474] allure-framework-allure-java\allure-testng\src\test\java\io\qameta\allure\testng\samples\FlakyTestClass.java
D:\Desenvolvimento\Projetos Github\A executar\[885474] allure-framework-allure-java\allure-testng\src\test\java\io\qameta\allure\testng\samples\FlakyTestClassInherited.java
D:\Desenvolvimento\Projetos Github\A executar\[885474] allure-framework-allure-java\allure-testng\src\test\java\io\qameta\allure\testng\samples\HistoryIdForTestWithDataProvider.java
D:\Desenvolvimento\Projetos Github\A executar\[885474] allure-framework-allure-java\allure-testng\src\test\java\io\qameta\allure\testng\samples\JustTest.java
D:\Desenvolvimento\Projetos Github\A executar\[885474] allure-framework-allure-java\allure-testng\src\test\java\io\qameta\allure\testng\samples\LinksOnTests.java
D:\Desenvolvimento\Projetos Github\A executar\[885474] allure-framework-allure-java\allure-testng\src\test\java\io\qameta\allure\testng\samples\LinksOnTestsInherited.java
D:\Desenvolvimento\Projetos Github\A executar\[885474] allure-framework-allure-java\allure-testng\src\test\java\io\qameta\allure\testng\samples\MutedMethods.java
D:\Desenvolvimento\Projetos Github\A executar\[885474] allure-framework-allure-java\allure-testng\src\test\java\io\qameta\allure\testng\samples\MutedMethodsInherited.java
D:\Desenvolvimento\Projetos Github\A executar\[885474] allure-framework-allure-java\allure-testng\src\test\java\io\qameta\allure\testng\samples\MutedTestClass.java
D:\Desenvolvimento\Projetos Github\A executar\[885474] allure-framework-allure-java\allure-testng\src\test\java\io\qameta\allure\testng\samples\MutedTestClassInherited.java
D:\Desenvolvimento\Projetos Github\A executar\[885474] allure-framework-allure-java\allure-testng\src\test\java\io\qameta\allure\testng\samples\NestedSteps.java
D:\Desenvolvimento\Projetos Github\A executar\[885474] allure-framework-allure-java\allure-testng\src\test\java\io\qameta\allure\testng\samples\NullParamTest.java
D:\Desenvolvimento\Projetos Github\A executar\[885474] allure-framework-allure-java\allure-testng\src\test\java\io\qameta\allure\testng\samples\OwnerClassTest.java
D:\Desenvolvimento\Projetos Github\A executar\[885474] allure-framework-allure-java\allure-testng\src\test\java\io\qameta\allure\testng\samples\OwnerClassTestInherited.java
D:\Desenvolvimento\Projetos Github\A executar\[885474] allure-framework-allure-java\allure-testng\src\test\java\io\qameta\allure\testng\samples\OwnerMethodTest.java
D:\Desenvolvimento\Projetos Github\A executar\[885474] allure-framework-allure-java\allure-testng\src\test\java\io\qameta\allure\testng\samples\OwnerMethodTestInherited.java
D:\Desenvolvimento\Projetos Github\A executar\[885474] allure-framework-allure-java\allure-testng\src\test\java\io\qameta\allure\testng\samples\ParallelDataProviderSample.java
D:\Desenvolvimento\Projetos Github\A executar\[885474] allure-framework-allure-java\allure-testng\src\test\java\io\qameta\allure\testng\samples\ParallelMethods.java
D:\Desenvolvimento\Projetos Github\A executar\[885474] allure-framework-allure-java\allure-testng\src\test\java\io\qameta\allure\testng\samples\ParameterizedTest.java
D:\Desenvolvimento\Projetos Github\A executar\[885474] allure-framework-allure-java\allure-testng\src\test\java\io\qameta\allure\testng\samples\PerClassFixtures.java
D:\Desenvolvimento\Projetos Github\A executar\[885474] allure-framework-allure-java\allure-testng\src\test\java\io\qameta\allure\testng\samples\PerMethodFixtures.java
D:\Desenvolvimento\Projetos Github\A executar\[885474] allure-framework-allure-java\allure-testng\src\test\java\io\qameta\allure\testng\samples\PerSuiteFixtures.java
D:\Desenvolvimento\Projetos Github\A executar\[885474] allure-framework-allure-java\allure-testng\src\test\java\io\qameta\allure\testng\samples\RetryTest.java
D:\Desenvolvimento\Projetos Github\A executar\[885474] allure-framework-allure-java\allure-testng\src\test\java\io\qameta\allure\testng\samples\SeverityClassTest.java
D:\Desenvolvimento\Projetos Github\A executar\[885474] allure-framework-allure-java\allure-testng\src\test\java\io\qameta\allure\testng\samples\SeverityClassTestInherited.java
D:\Desenvolvimento\Projetos Github\A executar\[885474] allure-framework-allure-java\allure-testng\src\test\java\io\qameta\allure\testng\samples\SeverityMethodTest.java
D:\Desenvolvimento\Projetos Github\A executar\[885474] allure-framework-allure-java\allure-testng\src\test\java\io\qameta\allure\testng\samples\SeverityMethodTestInherited.java
D:\Desenvolvimento\Projetos Github\A executar\[885474] allure-framework-allure-java\allure-testng\src\test\java\io\qameta\allure\testng\samples\SkippedSuite.java
D:\Desenvolvimento\Projetos Github\A executar\[885474] allure-framework-allure-java\allure-testng\src\test\java\io\qameta\allure\testng\samples\SuiteParameterTest.java
D:\Desenvolvimento\Projetos Github\A executar\[885474] allure-framework-allure-java\allure-testng\src\test\java\io\qameta\allure\testng\samples\TestsWithSteps.java
D:\Desenvolvimento\Projetos Github\A executar\[885474] allure-framework-allure-java\allure-testng\src\test\java\io\qameta\allure\testng\samples\TestTagFixtures.java
D:\Desenvolvimento\Projetos Github\A executar\[885474] allure-framework-allure-java\allure-testng\src\test\java\io\qameta\allure\testng\samples\TestWithParameters.java
D:\Desenvolvimento\Projetos Github\A executar\[885474] allure-framework-allure-java\allure-testng\src\test\java\io\qameta\allure\testng\samples\TestWithTimeout.java
D:\Desenvolvimento\Projetos Github\A executar\[885474] allure-framework-allure-java\allure-testng\src\test\java\io\qameta\allure\testng\samples\VarargsParameters.java

01/11/2019 00:00:53 ufrn.dimap.lets.ehmetrics.projectresolver.JavaProject#resolveArtifacts - INFO: [885474] allure-framework-allure-java artifacts...
-- Java files
D:\Desenvolvimento\Projetos Github\A executar\[885474] allure-framework-allure-java\allure-cucumber4-jvm\src\main\java\cucumber\runtime\formatter\TestSourcesModelProxy.java
D:\Desenvolvimento\Projetos Github\A executar\[885474] allure-framework-allure-java\allure-java-commons\src\main\java\io\qameta\allure\Allure.java
D:\Desenvolvimento\Projetos Github\A executar\[885474] allure-framework-allure-java\allure-java-commons\src\main\java\io\qameta\allure\AllureConstants.java
D:\Desenvolvimento\Projetos Github\A executar\[885474] allure-framework-allure-java\allure-java-commons\src\main\java\io\qameta\allure\AllureId.java
D:\Desenvolvimento\Projetos Github\A executar\[885474] allure-framework-allure-java\allure-java-commons\src\main\java\io\qameta\allure\AllureLifecycle.java
D:\Desenvolvimento\Projetos Github\A executar\[885474] allure-framework-allure-java\allure-java-commons\src\main\java\io\qameta\allure\AllureResultsReader.java
D:\Desenvolvimento\Projetos Github\A executar\[885474] allure-framework-allure-java\allure-java-commons\src\main\java\io\qameta\allure\AllureResultsWriteException.java
D:\Desenvolvimento\Projetos Github\A executar\[885474] allure-framework-allure-java\allure-java-commons\src\main\java\io\qameta\allure\AllureResultsWriter.java
D:\Desenvolvimento\Projetos Github\A executar\[885474] allure-framework-allure-java\allure-java-commons\src\main\java\io\qameta\allure\AllureUtils.java
D:\Desenvolvimento\Projetos Github\A executar\[885474] allure-framework-allure-java\allure-java-commons\src\main\java\io\qameta\allure\Attachment.java
D:\Desenvolvimento\Projetos Github\A executar\[885474] allure-framework-allure-java\allure-java-commons\src\main\java\io\qameta\allure\Description.java
D:\Desenvolvimento\Projetos Github\A executar\[885474] allure-framework-allure-java\allure-java-commons\src\main\java\io\qameta\allure\Epic.java
D:\Desenvolvimento\Projetos Github\A executar\[885474] allure-framework-allure-java\allure-java-commons\src\main\java\io\qameta\allure\Epics.java
D:\Desenvolvimento\Projetos Github\A executar\[885474] allure-framework-allure-java\allure-java-commons\src\main\java\io\qameta\allure\Feature.java
D:\Desenvolvimento\Projetos Github\A executar\[885474] allure-framework-allure-java\allure-java-commons\src\main\java\io\qameta\allure\Features.java
D:\Desenvolvimento\Projetos Github\A executar\[885474] allure-framework-allure-java\allure-java-commons\src\main\java\io\qameta\allure\FileSystemResultsReader.java
D:\Desenvolvimento\Projetos Github\A executar\[885474] allure-framework-allure-java\allure-java-commons\src\main\java\io\qameta\allure\FileSystemResultsWriter.java
D:\Desenvolvimento\Projetos Github\A executar\[885474] allure-framework-allure-java\allure-java-commons\src\main\java\io\qameta\allure\Flaky.java
D:\Desenvolvimento\Projetos Github\A executar\[885474] allure-framework-allure-java\allure-java-commons\src\main\java\io\qameta\allure\Issue.java
D:\Desenvolvimento\Projetos Github\A executar\[885474] allure-framework-allure-java\allure-java-commons\src\main\java\io\qameta\allure\Issues.java
D:\Desenvolvimento\Projetos Github\A executar\[885474] allure-framework-allure-java\allure-java-commons\src\main\java\io\qameta\allure\LabelAnnotation.java
D:\Desenvolvimento\Projetos Github\A executar\[885474] allure-framework-allure-java\allure-java-commons\src\main\java\io\qameta\allure\LabelAnnotations.java
D:\Desenvolvimento\Projetos Github\A executar\[885474] allure-framework-allure-java\allure-java-commons\src\main\java\io\qameta\allure\Lead.java
D:\Desenvolvimento\Projetos Github\A executar\[885474] allure-framework-allure-java\allure-java-commons\src\main\java\io\qameta\allure\Link.java
D:\Desenvolvimento\Projetos Github\A executar\[885474] allure-framework-allure-java\allure-java-commons\src\main\java\io\qameta\allure\LinkAnnotation.java
D:\Desenvolvimento\Projetos Github\A executar\[885474] allure-framework-allure-java\allure-java-commons\src\main\java\io\qameta\allure\LinkAnnotations.java
D:\Desenvolvimento\Projetos Github\A executar\[885474] allure-framework-allure-java\allure-java-commons\src\main\java\io\qameta\allure\Links.java
D:\Desenvolvimento\Projetos Github\A executar\[885474] allure-framework-allure-java\allure-java-commons\src\main\java\io\qameta\allure\Muted.java
D:\Desenvolvimento\Projetos Github\A executar\[885474] allure-framework-allure-java\allure-java-commons\src\main\java\io\qameta\allure\Owner.java
D:\Desenvolvimento\Projetos Github\A executar\[885474] allure-framework-allure-java\allure-java-commons\src\main\java\io\qameta\allure\ReadError.java
D:\Desenvolvimento\Projetos Github\A executar\[885474] allure-framework-allure-java\allure-java-commons\src\main\java\io\qameta\allure\Severity.java
D:\Desenvolvimento\Projetos Github\A executar\[885474] allure-framework-allure-java\allure-java-commons\src\main\java\io\qameta\allure\SeverityLevel.java
D:\Desenvolvimento\Projetos Github\A executar\[885474] allure-framework-allure-java\allure-java-commons\src\main\java\io\qameta\allure\Step.java
D:\Desenvolvimento\Projetos Github\A executar\[885474] allure-framework-allure-java\allure-java-commons\src\main\java\io\qameta\allure\Stories.java
D:\Desenvolvimento\Projetos Github\A executar\[885474] allure-framework-allure-java\allure-java-commons\src\main\java\io\qameta\allure\Story.java
D:\Desenvolvimento\Projetos Github\A executar\[885474] allure-framework-allure-java\allure-java-commons\src\main\java\io\qameta\allure\TmsLink.java
D:\Desenvolvimento\Projetos Github\A executar\[885474] allure-framework-allure-java\allure-java-commons\src\main\java\io\qameta\allure\TmsLinks.java
D:\Desenvolvimento\Projetos Github\A executar\[885474] allure-framework-allure-java\allure-assertj\src\main\java\io\qameta\allure\assertj\AllureAspectJ.java
D:\Desenvolvimento\Projetos Github\A executar\[885474] allure-framework-allure-java\allure-attachments\src\main\java\io\qameta\allure\attachment\AttachmentContent.java
D:\Desenvolvimento\Projetos Github\A executar\[885474] allure-framework-allure-java\allure-attachments\src\main\java\io\qameta\allure\attachment\AttachmentData.java
D:\Desenvolvimento\Projetos Github\A executar\[885474] allure-framework-allure-java\allure-attachments\src\main\java\io\qameta\allure\attachment\AttachmentProcessor.java
D:\Desenvolvimento\Projetos Github\A executar\[885474] allure-framework-allure-java\allure-attachments\src\main\java\io\qameta\allure\attachment\AttachmentRenderer.java
D:\Desenvolvimento\Projetos Github\A executar\[885474] allure-framework-allure-java\allure-attachments\src\main\java\io\qameta\allure\attachment\AttachmentRenderException.java
D:\Desenvolvimento\Projetos Github\A executar\[885474] allure-framework-allure-java\allure-attachments\src\main\java\io\qameta\allure\attachment\DefaultAttachmentContent.java
D:\Desenvolvimento\Projetos Github\A executar\[885474] allure-framework-allure-java\allure-attachments\src\main\java\io\qameta\allure\attachment\DefaultAttachmentProcessor.java
D:\Desenvolvimento\Projetos Github\A executar\[885474] allure-framework-allure-java\allure-attachments\src\main\java\io\qameta\allure\attachment\FreemarkerAttachmentRenderer.java
D:\Desenvolvimento\Projetos Github\A executar\[885474] allure-framework-allure-java\allure-citrus\src\main\java\io\qameta\allure\citrus\AllureCitrus.java
D:\Desenvolvimento\Projetos Github\A executar\[885474] allure-framework-allure-java\allure-cucumber-jvm\src\main\java\io\qameta\allure\cucumberjvm\AllureCucumberJvm.java
D:\Desenvolvimento\Projetos Github\A executar\[885474] allure-framework-allure-java\allure-cucumber-jvm\src\main\java\io\qameta\allure\cucumberjvm\LabelBuilder.java
D:\Desenvolvimento\Projetos Github\A executar\[885474] allure-framework-allure-java\allure-cucumber-jvm\src\main\java\io\qameta\allure\cucumberjvm\StepUtils.java
D:\Desenvolvimento\Projetos Github\A executar\[885474] allure-framework-allure-java\allure-cucumber-jvm\src\main\java\io\qameta\allure\cucumberjvm\TagParser.java
D:\Desenvolvimento\Projetos Github\A executar\[885474] allure-framework-allure-java\allure-cucumber2-jvm\src\main\java\io\qameta\allure\cucumber2jvm\AllureCucumber2Jvm.java
D:\Desenvolvimento\Projetos Github\A executar\[885474] allure-framework-allure-java\allure-cucumber2-jvm\src\main\java\io\qameta\allure\cucumber2jvm\CucumberSourceUtils.java
D:\Desenvolvimento\Projetos Github\A executar\[885474] allure-framework-allure-java\allure-cucumber2-jvm\src\main\java\io\qameta\allure\cucumber2jvm\LabelBuilder.java
D:\Desenvolvimento\Projetos Github\A executar\[885474] allure-framework-allure-java\allure-cucumber2-jvm\src\main\java\io\qameta\allure\cucumber2jvm\TagParser.java
D:\Desenvolvimento\Projetos Github\A executar\[885474] allure-framework-allure-java\allure-cucumber3-jvm\src\main\java\io\qameta\allure\cucumber3jvm\AllureCucumber3Jvm.java
D:\Desenvolvimento\Projetos Github\A executar\[885474] allure-framework-allure-java\allure-cucumber3-jvm\src\main\java\io\qameta\allure\cucumber3jvm\CucumberSourceUtils.java
D:\Desenvolvimento\Projetos Github\A executar\[885474] allure-framework-allure-java\allure-cucumber3-jvm\src\main\java\io\qameta\allure\cucumber3jvm\LabelBuilder.java
D:\Desenvolvimento\Projetos Github\A executar\[885474] allure-framework-allure-java\allure-cucumber3-jvm\src\main\java\io\qameta\allure\cucumber3jvm\TagParser.java
D:\Desenvolvimento\Projetos Github\A executar\[885474] allure-framework-allure-java\allure-cucumber4-jvm\src\main\java\io\qameta\allure\cucumber4jvm\AllureCucumber4Jvm.java
D:\Desenvolvimento\Projetos Github\A executar\[885474] allure-framework-allure-java\allure-cucumber4-jvm\src\main\java\io\qameta\allure\cucumber4jvm\LabelBuilder.java
D:\Desenvolvimento\Projetos Github\A executar\[885474] allure-framework-allure-java\allure-cucumber4-jvm\src\main\java\io\qameta\allure\cucumber4jvm\TagParser.java
D:\Desenvolvimento\Projetos Github\A executar\[885474] allure-framework-allure-java\allure-descriptions-javadoc\src\main\java\io\qameta\allure\description\JavaDocDescriptionsProcessor.java
D:\Desenvolvimento\Projetos Github\A executar\[885474] allure-framework-allure-java\allure-httpclient\src\main\java\io\qameta\allure\httpclient\AllureHttpClientRequest.java
D:\Desenvolvimento\Projetos Github\A executar\[885474] allure-framework-allure-java\allure-httpclient\src\main\java\io\qameta\allure\httpclient\AllureHttpClientResponse.java
D:\Desenvolvimento\Projetos Github\A executar\[885474] allure-framework-allure-java\allure-java-commons\src\main\java\io\qameta\allure\aspects\AttachmentsAspects.java
D:\Desenvolvimento\Projetos Github\A executar\[885474] allure-framework-allure-java\allure-java-commons\src\main\java\io\qameta\allure\aspects\StepsAspects.java
D:\Desenvolvimento\Projetos Github\A executar\[885474] allure-framework-allure-java\allure-java-commons\src\main\java\io\qameta\allure\internal\AllureStorage.java
D:\Desenvolvimento\Projetos Github\A executar\[885474] allure-framework-allure-java\allure-java-commons\src\main\java\io\qameta\allure\internal\AllureThreadContext.java
D:\Desenvolvimento\Projetos Github\A executar\[885474] allure-framework-allure-java\allure-java-commons\src\main\java\io\qameta\allure\listener\ContainerLifecycleListener.java
D:\Desenvolvimento\Projetos Github\A executar\[885474] allure-framework-allure-java\allure-java-commons\src\main\java\io\qameta\allure\listener\FixtureLifecycleListener.java
D:\Desenvolvimento\Projetos Github\A executar\[885474] allure-framework-allure-java\allure-java-commons\src\main\java\io\qameta\allure\listener\LifecycleListener.java
D:\Desenvolvimento\Projetos Github\A executar\[885474] allure-framework-allure-java\allure-java-commons\src\main\java\io\qameta\allure\listener\LifecycleNotifier.java
D:\Desenvolvimento\Projetos Github\A executar\[885474] allure-framework-allure-java\allure-java-commons\src\main\java\io\qameta\allure\listener\StepLifecycleListener.java
D:\Desenvolvimento\Projetos Github\A executar\[885474] allure-framework-allure-java\allure-java-commons\src\main\java\io\qameta\allure\listener\TestLifecycleListener.java
D:\Desenvolvimento\Projetos Github\A executar\[885474] allure-framework-allure-java\allure-java-commons\src\main\java\io\qameta\allure\util\AnnotationUtils.java
D:\Desenvolvimento\Projetos Github\A executar\[885474] allure-framework-allure-java\allure-java-commons\src\main\java\io\qameta\allure\util\AspectUtils.java
D:\Desenvolvimento\Projetos Github\A executar\[885474] allure-framework-allure-java\allure-java-commons\src\main\java\io\qameta\allure\util\ExceptionUtils.java
D:\Desenvolvimento\Projetos Github\A executar\[885474] allure-framework-allure-java\allure-java-commons\src\main\java\io\qameta\allure\util\NamingUtils.java
D:\Desenvolvimento\Projetos Github\A executar\[885474] allure-framework-allure-java\allure-java-commons\src\main\java\io\qameta\allure\util\ObjectUtils.java
D:\Desenvolvimento\Projetos Github\A executar\[885474] allure-framework-allure-java\allure-java-commons\src\main\java\io\qameta\allure\util\PropertiesUtils.java
D:\Desenvolvimento\Projetos Github\A executar\[885474] allure-framework-allure-java\allure-java-commons\src\main\java\io\qameta\allure\util\ResultsUtils.java
D:\Desenvolvimento\Projetos Github\A executar\[885474] allure-framework-allure-java\allure-java-commons\src\main\java\io\qameta\allure\util\ServiceLoaderUtils.java
D:\Desenvolvimento\Projetos Github\A executar\[885474] allure-framework-allure-java\allure-java-commons-test\src\main\java\io\qameta\allure\test\AllureFeatures.java
D:\Desenvolvimento\Projetos Github\A executar\[885474] allure-framework-allure-java\allure-java-commons-test\src\main\java\io\qameta\allure\test\AllurePredicates.java
D:\Desenvolvimento\Projetos Github\A executar\[885474] allure-framework-allure-java\allure-java-commons-test\src\main\java\io\qameta\allure\test\AllureResults.java
D:\Desenvolvimento\Projetos Github\A executar\[885474] allure-framework-allure-java\allure-java-commons-test\src\main\java\io\qameta\allure\test\AllureResultsWriterStub.java
D:\Desenvolvimento\Projetos Github\A executar\[885474] allure-framework-allure-java\allure-java-commons-test\src\main\java\io\qameta\allure\test\RunUtils.java
D:\Desenvolvimento\Projetos Github\A executar\[885474] allure-framework-allure-java\allure-java-migration\src\main\java\io\qameta\allure\aspects\Allure1Annotations.java
D:\Desenvolvimento\Projetos Github\A executar\[885474] allure-framework-allure-java\allure-java-migration\src\main\java\io\qameta\allure\aspects\Allure1AttachAspects.java
D:\Desenvolvimento\Projetos Github\A executar\[885474] allure-framework-allure-java\allure-java-migration\src\main\java\io\qameta\allure\aspects\Allure1ParametersAspects.java
D:\Desenvolvimento\Projetos Github\A executar\[885474] allure-framework-allure-java\allure-java-migration\src\main\java\io\qameta\allure\aspects\Allure1StepsAspects.java
D:\Desenvolvimento\Projetos Github\A executar\[885474] allure-framework-allure-java\allure-java-migration\src\main\java\io\qameta\allure\aspects\Allure1TestCaseAspects.java
D:\Desenvolvimento\Projetos Github\A executar\[885474] allure-framework-allure-java\allure-java-migration\src\main\java\io\qameta\allure\aspects\Allure1Utils.java
D:\Desenvolvimento\Projetos Github\A executar\[885474] allure-framework-allure-java\allure-jax-rs\src\main\java\io\qameta\allure\jaxrs\AllureJaxRs.java
D:\Desenvolvimento\Projetos Github\A executar\[885474] allure-framework-allure-java\allure-jbehave\src\main\java\io\qameta\allure\jbehave\AllureJbehave.java
D:\Desenvolvimento\Projetos Github\A executar\[885474] allure-framework-allure-java\allure-jsonunit\src\main\java\io\qameta\allure\jsonunit\AbstractJsonPatchMatcher.java
D:\Desenvolvimento\Projetos Github\A executar\[885474] allure-framework-allure-java\allure-jsonunit\src\main\java\io\qameta\allure\jsonunit\AllureConfigurableJsonMatcher.java
D:\Desenvolvimento\Projetos Github\A executar\[885474] allure-framework-allure-java\allure-jsonunit\src\main\java\io\qameta\allure\jsonunit\DiffAttachment.java
D:\Desenvolvimento\Projetos Github\A executar\[885474] allure-framework-allure-java\allure-jsonunit\src\main\java\io\qameta\allure\jsonunit\DiffModel.java
D:\Desenvolvimento\Projetos Github\A executar\[885474] allure-framework-allure-java\allure-jsonunit\src\main\java\io\qameta\allure\jsonunit\JsonPatchListener.java
D:\Desenvolvimento\Projetos Github\A executar\[885474] allure-framework-allure-java\allure-jsonunit\src\main\java\io\qameta\allure\jsonunit\JsonPatchMatcher.java
D:\Desenvolvimento\Projetos Github\A executar\[885474] allure-framework-allure-java\allure-junit-platform\src\main\java\io\qameta\allure\junitplatform\AllureJunitPlatform.java
D:\Desenvolvimento\Projetos Github\A executar\[885474] allure-framework-allure-java\allure-junit4\src\main\java\io\qameta\allure\junit4\AllureJunit4.java
D:\Desenvolvimento\Projetos Github\A executar\[885474] allure-framework-allure-java\allure-junit4\src\main\java\io\qameta\allure\junit4\DisplayName.java
D:\Desenvolvimento\Projetos Github\A executar\[885474] allure-framework-allure-java\allure-junit4\src\main\java\io\qameta\allure\junit4\Tag.java
D:\Desenvolvimento\Projetos Github\A executar\[885474] allure-framework-allure-java\allure-junit4\src\main\java\io\qameta\allure\junit4\Tags.java
D:\Desenvolvimento\Projetos Github\A executar\[885474] allure-framework-allure-java\allure-model\src\main\java\io\qameta\allure\model\Allure2ModelJackson.java
D:\Desenvolvimento\Projetos Github\A executar\[885474] allure-framework-allure-java\allure-model\src\main\java\io\qameta\allure\model\Attachment.java
D:\Desenvolvimento\Projetos Github\A executar\[885474] allure-framework-allure-java\allure-model\src\main\java\io\qameta\allure\model\ExecutableItem.java
D:\Desenvolvimento\Projetos Github\A executar\[885474] allure-framework-allure-java\allure-model\src\main\java\io\qameta\allure\model\FixtureResult.java
D:\Desenvolvimento\Projetos Github\A executar\[885474] allure-framework-allure-java\allure-model\src\main\java\io\qameta\allure\model\Label.java
D:\Desenvolvimento\Projetos Github\A executar\[885474] allure-framework-allure-java\allure-model\src\main\java\io\qameta\allure\model\Link.java
D:\Desenvolvimento\Projetos Github\A executar\[885474] allure-framework-allure-java\allure-model\src\main\java\io\qameta\allure\model\Parameter.java
D:\Desenvolvimento\Projetos Github\A executar\[885474] allure-framework-allure-java\allure-model\src\main\java\io\qameta\allure\model\Stage.java
D:\Desenvolvimento\Projetos Github\A executar\[885474] allure-framework-allure-java\allure-model\src\main\java\io\qameta\allure\model\StageDeserializer.java
D:\Desenvolvimento\Projetos Github\A executar\[885474] allure-framework-allure-java\allure-model\src\main\java\io\qameta\allure\model\Status.java
D:\Desenvolvimento\Projetos Github\A executar\[885474] allure-framework-allure-java\allure-model\src\main\java\io\qameta\allure\model\StatusDeserializer.java
D:\Desenvolvimento\Projetos Github\A executar\[885474] allure-framework-allure-java\allure-model\src\main\java\io\qameta\allure\model\StatusDetails.java
D:\Desenvolvimento\Projetos Github\A executar\[885474] allure-framework-allure-java\allure-model\src\main\java\io\qameta\allure\model\StepResult.java
D:\Desenvolvimento\Projetos Github\A executar\[885474] allure-framework-allure-java\allure-model\src\main\java\io\qameta\allure\model\TestResult.java
D:\Desenvolvimento\Projetos Github\A executar\[885474] allure-framework-allure-java\allure-model\src\main\java\io\qameta\allure\model\TestResultContainer.java
D:\Desenvolvimento\Projetos Github\A executar\[885474] allure-framework-allure-java\allure-model\src\main\java\io\qameta\allure\model\TestRunResult.java
D:\Desenvolvimento\Projetos Github\A executar\[885474] allure-framework-allure-java\allure-model\src\main\java\io\qameta\allure\model\WithAttachments.java
D:\Desenvolvimento\Projetos Github\A executar\[885474] allure-framework-allure-java\allure-model\src\main\java\io\qameta\allure\model\WithLinks.java
D:\Desenvolvimento\Projetos Github\A executar\[885474] allure-framework-allure-java\allure-model\src\main\java\io\qameta\allure\model\WithParameters.java
D:\Desenvolvimento\Projetos Github\A executar\[885474] allure-framework-allure-java\allure-model\src\main\java\io\qameta\allure\model\WithStatus.java
D:\Desenvolvimento\Projetos Github\A executar\[885474] allure-framework-allure-java\allure-model\src\main\java\io\qameta\allure\model\WithStatusDetails.java
D:\Desenvolvimento\Projetos Github\A executar\[885474] allure-framework-allure-java\allure-model\src\main\java\io\qameta\allure\model\WithSteps.java
D:\Desenvolvimento\Projetos Github\A executar\[885474] allure-framework-allure-java\allure-okhttp\src\main\java\io\qameta\allure\okhttp\AllureOkHttp.java
D:\Desenvolvimento\Projetos Github\A executar\[885474] allure-framework-allure-java\allure-okhttp3\src\main\java\io\qameta\allure\okhttp3\AllureOkHttp3.java
D:\Desenvolvimento\Projetos Github\A executar\[885474] allure-framework-allure-java\allure-rest-assured\src\main\java\io\qameta\allure\restassured\AllureRestAssured.java
D:\Desenvolvimento\Projetos Github\A executar\[885474] allure-framework-allure-java\allure-selenide\src\main\java\io\qameta\allure\selenide\AllureSelenide.java
D:\Desenvolvimento\Projetos Github\A executar\[885474] allure-framework-allure-java\allure-servlet-api\src\main\java\io\qameta\allure\servletapi\HttpServletAttachmentBuilder.java
D:\Desenvolvimento\Projetos Github\A executar\[885474] allure-framework-allure-java\allure-spock\src\main\java\io\qameta\allure\spock\AllureSpock.java
D:\Desenvolvimento\Projetos Github\A executar\[885474] allure-framework-allure-java\allure-spring-web\src\main\java\io\qameta\allure\springweb\AllureRestTemplate.java
D:\Desenvolvimento\Projetos Github\A executar\[885474] allure-framework-allure-java\allure-testng\src\main\java\io\qameta\allure\testng\AllureTestNg.java
D:\Desenvolvimento\Projetos Github\A executar\[885474] allure-framework-allure-java\allure-testng\src\main\java\io\qameta\allure\testng\TestInstanceParameter.java
D:\Desenvolvimento\Projetos Github\A executar\[885474] allure-framework-allure-java\allure-attachments\src\main\java\io\qameta\allure\attachment\http\HttpRequestAttachment.java
D:\Desenvolvimento\Projetos Github\A executar\[885474] allure-framework-allure-java\allure-attachments\src\main\java\io\qameta\allure\attachment\http\HttpResponseAttachment.java
D:\Desenvolvimento\Projetos Github\A executar\[885474] allure-framework-allure-java\allure-java-migration\src\main\java\ru\yandex\qatools\allure\annotations\Attachment.java
D:\Desenvolvimento\Projetos Github\A executar\[885474] allure-framework-allure-java\allure-java-migration\src\main\java\ru\yandex\qatools\allure\annotations\Description.java
D:\Desenvolvimento\Projetos Github\A executar\[885474] allure-framework-allure-java\allure-java-migration\src\main\java\ru\yandex\qatools\allure\annotations\Features.java
D:\Desenvolvimento\Projetos Github\A executar\[885474] allure-framework-allure-java\allure-java-migration\src\main\java\ru\yandex\qatools\allure\annotations\Issue.java
D:\Desenvolvimento\Projetos Github\A executar\[885474] allure-framework-allure-java\allure-java-migration\src\main\java\ru\yandex\qatools\allure\annotations\Issues.java
D:\Desenvolvimento\Projetos Github\A executar\[885474] allure-framework-allure-java\allure-java-migration\src\main\java\ru\yandex\qatools\allure\annotations\Parameter.java
D:\Desenvolvimento\Projetos Github\A executar\[885474] allure-framework-allure-java\allure-java-migration\src\main\java\ru\yandex\qatools\allure\annotations\Severity.java
D:\Desenvolvimento\Projetos Github\A executar\[885474] allure-framework-allure-java\allure-java-migration\src\main\java\ru\yandex\qatools\allure\annotations\Step.java
D:\Desenvolvimento\Projetos Github\A executar\[885474] allure-framework-allure-java\allure-java-migration\src\main\java\ru\yandex\qatools\allure\annotations\Stories.java
D:\Desenvolvimento\Projetos Github\A executar\[885474] allure-framework-allure-java\allure-java-migration\src\main\java\ru\yandex\qatools\allure\annotations\TestCaseId.java
D:\Desenvolvimento\Projetos Github\A executar\[885474] allure-framework-allure-java\allure-java-migration\src\main\java\ru\yandex\qatools\allure\annotations\Title.java
D:\Desenvolvimento\Projetos Github\A executar\[885474] allure-framework-allure-java\allure-java-migration\src\main\java\ru\yandex\qatools\allure\model\DescriptionType.java
D:\Desenvolvimento\Projetos Github\A executar\[885474] allure-framework-allure-java\allure-java-migration\src\main\java\ru\yandex\qatools\allure\model\SeverityLevel.java
D:\Desenvolvimento\Projetos Github\A executar\[885474] allure-framework-allure-java\allure-junit4-aspect\src\main\java\io\qameta\allure\junit4\aspect\AllureJunit4ListenerAspect.java
-- Source dirs
D:\Desenvolvimento\Projetos Github\A executar\[885474] allure-framework-allure-java\allure-cucumber4-jvm\src\main\java
D:\Desenvolvimento\Projetos Github\A executar\[885474] allure-framework-allure-java\allure-java-commons\src\main\java
D:\Desenvolvimento\Projetos Github\A executar\[885474] allure-framework-allure-java\allure-assertj\src\main\java
D:\Desenvolvimento\Projetos Github\A executar\[885474] allure-framework-allure-java\allure-attachments\src\main\java
D:\Desenvolvimento\Projetos Github\A executar\[885474] allure-framework-allure-java\allure-citrus\src\main\java
D:\Desenvolvimento\Projetos Github\A executar\[885474] allure-framework-allure-java\allure-cucumber-jvm\src\main\java
D:\Desenvolvimento\Projetos Github\A executar\[885474] allure-framework-allure-java\allure-cucumber2-jvm\src\main\java
D:\Desenvolvimento\Projetos Github\A executar\[885474] allure-framework-allure-java\allure-cucumber3-jvm\src\main\java
D:\Desenvolvimento\Projetos Github\A executar\[885474] allure-framework-allure-java\allure-descriptions-javadoc\src\main\java
D:\Desenvolvimento\Projetos Github\A executar\[885474] allure-framework-allure-java\allure-httpclient\src\main\java
D:\Desenvolvimento\Projetos Github\A executar\[885474] allure-framework-allure-java\allure-java-commons-test\src\main\java
D:\Desenvolvimento\Projetos Github\A executar\[885474] allure-framework-allure-java\allure-java-migration\src\main\java
D:\Desenvolvimento\Projetos Github\A executar\[885474] allure-framework-allure-java\allure-jax-rs\src\main\java
D:\Desenvolvimento\Projetos Github\A executar\[885474] allure-framework-allure-java\allure-jbehave\src\main\java
D:\Desenvolvimento\Projetos Github\A executar\[885474] allure-framework-allure-java\allure-jsonunit\src\main\java
D:\Desenvolvimento\Projetos Github\A executar\[885474] allure-framework-allure-java\allure-junit-platform\src\main\java
D:\Desenvolvimento\Projetos Github\A executar\[885474] allure-framework-allure-java\allure-junit4\src\main\java
D:\Desenvolvimento\Projetos Github\A executar\[885474] allure-framework-allure-java\allure-model\src\main\java
D:\Desenvolvimento\Projetos Github\A executar\[885474] allure-framework-allure-java\allure-okhttp\src\main\java
D:\Desenvolvimento\Projetos Github\A executar\[885474] allure-framework-allure-java\allure-okhttp3\src\main\java
D:\Desenvolvimento\Projetos Github\A executar\[885474] allure-framework-allure-java\allure-rest-assured\src\main\java
D:\Desenvolvimento\Projetos Github\A executar\[885474] allure-framework-allure-java\allure-selenide\src\main\java
D:\Desenvolvimento\Projetos Github\A executar\[885474] allure-framework-allure-java\allure-servlet-api\src\main\java
D:\Desenvolvimento\Projetos Github\A executar\[885474] allure-framework-allure-java\allure-spock\src\main\java
D:\Desenvolvimento\Projetos Github\A executar\[885474] allure-framework-allure-java\allure-spring-web\src\main\java
D:\Desenvolvimento\Projetos Github\A executar\[885474] allure-framework-allure-java\allure-testng\src\main\java
D:\Desenvolvimento\Projetos Github\A executar\[885474] allure-framework-allure-java\allure-junit4-aspect\src\main\java
-- Test dirs
D:\Desenvolvimento\Projetos Github\A executar\[885474] allure-framework-allure-java\allure-java-commons\src\test\java
D:\Desenvolvimento\Projetos Github\A executar\[885474] allure-framework-allure-java\allure-assertj\src\test\java
D:\Desenvolvimento\Projetos Github\A executar\[885474] allure-framework-allure-java\allure-attachments\src\test\java
D:\Desenvolvimento\Projetos Github\A executar\[885474] allure-framework-allure-java\allure-citrus\src\test\java
D:\Desenvolvimento\Projetos Github\A executar\[885474] allure-framework-allure-java\allure-cucumber-jvm\src\test\java
D:\Desenvolvimento\Projetos Github\A executar\[885474] allure-framework-allure-java\allure-cucumber2-jvm\src\test\java
D:\Desenvolvimento\Projetos Github\A executar\[885474] allure-framework-allure-java\allure-cucumber3-jvm\src\test\java
D:\Desenvolvimento\Projetos Github\A executar\[885474] allure-framework-allure-java\allure-cucumber4-jvm\src\test\java
D:\Desenvolvimento\Projetos Github\A executar\[885474] allure-framework-allure-java\allure-descriptions-javadoc\src\test\java
D:\Desenvolvimento\Projetos Github\A executar\[885474] allure-framework-allure-java\allure-httpclient\src\test\java
D:\Desenvolvimento\Projetos Github\A executar\[885474] allure-framework-allure-java\allure-java-migration\src\test\java
D:\Desenvolvimento\Projetos Github\A executar\[885474] allure-framework-allure-java\allure-jax-rs\src\test\java
D:\Desenvolvimento\Projetos Github\A executar\[885474] allure-framework-allure-java\allure-jbehave\src\test\java
D:\Desenvolvimento\Projetos Github\A executar\[885474] allure-framework-allure-java\allure-jsonunit\src\test\java
D:\Desenvolvimento\Projetos Github\A executar\[885474] allure-framework-allure-java\allure-junit-platform\src\test\java
D:\Desenvolvimento\Projetos Github\A executar\[885474] allure-framework-allure-java\allure-junit4\src\test\java
D:\Desenvolvimento\Projetos Github\A executar\[885474] allure-framework-allure-java\allure-okhttp\src\test\java
D:\Desenvolvimento\Projetos Github\A executar\[885474] allure-framework-allure-java\allure-okhttp3\src\test\java
D:\Desenvolvimento\Projetos Github\A executar\[885474] allure-framework-allure-java\allure-rest-assured\src\test\java
D:\Desenvolvimento\Projetos Github\A executar\[885474] allure-framework-allure-java\allure-selenide\src\test\java
D:\Desenvolvimento\Projetos Github\A executar\[885474] allure-framework-allure-java\allure-spock\src\test\groovy
D:\Desenvolvimento\Projetos Github\A executar\[885474] allure-framework-allure-java\allure-spring-web\src\test\java
D:\Desenvolvimento\Projetos Github\A executar\[885474] allure-framework-allure-java\allure-testng\src\test\java

