17/07/2019 12:39:40 ufrn.dimap.lets.ehmetrics.projectresolver.JavaProject#resolveArtifacts - INFO: EHExtractor files...
-- Java files
D:\git\EHExtractor\EHExtractor\..\EHExtractor\src\ufrn\dimap\lets\ehmetrics\EHMetricsException.java
D:\git\EHExtractor\EHExtractor\..\EHExtractor\src\ufrn\dimap\lets\ehmetrics\Main.java
D:\git\EHExtractor\EHExtractor\..\EHExtractor\src\ufrn\dimap\lets\ehmetrics\ThinkLaterException.java
D:\git\EHExtractor\EHExtractor\..\EHExtractor\src\ufrn\dimap\lets\ehmetrics\abstractmodel\AbstractEHModelElement.java
D:\git\EHExtractor\EHExtractor\..\EHExtractor\src\ufrn\dimap\lets\ehmetrics\abstractmodel\ClassType.java
D:\git\EHExtractor\EHExtractor\..\EHExtractor\src\ufrn\dimap\lets\ehmetrics\abstractmodel\Handler.java
D:\git\EHExtractor\EHExtractor\..\EHExtractor\src\ufrn\dimap\lets\ehmetrics\abstractmodel\HandlerActionType.java
D:\git\EHExtractor\EHExtractor\..\EHExtractor\src\ufrn\dimap\lets\ehmetrics\abstractmodel\HandlingAction.java
D:\git\EHExtractor\EHExtractor\..\EHExtractor\src\ufrn\dimap\lets\ehmetrics\abstractmodel\Signaler.java
D:\git\EHExtractor\EHExtractor\..\EHExtractor\src\ufrn\dimap\lets\ehmetrics\abstractmodel\Type.java
D:\git\EHExtractor\EHExtractor\..\EHExtractor\src\ufrn\dimap\lets\ehmetrics\abstractmodel\TypeHierarchy.java
D:\git\EHExtractor\EHExtractor\..\EHExtractor\src\ufrn\dimap\lets\ehmetrics\abstractmodel\TypeOrigin.java
D:\git\EHExtractor\EHExtractor\..\EHExtractor\src\ufrn\dimap\lets\ehmetrics\analyzer\Analyzer.java
D:\git\EHExtractor\EHExtractor\..\EHExtractor\src\ufrn\dimap\lets\ehmetrics\config\Guidelines.java
D:\git\EHExtractor\EHExtractor\..\EHExtractor\src\ufrn\dimap\lets\ehmetrics\config\Projects.java
D:\git\EHExtractor\EHExtractor\..\EHExtractor\src\ufrn\dimap\lets\ehmetrics\javaparserutil\JavaParserUtil.java
D:\git\EHExtractor\EHExtractor\..\EHExtractor\src\ufrn\dimap\lets\ehmetrics\javaparserutil\MethodCallParser.java
D:\git\EHExtractor\EHExtractor\..\EHExtractor\src\ufrn\dimap\lets\ehmetrics\javaparserutil\package-info.java
D:\git\EHExtractor\EHExtractor\..\EHExtractor\src\ufrn\dimap\lets\ehmetrics\javaparserutil\SignalerParser.java
D:\git\EHExtractor\EHExtractor\..\EHExtractor\src\ufrn\dimap\lets\ehmetrics\javaparserutil\SignalerType.java
D:\git\EHExtractor\EHExtractor\..\EHExtractor\src\ufrn\dimap\lets\ehmetrics\logger\ErrorFormatter.java
D:\git\EHExtractor\EHExtractor\..\EHExtractor\src\ufrn\dimap\lets\ehmetrics\logger\GuidelineFormatter.java
D:\git\EHExtractor\EHExtractor\..\EHExtractor\src\ufrn\dimap\lets\ehmetrics\logger\LoggerFacade.java
D:\git\EHExtractor\EHExtractor\..\EHExtractor\src\ufrn\dimap\lets\ehmetrics\logger\ProjectFormatter.java
D:\git\EHExtractor\EHExtractor\..\EHExtractor\src\ufrn\dimap\lets\ehmetrics\logger\ResultLogger.java
D:\git\EHExtractor\EHExtractor\..\EHExtractor\src\ufrn\dimap\lets\ehmetrics\logger\SingleLineFormatter.java
D:\git\EHExtractor\EHExtractor\..\EHExtractor\src\ufrn\dimap\lets\ehmetrics\ops\A.java
D:\git\EHExtractor\EHExtractor\..\EHExtractor\src\ufrn\dimap\lets\ehmetrics\ops\Address.java
D:\git\EHExtractor\EHExtractor\..\EHExtractor\src\ufrn\dimap\lets\ehmetrics\ops\Agenda.java
D:\git\EHExtractor\EHExtractor\..\EHExtractor\src\ufrn\dimap\lets\ehmetrics\ops\B.java
D:\git\EHExtractor\EHExtractor\..\EHExtractor\src\ufrn\dimap\lets\ehmetrics\ops\CallGraphTest.java
D:\git\EHExtractor\EHExtractor\..\EHExtractor\src\ufrn\dimap\lets\ehmetrics\ops\Interface.java
D:\git\EHExtractor\EHExtractor\..\EHExtractor\src\ufrn\dimap\lets\ehmetrics\ops\Person.java
D:\git\EHExtractor\EHExtractor\..\EHExtractor\src\ufrn\dimap\lets\ehmetrics\ops\PrintExpressionType.java
D:\git\EHExtractor\EHExtractor\..\EHExtractor\src\ufrn\dimap\lets\ehmetrics\ops\Test.java
D:\git\EHExtractor\EHExtractor\..\EHExtractor\src\ufrn\dimap\lets\ehmetrics\ops\TestComparator.java
D:\git\EHExtractor\EHExtractor\..\EHExtractor\src\ufrn\dimap\lets\ehmetrics\ops\TestVisitor.java
D:\git\EHExtractor\EHExtractor\..\EHExtractor\src\ufrn\dimap\lets\ehmetrics\ops\TraceabilityExample.java
D:\git\EHExtractor\EHExtractor\..\EHExtractor\src\ufrn\dimap\lets\ehmetrics\ops\UnresolvableException.java
D:\git\EHExtractor\EHExtractor\..\EHExtractor\src\ufrn\dimap\lets\ehmetrics\projectresolver\ArtifactResolver.java
D:\git\EHExtractor\EHExtractor\..\EHExtractor\src\ufrn\dimap\lets\ehmetrics\projectresolver\FileFinder.java
D:\git\EHExtractor\EHExtractor\..\EHExtractor\src\ufrn\dimap\lets\ehmetrics\projectresolver\GradleResolver.java
D:\git\EHExtractor\EHExtractor\..\EHExtractor\src\ufrn\dimap\lets\ehmetrics\projectresolver\JavaProject.java
D:\git\EHExtractor\EHExtractor\..\EHExtractor\src\ufrn\dimap\lets\ehmetrics\projectresolver\MavenResolver.java
D:\git\EHExtractor\EHExtractor\..\EHExtractor\src\ufrn\dimap\lets\ehmetrics\projectresolver\ProjectArtifacts.java
D:\git\EHExtractor\EHExtractor\..\EHExtractor\src\ufrn\dimap\lets\ehmetrics\projectresolver\ProjectFiles.java
D:\git\EHExtractor\EHExtractor\..\EHExtractor\src\ufrn\dimap\lets\ehmetrics\projectresolver\ProjectResolverException.java
D:\git\EHExtractor\EHExtractor\..\EHExtractor\src\ufrn\dimap\lets\ehmetrics\projectresolver\ProjectsResolver.java
D:\git\EHExtractor\EHExtractor\..\EHExtractor\src\ufrn\dimap\lets\ehmetrics\visitor\AbstractGuidelineVisitor.java
D:\git\EHExtractor\EHExtractor\..\EHExtractor\src\ufrn\dimap\lets\ehmetrics\visitor\BaseGuidelineVisitor.java
D:\git\EHExtractor\EHExtractor\..\EHExtractor\src\ufrn\dimap\lets\ehmetrics\visitor\GuidelineMetrics.java
D:\git\EHExtractor\EHExtractor\..\EHExtractor\src\ufrn\dimap\lets\ehmetrics\visitor\NamedHandler.java
D:\git\EHExtractor\EHExtractor\..\EHExtractor\src\ufrn\dimap\lets\ehmetrics\visitor\SimpleVisitor.java
D:\git\EHExtractor\EHExtractor\..\EHExtractor\src\ufrn\dimap\lets\ehmetrics\visitor\UnresolvedTypeException.java
D:\git\EHExtractor\EHExtractor\..\EHExtractor\src\ufrn\dimap\lets\ehmetrics\visitor\UnsupportedCodePatternException.java
D:\git\EHExtractor\EHExtractor\..\EHExtractor\src\ufrn\dimap\lets\ehmetrics\visitor\UnsupportedSignalerException.java
D:\git\EHExtractor\EHExtractor\..\EHExtractor\src\ufrn\dimap\lets\ehmetrics\visitor\VisitorException.java
D:\git\EHExtractor\EHExtractor\..\EHExtractor\src\ufrn\dimap\lets\ehmetrics\visitor\VisitorsUtil.java
D:\git\EHExtractor\EHExtractor\..\EHExtractor\src\ufrn\dimap\lets\ehmetrics\test\anonymousstaticnested\BaseClass.java
D:\git\EHExtractor\EHExtractor\..\EHExtractor\src\ufrn\dimap\lets\ehmetrics\test\anonymousstaticnested\StaticClass.java
D:\git\EHExtractor\EHExtractor\..\EHExtractor\src\ufrn\dimap\lets\ehmetrics\test\anonymousstaticnested\Test.java
D:\git\EHExtractor\EHExtractor\..\EHExtractor\src\ufrn\dimap\lets\ehmetrics\visitor\guideline\AddContextualInformationVisitor.java
D:\git\EHExtractor\EHExtractor\..\EHExtractor\src\ufrn\dimap\lets\ehmetrics\visitor\guideline\CatchInSpecificLayerVisitor.java
D:\git\EHExtractor\EHExtractor\..\EHExtractor\src\ufrn\dimap\lets\ehmetrics\visitor\guideline\ConvertLibraryExceptionsVisitor.java
D:\git\EHExtractor\EHExtractor\..\EHExtractor\src\ufrn\dimap\lets\ehmetrics\visitor\guideline\ConvertToRuntimeExceptionsVisitor.java
D:\git\EHExtractor\EHExtractor\..\EHExtractor\src\ufrn\dimap\lets\ehmetrics\visitor\guideline\DefineSingleExceptionVisitor.java
D:\git\EHExtractor\EHExtractor\..\EHExtractor\src\ufrn\dimap\lets\ehmetrics\visitor\guideline\DefineSuperTypeVisitor.java
D:\git\EHExtractor\EHExtractor\..\EHExtractor\src\ufrn\dimap\lets\ehmetrics\visitor\guideline\GuidelinesFactory.java
D:\git\EHExtractor\EHExtractor\..\EHExtractor\src\ufrn\dimap\lets\ehmetrics\visitor\guideline\LogTheExceptionVisitor.java
D:\git\EHExtractor\EHExtractor\..\EHExtractor\src\ufrn\dimap\lets\ehmetrics\visitor\guideline\ProtectEntryPointVisitor.java
D:\git\EHExtractor\EHExtractor\..\EHExtractor\src\ufrn\dimap\lets\ehmetrics\visitor\guideline\SaveTheCauseVisitor.java
D:\git\EHExtractor\EHExtractor\..\EHExtractor\src\ufrn\dimap\lets\ehmetrics\visitor\guideline\SendToGlobalOrDefaultVisitor.java
D:\git\EHExtractor\EHExtractor\..\EHExtractor\src\ufrn\dimap\lets\ehmetrics\visitor\guideline\ThrowSpecificExceptionsVisitor.java
D:\git\EHExtractor\EHExtractor\..\EHExtractor\src\ufrn\dimap\lets\ehmetrics\visitor\guideline\UseJavaBuiltinExceptionsVisitor.java

17/07/2019 12:39:40 ufrn.dimap.lets.ehmetrics.projectresolver.JavaProject#resolveArtifacts - INFO: EHExtractor artifacts...
-- Java files
D:\git\EHExtractor\EHExtractor\..\EHExtractor\src\ufrn\dimap\lets\ehmetrics\EHMetricsException.java
D:\git\EHExtractor\EHExtractor\..\EHExtractor\src\ufrn\dimap\lets\ehmetrics\Main.java
D:\git\EHExtractor\EHExtractor\..\EHExtractor\src\ufrn\dimap\lets\ehmetrics\ThinkLaterException.java
D:\git\EHExtractor\EHExtractor\..\EHExtractor\src\ufrn\dimap\lets\ehmetrics\abstractmodel\AbstractEHModelElement.java
D:\git\EHExtractor\EHExtractor\..\EHExtractor\src\ufrn\dimap\lets\ehmetrics\abstractmodel\ClassType.java
D:\git\EHExtractor\EHExtractor\..\EHExtractor\src\ufrn\dimap\lets\ehmetrics\abstractmodel\Handler.java
D:\git\EHExtractor\EHExtractor\..\EHExtractor\src\ufrn\dimap\lets\ehmetrics\abstractmodel\HandlerActionType.java
D:\git\EHExtractor\EHExtractor\..\EHExtractor\src\ufrn\dimap\lets\ehmetrics\abstractmodel\HandlingAction.java
D:\git\EHExtractor\EHExtractor\..\EHExtractor\src\ufrn\dimap\lets\ehmetrics\abstractmodel\Signaler.java
D:\git\EHExtractor\EHExtractor\..\EHExtractor\src\ufrn\dimap\lets\ehmetrics\abstractmodel\Type.java
D:\git\EHExtractor\EHExtractor\..\EHExtractor\src\ufrn\dimap\lets\ehmetrics\abstractmodel\TypeHierarchy.java
D:\git\EHExtractor\EHExtractor\..\EHExtractor\src\ufrn\dimap\lets\ehmetrics\abstractmodel\TypeOrigin.java
D:\git\EHExtractor\EHExtractor\..\EHExtractor\src\ufrn\dimap\lets\ehmetrics\analyzer\Analyzer.java
D:\git\EHExtractor\EHExtractor\..\EHExtractor\src\ufrn\dimap\lets\ehmetrics\config\Guidelines.java
D:\git\EHExtractor\EHExtractor\..\EHExtractor\src\ufrn\dimap\lets\ehmetrics\config\Projects.java
D:\git\EHExtractor\EHExtractor\..\EHExtractor\src\ufrn\dimap\lets\ehmetrics\javaparserutil\JavaParserUtil.java
D:\git\EHExtractor\EHExtractor\..\EHExtractor\src\ufrn\dimap\lets\ehmetrics\javaparserutil\MethodCallParser.java
D:\git\EHExtractor\EHExtractor\..\EHExtractor\src\ufrn\dimap\lets\ehmetrics\javaparserutil\package-info.java
D:\git\EHExtractor\EHExtractor\..\EHExtractor\src\ufrn\dimap\lets\ehmetrics\javaparserutil\SignalerParser.java
D:\git\EHExtractor\EHExtractor\..\EHExtractor\src\ufrn\dimap\lets\ehmetrics\javaparserutil\SignalerType.java
D:\git\EHExtractor\EHExtractor\..\EHExtractor\src\ufrn\dimap\lets\ehmetrics\logger\ErrorFormatter.java
D:\git\EHExtractor\EHExtractor\..\EHExtractor\src\ufrn\dimap\lets\ehmetrics\logger\GuidelineFormatter.java
D:\git\EHExtractor\EHExtractor\..\EHExtractor\src\ufrn\dimap\lets\ehmetrics\logger\LoggerFacade.java
D:\git\EHExtractor\EHExtractor\..\EHExtractor\src\ufrn\dimap\lets\ehmetrics\logger\ProjectFormatter.java
D:\git\EHExtractor\EHExtractor\..\EHExtractor\src\ufrn\dimap\lets\ehmetrics\logger\ResultLogger.java
D:\git\EHExtractor\EHExtractor\..\EHExtractor\src\ufrn\dimap\lets\ehmetrics\logger\SingleLineFormatter.java
D:\git\EHExtractor\EHExtractor\..\EHExtractor\src\ufrn\dimap\lets\ehmetrics\ops\A.java
D:\git\EHExtractor\EHExtractor\..\EHExtractor\src\ufrn\dimap\lets\ehmetrics\ops\Address.java
D:\git\EHExtractor\EHExtractor\..\EHExtractor\src\ufrn\dimap\lets\ehmetrics\ops\Agenda.java
D:\git\EHExtractor\EHExtractor\..\EHExtractor\src\ufrn\dimap\lets\ehmetrics\ops\B.java
D:\git\EHExtractor\EHExtractor\..\EHExtractor\src\ufrn\dimap\lets\ehmetrics\ops\CallGraphTest.java
D:\git\EHExtractor\EHExtractor\..\EHExtractor\src\ufrn\dimap\lets\ehmetrics\ops\Interface.java
D:\git\EHExtractor\EHExtractor\..\EHExtractor\src\ufrn\dimap\lets\ehmetrics\ops\Person.java
D:\git\EHExtractor\EHExtractor\..\EHExtractor\src\ufrn\dimap\lets\ehmetrics\ops\PrintExpressionType.java
D:\git\EHExtractor\EHExtractor\..\EHExtractor\src\ufrn\dimap\lets\ehmetrics\ops\Test.java
D:\git\EHExtractor\EHExtractor\..\EHExtractor\src\ufrn\dimap\lets\ehmetrics\ops\TestComparator.java
D:\git\EHExtractor\EHExtractor\..\EHExtractor\src\ufrn\dimap\lets\ehmetrics\ops\TestVisitor.java
D:\git\EHExtractor\EHExtractor\..\EHExtractor\src\ufrn\dimap\lets\ehmetrics\ops\TraceabilityExample.java
D:\git\EHExtractor\EHExtractor\..\EHExtractor\src\ufrn\dimap\lets\ehmetrics\ops\UnresolvableException.java
D:\git\EHExtractor\EHExtractor\..\EHExtractor\src\ufrn\dimap\lets\ehmetrics\projectresolver\ArtifactResolver.java
D:\git\EHExtractor\EHExtractor\..\EHExtractor\src\ufrn\dimap\lets\ehmetrics\projectresolver\FileFinder.java
D:\git\EHExtractor\EHExtractor\..\EHExtractor\src\ufrn\dimap\lets\ehmetrics\projectresolver\GradleResolver.java
D:\git\EHExtractor\EHExtractor\..\EHExtractor\src\ufrn\dimap\lets\ehmetrics\projectresolver\JavaProject.java
D:\git\EHExtractor\EHExtractor\..\EHExtractor\src\ufrn\dimap\lets\ehmetrics\projectresolver\MavenResolver.java
D:\git\EHExtractor\EHExtractor\..\EHExtractor\src\ufrn\dimap\lets\ehmetrics\projectresolver\ProjectArtifacts.java
D:\git\EHExtractor\EHExtractor\..\EHExtractor\src\ufrn\dimap\lets\ehmetrics\projectresolver\ProjectFiles.java
D:\git\EHExtractor\EHExtractor\..\EHExtractor\src\ufrn\dimap\lets\ehmetrics\projectresolver\ProjectResolverException.java
D:\git\EHExtractor\EHExtractor\..\EHExtractor\src\ufrn\dimap\lets\ehmetrics\projectresolver\ProjectsResolver.java
D:\git\EHExtractor\EHExtractor\..\EHExtractor\src\ufrn\dimap\lets\ehmetrics\visitor\AbstractGuidelineVisitor.java
D:\git\EHExtractor\EHExtractor\..\EHExtractor\src\ufrn\dimap\lets\ehmetrics\visitor\BaseGuidelineVisitor.java
D:\git\EHExtractor\EHExtractor\..\EHExtractor\src\ufrn\dimap\lets\ehmetrics\visitor\GuidelineMetrics.java
D:\git\EHExtractor\EHExtractor\..\EHExtractor\src\ufrn\dimap\lets\ehmetrics\visitor\NamedHandler.java
D:\git\EHExtractor\EHExtractor\..\EHExtractor\src\ufrn\dimap\lets\ehmetrics\visitor\SimpleVisitor.java
D:\git\EHExtractor\EHExtractor\..\EHExtractor\src\ufrn\dimap\lets\ehmetrics\visitor\UnresolvedTypeException.java
D:\git\EHExtractor\EHExtractor\..\EHExtractor\src\ufrn\dimap\lets\ehmetrics\visitor\UnsupportedCodePatternException.java
D:\git\EHExtractor\EHExtractor\..\EHExtractor\src\ufrn\dimap\lets\ehmetrics\visitor\UnsupportedSignalerException.java
D:\git\EHExtractor\EHExtractor\..\EHExtractor\src\ufrn\dimap\lets\ehmetrics\visitor\VisitorException.java
D:\git\EHExtractor\EHExtractor\..\EHExtractor\src\ufrn\dimap\lets\ehmetrics\visitor\VisitorsUtil.java
D:\git\EHExtractor\EHExtractor\..\EHExtractor\src\ufrn\dimap\lets\ehmetrics\test\anonymousstaticnested\BaseClass.java
D:\git\EHExtractor\EHExtractor\..\EHExtractor\src\ufrn\dimap\lets\ehmetrics\test\anonymousstaticnested\StaticClass.java
D:\git\EHExtractor\EHExtractor\..\EHExtractor\src\ufrn\dimap\lets\ehmetrics\test\anonymousstaticnested\Test.java
D:\git\EHExtractor\EHExtractor\..\EHExtractor\src\ufrn\dimap\lets\ehmetrics\visitor\guideline\AddContextualInformationVisitor.java
D:\git\EHExtractor\EHExtractor\..\EHExtractor\src\ufrn\dimap\lets\ehmetrics\visitor\guideline\CatchInSpecificLayerVisitor.java
D:\git\EHExtractor\EHExtractor\..\EHExtractor\src\ufrn\dimap\lets\ehmetrics\visitor\guideline\ConvertLibraryExceptionsVisitor.java
D:\git\EHExtractor\EHExtractor\..\EHExtractor\src\ufrn\dimap\lets\ehmetrics\visitor\guideline\ConvertToRuntimeExceptionsVisitor.java
D:\git\EHExtractor\EHExtractor\..\EHExtractor\src\ufrn\dimap\lets\ehmetrics\visitor\guideline\DefineSingleExceptionVisitor.java
D:\git\EHExtractor\EHExtractor\..\EHExtractor\src\ufrn\dimap\lets\ehmetrics\visitor\guideline\DefineSuperTypeVisitor.java
D:\git\EHExtractor\EHExtractor\..\EHExtractor\src\ufrn\dimap\lets\ehmetrics\visitor\guideline\GuidelinesFactory.java
D:\git\EHExtractor\EHExtractor\..\EHExtractor\src\ufrn\dimap\lets\ehmetrics\visitor\guideline\LogTheExceptionVisitor.java
D:\git\EHExtractor\EHExtractor\..\EHExtractor\src\ufrn\dimap\lets\ehmetrics\visitor\guideline\ProtectEntryPointVisitor.java
D:\git\EHExtractor\EHExtractor\..\EHExtractor\src\ufrn\dimap\lets\ehmetrics\visitor\guideline\SaveTheCauseVisitor.java
D:\git\EHExtractor\EHExtractor\..\EHExtractor\src\ufrn\dimap\lets\ehmetrics\visitor\guideline\SendToGlobalOrDefaultVisitor.java
D:\git\EHExtractor\EHExtractor\..\EHExtractor\src\ufrn\dimap\lets\ehmetrics\visitor\guideline\ThrowSpecificExceptionsVisitor.java
D:\git\EHExtractor\EHExtractor\..\EHExtractor\src\ufrn\dimap\lets\ehmetrics\visitor\guideline\UseJavaBuiltinExceptionsVisitor.java
-- Source dirs
D:\git\EHExtractor\EHExtractor\..\EHExtractor\src
-- Test dirs

